2019-09-04 14:38:54,663 - framework.testreport - INFO - successed to generate test report [C:\Users\admin\PycharmProjects\Zcy_Vaccine\reports\testReport\report2019-09-04 14_38_54.html]
2019-09-04 14:38:57,346 - framework.driver - INFO - found the chrome driver [<selenium.webdriver.chrome.webdriver.WebDriver (session="df3cf3a02b2b351ac26e994a0cac8058")>] successed !
2019-09-04 14:38:58,507 - framework.myunit - INFO - opened the browser successed!
2019-09-04 14:39:01,159 - pageobjects.login_page - INFO - https://login-staging.zcygov.cn/login 打开登录地址成功
2019-09-04 14:39:01,254 - framework.base_page - INFO - 清除文本框内容成功username
2019-09-04 14:39:01,399 - framework.base_page - INFO - 输入的内容：13777466979
2019-09-04 14:39:01,477 - framework.base_page - INFO - 清除文本框内容成功password
2019-09-04 14:39:01,583 - framework.base_page - INFO - 输入的内容：test123456
2019-09-04 14:39:06,102 - framework.base_page - INFO - 点击元素成功//button[@class='ant-btn login-btn password-login ant-btn-primary']
2019-09-04 14:39:06,103 - framework.myunit - INFO - ************************starting run test cases************************
2019-09-04 14:39:07,118 - framework.base_page - INFO - https://cart-staging.zcygov.cn/ 地址正常打开
2019-09-04 14:39:13,146 - pageobjects.order_page - ERROR - 未找到全选按钮
Traceback (most recent call last):
  File "C:\Users\admin\PycharmProjects\Zcy_Vaccine\pageobjects\order_page.py", line 35, in clearcart
    self.driver.find_element_by_xpath('//input[@class="ant-checkbox-input"]').click()
  File "C:\Users\admin\PycharmProjects\UITest\venv\lib\site-packages\selenium\webdriver\remote\webdriver.py", line 394, in find_element_by_xpath
    return self.find_element(by=By.XPATH, value=xpath)
  File "C:\Users\admin\PycharmProjects\UITest\venv\lib\site-packages\selenium\webdriver\remote\webdriver.py", line 978, in find_element
    'value': value})['value']
  File "C:\Users\admin\PycharmProjects\UITest\venv\lib\site-packages\selenium\webdriver\remote\webdriver.py", line 321, in execute
    self.error_handler.check_response(response)
  File "C:\Users\admin\PycharmProjects\UITest\venv\lib\site-packages\selenium\webdriver\remote\errorhandler.py", line 242, in check_response
    raise exception_class(message, screen, stacktrace)
selenium.common.exceptions.NoSuchElementException: Message: no such element: Unable to locate element: {"method":"xpath","selector":"//input[@class="ant-checkbox-input"]"}
  (Session info: chrome=73.0.3683.103)
  (Driver info: chromedriver=2.40.565498 (ea082db3280dd6843ebfb08a625e3eb905c4f5ab),platform=Windows NT 10.0.17134 x86_64)

2019-09-04 14:39:13,930 - framework.base_page - INFO - https://vaccine-staging.zcygov.cn/items/175600205?searchType=1&type=vaccine&utm=a0004.2ef5001f.0.0.33d8ffd0ca0411e9af8ed36431cbf75c 地址正常打开
2019-09-04 14:39:14,575 - framework.base_page - INFO - 点击元素成功//*[contains(text(),"加入购物车")]
2019-09-04 14:39:15,941 - framework.base_page - INFO - 点击元素成功//*[contains(text(),"查看购物车")]
2019-09-04 14:39:33,108 - framework.base_page - INFO - 点击元素成功select2-selection__placeholder
2019-09-04 14:39:33,208 - framework.base_page - INFO - 点击元素成功//li[text()="席胜军"]
2019-09-04 14:39:33,327 - framework.base_page - INFO - 点击元素成功//button[text()="提交"]
2019-09-04 14:39:33,930 - framework.base_page - INFO - 点击元素成功submit
2019-09-04 14:39:35,895 - framework.base_page - INFO - 点击元素成功//button[@class="btn btn-minor submit close"]
2019-09-04 14:39:35,952 - framework.base_page - INFO - 获取元素内容: 部门审核
2019-09-04 14:39:36,242 - framework.base_page - INFO - 截图 [test_33306_fail.png] 成功保存在 [C:\Users\admin\PycharmProjects\Zcy_Vaccine\reports\screenshots\fail]
2019-09-04 14:39:36,257 - framework.myunit - INFO - ************************test case run completed************************
2019-09-04 14:39:38,365 - pageobjects.login_page - INFO - https://login-staging.zcygov.cn/login 打开登录地址成功
2019-09-04 14:39:38,435 - framework.base_page - INFO - 清除文本框内容成功username
2019-09-04 14:39:38,565 - framework.base_page - INFO - 输入的内容：13777466979
2019-09-04 14:39:38,637 - framework.base_page - INFO - 清除文本框内容成功password
2019-09-04 14:39:38,744 - framework.base_page - INFO - 输入的内容：test123456
2019-09-04 14:39:40,641 - framework.base_page - INFO - 点击元素成功//button[@class='ant-btn login-btn password-login ant-btn-primary']
2019-09-04 14:39:40,641 - framework.myunit - INFO - ************************starting run test cases************************
2019-09-04 14:39:41,245 - framework.base_page - INFO - https://cart-staging.zcygov.cn/ 地址正常打开
2019-09-04 14:39:47,326 - pageobjects.order_page - ERROR - 未找到全选按钮
Traceback (most recent call last):
  File "C:\Users\admin\PycharmProjects\Zcy_Vaccine\pageobjects\order_page.py", line 35, in clearcart
    self.driver.find_element_by_xpath('//input[@class="ant-checkbox-input"]').click()
  File "C:\Users\admin\PycharmProjects\UITest\venv\lib\site-packages\selenium\webdriver\remote\webdriver.py", line 394, in find_element_by_xpath
    return self.find_element(by=By.XPATH, value=xpath)
  File "C:\Users\admin\PycharmProjects\UITest\venv\lib\site-packages\selenium\webdriver\remote\webdriver.py", line 978, in find_element
    'value': value})['value']
  File "C:\Users\admin\PycharmProjects\UITest\venv\lib\site-packages\selenium\webdriver\remote\webdriver.py", line 321, in execute
    self.error_handler.check_response(response)
  File "C:\Users\admin\PycharmProjects\UITest\venv\lib\site-packages\selenium\webdriver\remote\errorhandler.py", line 242, in check_response
    raise exception_class(message, screen, stacktrace)
selenium.common.exceptions.NoSuchElementException: Message: no such element: Unable to locate element: {"method":"xpath","selector":"//input[@class="ant-checkbox-input"]"}
  (Session info: chrome=73.0.3683.103)
  (Driver info: chromedriver=2.40.565498 (ea082db3280dd6843ebfb08a625e3eb905c4f5ab),platform=Windows NT 10.0.17134 x86_64)

2019-09-04 14:39:47,765 - framework.base_page - INFO - https://vaccine-staging.zcygov.cn/items/175600205?searchType=1&type=vaccine&utm=a0004.2ef5001f.0.0.33d8ffd0ca0411e9af8ed36431cbf75c 地址正常打开
2019-09-04 14:39:48,264 - framework.base_page - INFO - 点击元素成功//*[contains(text(),"加入购物车")]
2019-09-04 14:39:49,645 - framework.base_page - INFO - 点击元素成功//*[contains(text(),"查看购物车")]
2019-09-04 14:40:01,764 - framework.base_page - INFO - 点击元素成功select2-selection__placeholder
2019-09-04 14:40:01,848 - framework.base_page - INFO - 点击元素成功//li[text()="席胜军"]
2019-09-04 14:40:01,994 - framework.base_page - INFO - 点击元素成功//button[text()="提交"]
2019-09-04 14:40:02,663 - framework.base_page - INFO - 点击元素成功submit
2019-09-04 14:40:04,676 - framework.base_page - INFO - 点击元素成功//button[@class="btn btn-minor submit close"]
2019-09-04 14:40:04,719 - framework.base_page - INFO - 获取元素内容: 部门审核
2019-09-04 14:40:05,007 - framework.base_page - INFO - 截图 [test_33306_fail.png] 成功保存在 [C:\Users\admin\PycharmProjects\Zcy_Vaccine\reports\screenshots\fail]
2019-09-04 14:40:05,025 - framework.myunit - INFO - ************************test case run completed************************
2019-09-04 14:40:08,669 - framework.myunit - INFO - quit the browser success!
