2019-09-20 11:45:30,445 - framework.testreport - INFO - successed to generate test report [C:\Users\admin\PycharmProjects\Zcy_Vaccine\reports\testReport\report2019-09-20 11_45_30.html]
2019-09-20 11:45:35,256 - framework.driver - INFO - found the chrome driver [<selenium.webdriver.chrome.webdriver.WebDriver (session="2378c1650a8fe6bbae9df9ba5d35b51e")>] successed !
2019-09-20 11:45:36,364 - framework.myunit - INFO - opened the browser successed!
2019-09-20 11:45:38,491 - pageobjects.login_page - INFO - https://login-staging.zcygov.cn/login 打开登录地址成功
2019-09-20 11:45:38,557 - framework.base_page - INFO - 清除文本框内容成功username
2019-09-20 11:45:38,656 - framework.base_page - INFO - 输入的内容：13777466979
2019-09-20 11:45:38,712 - framework.base_page - INFO - 清除文本框内容成功password
2019-09-20 11:45:38,800 - framework.base_page - INFO - 输入的内容：test123456
2019-09-20 11:45:43,001 - framework.base_page - INFO - 点击元素成功//button[@class='ant-btn login-btn password-login ant-btn-primary']
2019-09-20 11:45:43,002 - framework.myunit - INFO - ************************starting run test cases************************
2019-09-20 11:45:44,263 - framework.base_page - INFO - https://vaccine-staging.zcygov.cn/items/175600205?searchType=1&type=vaccine&utm=a0004.2ef5001f.0.0.33d8ffd0ca0411e9af8ed36431cbf75c 地址正常打开
2019-09-20 11:45:46,372 - framework.base_page - INFO - 点击元素成功//*[contains(text(),"立即下单")]
2019-09-20 11:45:57,063 - framework.base_page - INFO - 点击元素成功select2-selection__placeholder
2019-09-20 11:45:57,138 - framework.base_page - INFO - 点击元素成功//li[text()="席胜军"]
2019-09-20 11:45:57,240 - framework.base_page - INFO - 点击元素成功//button[text()="提交"]
2019-09-20 11:45:57,546 - framework.base_page - INFO - 点击元素成功submit
2019-09-20 11:45:59,022 - framework.base_page - INFO - 点击元素成功//button[@class="btn btn-minor submit close"]
2019-09-20 11:46:00,091 - framework.base_page - INFO - 点击元素成功div.pur-list-body > table > tbody > tr:nth-child(1) > td:nth-child(7) > a:nth-child(4)
2019-09-20 11:46:10,189 - framework.base_page - ERROR - 查找元素超时://button[text()="提交审核意见"]
Traceback (most recent call last):
  File "C:\Users\admin\PycharmProjects\Zcy_Vaccine\framework\base_page.py", line 114, in find_element
    EC.visibility_of(self.driver.find_element_by_xpath(value)))
  File "C:\Users\admin\PycharmProjects\UITest\venv\lib\site-packages\selenium\webdriver\remote\webdriver.py", line 394, in find_element_by_xpath
    return self.find_element(by=By.XPATH, value=xpath)
  File "C:\Users\admin\PycharmProjects\UITest\venv\lib\site-packages\selenium\webdriver\remote\webdriver.py", line 978, in find_element
    'value': value})['value']
  File "C:\Users\admin\PycharmProjects\UITest\venv\lib\site-packages\selenium\webdriver\remote\webdriver.py", line 321, in execute
    self.error_handler.check_response(response)
  File "C:\Users\admin\PycharmProjects\UITest\venv\lib\site-packages\selenium\webdriver\remote\errorhandler.py", line 242, in check_response
    raise exception_class(message, screen, stacktrace)
selenium.common.exceptions.NoSuchElementException: Message: no such element: Unable to locate element: {"method":"xpath","selector":"//button[text()="提交审核意见"]"}
  (Session info: headless chrome=77.0.3865.75)
  (Driver info: chromedriver=2.35.528161 (5b82f2d2aae0ca24b877009200ced9065a772e73),platform=Windows NT 10.0.17134 x86_64)

2019-09-20 11:46:10,201 - framework.myunit - INFO - ************************test case run completed************************
2019-09-20 11:46:14,585 - framework.myunit - INFO - quit the browser success!
