2019-08-30 17:43:24,982 - framework.testreport - INFO - successed to generate test report [C:\Users\admin\PycharmProjects\Zcy_Vaccine\reports\testReport\report2019-08-30 17_43_24.html]
2019-08-30 17:43:27,654 - framework.driver - INFO - found the chrome driver [<selenium.webdriver.chrome.webdriver.WebDriver (session="9b1280acacba255d3449b4ac2cb96ee8")>] successed !
2019-08-30 17:43:28,790 - framework.myunit - INFO - opened the browser successed!
2019-08-30 17:43:31,262 - pageobjects.login_page - INFO - https://login-staging.zcygov.cn/login 打开登录地址成功
2019-08-30 17:43:31,330 - framework.base_page - INFO - 清除文本框内容成功username
2019-08-30 17:43:31,462 - framework.base_page - INFO - 输入的内容：13777466979
2019-08-30 17:43:31,529 - framework.base_page - INFO - 清除文本框内容成功password
2019-08-30 17:43:31,629 - framework.base_page - INFO - 输入的内容：test123456
2019-08-30 17:43:36,173 - framework.base_page - INFO - 点击元素成功//button[@class='ant-btn login-btn password-login ant-btn-primary']
2019-08-30 17:43:36,173 - framework.myunit - INFO - ************************starting run test cases************************
2019-08-30 17:43:43,387 - framework.base_page - INFO - https://staging.zcygov.cn/buyer/vaccine-orders 地址正常打开
2019-08-30 17:43:43,487 - framework.base_page - INFO - 点击元素成功div.order-form-list-body > table > tbody > tr:nth-child(1) > td:nth-child(8)> a:nth-child(1)
2019-08-30 17:43:43,571 - framework.base_page - INFO - 清除文本框内容成功comment
2019-08-30 17:43:43,648 - framework.base_page - INFO - 输入的内容：测试环境取消订单
2019-08-30 17:43:43,738 - framework.base_page - INFO - 点击元素成功//button[text()="确定"]
2019-08-30 17:43:43,787 - framework.base_page - INFO - 获取元素内容: 待供应商接单
2019-08-30 17:43:43,805 - framework.myunit - INFO - ************************test case run completed************************
2019-08-30 17:43:46,059 - pageobjects.login_page - INFO - https://login-staging.zcygov.cn/login 打开登录地址成功
2019-08-30 17:43:46,121 - framework.base_page - INFO - 清除文本框内容成功username
2019-08-30 17:43:46,270 - framework.base_page - INFO - 输入的内容：13777466979
2019-08-30 17:43:46,331 - framework.base_page - INFO - 清除文本框内容成功password
2019-08-30 17:43:46,487 - framework.base_page - INFO - 输入的内容：test123456
2019-08-30 17:43:48,101 - framework.base_page - INFO - 点击元素成功//button[@class='ant-btn login-btn password-login ant-btn-primary']
2019-08-30 17:43:48,101 - framework.myunit - INFO - ************************starting run test cases************************
2019-08-30 17:43:49,542 - framework.base_page - INFO - https://staging.zcygov.cn/buyer/vaccine-orders 地址正常打开
2019-08-30 17:43:52,335 - framework.base_page - INFO - 点击元素成功div.order-form-list-body > table > tbody > tr:nth-child(1) > td:nth-child(8)> a:nth-child(1)
2019-08-30 17:43:55,339 - framework.base_page - ERROR - 查找元素超时:comment
Traceback (most recent call last):
  File "C:\Users\admin\PycharmProjects\Zcy_Vaccine\framework\base_page.py", line 91, in find_element
    EC.visibility_of(self.driver.find_element_by_name(value)))
  File "C:\Users\admin\PycharmProjects\UITest\venv\lib\site-packages\selenium\webdriver\remote\webdriver.py", line 496, in find_element_by_name
    return self.find_element(by=By.NAME, value=name)
  File "C:\Users\admin\PycharmProjects\UITest\venv\lib\site-packages\selenium\webdriver\remote\webdriver.py", line 978, in find_element
    'value': value})['value']
  File "C:\Users\admin\PycharmProjects\UITest\venv\lib\site-packages\selenium\webdriver\remote\webdriver.py", line 321, in execute
    self.error_handler.check_response(response)
  File "C:\Users\admin\PycharmProjects\UITest\venv\lib\site-packages\selenium\webdriver\remote\errorhandler.py", line 242, in check_response
    raise exception_class(message, screen, stacktrace)
selenium.common.exceptions.NoSuchElementException: Message: no such element: Unable to locate element: {"method":"name","selector":"comment"}
  (Session info: chrome=73.0.3683.103)
  (Driver info: chromedriver=2.40.565498 (ea082db3280dd6843ebfb08a625e3eb905c4f5ab),platform=Windows NT 10.0.17134 x86_64)

2019-08-30 17:43:55,356 - framework.myunit - INFO - ************************test case run completed************************
2019-08-30 17:43:59,614 - framework.myunit - INFO - quit the browser success!
