2019-08-30 14:26:06,186 - framework.testreport - INFO - successed to generate test report [C:\Users\admin\PycharmProjects\Zcy_Vaccine\reports\testReport\report2019-08-30 14_26_06.html]
2019-08-30 14:26:08,650 - framework.driver - INFO - found the chrome driver [<selenium.webdriver.chrome.webdriver.WebDriver (session="36531e62cbb1965f43ea88c36fb6462e")>] successed !
2019-08-30 14:26:09,771 - framework.myunit - INFO - opened the browser successed!
2019-08-30 14:26:12,173 - pageobjects.login_page - INFO - https://login-staging.zcygov.cn/login 打开登录地址成功
2019-08-30 14:26:12,239 - framework.base_page - INFO - 清除文本框内容成功username
2019-08-30 14:26:12,359 - framework.base_page - INFO - 输入的内容：13777466979
2019-08-30 14:26:12,424 - framework.base_page - INFO - 清除文本框内容成功password
2019-08-30 14:26:12,519 - framework.base_page - INFO - 输入的内容：test123456
2019-08-30 14:26:16,747 - framework.base_page - INFO - 点击元素成功//button[@class='ant-btn login-btn password-login ant-btn-primary']
2019-08-30 14:26:16,747 - framework.myunit - INFO - ************************starting run test cases************************
2019-08-30 14:26:18,159 - framework.base_page - INFO - https://cart-staging.zcygov.cn/ 地址正常打开
2019-08-30 14:26:24,202 - pageobjects.order_page - ERROR - 未找到全选按钮
Traceback (most recent call last):
  File "C:\Users\admin\PycharmProjects\Zcy_Vaccine\pageobjects\order_page.py", line 35, in clearcart
    self.driver.find_element_by_xpath('//input[@class="ant-checkbox-input"]').click()
  File "C:\Users\admin\PycharmProjects\UITest\venv\lib\site-packages\selenium\webdriver\remote\webdriver.py", line 394, in find_element_by_xpath
    return self.find_element(by=By.XPATH, value=xpath)
  File "C:\Users\admin\PycharmProjects\UITest\venv\lib\site-packages\selenium\webdriver\remote\webdriver.py", line 978, in find_element
    'value': value})['value']
  File "C:\Users\admin\PycharmProjects\UITest\venv\lib\site-packages\selenium\webdriver\remote\webdriver.py", line 321, in execute
    self.error_handler.check_response(response)
  File "C:\Users\admin\PycharmProjects\UITest\venv\lib\site-packages\selenium\webdriver\remote\errorhandler.py", line 242, in check_response
    raise exception_class(message, screen, stacktrace)
selenium.common.exceptions.NoSuchElementException: Message: no such element: Unable to locate element: {"method":"xpath","selector":"//input[@class="ant-checkbox-input"]"}
  (Session info: chrome=73.0.3683.103)
  (Driver info: chromedriver=2.40.565498 (ea082db3280dd6843ebfb08a625e3eb905c4f5ab),platform=Windows NT 10.0.17134 x86_64)

2019-08-30 14:26:25,607 - framework.base_page - INFO - https://vaccine-staging.zcygov.cn/items/175600205?searchType=1&type=vaccine&utm=a0004.2ef5001f.0.0.33d8ffd0ca0411e9af8ed36431cbf75c 地址正常打开
2019-08-30 14:26:28,704 - framework.base_page - INFO - 点击元素成功//*[contains(text(),"加入购物车")]
2019-08-30 14:26:30,124 - framework.base_page - INFO - 点击元素成功//*[contains(text(),"查看购物车")]
2019-08-30 14:26:48,940 - framework.base_page - INFO - 点击元素成功select2-selection__placeholder
2019-08-30 14:26:49,035 - framework.base_page - INFO - 点击元素成功//li[text()="席胜军"]
2019-08-30 14:26:59,080 - framework.base_page - ERROR - 查找元素超时:submit-audit-edit
Traceback (most recent call last):
  File "C:\Users\admin\PycharmProjects\Zcy_Vaccine\framework\base_page.py", line 88, in find_element
    EC.visibility_of(self.driver.find_element_by_id(value)))
  File "C:\Users\admin\PycharmProjects\UITest\venv\lib\site-packages\selenium\webdriver\remote\webdriver.py", line 360, in find_element_by_id
    return self.find_element(by=By.ID, value=id_)
  File "C:\Users\admin\PycharmProjects\UITest\venv\lib\site-packages\selenium\webdriver\remote\webdriver.py", line 978, in find_element
    'value': value})['value']
  File "C:\Users\admin\PycharmProjects\UITest\venv\lib\site-packages\selenium\webdriver\remote\webdriver.py", line 321, in execute
    self.error_handler.check_response(response)
  File "C:\Users\admin\PycharmProjects\UITest\venv\lib\site-packages\selenium\webdriver\remote\errorhandler.py", line 242, in check_response
    raise exception_class(message, screen, stacktrace)
selenium.common.exceptions.NoSuchElementException: Message: no such element: Unable to locate element: {"method":"id","selector":"submit-audit-edit"}
  (Session info: chrome=73.0.3683.103)
  (Driver info: chromedriver=2.40.565498 (ea082db3280dd6843ebfb08a625e3eb905c4f5ab),platform=Windows NT 10.0.17134 x86_64)

2019-08-30 14:26:59,095 - framework.myunit - INFO - ************************test case run completed************************
2019-08-30 14:27:02,046 - pageobjects.login_page - INFO - https://login-staging.zcygov.cn/login 打开登录地址成功
2019-08-30 14:27:02,109 - framework.base_page - INFO - 清除文本框内容成功username
2019-08-30 14:27:02,221 - framework.base_page - INFO - 输入的内容：13777466979
2019-08-30 14:27:02,286 - framework.base_page - INFO - 清除文本框内容成功password
2019-08-30 14:27:02,371 - framework.base_page - INFO - 输入的内容：test123456
2019-08-30 14:27:04,030 - framework.base_page - INFO - 点击元素成功//button[@class='ant-btn login-btn password-login ant-btn-primary']
2019-08-30 14:27:04,030 - framework.myunit - INFO - ************************starting run test cases************************
2019-08-30 14:27:04,582 - framework.base_page - INFO - https://cart-staging.zcygov.cn/ 地址正常打开
