2019-09-16 10:34:45,274 - framework.testreport - INFO - successed to generate test report [C:\Users\admin\PycharmProjects\Zcy_Vaccine\reports\testReport\report2019-09-16 10_34_45.html]
2019-09-16 10:34:47,760 - framework.driver - INFO - found the chrome driver [<selenium.webdriver.chrome.webdriver.WebDriver (session="c8186ce526d3c74b48735a669429d4bf")>] successed !
2019-09-16 10:34:48,882 - framework.myunit - INFO - opened the browser successed!
2019-09-16 10:34:50,824 - pageobjects.login_page - INFO - https://login-staging.zcygov.cn/login 打开登录地址成功
2019-09-16 10:34:50,881 - framework.base_page - INFO - 清除文本框内容成功username
2019-09-16 10:34:51,008 - framework.base_page - INFO - 输入的内容：13777466979
2019-09-16 10:34:51,065 - framework.base_page - INFO - 清除文本框内容成功password
2019-09-16 10:34:51,155 - framework.base_page - INFO - 输入的内容：test123456
2019-09-16 10:34:55,354 - framework.base_page - INFO - 点击元素成功//button[@class='ant-btn login-btn password-login ant-btn-primary']
2019-09-16 10:34:55,354 - framework.myunit - INFO - ************************starting run test cases************************
2019-09-16 10:34:55,379 - framework.base_page - ERROR - 查找元素超时:# user-toggle > div.header-right-user-avatar > i.icon-zcy.icon-touxiang1
Traceback (most recent call last):
  File "C:\Users\admin\PycharmProjects\Zcy_Vaccine\framework\base_page.py", line 106, in find_element
    EC.visibility_of(self.driver.find_element_by_css_selector(value)))
  File "C:\Users\admin\PycharmProjects\UITest\venv\lib\site-packages\selenium\webdriver\remote\webdriver.py", line 598, in find_element_by_css_selector
    return self.find_element(by=By.CSS_SELECTOR, value=css_selector)
  File "C:\Users\admin\PycharmProjects\UITest\venv\lib\site-packages\selenium\webdriver\remote\webdriver.py", line 978, in find_element
    'value': value})['value']
  File "C:\Users\admin\PycharmProjects\UITest\venv\lib\site-packages\selenium\webdriver\remote\webdriver.py", line 321, in execute
    self.error_handler.check_response(response)
  File "C:\Users\admin\PycharmProjects\UITest\venv\lib\site-packages\selenium\webdriver\remote\errorhandler.py", line 242, in check_response
    raise exception_class(message, screen, stacktrace)
selenium.common.exceptions.InvalidSelectorException: Message: invalid selector: An invalid or illegal selector was specified
  (Session info: chrome=77.0.3865.75)
  (Driver info: chromedriver=2.40.565498 (ea082db3280dd6843ebfb08a625e3eb905c4f5ab),platform=Windows NT 10.0.17134 x86_64)

2019-09-16 10:34:55,688 - framework.base_page - INFO - 截图 [logout_0116_fail.png] 成功保存在 [C:\Users\admin\PycharmProjects\Zcy_Vaccine\reports\screenshots\fail]
2019-09-16 10:34:55,688 - test_33311_logout - INFO - 运行失败：退出失败
2019-09-16 10:34:55,851 - framework.myunit - INFO - ************************test case run completed************************
2019-09-16 10:34:58,897 - framework.myunit - INFO - quit the browser success!
2019-09-16 10:34:58,924 - framework.send_email - INFO - 添加附件
2019-09-16 10:34:59,084 - framework.send_email - INFO - 连接成功
2019-09-16 10:35:00,404 - framework.send_email - INFO - 2019-09-16-10_35_00----发送邮件成功
