2019-08-30 17:45:58,782 - framework.testreport - INFO - successed to generate test report [C:\Users\admin\PycharmProjects\Zcy_Vaccine\reports\testReport\report2019-08-30 17_45_58.html]
2019-08-30 17:45:58,957 - framework.testreport - INFO - successed to generate test report [C:\Users\admin\PycharmProjects\Zcy_Vaccine\reports\testReport\report2019-08-30 17_45_58.html]
2019-08-30 17:46:01,854 - framework.driver - INFO - found the chrome driver [<selenium.webdriver.chrome.webdriver.WebDriver (session="9c9621bdd9bcd965576112c52b16d95a")>] successed !
2019-08-30 17:46:02,008 - framework.driver - INFO - found the chrome driver [<selenium.webdriver.chrome.webdriver.WebDriver (session="7f708a968fbfdf96d07f64e81fab3b3a")>] successed !
2019-08-30 17:46:02,985 - framework.myunit - INFO - opened the browser successed!
2019-08-30 17:46:03,166 - framework.myunit - INFO - opened the browser successed!
2019-08-30 17:46:07,107 - pageobjects.login_page - INFO - https://login-staging.zcygov.cn/login 打开登录地址成功
2019-08-30 17:46:07,188 - framework.base_page - INFO - 清除文本框内容成功username
2019-08-30 17:46:07,341 - framework.base_page - INFO - 输入的内容：13777466979
2019-08-30 17:46:07,403 - framework.base_page - INFO - 清除文本框内容成功password
2019-08-30 17:46:07,513 - framework.base_page - INFO - 输入的内容：test123456
2019-08-30 17:46:07,740 - pageobjects.login_page - INFO - https://login-staging.zcygov.cn/login 打开登录地址成功
2019-08-30 17:46:07,821 - framework.base_page - INFO - 清除文本框内容成功username
2019-08-30 17:46:07,998 - framework.base_page - INFO - 输入的内容：13777466979
2019-08-30 17:46:08,081 - framework.base_page - INFO - 清除文本框内容成功password
2019-08-30 17:46:08,191 - framework.base_page - INFO - 输入的内容：test123456
2019-08-30 17:46:13,609 - framework.base_page - INFO - 点击元素成功//button[@class='ant-btn login-btn password-login ant-btn-primary']
2019-08-30 17:46:13,609 - framework.myunit - INFO - ************************starting run test cases************************
2019-08-30 17:46:14,783 - framework.base_page - INFO - 点击元素成功//button[@class='ant-btn login-btn password-login ant-btn-primary']
2019-08-30 17:46:14,783 - framework.myunit - INFO - ************************starting run test cases************************
2019-08-30 17:46:25,609 - framework.base_page - INFO - https://staging.zcygov.cn/buyer/vaccine-orders 地址正常打开
2019-08-30 17:46:28,146 - framework.base_page - INFO - https://staging.zcygov.cn/buyer/vaccine-orders 地址正常打开
2019-08-30 17:46:28,875 - framework.base_page - INFO - 点击元素成功div.order-form-list-body > table > tbody > tr:nth-child(1) > td:nth-child(8)> a:nth-child(1)
2019-08-30 17:46:31,441 - framework.base_page - INFO - 点击元素成功div.order-form-list-body > table > tbody > tr:nth-child(1) > td:nth-child(8)> a:nth-child(1)
2019-08-30 17:46:31,935 - framework.base_page - ERROR - 查找元素超时:js-cancel-reason
Traceback (most recent call last):
  File "C:\Users\admin\PycharmProjects\Zcy_Vaccine\framework\base_page.py", line 88, in find_element
    EC.visibility_of(self.driver.find_element_by_id(value)))
  File "C:\Users\admin\PycharmProjects\UITest\venv\lib\site-packages\selenium\webdriver\remote\webdriver.py", line 360, in find_element_by_id
    return self.find_element(by=By.ID, value=id_)
  File "C:\Users\admin\PycharmProjects\UITest\venv\lib\site-packages\selenium\webdriver\remote\webdriver.py", line 978, in find_element
    'value': value})['value']
  File "C:\Users\admin\PycharmProjects\UITest\venv\lib\site-packages\selenium\webdriver\remote\webdriver.py", line 321, in execute
    self.error_handler.check_response(response)
  File "C:\Users\admin\PycharmProjects\UITest\venv\lib\site-packages\selenium\webdriver\remote\errorhandler.py", line 242, in check_response
    raise exception_class(message, screen, stacktrace)
selenium.common.exceptions.NoSuchElementException: Message: no such element: Unable to locate element: {"method":"id","selector":"js-cancel-reason"}
  (Session info: chrome=73.0.3683.103)
  (Driver info: chromedriver=2.40.565498 (ea082db3280dd6843ebfb08a625e3eb905c4f5ab),platform=Windows NT 10.0.17134 x86_64)

2019-08-30 17:46:31,952 - framework.myunit - INFO - ************************test case run completed************************
