2019-08-29 16:12:34,499 - framework.testreport - INFO - successed to generate test report [C:\Users\admin\PycharmProjects\Zcy_Vaccine\reports\testReport\report2019-08-29 16_12_34.html]
2019-08-29 16:12:37,113 - framework.driver - INFO - found the chrome driver [<selenium.webdriver.chrome.webdriver.WebDriver (session="de41df42380a1eba714c515a441a5075")>] successed !
2019-08-29 16:12:38,237 - framework.myunit - INFO - opened the browser successed!
2019-08-29 16:12:42,866 - pageobjects.login_page - INFO - https://login-staging.zcygov.cn/login 打开登录地址成功
2019-08-29 16:12:42,928 - framework.base_page - INFO - 清除文本框内容成功username
2019-08-29 16:12:43,032 - framework.base_page - INFO - 输入的内容：13777466979
2019-08-29 16:12:43,094 - framework.base_page - INFO - 清除文本框内容成功password
2019-08-29 16:12:43,197 - framework.base_page - INFO - 输入的内容：test123456
2019-08-29 16:12:48,760 - framework.base_page - INFO - 点击元素成功//button[@class='ant-btn login-btn password-login ant-btn-primary']
2019-08-29 16:12:48,761 - framework.myunit - INFO - ************************starting run test cases************************
2019-08-29 16:12:51,141 - framework.base_page - INFO - https://cart-staging.zcygov.cn/ 地址正常打开
2019-08-29 16:12:54,340 - framework.base_page - INFO - 点击元素成功//div[@class="float-bar-action-del"]/a[text()="删除"]
2019-08-29 16:13:00,358 - pageobjects.order_page - INFO - 删除商品失败
2019-08-29 16:13:01,536 - framework.base_page - INFO - https://vaccine-staging.zcygov.cn/items/175600205?searchType=1&type=vaccine&utm=a0004.2ef5001f.0.0.33d8ffd0ca0411e9af8ed36431cbf75c 地址正常打开
2019-08-29 16:13:04,638 - framework.base_page - INFO - 点击元素成功//*[contains(text(),"加入购物车")]
2019-08-29 16:13:06,955 - framework.base_page - INFO - 点击元素成功//*[contains(text(),"查看购物车")]
2019-08-29 16:13:20,082 - pageobjects.order_page - ERROR - 未找到预购单按钮
Traceback (most recent call last):
  File "C:\Users\admin\PycharmProjects\Zcy_Vaccine\pageobjects\order_page.py", line 82, in add_initateorder
    self.driver.find_element_by_xpath('//*[contains(text(),"生成预购单")]').click()
  File "C:\Users\admin\PycharmProjects\UITest\venv\lib\site-packages\selenium\webdriver\remote\webelement.py", line 80, in click
    self._execute(Command.CLICK_ELEMENT)
  File "C:\Users\admin\PycharmProjects\UITest\venv\lib\site-packages\selenium\webdriver\remote\webelement.py", line 633, in _execute
    return self._parent.execute(command, params)
  File "C:\Users\admin\PycharmProjects\UITest\venv\lib\site-packages\selenium\webdriver\remote\webdriver.py", line 321, in execute
    self.error_handler.check_response(response)
  File "C:\Users\admin\PycharmProjects\UITest\venv\lib\site-packages\selenium\webdriver\remote\errorhandler.py", line 242, in check_response
    raise exception_class(message, screen, stacktrace)
selenium.common.exceptions.WebDriverException: Message: unknown error: Element <span>...</span> is not clickable at point (1193, 490). Other element would receive the click: <button type="button" class="ant-btn ant-btn-primary ant-btn-lg">...</button>
  (Session info: chrome=73.0.3683.103)
  (Driver info: chromedriver=2.40.565498 (ea082db3280dd6843ebfb08a625e3eb905c4f5ab),platform=Windows NT 10.0.17134 x86_64)

2019-08-29 16:13:23,089 - framework.base_page - INFO - 获取当前url https://cart-staging.zcygov.cn/
2019-08-29 16:13:23,092 - test_33305 - INFO - https://cart-staging.zcygov.cn/
2019-08-29 16:13:23,357 - framework.base_page - INFO - 截图 [test_33305_fail.png] 成功保存在 [C:\Users\admin\PycharmProjects\Zcy_Vaccine\reports\screenshots\fail]
2019-08-29 16:13:23,374 - framework.myunit - INFO - ************************test case run completed************************
2019-08-29 16:13:25,196 - pageobjects.login_page - INFO - https://login-staging.zcygov.cn/login 打开登录地址成功
2019-08-29 16:13:25,263 - framework.base_page - INFO - 清除文本框内容成功username
2019-08-29 16:13:25,360 - framework.base_page - INFO - 输入的内容：13777466979
2019-08-29 16:13:25,424 - framework.base_page - INFO - 清除文本框内容成功password
2019-08-29 16:13:25,537 - framework.base_page - INFO - 输入的内容：test123456
2019-08-29 16:13:27,606 - framework.base_page - INFO - 点击元素成功//button[@class='ant-btn login-btn password-login ant-btn-primary']
2019-08-29 16:13:27,606 - framework.myunit - INFO - ************************starting run test cases************************
2019-08-29 16:13:28,184 - framework.base_page - INFO - https://cart-staging.zcygov.cn/ 地址正常打开
2019-08-29 16:13:31,354 - framework.base_page - INFO - 点击元素成功//div[@class="float-bar-action-del"]/a[text()="删除"]
2019-08-29 16:13:37,387 - pageobjects.order_page - INFO - 删除商品失败
2019-08-29 16:13:38,907 - framework.base_page - INFO - https://vaccine-staging.zcygov.cn/items/175600205?searchType=1&type=vaccine&utm=a0004.2ef5001f.0.0.33d8ffd0ca0411e9af8ed36431cbf75c 地址正常打开
2019-08-29 16:13:42,036 - framework.base_page - INFO - 点击元素成功//*[contains(text(),"加入购物车")]
2019-08-29 16:13:43,629 - framework.base_page - INFO - 点击元素成功//*[contains(text(),"查看购物车")]
2019-08-29 16:13:56,765 - pageobjects.order_page - ERROR - 未找到预购单按钮
Traceback (most recent call last):
  File "C:\Users\admin\PycharmProjects\Zcy_Vaccine\pageobjects\order_page.py", line 82, in add_initateorder
    time.sleep(3)
  File "C:\Users\admin\PycharmProjects\UITest\venv\lib\site-packages\selenium\webdriver\remote\webelement.py", line 80, in click
    self._execute(Command.CLICK_ELEMENT)
  File "C:\Users\admin\PycharmProjects\UITest\venv\lib\site-packages\selenium\webdriver\remote\webelement.py", line 633, in _execute
    return self._parent.execute(command, params)
  File "C:\Users\admin\PycharmProjects\UITest\venv\lib\site-packages\selenium\webdriver\remote\webdriver.py", line 321, in execute
    self.error_handler.check_response(response)
  File "C:\Users\admin\PycharmProjects\UITest\venv\lib\site-packages\selenium\webdriver\remote\errorhandler.py", line 242, in check_response
    raise exception_class(message, screen, stacktrace)
selenium.common.exceptions.WebDriverException: Message: unknown error: Element <span>...</span> is not clickable at point (1193, 490). Other element would receive the click: <button type="button" class="ant-btn ant-btn-primary ant-btn-lg">...</button>
  (Session info: chrome=73.0.3683.103)
  (Driver info: chromedriver=2.40.565498 (ea082db3280dd6843ebfb08a625e3eb905c4f5ab),platform=Windows NT 10.0.17134 x86_64)

2019-08-29 16:13:59,771 - framework.base_page - INFO - 获取当前url https://cart-staging.zcygov.cn/
2019-08-29 16:13:59,776 - test_33305 - INFO - https://cart-staging.zcygov.cn/
2019-08-29 16:14:00,031 - framework.base_page - INFO - 截图 [test_33305_fail.png] 成功保存在 [C:\Users\admin\PycharmProjects\Zcy_Vaccine\reports\screenshots\fail]
2019-08-29 16:14:00,044 - framework.myunit - INFO - ************************test case run completed************************
2019-08-29 16:14:03,176 - framework.myunit - INFO - quit the browser success!
