2019-09-20 11:52:25,833 - framework.testreport - INFO - successed to generate test report [C:\Users\admin\PycharmProjects\Zcy_Vaccine\reports\testReport\report2019-09-20 11_52_25.html]
2019-09-20 11:52:30,670 - framework.driver - INFO - found the chrome driver [<selenium.webdriver.chrome.webdriver.WebDriver (session="f74f29d2a4c349f399b3d3d4130fc9bc")>] successed !
2019-09-20 11:52:31,777 - framework.myunit - INFO - opened the browser successed!
2019-09-20 11:52:34,034 - pageobjects.login_page - INFO - https://login-staging.zcygov.cn/login 打开登录地址成功
2019-09-20 11:52:34,091 - framework.base_page - INFO - 清除文本框内容成功username
2019-09-20 11:52:34,191 - framework.base_page - INFO - 输入的内容：13777466979
2019-09-20 11:52:34,244 - framework.base_page - INFO - 清除文本框内容成功password
2019-09-20 11:52:34,347 - framework.base_page - INFO - 输入的内容：test123456
2019-09-20 11:52:40,241 - framework.base_page - INFO - 点击元素成功//button[@class='ant-btn login-btn password-login ant-btn-primary']
2019-09-20 11:52:40,241 - framework.myunit - INFO - ************************starting run test cases************************
2019-09-20 11:52:42,987 - framework.base_page - INFO - https://cart-staging.zcygov.cn/ 地址正常打开
2019-09-20 11:52:49,023 - pageobjects.order_page - ERROR - 未找到全选按钮
Traceback (most recent call last):
  File "C:\Users\admin\PycharmProjects\Zcy_Vaccine\pageobjects\order_page.py", line 36, in clearcart
    self.driver.find_element_by_xpath('//input[@class="ant-checkbox-input"]').click()
  File "C:\Users\admin\PycharmProjects\UITest\venv\lib\site-packages\selenium\webdriver\remote\webdriver.py", line 394, in find_element_by_xpath
    return self.find_element(by=By.XPATH, value=xpath)
  File "C:\Users\admin\PycharmProjects\UITest\venv\lib\site-packages\selenium\webdriver\remote\webdriver.py", line 978, in find_element
    'value': value})['value']
  File "C:\Users\admin\PycharmProjects\UITest\venv\lib\site-packages\selenium\webdriver\remote\webdriver.py", line 321, in execute
    self.error_handler.check_response(response)
  File "C:\Users\admin\PycharmProjects\UITest\venv\lib\site-packages\selenium\webdriver\remote\errorhandler.py", line 242, in check_response
    raise exception_class(message, screen, stacktrace)
selenium.common.exceptions.NoSuchElementException: Message: no such element: Unable to locate element: {"method":"xpath","selector":"//input[@class="ant-checkbox-input"]"}
  (Session info: headless chrome=77.0.3865.75)
  (Driver info: chromedriver=2.35.528161 (5b82f2d2aae0ca24b877009200ced9065a772e73),platform=Windows NT 10.0.17134 x86_64)

2019-09-20 11:52:49,983 - framework.base_page - INFO - https://vaccine-staging.zcygov.cn/items/175600205?searchType=1&type=vaccine&utm=a0004.2ef5001f.0.0.33d8ffd0ca0411e9af8ed36431cbf75c 地址正常打开
2019-09-20 11:52:50,625 - framework.base_page - INFO - 点击元素成功//*[contains(text(),"加入购物车")]
2019-09-20 11:52:58,142 - framework.base_page - INFO - 点击元素成功//*[contains(text(),"查看购物车")]
2019-09-20 11:53:27,044 - framework.base_page - ERROR - 查找元素超时:添加发票1
Traceback (most recent call last):
  File "C:\Users\admin\PycharmProjects\Zcy_Vaccine\framework\base_page.py", line 105, in find_element
    EC.visibility_of(self.driver.find_element_by_link_text(value)))
  File "C:\Users\admin\PycharmProjects\UITest\venv\lib\site-packages\selenium\webdriver\remote\webdriver.py", line 428, in find_element_by_link_text
    return self.find_element(by=By.LINK_TEXT, value=link_text)
  File "C:\Users\admin\PycharmProjects\UITest\venv\lib\site-packages\selenium\webdriver\remote\webdriver.py", line 978, in find_element
    'value': value})['value']
  File "C:\Users\admin\PycharmProjects\UITest\venv\lib\site-packages\selenium\webdriver\remote\webdriver.py", line 321, in execute
    self.error_handler.check_response(response)
  File "C:\Users\admin\PycharmProjects\UITest\venv\lib\site-packages\selenium\webdriver\remote\errorhandler.py", line 242, in check_response
    raise exception_class(message, screen, stacktrace)
selenium.common.exceptions.NoSuchElementException: Message: no such element: Unable to locate element: {"method":"link text","selector":"添加发票1"}
  (Session info: headless chrome=77.0.3865.75)
  (Driver info: chromedriver=2.35.528161 (5b82f2d2aae0ca24b877009200ced9065a772e73),platform=Windows NT 10.0.17134 x86_64)

2019-09-20 11:53:27,057 - framework.myunit - INFO - ************************test case run completed************************
2019-09-20 11:53:31,961 - framework.myunit - INFO - quit the browser success!
