2019-09-16 17:07:47,137 - framework.testreport - INFO - successed to generate test report [C:\Users\admin\PycharmProjects\Zcy_Vaccine\reports\testReport\report2019-09-16 17_07_47.html]
2019-09-16 17:07:49,643 - framework.driver - INFO - found the chrome driver [<selenium.webdriver.chrome.webdriver.WebDriver (session="d6135c3b55a1a20f0cbb62afded7e4e3")>] successed !
2019-09-16 17:07:49,643 - framework.myunit - INFO - opened the browser successed!
2019-09-16 17:07:53,250 - pageobjects.login_page - INFO - https://login-staging.zcygov.cn/login 打开登录地址成功
2019-09-16 17:07:53,324 - framework.base_page - INFO - 清除文本框内容成功username
2019-09-16 17:07:53,462 - framework.base_page - INFO - 输入的内容：13777466979
2019-09-16 17:07:53,529 - framework.base_page - INFO - 清除文本框内容成功password
2019-09-16 17:07:53,639 - framework.base_page - INFO - 输入的内容：test123456
2019-09-16 17:07:57,833 - framework.base_page - INFO - 点击元素成功//button[@class='ant-btn login-btn password-login ant-btn-primary']
2019-09-16 17:07:57,833 - framework.myunit - INFO - ************************starting run test cases************************
2019-09-16 17:07:59,115 - framework.base_page - INFO - https://vaccine-staging.zcygov.cn/items/175600205?searchType=1&type=vaccine&utm=a0004.2ef5001f.0.0.33d8ffd0ca0411e9af8ed36431cbf75c 地址正常打开
2019-09-16 17:08:01,236 - framework.base_page - INFO - 点击元素成功//*[contains(text(),"立即下单")]
2019-09-16 17:08:14,298 - framework.base_page - ERROR - 查找元素超时:select2-selection__placeholder
Traceback (most recent call last):
  File "C:\Users\admin\PycharmProjects\Zcy_Vaccine\framework\base_page.py", line 99, in find_element
    EC.visibility_of(self.driver.find_element_by_class_name(value)))
  File "C:\Users\admin\PycharmProjects\UITest\venv\lib\site-packages\selenium\webdriver\remote\webdriver.py", line 564, in find_element_by_class_name
    return self.find_element(by=By.CLASS_NAME, value=name)
  File "C:\Users\admin\PycharmProjects\UITest\venv\lib\site-packages\selenium\webdriver\remote\webdriver.py", line 978, in find_element
    'value': value})['value']
  File "C:\Users\admin\PycharmProjects\UITest\venv\lib\site-packages\selenium\webdriver\remote\webdriver.py", line 321, in execute
    self.error_handler.check_response(response)
  File "C:\Users\admin\PycharmProjects\UITest\venv\lib\site-packages\selenium\webdriver\remote\errorhandler.py", line 242, in check_response
    raise exception_class(message, screen, stacktrace)
selenium.common.exceptions.NoSuchElementException: Message: no such element: Unable to locate element: {"method":"css selector","selector":".select2-selection__placeholder"}
  (Session info: chrome=77.0.3865.75)

2019-09-16 17:08:14,329 - framework.myunit - INFO - ************************test case run completed************************
2019-09-16 17:08:17,146 - framework.myunit - INFO - quit the browser success!
