2019-09-16 17:01:51,557 - framework.testreport - INFO - successed to generate test report [C:\Users\admin\PycharmProjects\Zcy_Vaccine\reports\testReport\report2019-09-16 17_01_51.html]
2019-09-16 17:01:54,058 - framework.driver - INFO - found the chrome driver [<selenium.webdriver.chrome.webdriver.WebDriver (session="c6f176e00353ae0f97ec239df889f09e")>] successed !
2019-09-16 17:01:54,059 - framework.myunit - INFO - opened the browser successed!
2019-09-16 17:01:56,294 - pageobjects.login_page - INFO - https://login-staging.zcygov.cn/login 打开登录地址成功
2019-09-16 17:01:56,379 - framework.base_page - INFO - 清除文本框内容成功username
2019-09-16 17:01:56,502 - framework.base_page - INFO - 输入的内容：13777466979
2019-09-16 17:01:56,569 - framework.base_page - INFO - 清除文本框内容成功password
2019-09-16 17:01:56,697 - framework.base_page - INFO - 输入的内容：test123456
2019-09-16 17:02:00,768 - framework.base_page - INFO - 点击元素成功//button[@class='ant-btn login-btn password-login ant-btn-primary']
2019-09-16 17:02:00,768 - framework.myunit - INFO - ************************starting run test cases************************
2019-09-16 17:02:01,861 - framework.base_page - INFO - https://vaccine-staging.zcygov.cn/items/175600205?searchType=1&type=vaccine&utm=a0004.2ef5001f.0.0.33d8ffd0ca0411e9af8ed36431cbf75c 地址正常打开
2019-09-16 17:02:04,514 - framework.base_page - INFO - 点击元素成功//*[contains(text(),"立即下单")]
2019-09-16 17:02:13,554 - framework.base_page - INFO - 点击元素成功select2-selection__placeholder
2019-09-16 17:02:13,631 - framework.base_page - INFO - 点击元素成功//li[text()="席胜军"]
2019-09-16 17:02:13,739 - framework.base_page - INFO - 点击元素成功//button[text()="提交"]
2019-09-16 17:02:14,125 - framework.base_page - INFO - 点击元素成功submit
2019-09-16 17:02:15,736 - framework.base_page - INFO - 点击元素成功//button[@class="btn btn-minor submit close"]
2019-09-16 17:02:16,876 - framework.base_page - INFO - 点击元素成功div.pur-list-body > table > tbody > tr:nth-child(1) > td:nth-child(7) > a:nth-child(1)
2019-09-16 17:02:17,064 - framework.base_page - INFO - 点击元素成功//button[text()="提交审核意见"]
2019-09-16 17:02:17,147 - framework.base_page - INFO - 点击元素成功submit
2019-09-16 17:02:18,343 - framework.base_page - INFO - 点击元素成功//button[@class="btn btn-minor submit close"]
2019-09-16 17:02:19,498 - framework.base_page - INFO - 点击元素成功div.pur-list-body > table > tbody > tr:nth-child(1) > td:nth-child(7) > a:nth-child(1)
2019-09-16 17:02:19,713 - framework.base_page - INFO - 点击元素成功//button[text()="提交审核意见"]
2019-09-16 17:02:19,797 - framework.base_page - INFO - 点击元素成功submit
2019-09-16 17:02:20,926 - framework.base_page - INFO - 点击元素成功//button[@class="btn btn-minor submit close"]
2019-09-16 17:02:22,052 - framework.base_page - INFO - 点击元素成功div.pur-list-body > table > tbody > tr:nth-child(1) > td:nth-child(7) > a:nth-child(1)
2019-09-16 17:02:22,232 - framework.base_page - INFO - 点击元素成功//button[text()="提交审核意见"]
2019-09-16 17:02:22,313 - framework.base_page - INFO - 点击元素成功submit
2019-09-16 17:02:23,444 - framework.base_page - INFO - 点击元素成功//button[@class="btn btn-minor submit close"]
2019-09-16 17:02:24,517 - framework.base_page - INFO - 点击元素成功div.pur-list-body > table > tbody > tr:nth-child(1) > td:nth-child(7) > a:nth-child(1)
2019-09-16 17:02:24,734 - framework.base_page - INFO - 点击元素成功//button[text()="确定订单"]
2019-09-16 17:02:26,749 - framework.base_page - INFO - 刷新页面
2019-09-16 17:02:28,269 - pageobjects.login_page - INFO - https://login-staging.zcygov.cn/login 打开登录地址成功
2019-09-16 17:02:28,336 - framework.base_page - INFO - 清除文本框内容成功username
2019-09-16 17:02:28,447 - framework.base_page - INFO - 输入的内容：SINOVAC
2019-09-16 17:02:28,522 - framework.base_page - INFO - 清除文本框内容成功password
2019-09-16 17:02:28,623 - framework.base_page - INFO - 输入的内容：test123456
2019-09-16 17:02:30,096 - framework.base_page - INFO - 点击元素成功//button[@class='ant-btn login-btn password-login ant-btn-primary']
2019-09-16 17:02:31,690 - framework.base_page - INFO - https://staging.zcygov.cn/seller/vaccine-orders 地址正常打开
2019-09-16 17:02:34,796 - framework.base_page - ERROR - 查找元素超时:div.order-form-list-body > table > tbody > tr:nth-child(1)  > td:nth-child(7) > a
Traceback (most recent call last):
  File "C:\Users\admin\PycharmProjects\Zcy_Vaccine\framework\base_page.py", line 106, in find_element
    EC.visibility_of(self.driver.find_element_by_css_selector(value)))
  File "C:\Users\admin\PycharmProjects\UITest\venv\lib\site-packages\selenium\webdriver\remote\webdriver.py", line 598, in find_element_by_css_selector
    return self.find_element(by=By.CSS_SELECTOR, value=css_selector)
  File "C:\Users\admin\PycharmProjects\UITest\venv\lib\site-packages\selenium\webdriver\remote\webdriver.py", line 978, in find_element
    'value': value})['value']
  File "C:\Users\admin\PycharmProjects\UITest\venv\lib\site-packages\selenium\webdriver\remote\webdriver.py", line 321, in execute
    self.error_handler.check_response(response)
  File "C:\Users\admin\PycharmProjects\UITest\venv\lib\site-packages\selenium\webdriver\remote\errorhandler.py", line 242, in check_response
    raise exception_class(message, screen, stacktrace)
selenium.common.exceptions.NoSuchElementException: Message: no such element: Unable to locate element: {"method":"css selector","selector":"div.order-form-list-body > table > tbody > tr:nth-child(1)  > td:nth-child(7) > a"}
  (Session info: chrome=77.0.3865.75)

2019-09-16 17:02:34,813 - framework.myunit - INFO - ************************test case run completed************************
2019-09-16 17:02:38,599 - framework.myunit - INFO - quit the browser success!
