2019-09-16 11:51:27,562 - framework.testreport - INFO - successed to generate test report [C:\Users\admin\PycharmProjects\Zcy_Vaccine\reports\testReport\report2019-09-16 11_51_27.html]
2019-09-16 11:51:30,403 - framework.driver - INFO - found the chrome driver [<selenium.webdriver.chrome.webdriver.WebDriver (session="b676111e95efd3dc337bbbd1fd1a8983")>] successed !
2019-09-16 11:51:30,403 - framework.myunit - INFO - opened the browser successed!
2019-09-16 11:51:32,711 - pageobjects.login_page - INFO - https://login-staging.zcygov.cn/login 打开登录地址成功
2019-09-16 11:51:32,782 - framework.base_page - INFO - 清除文本框内容成功username
2019-09-16 11:51:32,927 - framework.base_page - INFO - 输入的内容：13777466979
2019-09-16 11:51:33,011 - framework.base_page - INFO - 清除文本框内容成功password
2019-09-16 11:51:33,117 - framework.base_page - INFO - 输入的内容：test123456
2019-09-16 11:51:37,115 - framework.base_page - INFO - 点击元素成功//button[@class='ant-btn login-btn password-login ant-btn-primary']
2019-09-16 11:51:37,115 - framework.myunit - INFO - ************************starting run test cases************************
2019-09-16 11:51:37,134 - framework.base_page - ERROR - 查找元素超时:# user-toggle > div.header-right-user-avatar > i.icon-zcy.icon-touxiang1
Traceback (most recent call last):
  File "C:\Users\admin\PycharmProjects\Zcy_Vaccine\framework\base_page.py", line 106, in find_element
    EC.visibility_of(self.driver.find_element_by_css_selector(value)))
  File "C:\Users\admin\PycharmProjects\UITest\venv\lib\site-packages\selenium\webdriver\remote\webdriver.py", line 598, in find_element_by_css_selector
    return self.find_element(by=By.CSS_SELECTOR, value=css_selector)
  File "C:\Users\admin\PycharmProjects\UITest\venv\lib\site-packages\selenium\webdriver\remote\webdriver.py", line 978, in find_element
    'value': value})['value']
  File "C:\Users\admin\PycharmProjects\UITest\venv\lib\site-packages\selenium\webdriver\remote\webdriver.py", line 321, in execute
    self.error_handler.check_response(response)
  File "C:\Users\admin\PycharmProjects\UITest\venv\lib\site-packages\selenium\webdriver\remote\errorhandler.py", line 242, in check_response
    raise exception_class(message, screen, stacktrace)
selenium.common.exceptions.InvalidSelectorException: Message: invalid selector: An invalid or illegal selector was specified
  (Session info: chrome=77.0.3865.75)

2019-09-16 11:51:37,568 - framework.base_page - INFO - 截图 [logout_0116_fail.png] 成功保存在 [C:\Users\admin\PycharmProjects\Zcy_Vaccine\reports\screenshots\fail]
2019-09-16 11:51:37,568 - test_33311_logout - INFO - 运行失败：退出失败
2019-09-16 11:51:37,672 - framework.myunit - INFO - ************************test case run completed************************
2019-09-16 11:51:40,893 - framework.myunit - INFO - quit the browser success!
2019-09-16 11:51:40,916 - framework.send_email - INFO - 添加附件
2019-09-16 11:51:41,258 - framework.send_email - INFO - 连接成功
2019-09-16 11:51:42,527 - framework.send_email - INFO - 2019-09-16-11_51_42----发送邮件成功
