2019-08-28 17:30:32,447 - framework.testreport - INFO - successed to generate test report [C:\Users\admin\PycharmProjects\Vaccine\reports\testReport\report2019-08-28 17_30_32.html]
2019-08-28 17:30:35,590 - framework.driver - INFO - found the chrome driver [<selenium.webdriver.chrome.webdriver.WebDriver (session="a6a7e6e44d31daa53f531d43caff8048")>] successed !
2019-08-28 17:30:36,785 - framework.myunit - INFO - opened the browser successed!
2019-08-28 17:30:39,338 - pageobjects.login_page - INFO - https://login-staging.zcygov.cn/login 打开登录地址成功
2019-08-28 17:30:39,443 - framework.base_page - INFO - 清除文本框内容成功username
2019-08-28 17:30:39,655 - framework.base_page - INFO - 输入的内容：13777466979
2019-08-28 17:30:39,747 - framework.base_page - INFO - 清除文本框内容成功password
2019-08-28 17:30:39,916 - framework.base_page - INFO - 输入的内容：test123456
2019-08-28 17:30:46,032 - framework.base_page - INFO - 点击元素成功//button[@class='ant-btn login-btn password-login ant-btn-primary']
2019-08-28 17:30:46,032 - framework.myunit - INFO - ************************starting run test cases************************
2019-08-28 17:30:47,667 - framework.base_page - INFO - https://cart-staging.zcygov.cn/ 地址正常打开
2019-08-28 17:30:55,770 - framework.base_page - ERROR - 查找元素超时:float-bar-action-del
Traceback (most recent call last):
  File "C:\Users\admin\PycharmProjects\Vaccine\framework\base_page.py", line 94, in find_element
    EC.visibility_of(self.driver.find_element_by_class_name(value)))
  File "C:\Users\admin\PycharmProjects\UITest\venv\lib\site-packages\selenium\webdriver\remote\webdriver.py", line 564, in find_element_by_class_name
    return self.find_element(by=By.CLASS_NAME, value=name)
  File "C:\Users\admin\PycharmProjects\UITest\venv\lib\site-packages\selenium\webdriver\remote\webdriver.py", line 978, in find_element
    'value': value})['value']
  File "C:\Users\admin\PycharmProjects\UITest\venv\lib\site-packages\selenium\webdriver\remote\webdriver.py", line 321, in execute
    self.error_handler.check_response(response)
  File "C:\Users\admin\PycharmProjects\UITest\venv\lib\site-packages\selenium\webdriver\remote\errorhandler.py", line 242, in check_response
    raise exception_class(message, screen, stacktrace)
selenium.common.exceptions.NoSuchElementException: Message: no such element: Unable to locate element: {"method":"class name","selector":"float-bar-action-del"}
  (Session info: chrome=73.0.3683.103)
  (Driver info: chromedriver=2.40.565498 (ea082db3280dd6843ebfb08a625e3eb905c4f5ab),platform=Windows NT 10.0.17134 x86_64)

2019-08-28 17:30:55,771 - pageobjects.order_page - INFO - 删除商品失败
2019-08-28 17:30:56,169 - framework.base_page - INFO - 截图 [test_33324_fail.png] 成功保存在 [C:\Users\admin\PycharmProjects\Vaccine\reports\screenshots\fail]
2019-08-28 17:30:56,188 - framework.myunit - INFO - ************************test case run completed************************
2019-08-28 17:30:57,250 - pageobjects.login_page - INFO - https://login-staging.zcygov.cn/login 打开登录地址成功
2019-08-28 17:30:57,327 - framework.base_page - INFO - 清除文本框内容成功username
2019-08-28 17:30:57,476 - framework.base_page - INFO - 输入的内容：13777466979
2019-08-28 17:30:57,549 - framework.base_page - INFO - 清除文本框内容成功password
2019-08-28 17:30:57,689 - framework.base_page - INFO - 输入的内容：test123456
2019-08-28 17:30:58,878 - framework.base_page - INFO - 点击元素成功//button[@class='ant-btn login-btn password-login ant-btn-primary']
2019-08-28 17:30:58,878 - framework.myunit - INFO - ************************starting run test cases************************
2019-08-28 17:30:59,103 - framework.base_page - INFO - https://cart-staging.zcygov.cn/ 地址正常打开
2019-08-28 17:31:04,301 - framework.base_page - INFO - 点击元素成功float-bar-action-del
2019-08-28 17:31:07,314 - framework.base_page - ERROR - 查找元素超时://input[@class="ant-btn-primary"][2]
Traceback (most recent call last):
  File "C:\Users\admin\PycharmProjects\Vaccine\framework\base_page.py", line 109, in find_element
    EC.visibility_of(self.driver.find_element_by_xpath(value)))
  File "C:\Users\admin\PycharmProjects\UITest\venv\lib\site-packages\selenium\webdriver\remote\webdriver.py", line 394, in find_element_by_xpath
    return self.find_element(by=By.XPATH, value=xpath)
  File "C:\Users\admin\PycharmProjects\UITest\venv\lib\site-packages\selenium\webdriver\remote\webdriver.py", line 978, in find_element
    'value': value})['value']
  File "C:\Users\admin\PycharmProjects\UITest\venv\lib\site-packages\selenium\webdriver\remote\webdriver.py", line 321, in execute
    self.error_handler.check_response(response)
  File "C:\Users\admin\PycharmProjects\UITest\venv\lib\site-packages\selenium\webdriver\remote\errorhandler.py", line 242, in check_response
    raise exception_class(message, screen, stacktrace)
selenium.common.exceptions.NoSuchElementException: Message: no such element: Unable to locate element: {"method":"xpath","selector":"//input[@class="ant-btn-primary"][2]"}
  (Session info: chrome=73.0.3683.103)
  (Driver info: chromedriver=2.40.565498 (ea082db3280dd6843ebfb08a625e3eb905c4f5ab),platform=Windows NT 10.0.17134 x86_64)

2019-08-28 17:31:07,315 - pageobjects.order_page - INFO - 删除商品失败
2019-08-28 17:31:07,591 - framework.base_page - INFO - 截图 [test_33324_fail.png] 成功保存在 [C:\Users\admin\PycharmProjects\Vaccine\reports\screenshots\fail]
2019-08-28 17:31:07,611 - framework.myunit - INFO - ************************test case run completed************************
2019-08-28 17:31:10,556 - framework.myunit - INFO - quit the browser success!
