2019-09-16 16:04:48,921 - framework.testreport - INFO - successed to generate test report [C:\Users\admin\PycharmProjects\Zcy_Vaccine\reports\testReport\report2019-09-16 16_04_48.html]
2019-09-16 16:04:51,471 - framework.driver - INFO - found the chrome driver [<selenium.webdriver.chrome.webdriver.WebDriver (session="6753c179456ae57dde65f954a34be051")>] successed !
2019-09-16 16:04:51,472 - framework.myunit - INFO - opened the browser successed!
2019-09-16 16:04:53,618 - pageobjects.login_page - INFO - https://login-staging.zcygov.cn/login 打开登录地址成功
2019-09-16 16:04:53,700 - framework.base_page - INFO - 清除文本框内容成功username
2019-09-16 16:04:53,828 - framework.base_page - INFO - 输入的内容：13777466979
2019-09-16 16:04:53,890 - framework.base_page - INFO - 清除文本框内容成功password
2019-09-16 16:04:53,987 - framework.base_page - INFO - 输入的内容：test123456
2019-09-16 16:04:58,339 - framework.base_page - INFO - 点击元素成功//button[@class='ant-btn login-btn password-login ant-btn-primary']
2019-09-16 16:04:58,339 - framework.myunit - INFO - ************************starting run test cases************************
2019-09-16 16:04:59,230 - framework.base_page - INFO - https://cart-staging.zcygov.cn/ 地址正常打开
2019-09-16 16:05:02,457 - framework.base_page - INFO - 点击元素成功//div[@class="float-bar-action-del"]/a[text()="删除"]
2019-09-16 16:05:08,469 - pageobjects.order_page - INFO - 删除商品失败
2019-09-16 16:05:09,390 - framework.base_page - INFO - https://vaccine-staging.zcygov.cn/items/175600205?searchType=1&type=vaccine&utm=a0004.2ef5001f.0.0.33d8ffd0ca0411e9af8ed36431cbf75c 地址正常打开
2019-09-16 16:05:12,056 - framework.base_page - INFO - 点击元素成功//*[contains(text(),"加入购物车")]
2019-09-16 16:05:14,967 - framework.base_page - INFO - 点击元素成功//*[contains(text(),"查看购物车")]
2019-09-16 16:05:39,172 - framework.base_page - ERROR - 查找元素超时:添加发票
Traceback (most recent call last):
  File "C:\Users\admin\PycharmProjects\Zcy_Vaccine\framework\base_page.py", line 100, in find_element
    EC.visibility_of(self.driver.find_element_by_link_text(value)))
  File "C:\Users\admin\PycharmProjects\UITest\venv\lib\site-packages\selenium\webdriver\remote\webdriver.py", line 428, in find_element_by_link_text
    return self.find_element(by=By.LINK_TEXT, value=link_text)
  File "C:\Users\admin\PycharmProjects\UITest\venv\lib\site-packages\selenium\webdriver\remote\webdriver.py", line 978, in find_element
    'value': value})['value']
  File "C:\Users\admin\PycharmProjects\UITest\venv\lib\site-packages\selenium\webdriver\remote\webdriver.py", line 321, in execute
    self.error_handler.check_response(response)
  File "C:\Users\admin\PycharmProjects\UITest\venv\lib\site-packages\selenium\webdriver\remote\errorhandler.py", line 242, in check_response
    raise exception_class(message, screen, stacktrace)
selenium.common.exceptions.NoSuchElementException: Message: no such element: Unable to locate element: {"method":"link text","selector":"添加发票"}
  (Session info: chrome=77.0.3865.75)

2019-09-16 16:05:39,199 - framework.myunit - INFO - ************************test case run completed************************
2019-09-16 16:05:42,033 - framework.myunit - INFO - quit the browser success!
