2019-08-30 17:26:03,229 - framework.testreport - INFO - successed to generate test report [C:\Users\admin\PycharmProjects\Zcy_Vaccine\reports\testReport\report2019-08-30 17_26_03.html]
2019-08-30 17:26:05,957 - framework.driver - INFO - found the chrome driver [<selenium.webdriver.chrome.webdriver.WebDriver (session="1c19e30b59c8d21a8a8251b58805928d")>] successed !
2019-08-30 17:26:07,091 - framework.myunit - INFO - opened the browser successed!
2019-08-30 17:26:09,714 - pageobjects.login_page - INFO - https://login-staging.zcygov.cn/login 打开登录地址成功
2019-08-30 17:26:09,803 - framework.base_page - INFO - 清除文本框内容成功username
2019-08-30 17:26:09,969 - framework.base_page - INFO - 输入的内容：13777466979
2019-08-30 17:26:10,045 - framework.base_page - INFO - 清除文本框内容成功password
2019-08-30 17:26:10,153 - framework.base_page - INFO - 输入的内容：test123456
2019-08-30 17:26:14,679 - framework.base_page - INFO - 点击元素成功//button[@class='ant-btn login-btn password-login ant-btn-primary']
2019-08-30 17:26:14,679 - framework.myunit - INFO - ************************starting run test cases************************
2019-08-30 17:26:22,088 - framework.base_page - INFO - https://staging.zcygov.cn/buyer/vaccine-orders 地址正常打开
2019-08-30 17:26:22,212 - framework.base_page - INFO - 点击元素成功div.order-form-list-body > table > tbody > tr:nth-child(1) > td:nth-child(8)> a:nth-child(1)
2019-08-30 17:26:22,287 - framework.base_page - INFO - 清除文本框内容成功js-cancel-reason
2019-08-30 17:26:22,363 - framework.base_page - INFO - 输入的内容：测试环境取消订单
2019-08-30 17:26:22,453 - framework.base_page - INFO - 点击元素成功//button[text()="确定"]
2019-08-30 17:26:22,495 - framework.base_page - INFO - 获取元素内容: 待供应商接单
2019-08-30 17:26:22,519 - framework.myunit - INFO - ************************test case run completed************************
2019-08-30 17:26:24,865 - pageobjects.login_page - INFO - https://login-staging.zcygov.cn/login 打开登录地址成功
2019-08-30 17:26:24,927 - framework.base_page - INFO - 清除文本框内容成功username
2019-08-30 17:26:25,050 - framework.base_page - INFO - 输入的内容：13777466979
2019-08-30 17:26:25,110 - framework.base_page - INFO - 清除文本框内容成功password
2019-08-30 17:26:25,222 - framework.base_page - INFO - 输入的内容：test123456
2019-08-30 17:26:26,522 - framework.base_page - INFO - 点击元素成功//button[@class='ant-btn login-btn password-login ant-btn-primary']
2019-08-30 17:26:26,522 - framework.myunit - INFO - ************************starting run test cases************************
2019-08-30 17:26:28,264 - framework.base_page - INFO - https://staging.zcygov.cn/buyer/vaccine-orders 地址正常打开
2019-08-30 17:26:31,395 - framework.base_page - INFO - 点击元素成功div.order-form-list-body > table > tbody > tr:nth-child(1) > td:nth-child(8)> a:nth-child(1)
2019-08-30 17:26:34,422 - framework.base_page - ERROR - 查找元素超时:js-cancel-reason
Traceback (most recent call last):
  File "C:\Users\admin\PycharmProjects\Zcy_Vaccine\framework\base_page.py", line 88, in find_element
    EC.visibility_of(self.driver.find_element_by_id(value)))
  File "C:\Users\admin\PycharmProjects\UITest\venv\lib\site-packages\selenium\webdriver\remote\webdriver.py", line 360, in find_element_by_id
    return self.find_element(by=By.ID, value=id_)
  File "C:\Users\admin\PycharmProjects\UITest\venv\lib\site-packages\selenium\webdriver\remote\webdriver.py", line 978, in find_element
    'value': value})['value']
  File "C:\Users\admin\PycharmProjects\UITest\venv\lib\site-packages\selenium\webdriver\remote\webdriver.py", line 321, in execute
    self.error_handler.check_response(response)
  File "C:\Users\admin\PycharmProjects\UITest\venv\lib\site-packages\selenium\webdriver\remote\errorhandler.py", line 242, in check_response
    raise exception_class(message, screen, stacktrace)
selenium.common.exceptions.NoSuchElementException: Message: no such element: Unable to locate element: {"method":"id","selector":"js-cancel-reason"}
  (Session info: chrome=73.0.3683.103)
  (Driver info: chromedriver=2.40.565498 (ea082db3280dd6843ebfb08a625e3eb905c4f5ab),platform=Windows NT 10.0.17134 x86_64)

2019-08-30 17:26:34,437 - framework.myunit - INFO - ************************test case run completed************************
2019-08-30 17:26:38,766 - framework.myunit - INFO - quit the browser success!
