2019-08-28 21:37:40,336 - framework.testreport - INFO - successed to generate test report [C:\Users\admin\PycharmProjects\Vaccine\reports\testReport\report2019-08-28 21_37_40.html]
2019-08-28 21:37:43,533 - framework.driver - INFO - found the chrome driver [<selenium.webdriver.chrome.webdriver.WebDriver (session="3d6ac18c430b30a4c81bcb485c3248f2")>] successed !
2019-08-28 21:37:44,670 - framework.myunit - INFO - opened the browser successed!
2019-08-28 21:37:45,909 - pageobjects.login_page - INFO - https://login-staging.zcygov.cn/login 打开登录地址成功
2019-08-28 21:37:46,245 - framework.base_page - INFO - 清除文本框内容成功username
2019-08-28 21:37:46,401 - framework.base_page - INFO - 输入的内容：13777466979
2019-08-28 21:37:46,487 - framework.base_page - INFO - 清除文本框内容成功password
2019-08-28 21:37:46,617 - framework.base_page - INFO - 输入的内容：test123456
2019-08-28 21:37:51,719 - framework.base_page - INFO - 点击元素成功//button[@class='ant-btn login-btn password-login ant-btn-primary']
2019-08-28 21:37:51,719 - framework.myunit - INFO - ************************starting run test cases************************
2019-08-28 21:38:13,291 - framework.base_page - INFO - https://cart-staging.zcygov.cn/ 地址正常打开
2019-08-28 21:38:19,391 - pageobjects.order_page - ERROR - 未查找到该元素
Traceback (most recent call last):
  File "C:\Users\admin\PycharmProjects\Vaccine\pageobjects\order_page.py", line 35, in clearcart
    self.driver.find_element_by_xpath('//input[@class="ant-checkbox-input"]').click()
  File "C:\Users\admin\PycharmProjects\UITest\venv\lib\site-packages\selenium\webdriver\remote\webdriver.py", line 394, in find_element_by_xpath
    return self.find_element(by=By.XPATH, value=xpath)
  File "C:\Users\admin\PycharmProjects\UITest\venv\lib\site-packages\selenium\webdriver\remote\webdriver.py", line 978, in find_element
    'value': value})['value']
  File "C:\Users\admin\PycharmProjects\UITest\venv\lib\site-packages\selenium\webdriver\remote\webdriver.py", line 321, in execute
    self.error_handler.check_response(response)
  File "C:\Users\admin\PycharmProjects\UITest\venv\lib\site-packages\selenium\webdriver\remote\errorhandler.py", line 242, in check_response
    raise exception_class(message, screen, stacktrace)
selenium.common.exceptions.NoSuchElementException: Message: no such element: Unable to locate element: {"method":"xpath","selector":"//input[@class="ant-checkbox-input"]"}
  (Session info: chrome=73.0.3683.103)
  (Driver info: chromedriver=2.40.565498 (ea082db3280dd6843ebfb08a625e3eb905c4f5ab),platform=Windows NT 10.0.17134 x86_64)

2019-08-28 21:38:19,758 - framework.base_page - INFO - 截图 [test_33324_pass.png] 成功保存在 [C:\Users\admin\PycharmProjects\Vaccine\reports\screenshots\pass]
2019-08-28 21:38:19,758 - test_33324 - INFO - 清空购物车成功
2019-08-28 21:38:40,823 - framework.myunit - INFO - ************************test case run completed************************
2019-08-28 21:38:43,091 - framework.myunit - INFO - quit the browser success!
