2019-09-03 15:38:23,681 - framework.testreport - INFO - successed to generate test report [C:\Users\admin\PycharmProjects\Zcy_Vaccine\reports\testReport\report2019-09-03 15_38_23.html]
2019-09-03 15:38:26,121 - framework.driver - INFO - found the chrome driver [<selenium.webdriver.chrome.webdriver.WebDriver (session="38c72101042c59b966404c3fc7d94fad")>] successed !
2019-09-03 15:38:27,248 - framework.myunit - INFO - opened the browser successed!
2019-09-03 15:38:29,229 - pageobjects.login_page - INFO - https://login-staging.zcygov.cn/login 打开登录地址成功
2019-09-03 15:38:29,296 - framework.base_page - INFO - 清除文本框内容成功username
2019-09-03 15:38:29,445 - framework.base_page - INFO - 输入的内容：13777466979
2019-09-03 15:38:29,503 - framework.base_page - INFO - 清除文本框内容成功password
2019-09-03 15:38:29,596 - framework.base_page - INFO - 输入的内容：test123456
2019-09-03 15:38:33,889 - framework.base_page - INFO - 点击元素成功//button[@class='ant-btn login-btn password-login ant-btn-primary']
2019-09-03 15:38:33,889 - framework.myunit - INFO - ************************starting run test cases************************
2019-09-03 15:38:40,748 - framework.base_page - INFO - https://staging.zcygov.cn/buyer/vaccine-orders 地址正常打开
2019-09-03 15:38:40,820 - framework.base_page - INFO - 点击元素成功header-right-user-avatar
2019-09-03 15:38:42,466 - framework.base_page - INFO - 点击元素成功logout
2019-09-03 15:38:47,522 - framework.base_page - INFO - 清除文本框内容成功username
2019-09-03 15:38:47,623 - framework.base_page - INFO - 输入的内容：SINOVAC
2019-09-03 15:38:47,686 - framework.base_page - INFO - 清除文本框内容成功password
2019-09-03 15:38:47,778 - framework.base_page - INFO - 输入的内容：test123456
2019-09-03 15:38:49,812 - framework.base_page - INFO - 点击元素成功//button[@class='ant-btn login-btn password-login ant-btn-primary']
2019-09-03 15:38:51,532 - framework.base_page - INFO - https://staging.zcygov.cn/seller/vaccine-orders 地址正常打开
2019-09-03 15:38:52,595 - framework.base_page - INFO - 点击元素成功div.order-form-list-body > table > tbody > tr:nth-child(1)  > td:nth-child(7) > a:nth-child(3)
2019-09-03 15:38:52,747 - framework.base_page - INFO - 点击元素成功selectric-js-all-select-warehouse
2019-09-03 15:38:52,846 - framework.base_page - INFO - 点击元素成功//li[contains(text(),"默认仓库")]
2019-09-03 15:38:52,909 - framework.base_page - INFO - 清除文本框内容成功js-shipmentNo
2019-09-03 15:38:53,022 - framework.base_page - INFO - 输入的内容：12222221
2019-09-03 15:38:53,137 - framework.base_page - INFO - 点击元素成功//*[@type="checkbox"]
2019-09-03 15:38:53,210 - framework.base_page - INFO - 点击元素成功//*[contains(text(),"添加批号")]
2019-09-03 15:38:53,684 - framework.base_page - INFO - 点击元素成功select2-selection__rendered
2019-09-03 15:38:53,699 - framework.base_page - ERROR - 查找元素超时:ul.select2-results__options > li：nth-child(2)
Traceback (most recent call last):
  File "C:\Users\admin\PycharmProjects\Zcy_Vaccine\framework\base_page.py", line 106, in find_element
    EC.visibility_of(self.driver.find_element_by_css_selector(value)))
  File "C:\Users\admin\PycharmProjects\UITest\venv\lib\site-packages\selenium\webdriver\remote\webdriver.py", line 598, in find_element_by_css_selector
    return self.find_element(by=By.CSS_SELECTOR, value=css_selector)
  File "C:\Users\admin\PycharmProjects\UITest\venv\lib\site-packages\selenium\webdriver\remote\webdriver.py", line 978, in find_element
    'value': value})['value']
  File "C:\Users\admin\PycharmProjects\UITest\venv\lib\site-packages\selenium\webdriver\remote\webdriver.py", line 321, in execute
    self.error_handler.check_response(response)
  File "C:\Users\admin\PycharmProjects\UITest\venv\lib\site-packages\selenium\webdriver\remote\errorhandler.py", line 242, in check_response
    raise exception_class(message, screen, stacktrace)
selenium.common.exceptions.InvalidSelectorException: Message: invalid selector: An invalid or illegal selector was specified
  (Session info: chrome=73.0.3683.103)
  (Driver info: chromedriver=2.40.565498 (ea082db3280dd6843ebfb08a625e3eb905c4f5ab),platform=Windows NT 10.0.17134 x86_64)

2019-09-03 15:38:53,714 - framework.myunit - INFO - ************************test case run completed************************
2019-09-03 15:38:55,625 - pageobjects.login_page - INFO - https://login-staging.zcygov.cn/login 打开登录地址成功
2019-09-03 15:38:55,680 - framework.base_page - INFO - 清除文本框内容成功username
2019-09-03 15:38:55,817 - framework.base_page - INFO - 输入的内容：13777466979
2019-09-03 15:38:55,900 - framework.base_page - INFO - 清除文本框内容成功password
2019-09-03 15:38:55,998 - framework.base_page - INFO - 输入的内容：test123456
2019-09-03 15:38:57,491 - framework.base_page - INFO - 点击元素成功//button[@class='ant-btn login-btn password-login ant-btn-primary']
2019-09-03 15:38:57,491 - framework.myunit - INFO - ************************starting run test cases************************
2019-09-03 15:38:58,999 - framework.base_page - INFO - https://staging.zcygov.cn/buyer/vaccine-orders 地址正常打开
2019-09-03 15:38:59,070 - framework.base_page - INFO - 点击元素成功header-right-user-avatar
2019-09-03 15:39:00,393 - framework.base_page - INFO - 点击元素成功logout
2019-09-03 15:39:05,465 - framework.base_page - INFO - 清除文本框内容成功username
2019-09-03 15:39:05,597 - framework.base_page - INFO - 输入的内容：SINOVAC
2019-09-03 15:39:05,655 - framework.base_page - INFO - 清除文本框内容成功password
2019-09-03 15:39:05,739 - framework.base_page - INFO - 输入的内容：test123456
2019-09-03 15:39:07,550 - framework.base_page - INFO - 点击元素成功//button[@class='ant-btn login-btn password-login ant-btn-primary']
2019-09-03 15:39:08,760 - framework.base_page - INFO - https://staging.zcygov.cn/seller/vaccine-orders 地址正常打开
2019-09-03 15:39:09,727 - framework.base_page - INFO - 点击元素成功div.order-form-list-body > table > tbody > tr:nth-child(1)  > td:nth-child(7) > a:nth-child(3)
2019-09-03 15:39:09,854 - framework.base_page - INFO - 点击元素成功selectric-js-all-select-warehouse
2019-09-03 15:39:09,938 - framework.base_page - INFO - 点击元素成功//li[contains(text(),"默认仓库")]
2019-09-03 15:39:10,001 - framework.base_page - INFO - 清除文本框内容成功js-shipmentNo
2019-09-03 15:39:10,114 - framework.base_page - INFO - 输入的内容：12222221
2019-09-03 15:39:10,271 - framework.base_page - INFO - 点击元素成功//*[@type="checkbox"]
2019-09-03 15:39:10,358 - framework.base_page - INFO - 点击元素成功//*[contains(text(),"添加批号")]
2019-09-03 15:39:10,611 - framework.base_page - INFO - 点击元素成功select2-selection__rendered
2019-09-03 15:39:10,621 - framework.base_page - ERROR - 查找元素超时:ul.select2-results__options > li：nth-child(2)
Traceback (most recent call last):
  File "C:\Users\admin\PycharmProjects\Zcy_Vaccine\framework\base_page.py", line 106, in find_element
    EC.visibility_of(self.driver.find_element_by_css_selector(value)))
  File "C:\Users\admin\PycharmProjects\UITest\venv\lib\site-packages\selenium\webdriver\remote\webdriver.py", line 598, in find_element_by_css_selector
    return self.find_element(by=By.CSS_SELECTOR, value=css_selector)
  File "C:\Users\admin\PycharmProjects\UITest\venv\lib\site-packages\selenium\webdriver\remote\webdriver.py", line 978, in find_element
    'value': value})['value']
  File "C:\Users\admin\PycharmProjects\UITest\venv\lib\site-packages\selenium\webdriver\remote\webdriver.py", line 321, in execute
    self.error_handler.check_response(response)
  File "C:\Users\admin\PycharmProjects\UITest\venv\lib\site-packages\selenium\webdriver\remote\errorhandler.py", line 242, in check_response
    raise exception_class(message, screen, stacktrace)
selenium.common.exceptions.InvalidSelectorException: Message: invalid selector: An invalid or illegal selector was specified
  (Session info: chrome=73.0.3683.103)
  (Driver info: chromedriver=2.40.565498 (ea082db3280dd6843ebfb08a625e3eb905c4f5ab),platform=Windows NT 10.0.17134 x86_64)

2019-09-03 15:39:10,635 - framework.myunit - INFO - ************************test case run completed************************
