2019-09-03 14:38:57,916 - framework.testreport - INFO - successed to generate test report [C:\Users\admin\PycharmProjects\Zcy_Vaccine\reports\testReport\report2019-09-03 14_38_57.html]
2019-09-03 14:39:00,454 - framework.driver - INFO - found the chrome driver [<selenium.webdriver.chrome.webdriver.WebDriver (session="7e44ec3ed4189aaf1a90f83a777f5f96")>] successed !
2019-09-03 14:39:01,578 - framework.myunit - INFO - opened the browser successed!
2019-09-03 14:39:03,522 - pageobjects.login_page - INFO - https://login-staging.zcygov.cn/login 打开登录地址成功
2019-09-03 14:39:03,585 - framework.base_page - INFO - 清除文本框内容成功username
2019-09-03 14:39:03,700 - framework.base_page - INFO - 输入的内容：13777466979
2019-09-03 14:39:03,766 - framework.base_page - INFO - 清除文本框内容成功password
2019-09-03 14:39:03,858 - framework.base_page - INFO - 输入的内容：test123456
2019-09-03 14:39:07,839 - framework.base_page - INFO - 点击元素成功//button[@class='ant-btn login-btn password-login ant-btn-primary']
2019-09-03 14:39:07,839 - framework.myunit - INFO - ************************starting run test cases************************
2019-09-03 14:39:15,269 - framework.base_page - INFO - https://staging.zcygov.cn/buyer/vaccine-orders 地址正常打开
2019-09-03 14:39:15,337 - framework.base_page - INFO - 点击元素成功header-right-user-avatar
2019-09-03 14:39:16,740 - framework.base_page - INFO - 点击元素成功logout
2019-09-03 14:39:21,803 - framework.base_page - INFO - 清除文本框内容成功username
2019-09-03 14:39:21,909 - framework.base_page - INFO - 输入的内容：SINOVAC
2019-09-03 14:39:21,969 - framework.base_page - INFO - 清除文本框内容成功password
2019-09-03 14:39:22,058 - framework.base_page - INFO - 输入的内容：test123456
2019-09-03 14:39:24,365 - framework.base_page - INFO - 点击元素成功//button[@class='ant-btn login-btn password-login ant-btn-primary']
2019-09-03 14:39:28,368 - framework.base_page - INFO - https://staging.zcygov.cn/seller/vaccine-orders 地址正常打开
2019-09-03 14:39:29,706 - framework.base_page - INFO - 点击元素成功div.order-form-list-body > table > tbody > tr:nth-child(1)  > td:nth-child(7) > a:nth-child(3)
2019-09-03 14:39:39,723 - framework.base_page - ERROR - 查找元素超时://button[text()="确认接单"]
Traceback (most recent call last):
  File "C:\Users\admin\PycharmProjects\Zcy_Vaccine\framework\base_page.py", line 109, in find_element
    EC.visibility_of(self.driver.find_element_by_xpath(value)))
  File "C:\Users\admin\PycharmProjects\UITest\venv\lib\site-packages\selenium\webdriver\remote\webdriver.py", line 394, in find_element_by_xpath
    return self.find_element(by=By.XPATH, value=xpath)
  File "C:\Users\admin\PycharmProjects\UITest\venv\lib\site-packages\selenium\webdriver\remote\webdriver.py", line 978, in find_element
    'value': value})['value']
  File "C:\Users\admin\PycharmProjects\UITest\venv\lib\site-packages\selenium\webdriver\remote\webdriver.py", line 321, in execute
    self.error_handler.check_response(response)
  File "C:\Users\admin\PycharmProjects\UITest\venv\lib\site-packages\selenium\webdriver\remote\errorhandler.py", line 242, in check_response
    raise exception_class(message, screen, stacktrace)
selenium.common.exceptions.NoSuchElementException: Message: no such element: Unable to locate element: {"method":"xpath","selector":"//button[text()="确认接单"]"}
  (Session info: chrome=73.0.3683.103)
  (Driver info: chromedriver=2.40.565498 (ea082db3280dd6843ebfb08a625e3eb905c4f5ab),platform=Windows NT 10.0.17134 x86_64)

2019-09-03 14:39:39,740 - framework.myunit - INFO - ************************test case run completed************************
