2019-08-29 10:23:44,324 - framework.testreport - INFO - successed to generate test report [C:\Users\admin\PycharmProjects\Zcy_Vaccine\reports\testReport\report2019-08-29 10_23_44.html]
2019-08-29 10:23:47,320 - framework.driver - INFO - found the chrome driver [<selenium.webdriver.chrome.webdriver.WebDriver (session="6279d9033652d0d352812ff18427e36e")>] successed !
2019-08-29 10:23:48,443 - framework.myunit - INFO - opened the browser successed!
2019-08-29 10:23:50,826 - pageobjects.login_page - INFO - https://login-staging.zcygov.cn/login 打开登录地址成功
2019-08-29 10:23:50,888 - framework.base_page - INFO - 清除文本框内容成功username
2019-08-29 10:23:50,994 - framework.base_page - INFO - 输入的内容：13777466979
2019-08-29 10:23:51,055 - framework.base_page - INFO - 清除文本框内容成功password
2019-08-29 10:23:51,148 - framework.base_page - INFO - 输入的内容：test123456
2019-08-29 10:23:56,201 - framework.base_page - INFO - 点击元素成功//button[@class='ant-btn login-btn password-login ant-btn-primary']
2019-08-29 10:23:56,201 - framework.myunit - INFO - ************************starting run test cases************************
2019-08-29 10:24:07,727 - framework.base_page - INFO - https://vaccine-staging.zcygov.cn/?fcid=4244&normal=2&type=vaccine&utm=a0004.2ef5001f.0.0.dfdc8130c96911e9b5f3bfaa4c9f39de 地址正常打开
2019-08-29 10:24:07,799 - framework.base_page - INFO - 清除文本框内容成功q
2019-08-29 10:24:07,864 - framework.base_page - INFO - 输入的内容：甲型肝炎灭活疫苗0508
2019-08-29 10:24:09,539 - framework.base_page - INFO - 点击元素成功search-button
2019-08-29 10:24:13,040 - framework.base_page - INFO - 截图 [test_33303_pass.png] 成功保存在 [C:\Users\admin\PycharmProjects\Zcy_Vaccine\reports\screenshots\pass]
2019-08-29 10:24:13,040 - test_33303 - INFO - 甲型肝炎灭活疫苗0508搜索成功
2019-08-29 10:24:13,053 - framework.myunit - INFO - ************************test case run completed************************
2019-08-29 10:24:15,291 - framework.myunit - INFO - quit the browser success!
2019-08-29 10:24:17,774 - framework.driver - INFO - found the chrome driver [<selenium.webdriver.chrome.webdriver.WebDriver (session="f8fd58144c5a6f86943f735c4359db21")>] successed !
2019-08-29 10:24:18,896 - framework.myunit - INFO - opened the browser successed!
2019-08-29 10:24:21,432 - pageobjects.login_page - INFO - https://login-staging.zcygov.cn/login 打开登录地址成功
2019-08-29 10:24:21,494 - framework.base_page - INFO - 清除文本框内容成功username
2019-08-29 10:24:21,595 - framework.base_page - INFO - 输入的内容：13777466979
2019-08-29 10:24:21,656 - framework.base_page - INFO - 清除文本框内容成功password
2019-08-29 10:24:21,743 - framework.base_page - INFO - 输入的内容：test123456
2019-08-29 10:24:25,801 - framework.base_page - INFO - 点击元素成功//button[@class='ant-btn login-btn password-login ant-btn-primary']
2019-08-29 10:24:25,801 - framework.myunit - INFO - ************************starting run test cases************************
2019-08-29 10:24:26,869 - framework.base_page - INFO - https://cart-staging.zcygov.cn/ 地址正常打开
2019-08-29 10:24:30,043 - framework.base_page - INFO - 点击元素成功float-bar-action-del
2019-08-29 10:24:30,135 - framework.base_page - INFO - 点击元素成功//button[@class="ant-btn ant-btn-primary ant-btn-sm ant-btn-two-chinese-chars"]
2019-08-29 10:24:30,135 - pageobjects.order_page - INFO - 删除商品成功
2019-08-29 10:24:33,251 - framework.base_page - INFO - https://vaccine-staging.zcygov.cn/items/175600205?searchType=1&type=vaccine&utm=a0004.2ef5001f.0.0.4b7da7b0c97a11e99bbdad298504c04b 地址正常打开
2019-08-29 10:24:33,295 - framework.base_page - ERROR - 查找元素超时://button[@class="po-button po-button--primary po-button--medium is-plain"）]
Traceback (most recent call last):
  File "C:\Users\admin\PycharmProjects\Zcy_Vaccine\framework\base_page.py", line 109, in find_element
    EC.visibility_of(self.driver.find_element_by_xpath(value)))
  File "C:\Users\admin\PycharmProjects\UITest\venv\lib\site-packages\selenium\webdriver\remote\webdriver.py", line 394, in find_element_by_xpath
    return self.find_element(by=By.XPATH, value=xpath)
  File "C:\Users\admin\PycharmProjects\UITest\venv\lib\site-packages\selenium\webdriver\remote\webdriver.py", line 978, in find_element
    'value': value})['value']
  File "C:\Users\admin\PycharmProjects\UITest\venv\lib\site-packages\selenium\webdriver\remote\webdriver.py", line 321, in execute
    self.error_handler.check_response(response)
  File "C:\Users\admin\PycharmProjects\UITest\venv\lib\site-packages\selenium\webdriver\remote\errorhandler.py", line 242, in check_response
    raise exception_class(message, screen, stacktrace)
selenium.common.exceptions.InvalidSelectorException: Message: invalid selector: Unable to locate an element with the xpath expression //button[@class="po-button po-button--primary po-button--medium is-plain"）] because of the following error:
SyntaxError: Failed to execute 'evaluate' on 'Document': The string '//button[@class="po-button po-button--primary po-button--medium is-plain"）]' is not a valid XPath expression.
  (Session info: chrome=73.0.3683.103)
  (Driver info: chromedriver=2.40.565498 (ea082db3280dd6843ebfb08a625e3eb905c4f5ab),platform=Windows NT 10.0.17134 x86_64)

2019-08-29 10:24:33,299 - pageobjects.order_page - ERROR - 未找到加入购物车按钮
Traceback (most recent call last):
  File "C:\Users\admin\PycharmProjects\Zcy_Vaccine\pageobjects\order_page.py", line 56, in addtocart
    self.click_addtocart()
  File "C:\Users\admin\PycharmProjects\Zcy_Vaccine\pageobjects\order_page.py", line 67, in click_addtocart
    BasePage(self.driver).scrolls(OrderData.addcart_selectors)
  File "C:\Users\admin\PycharmProjects\Zcy_Vaccine\framework\base_page.py", line 339, in scrolls
    self.find_element(selector)
  File "C:\Users\admin\PycharmProjects\Zcy_Vaccine\framework\base_page.py", line 116, in find_element
    raise e
  File "C:\Users\admin\PycharmProjects\Zcy_Vaccine\framework\base_page.py", line 109, in find_element
    EC.visibility_of(self.driver.find_element_by_xpath(value)))
  File "C:\Users\admin\PycharmProjects\UITest\venv\lib\site-packages\selenium\webdriver\remote\webdriver.py", line 394, in find_element_by_xpath
    return self.find_element(by=By.XPATH, value=xpath)
  File "C:\Users\admin\PycharmProjects\UITest\venv\lib\site-packages\selenium\webdriver\remote\webdriver.py", line 978, in find_element
    'value': value})['value']
  File "C:\Users\admin\PycharmProjects\UITest\venv\lib\site-packages\selenium\webdriver\remote\webdriver.py", line 321, in execute
    self.error_handler.check_response(response)
  File "C:\Users\admin\PycharmProjects\UITest\venv\lib\site-packages\selenium\webdriver\remote\errorhandler.py", line 242, in check_response
    raise exception_class(message, screen, stacktrace)
selenium.common.exceptions.InvalidSelectorException: Message: invalid selector: Unable to locate an element with the xpath expression //button[@class="po-button po-button--primary po-button--medium is-plain"）] because of the following error:
SyntaxError: Failed to execute 'evaluate' on 'Document': The string '//button[@class="po-button po-button--primary po-button--medium is-plain"）]' is not a valid XPath expression.
  (Session info: chrome=73.0.3683.103)
  (Driver info: chromedriver=2.40.565498 (ea082db3280dd6843ebfb08a625e3eb905c4f5ab),platform=Windows NT 10.0.17134 x86_64)

2019-08-29 10:24:33,592 - framework.base_page - INFO - 截图 [test_33304_fail.png] 成功保存在 [C:\Users\admin\PycharmProjects\Zcy_Vaccine\reports\screenshots\fail]
2019-08-29 10:24:33,606 - framework.myunit - INFO - ************************test case run completed************************
2019-08-29 10:24:34,543 - pageobjects.login_page - INFO - https://login-staging.zcygov.cn/login 打开登录地址成功
2019-08-29 10:24:34,600 - framework.base_page - INFO - 清除文本框内容成功username
2019-08-29 10:24:34,705 - framework.base_page - INFO - 输入的内容：13777466979
2019-08-29 10:24:34,757 - framework.base_page - INFO - 清除文本框内容成功password
2019-08-29 10:24:34,858 - framework.base_page - INFO - 输入的内容：test123456
2019-08-29 10:24:36,137 - framework.base_page - INFO - 点击元素成功//button[@class='ant-btn login-btn password-login ant-btn-primary']
2019-08-29 10:24:36,137 - framework.myunit - INFO - ************************starting run test cases************************
2019-08-29 10:24:36,523 - framework.base_page - INFO - https://cart-staging.zcygov.cn/ 地址正常打开
2019-08-29 10:24:39,671 - framework.base_page - INFO - 点击元素成功float-bar-action-del
2019-08-29 10:24:39,766 - framework.base_page - INFO - 点击元素成功//button[@class="ant-btn ant-btn-primary ant-btn-sm ant-btn-two-chinese-chars"]
2019-08-29 10:24:39,766 - pageobjects.order_page - INFO - 删除商品成功
2019-08-29 10:24:39,959 - framework.base_page - INFO - https://vaccine-staging.zcygov.cn/items/175600205?searchType=1&type=vaccine&utm=a0004.2ef5001f.0.0.4b7da7b0c97a11e99bbdad298504c04b 地址正常打开
2019-08-29 10:24:40,033 - framework.base_page - ERROR - 查找元素超时://button[@class="po-button po-button--primary po-button--medium is-plain"）]
Traceback (most recent call last):
  File "C:\Users\admin\PycharmProjects\Zcy_Vaccine\framework\base_page.py", line 109, in find_element
    EC.visibility_of(self.driver.find_element_by_xpath(value)))
  File "C:\Users\admin\PycharmProjects\UITest\venv\lib\site-packages\selenium\webdriver\remote\webdriver.py", line 394, in find_element_by_xpath
    return self.find_element(by=By.XPATH, value=xpath)
  File "C:\Users\admin\PycharmProjects\UITest\venv\lib\site-packages\selenium\webdriver\remote\webdriver.py", line 978, in find_element
    'value': value})['value']
  File "C:\Users\admin\PycharmProjects\UITest\venv\lib\site-packages\selenium\webdriver\remote\webdriver.py", line 321, in execute
    self.error_handler.check_response(response)
  File "C:\Users\admin\PycharmProjects\UITest\venv\lib\site-packages\selenium\webdriver\remote\errorhandler.py", line 242, in check_response
    raise exception_class(message, screen, stacktrace)
selenium.common.exceptions.InvalidSelectorException: Message: invalid selector: Unable to locate an element with the xpath expression //button[@class="po-button po-button--primary po-button--medium is-plain"）] because of the following error:
SyntaxError: Failed to execute 'evaluate' on 'Document': The string '//button[@class="po-button po-button--primary po-button--medium is-plain"）]' is not a valid XPath expression.
  (Session info: chrome=73.0.3683.103)
  (Driver info: chromedriver=2.40.565498 (ea082db3280dd6843ebfb08a625e3eb905c4f5ab),platform=Windows NT 10.0.17134 x86_64)

2019-08-29 10:24:40,034 - pageobjects.order_page - ERROR - 未找到加入购物车按钮
Traceback (most recent call last):
  File "C:\Users\admin\PycharmProjects\Zcy_Vaccine\pageobjects\order_page.py", line 56, in addtocart
    self.click_addtocart()
  File "C:\Users\admin\PycharmProjects\Zcy_Vaccine\pageobjects\order_page.py", line 67, in click_addtocart
    BasePage(self.driver).scrolls(OrderData.addcart_selectors)
  File "C:\Users\admin\PycharmProjects\Zcy_Vaccine\framework\base_page.py", line 339, in scrolls
    self.find_element(selector)
  File "C:\Users\admin\PycharmProjects\Zcy_Vaccine\framework\base_page.py", line 116, in find_element
    raise e
  File "C:\Users\admin\PycharmProjects\Zcy_Vaccine\framework\base_page.py", line 109, in find_element
    EC.visibility_of(self.driver.find_element_by_xpath(value)))
  File "C:\Users\admin\PycharmProjects\UITest\venv\lib\site-packages\selenium\webdriver\remote\webdriver.py", line 394, in find_element_by_xpath
    return self.find_element(by=By.XPATH, value=xpath)
  File "C:\Users\admin\PycharmProjects\UITest\venv\lib\site-packages\selenium\webdriver\remote\webdriver.py", line 978, in find_element
    'value': value})['value']
  File "C:\Users\admin\PycharmProjects\UITest\venv\lib\site-packages\selenium\webdriver\remote\webdriver.py", line 321, in execute
    self.error_handler.check_response(response)
  File "C:\Users\admin\PycharmProjects\UITest\venv\lib\site-packages\selenium\webdriver\remote\errorhandler.py", line 242, in check_response
    raise exception_class(message, screen, stacktrace)
selenium.common.exceptions.InvalidSelectorException: Message: invalid selector: Unable to locate an element with the xpath expression //button[@class="po-button po-button--primary po-button--medium is-plain"）] because of the following error:
SyntaxError: Failed to execute 'evaluate' on 'Document': The string '//button[@class="po-button po-button--primary po-button--medium is-plain"）]' is not a valid XPath expression.
  (Session info: chrome=73.0.3683.103)
  (Driver info: chromedriver=2.40.565498 (ea082db3280dd6843ebfb08a625e3eb905c4f5ab),platform=Windows NT 10.0.17134 x86_64)

2019-08-29 10:24:40,365 - framework.base_page - INFO - 截图 [test_33304_fail.png] 成功保存在 [C:\Users\admin\PycharmProjects\Zcy_Vaccine\reports\screenshots\fail]
2019-08-29 10:24:40,383 - framework.myunit - INFO - ************************test case run completed************************
2019-08-29 10:24:43,137 - framework.myunit - INFO - quit the browser success!
