2019-08-30 14:23:31,971 - framework.testreport - INFO - successed to generate test report [C:\Users\admin\PycharmProjects\Zcy_Vaccine\reports\testReport\report2019-08-30 14_23_31.html]
2019-08-30 14:23:34,388 - framework.driver - INFO - found the chrome driver [<selenium.webdriver.chrome.webdriver.WebDriver (session="85f6ee400b0588a6875be3cc70b20eba")>] successed !
2019-08-30 14:23:35,513 - framework.myunit - INFO - opened the browser successed!
2019-08-30 14:23:39,402 - pageobjects.login_page - INFO - https://login-staging.zcygov.cn/login 打开登录地址成功
2019-08-30 14:23:39,468 - framework.base_page - INFO - 清除文本框内容成功username
2019-08-30 14:23:39,585 - framework.base_page - INFO - 输入的内容：13777466979
2019-08-30 14:23:39,647 - framework.base_page - INFO - 清除文本框内容成功password
2019-08-30 14:23:39,746 - framework.base_page - INFO - 输入的内容：test123456
2019-08-30 14:23:44,842 - framework.base_page - INFO - 点击元素成功//button[@class='ant-btn login-btn password-login ant-btn-primary']
2019-08-30 14:23:44,843 - framework.myunit - INFO - ************************starting run test cases************************
2019-08-30 14:23:45,667 - framework.base_page - INFO - https://cart-staging.zcygov.cn/ 地址正常打开
2019-08-30 14:23:51,703 - pageobjects.order_page - ERROR - 未找到全选按钮
Traceback (most recent call last):
  File "C:\Users\admin\PycharmProjects\Zcy_Vaccine\pageobjects\order_page.py", line 35, in clearcart
    self.driver.find_element_by_xpath('//input[@class="ant-checkbox-input"]').click()
  File "C:\Users\admin\PycharmProjects\UITest\venv\lib\site-packages\selenium\webdriver\remote\webdriver.py", line 394, in find_element_by_xpath
    return self.find_element(by=By.XPATH, value=xpath)
  File "C:\Users\admin\PycharmProjects\UITest\venv\lib\site-packages\selenium\webdriver\remote\webdriver.py", line 978, in find_element
    'value': value})['value']
  File "C:\Users\admin\PycharmProjects\UITest\venv\lib\site-packages\selenium\webdriver\remote\webdriver.py", line 321, in execute
    self.error_handler.check_response(response)
  File "C:\Users\admin\PycharmProjects\UITest\venv\lib\site-packages\selenium\webdriver\remote\errorhandler.py", line 242, in check_response
    raise exception_class(message, screen, stacktrace)
selenium.common.exceptions.NoSuchElementException: Message: no such element: Unable to locate element: {"method":"xpath","selector":"//input[@class="ant-checkbox-input"]"}
  (Session info: chrome=73.0.3683.103)
  (Driver info: chromedriver=2.40.565498 (ea082db3280dd6843ebfb08a625e3eb905c4f5ab),platform=Windows NT 10.0.17134 x86_64)

2019-08-30 14:23:52,362 - framework.base_page - INFO - https://vaccine-staging.zcygov.cn/items/175600205?searchType=1&type=vaccine&utm=a0004.2ef5001f.0.0.33d8ffd0ca0411e9af8ed36431cbf75c 地址正常打开
2019-08-30 14:23:55,468 - framework.base_page - INFO - 点击元素成功//*[contains(text(),"加入购物车")]
2019-08-30 14:23:56,833 - framework.base_page - INFO - 点击元素成功//*[contains(text(),"查看购物车")]
2019-08-30 14:24:15,754 - framework.base_page - INFO - 点击元素成功select2-selection__placeholder
2019-08-30 14:24:15,831 - framework.base_page - INFO - 点击元素成功//li[text()="席胜军"]
2019-08-30 14:24:25,864 - framework.base_page - ERROR - 查找元素超时:submit-audit-edit
Traceback (most recent call last):
  File "C:\Users\admin\PycharmProjects\Zcy_Vaccine\framework\base_page.py", line 88, in find_element
    EC.visibility_of(self.driver.find_element_by_id(value)))
  File "C:\Users\admin\PycharmProjects\UITest\venv\lib\site-packages\selenium\webdriver\remote\webdriver.py", line 360, in find_element_by_id
    return self.find_element(by=By.ID, value=id_)
  File "C:\Users\admin\PycharmProjects\UITest\venv\lib\site-packages\selenium\webdriver\remote\webdriver.py", line 978, in find_element
    'value': value})['value']
  File "C:\Users\admin\PycharmProjects\UITest\venv\lib\site-packages\selenium\webdriver\remote\webdriver.py", line 321, in execute
    self.error_handler.check_response(response)
  File "C:\Users\admin\PycharmProjects\UITest\venv\lib\site-packages\selenium\webdriver\remote\errorhandler.py", line 242, in check_response
    raise exception_class(message, screen, stacktrace)
selenium.common.exceptions.NoSuchElementException: Message: no such element: Unable to locate element: {"method":"id","selector":"submit-audit-edit"}
  (Session info: chrome=73.0.3683.103)
  (Driver info: chromedriver=2.40.565498 (ea082db3280dd6843ebfb08a625e3eb905c4f5ab),platform=Windows NT 10.0.17134 x86_64)

2019-08-30 14:24:25,881 - framework.myunit - INFO - ************************test case run completed************************
2019-08-30 14:24:28,437 - pageobjects.login_page - INFO - https://login-staging.zcygov.cn/login 打开登录地址成功
2019-08-30 14:24:28,496 - framework.base_page - INFO - 清除文本框内容成功username
2019-08-30 14:24:28,610 - framework.base_page - INFO - 输入的内容：13777466979
2019-08-30 14:24:28,672 - framework.base_page - INFO - 清除文本框内容成功password
2019-08-30 14:24:28,765 - framework.base_page - INFO - 输入的内容：test123456
2019-08-30 14:24:30,256 - framework.base_page - INFO - 点击元素成功//button[@class='ant-btn login-btn password-login ant-btn-primary']
2019-08-30 14:24:30,256 - framework.myunit - INFO - ************************starting run test cases************************
2019-08-30 14:24:30,742 - framework.base_page - INFO - https://cart-staging.zcygov.cn/ 地址正常打开
