2019-08-30 17:30:49,316 - framework.testreport - INFO - successed to generate test report [C:\Users\admin\PycharmProjects\Zcy_Vaccine\reports\testReport\report2019-08-30 17_30_49.html]
2019-08-30 17:30:51,918 - framework.driver - INFO - found the chrome driver [<selenium.webdriver.chrome.webdriver.WebDriver (session="13ba0b788fbb442ea4a38f11c1e2aec8")>] successed !
2019-08-30 17:30:53,048 - framework.myunit - INFO - opened the browser successed!
2019-08-30 17:30:55,234 - pageobjects.login_page - INFO - https://login-staging.zcygov.cn/login 打开登录地址成功
2019-08-30 17:30:55,315 - framework.base_page - INFO - 清除文本框内容成功username
2019-08-30 17:30:55,518 - framework.base_page - INFO - 输入的内容：13777466979
2019-08-30 17:30:55,601 - framework.base_page - INFO - 清除文本框内容成功password
2019-08-30 17:30:55,738 - framework.base_page - INFO - 输入的内容：test123456
2019-08-30 17:31:00,215 - framework.base_page - INFO - 点击元素成功//button[@class='ant-btn login-btn password-login ant-btn-primary']
2019-08-30 17:31:00,215 - framework.myunit - INFO - ************************starting run test cases************************
2019-08-30 17:31:01,099 - framework.base_page - INFO - https://cart-staging.zcygov.cn/ 地址正常打开
2019-08-30 17:31:07,107 - pageobjects.order_page - ERROR - 未找到全选按钮
Traceback (most recent call last):
  File "C:\Users\admin\PycharmProjects\Zcy_Vaccine\pageobjects\order_page.py", line 35, in clearcart
    self.driver.find_element_by_xpath('//input[@class="ant-checkbox-input"]').click()
  File "C:\Users\admin\PycharmProjects\UITest\venv\lib\site-packages\selenium\webdriver\remote\webdriver.py", line 394, in find_element_by_xpath
    return self.find_element(by=By.XPATH, value=xpath)
  File "C:\Users\admin\PycharmProjects\UITest\venv\lib\site-packages\selenium\webdriver\remote\webdriver.py", line 978, in find_element
    'value': value})['value']
  File "C:\Users\admin\PycharmProjects\UITest\venv\lib\site-packages\selenium\webdriver\remote\webdriver.py", line 321, in execute
    self.error_handler.check_response(response)
  File "C:\Users\admin\PycharmProjects\UITest\venv\lib\site-packages\selenium\webdriver\remote\errorhandler.py", line 242, in check_response
    raise exception_class(message, screen, stacktrace)
selenium.common.exceptions.NoSuchElementException: Message: no such element: Unable to locate element: {"method":"xpath","selector":"//input[@class="ant-checkbox-input"]"}
  (Session info: chrome=73.0.3683.103)
  (Driver info: chromedriver=2.40.565498 (ea082db3280dd6843ebfb08a625e3eb905c4f5ab),platform=Windows NT 10.0.17134 x86_64)

2019-08-30 17:31:08,938 - framework.base_page - INFO - https://vaccine-staging.zcygov.cn/items/175600205?searchType=1&type=vaccine&utm=a0004.2ef5001f.0.0.33d8ffd0ca0411e9af8ed36431cbf75c 地址正常打开
2019-08-30 17:31:09,059 - framework.base_page - INFO - 点击元素成功//*[contains(text(),"加入购物车")]
2019-08-30 17:31:10,438 - framework.base_page - INFO - 点击元素成功//*[contains(text(),"查看购物车")]
2019-08-30 17:31:29,792 - framework.base_page - INFO - 点击元素成功select2-selection__placeholder
2019-08-30 17:31:29,879 - framework.base_page - INFO - 点击元素成功//li[text()="席胜军"]
2019-08-30 17:31:30,007 - framework.base_page - INFO - 点击元素成功//button[text()="提交"]
2019-08-30 17:31:30,566 - framework.base_page - INFO - 点击元素成功submit
2019-08-30 17:31:32,265 - framework.base_page - INFO - 点击元素成功//button[@class="btn btn-minor submit close"]
2019-08-30 17:31:33,731 - framework.base_page - INFO - 点击元素成功div.pur-list-body > table > tbody > tr:nth-child(1) > td:nth-child(7) > a:nth-child(1)
2019-08-30 17:31:33,859 - framework.base_page - INFO - 点击元素成功//button[text()="提交审核意见"]
2019-08-30 17:31:33,953 - framework.base_page - INFO - 点击元素成功submit
2019-08-30 17:31:35,447 - framework.base_page - INFO - 点击元素成功//button[@class="btn btn-minor submit close"]
2019-08-30 17:31:36,801 - framework.base_page - INFO - 点击元素成功div.pur-list-body > table > tbody > tr:nth-child(1) > td:nth-child(7) > a:nth-child(1)
2019-08-30 17:31:36,921 - framework.base_page - INFO - 点击元素成功//button[text()="提交审核意见"]
2019-08-30 17:31:37,018 - framework.base_page - INFO - 点击元素成功submit
2019-08-30 17:31:38,480 - framework.base_page - INFO - 点击元素成功//button[@class="btn btn-minor submit close"]
2019-08-30 17:31:40,185 - framework.base_page - INFO - 点击元素成功div.pur-list-body > table > tbody > tr:nth-child(1) > td:nth-child(7) > a:nth-child(1)
2019-08-30 17:31:40,328 - framework.base_page - INFO - 点击元素成功//button[text()="提交审核意见"]
2019-08-30 17:31:40,426 - framework.base_page - INFO - 点击元素成功submit
2019-08-30 17:31:41,922 - framework.base_page - INFO - 点击元素成功//button[@class="btn btn-minor submit close"]
2019-08-30 17:31:43,305 - framework.base_page - INFO - 点击元素成功div.pur-list-body > table > tbody > tr:nth-child(1) > td:nth-child(7) > a:nth-child(1)
2019-08-30 17:31:43,449 - framework.base_page - INFO - 点击元素成功//button[text()="确定订单"]
2019-08-30 17:31:46,865 - framework.base_page - INFO - 点击元素成功div.order-form-list-body > table > tbody > tr:nth-child(1) > td:nth-child(8)> a:nth-child(1)
2019-08-30 17:31:56,882 - framework.base_page - ERROR - 查找元素超时:js-cancel-reason
Traceback (most recent call last):
  File "C:\Users\admin\PycharmProjects\Zcy_Vaccine\framework\base_page.py", line 88, in find_element
    EC.visibility_of(self.driver.find_element_by_id(value)))
  File "C:\Users\admin\PycharmProjects\UITest\venv\lib\site-packages\selenium\webdriver\remote\webdriver.py", line 360, in find_element_by_id
    return self.find_element(by=By.ID, value=id_)
  File "C:\Users\admin\PycharmProjects\UITest\venv\lib\site-packages\selenium\webdriver\remote\webdriver.py", line 978, in find_element
    'value': value})['value']
  File "C:\Users\admin\PycharmProjects\UITest\venv\lib\site-packages\selenium\webdriver\remote\webdriver.py", line 321, in execute
    self.error_handler.check_response(response)
  File "C:\Users\admin\PycharmProjects\UITest\venv\lib\site-packages\selenium\webdriver\remote\errorhandler.py", line 242, in check_response
    raise exception_class(message, screen, stacktrace)
selenium.common.exceptions.NoSuchElementException: Message: no such element: Unable to locate element: {"method":"id","selector":"js-cancel-reason"}
  (Session info: chrome=73.0.3683.103)
  (Driver info: chromedriver=2.40.565498 (ea082db3280dd6843ebfb08a625e3eb905c4f5ab),platform=Windows NT 10.0.17134 x86_64)

2019-08-30 17:31:56,902 - framework.myunit - INFO - ************************test case run completed************************
2019-08-30 17:31:59,663 - pageobjects.login_page - INFO - https://login-staging.zcygov.cn/login 打开登录地址成功
2019-08-30 17:31:59,733 - framework.base_page - INFO - 清除文本框内容成功username
2019-08-30 17:31:59,879 - framework.base_page - INFO - 输入的内容：13777466979
2019-08-30 17:31:59,948 - framework.base_page - INFO - 清除文本框内容成功password
2019-08-30 17:32:00,049 - framework.base_page - INFO - 输入的内容：test123456
2019-08-30 17:32:01,594 - framework.base_page - INFO - 点击元素成功//button[@class='ant-btn login-btn password-login ant-btn-primary']
2019-08-30 17:32:01,594 - framework.myunit - INFO - ************************starting run test cases************************
2019-08-30 17:32:02,148 - framework.base_page - INFO - https://cart-staging.zcygov.cn/ 地址正常打开
2019-08-30 17:32:08,171 - pageobjects.order_page - ERROR - 未找到全选按钮
Traceback (most recent call last):
  File "C:\Users\admin\PycharmProjects\Zcy_Vaccine\pageobjects\order_page.py", line 35, in clearcart
    self.driver.find_element_by_xpath('//input[@class="ant-checkbox-input"]').click()
  File "C:\Users\admin\PycharmProjects\UITest\venv\lib\site-packages\selenium\webdriver\remote\webdriver.py", line 394, in find_element_by_xpath
    return self.find_element(by=By.XPATH, value=xpath)
  File "C:\Users\admin\PycharmProjects\UITest\venv\lib\site-packages\selenium\webdriver\remote\webdriver.py", line 978, in find_element
    'value': value})['value']
  File "C:\Users\admin\PycharmProjects\UITest\venv\lib\site-packages\selenium\webdriver\remote\webdriver.py", line 321, in execute
    self.error_handler.check_response(response)
  File "C:\Users\admin\PycharmProjects\UITest\venv\lib\site-packages\selenium\webdriver\remote\errorhandler.py", line 242, in check_response
    raise exception_class(message, screen, stacktrace)
selenium.common.exceptions.NoSuchElementException: Message: no such element: Unable to locate element: {"method":"xpath","selector":"//input[@class="ant-checkbox-input"]"}
  (Session info: chrome=73.0.3683.103)
  (Driver info: chromedriver=2.40.565498 (ea082db3280dd6843ebfb08a625e3eb905c4f5ab),platform=Windows NT 10.0.17134 x86_64)

2019-08-30 17:32:08,917 - framework.base_page - INFO - https://vaccine-staging.zcygov.cn/items/175600205?searchType=1&type=vaccine&utm=a0004.2ef5001f.0.0.33d8ffd0ca0411e9af8ed36431cbf75c 地址正常打开
2019-08-30 17:32:09,243 - framework.base_page - INFO - 点击元素成功//*[contains(text(),"加入购物车")]
2019-08-30 17:32:10,573 - framework.base_page - INFO - 点击元素成功//*[contains(text(),"查看购物车")]
2019-08-30 17:32:25,040 - framework.base_page - INFO - 点击元素成功select2-selection__placeholder
2019-08-30 17:32:25,126 - framework.base_page - INFO - 点击元素成功//li[text()="席胜军"]
2019-08-30 17:32:25,252 - framework.base_page - INFO - 点击元素成功//button[text()="提交"]
2019-08-30 17:32:25,709 - framework.base_page - INFO - 点击元素成功submit
2019-08-30 17:32:27,282 - framework.base_page - INFO - 点击元素成功//button[@class="btn btn-minor submit close"]
2019-08-30 17:32:28,614 - framework.base_page - INFO - 点击元素成功div.pur-list-body > table > tbody > tr:nth-child(1) > td:nth-child(7) > a:nth-child(1)
2019-08-30 17:32:28,797 - framework.base_page - INFO - 点击元素成功//button[text()="提交审核意见"]
2019-08-30 17:32:28,884 - framework.base_page - INFO - 点击元素成功submit
2019-08-30 17:32:30,460 - framework.base_page - INFO - 点击元素成功//button[@class="btn btn-minor submit close"]
2019-08-30 17:32:31,734 - framework.base_page - INFO - 点击元素成功div.pur-list-body > table > tbody > tr:nth-child(1) > td:nth-child(7) > a:nth-child(1)
2019-08-30 17:32:31,863 - framework.base_page - INFO - 点击元素成功//button[text()="提交审核意见"]
2019-08-30 17:32:31,962 - framework.base_page - INFO - 点击元素成功submit
2019-08-30 17:32:33,358 - framework.base_page - INFO - 点击元素成功//button[@class="btn btn-minor submit close"]
2019-08-30 17:32:34,697 - framework.base_page - INFO - 点击元素成功div.pur-list-body > table > tbody > tr:nth-child(1) > td:nth-child(7) > a:nth-child(1)
2019-08-30 17:32:34,840 - framework.base_page - INFO - 点击元素成功//button[text()="提交审核意见"]
2019-08-30 17:32:34,928 - framework.base_page - INFO - 点击元素成功submit
2019-08-30 17:32:36,644 - framework.base_page - INFO - 点击元素成功//button[@class="btn btn-minor submit close"]
2019-08-30 17:32:37,907 - framework.base_page - INFO - 点击元素成功div.pur-list-body > table > tbody > tr:nth-child(1) > td:nth-child(7) > a:nth-child(1)
2019-08-30 17:32:38,024 - framework.base_page - INFO - 点击元素成功//button[text()="确定订单"]
2019-08-30 17:32:39,793 - framework.base_page - INFO - 点击元素成功div.order-form-list-body > table > tbody > tr:nth-child(1) > td:nth-child(8)> a:nth-child(1)
2019-08-30 17:32:39,874 - framework.base_page - INFO - 清除文本框内容成功js-cancel-reason
2019-08-30 17:32:39,941 - framework.base_page - INFO - 输入的内容：测试环境取消订单
2019-08-30 17:32:40,047 - framework.base_page - INFO - 点击元素成功//button[text()="确定"]
2019-08-30 17:32:40,088 - framework.base_page - INFO - 获取元素内容: 待供应商接单
2019-08-30 17:32:40,105 - framework.myunit - INFO - ************************test case run completed************************
2019-08-30 17:32:44,444 - framework.myunit - INFO - quit the browser success!
