2019-09-16 14:00:04,895 - framework.testreport - INFO - successed to generate test report [C:\Users\admin\PycharmProjects\Zcy_Vaccine\reports\testReport\report2019-09-16 14_00_04.html]
2019-09-16 14:00:07,387 - framework.driver - INFO - found the chrome driver [<selenium.webdriver.chrome.webdriver.WebDriver (session="817cc3e742250a605b2df496800f6ea0")>] successed !
2019-09-16 14:00:07,387 - framework.myunit - INFO - opened the browser successed!
2019-09-16 14:00:11,200 - pageobjects.login_page - INFO - https://login-staging.zcygov.cn/login 打开登录地址成功
2019-09-16 14:00:11,277 - framework.base_page - INFO - 清除文本框内容成功username
2019-09-16 14:00:11,380 - framework.base_page - INFO - 输入的内容：13777466979
2019-09-16 14:00:11,452 - framework.base_page - INFO - 清除文本框内容成功password
2019-09-16 14:00:11,540 - framework.base_page - INFO - 输入的内容：test123456
2019-09-16 14:00:15,658 - framework.base_page - INFO - 点击元素成功//button[@class='ant-btn login-btn password-login ant-btn-primary']
2019-09-16 14:00:15,658 - framework.myunit - INFO - ************************starting run test cases************************
2019-09-16 14:00:16,524 - framework.base_page - INFO - https://cart-staging.zcygov.cn/ 地址正常打开
2019-09-16 14:00:22,545 - pageobjects.order_page - ERROR - 未找到全选按钮
Traceback (most recent call last):
  File "C:\Users\admin\PycharmProjects\Zcy_Vaccine\pageobjects\order_page.py", line 36, in clearcart
    self.driver.find_element_by_xpath('//input[@class="ant-checkbox-input"]').click()
  File "C:\Users\admin\PycharmProjects\UITest\venv\lib\site-packages\selenium\webdriver\remote\webdriver.py", line 394, in find_element_by_xpath
    return self.find_element(by=By.XPATH, value=xpath)
  File "C:\Users\admin\PycharmProjects\UITest\venv\lib\site-packages\selenium\webdriver\remote\webdriver.py", line 978, in find_element
    'value': value})['value']
  File "C:\Users\admin\PycharmProjects\UITest\venv\lib\site-packages\selenium\webdriver\remote\webdriver.py", line 321, in execute
    self.error_handler.check_response(response)
  File "C:\Users\admin\PycharmProjects\UITest\venv\lib\site-packages\selenium\webdriver\remote\errorhandler.py", line 242, in check_response
    raise exception_class(message, screen, stacktrace)
selenium.common.exceptions.NoSuchElementException: Message: no such element: Unable to locate element: {"method":"xpath","selector":"//input[@class="ant-checkbox-input"]"}
  (Session info: chrome=77.0.3865.75)

2019-09-16 14:00:23,579 - framework.base_page - INFO - https://vaccine-staging.zcygov.cn/items/175600205?searchType=1&type=vaccine&utm=a0004.2ef5001f.0.0.33d8ffd0ca0411e9af8ed36431cbf75c 地址正常打开
2019-09-16 14:00:24,147 - framework.base_page - INFO - 点击元素成功//*[contains(text(),"加入购物车")]
2019-09-16 14:00:26,446 - framework.base_page - INFO - 点击元素成功//*[contains(text(),"查看购物车")]
2019-09-16 14:00:44,203 - framework.base_page - INFO - 点击元素成功select2-selection__placeholder
2019-09-16 14:00:44,288 - framework.base_page - INFO - 点击元素成功//li[text()="席胜军"]
2019-09-16 14:00:44,414 - framework.base_page - INFO - 点击元素成功//button[text()="提交"]
2019-09-16 14:00:44,847 - framework.base_page - INFO - 点击元素成功submit
2019-09-16 14:00:46,458 - framework.base_page - INFO - 点击元素成功//button[@class="btn btn-minor submit close"]
2019-09-16 14:00:46,539 - framework.base_page - INFO - 点击元素成功shrink-png
2019-09-16 14:00:46,636 - framework.myunit - INFO - ************************test case run completed************************
2019-09-16 14:00:50,198 - framework.myunit - INFO - quit the browser success!
2019-09-16 14:00:50,219 - framework.send_email - INFO - 添加附件
2019-09-16 14:00:50,347 - framework.send_email - INFO - 连接成功
2019-09-16 14:00:51,165 - framework.send_email - INFO - 2019-09-16-14_00_51----发送邮件成功
