2019-09-03 11:33:17,291 - framework.testreport - INFO - successed to generate test report [C:\Users\admin\PycharmProjects\Zcy_Vaccine\reports\testReport\report2019-09-03 11_33_17.html]
2019-09-03 11:33:20,207 - framework.driver - INFO - found the chrome driver [<selenium.webdriver.chrome.webdriver.WebDriver (session="e4eeece72e9db48a8c67773712b3a4a8")>] successed !
2019-09-03 11:33:21,336 - framework.myunit - INFO - opened the browser successed!
2019-09-03 11:33:24,144 - pageobjects.login_page - INFO - https://login-staging.zcygov.cn/login 打开登录地址成功
2019-09-03 11:33:24,222 - framework.base_page - INFO - 清除文本框内容成功username
2019-09-03 11:33:24,342 - framework.base_page - INFO - 输入的内容：13777466979
2019-09-03 11:33:24,405 - framework.base_page - INFO - 清除文本框内容成功password
2019-09-03 11:33:24,503 - framework.base_page - INFO - 输入的内容：test123456
2019-09-03 11:33:28,948 - framework.base_page - INFO - 点击元素成功//button[@class='ant-btn login-btn password-login ant-btn-primary']
2019-09-03 11:33:28,949 - framework.myunit - INFO - ************************starting run test cases************************
2019-09-03 11:33:29,873 - framework.base_page - INFO - https://vaccine-staging.zcygov.cn/items/175600205?searchType=1&type=vaccine&utm=a0004.2ef5001f.0.0.33d8ffd0ca0411e9af8ed36431cbf75c 地址正常打开
2019-09-03 11:33:32,578 - framework.base_page - INFO - 点击元素成功//*[contains(text(),"立即下单")]
2019-09-03 11:33:42,703 - framework.base_page - ERROR - 查找元素超时:select2-selection__placeholder
Traceback (most recent call last):
  File "C:\Users\admin\PycharmProjects\Zcy_Vaccine\framework\base_page.py", line 94, in find_element
    EC.visibility_of(self.driver.find_element_by_class_name(value)))
  File "C:\Users\admin\PycharmProjects\UITest\venv\lib\site-packages\selenium\webdriver\remote\webdriver.py", line 564, in find_element_by_class_name
    return self.find_element(by=By.CLASS_NAME, value=name)
  File "C:\Users\admin\PycharmProjects\UITest\venv\lib\site-packages\selenium\webdriver\remote\webdriver.py", line 978, in find_element
    'value': value})['value']
  File "C:\Users\admin\PycharmProjects\UITest\venv\lib\site-packages\selenium\webdriver\remote\webdriver.py", line 321, in execute
    self.error_handler.check_response(response)
  File "C:\Users\admin\PycharmProjects\UITest\venv\lib\site-packages\selenium\webdriver\remote\errorhandler.py", line 242, in check_response
    raise exception_class(message, screen, stacktrace)
selenium.common.exceptions.NoSuchElementException: Message: no such element: Unable to locate element: {"method":"class name","selector":"select2-selection__placeholder"}
  (Session info: chrome=73.0.3683.103)
  (Driver info: chromedriver=2.40.565498 (ea082db3280dd6843ebfb08a625e3eb905c4f5ab),platform=Windows NT 10.0.17134 x86_64)

2019-09-03 11:33:42,717 - framework.myunit - INFO - ************************test case run completed************************
2019-09-03 11:33:43,933 - pageobjects.login_page - INFO - https://login-staging.zcygov.cn/login 打开登录地址成功
2019-09-03 11:33:43,998 - framework.base_page - INFO - 清除文本框内容成功username
2019-09-03 11:33:44,109 - framework.base_page - INFO - 输入的内容：13777466979
2019-09-03 11:33:44,175 - framework.base_page - INFO - 清除文本框内容成功password
2019-09-03 11:33:44,259 - framework.base_page - INFO - 输入的内容：test123456
2019-09-03 11:33:45,778 - framework.base_page - INFO - 点击元素成功//button[@class='ant-btn login-btn password-login ant-btn-primary']
2019-09-03 11:33:45,778 - framework.myunit - INFO - ************************starting run test cases************************
2019-09-03 11:33:46,253 - framework.base_page - INFO - https://vaccine-staging.zcygov.cn/items/175600205?searchType=1&type=vaccine&utm=a0004.2ef5001f.0.0.33d8ffd0ca0411e9af8ed36431cbf75c 地址正常打开
2019-09-03 11:33:48,358 - framework.base_page - INFO - 点击元素成功//*[contains(text(),"立即下单")]
2019-09-03 11:33:57,497 - framework.base_page - INFO - 点击元素成功select2-selection__placeholder
2019-09-03 11:33:57,573 - framework.base_page - INFO - 点击元素成功//li[text()="席胜军"]
2019-09-03 11:33:57,676 - framework.base_page - INFO - 点击元素成功//button[text()="提交"]
2019-09-03 11:33:58,018 - framework.base_page - INFO - 点击元素成功submit
2019-09-03 11:34:00,392 - framework.base_page - INFO - 点击元素成功//button[@class="btn btn-minor submit close"]
2019-09-03 11:34:01,793 - framework.base_page - INFO - 点击元素成功div.pur-list-body > table > tbody > tr:nth-child(1) > td:nth-child(7) > a:nth-child(1)
2019-09-03 11:34:01,930 - framework.base_page - INFO - 点击元素成功//button[text()="提交审核意见"]
2019-09-03 11:34:02,006 - framework.base_page - INFO - 点击元素成功submit
2019-09-03 11:34:03,191 - framework.base_page - INFO - 点击元素成功//button[@class="btn btn-minor submit close"]
2019-09-03 11:34:04,534 - framework.base_page - INFO - 点击元素成功div.pur-list-body > table > tbody > tr:nth-child(1) > td:nth-child(7) > a:nth-child(1)
2019-09-03 11:34:04,649 - framework.base_page - INFO - 点击元素成功//button[text()="提交审核意见"]
2019-09-03 11:34:04,725 - framework.base_page - INFO - 点击元素成功submit
2019-09-03 11:34:06,038 - framework.base_page - INFO - 点击元素成功//button[@class="btn btn-minor submit close"]
2019-09-03 11:34:07,444 - framework.base_page - INFO - 点击元素成功div.pur-list-body > table > tbody > tr:nth-child(1) > td:nth-child(7) > a:nth-child(1)
2019-09-03 11:34:07,555 - framework.base_page - INFO - 点击元素成功//button[text()="提交审核意见"]
2019-09-03 11:34:07,630 - framework.base_page - INFO - 点击元素成功submit
2019-09-03 11:34:08,898 - framework.base_page - INFO - 点击元素成功//button[@class="btn btn-minor submit close"]
2019-09-03 11:34:10,019 - framework.base_page - INFO - 点击元素成功div.pur-list-body > table > tbody > tr:nth-child(1) > td:nth-child(7) > a:nth-child(1)
2019-09-03 11:34:10,125 - framework.base_page - INFO - 点击元素成功//button[text()="确定订单"]
2019-09-03 11:34:12,900 - framework.base_page - INFO - 刷新页面
2019-09-03 11:34:23,772 - framework.base_page - ERROR - 查找元素超时:user-toggle
Traceback (most recent call last):
  File "C:\Users\admin\PycharmProjects\Zcy_Vaccine\framework\base_page.py", line 88, in find_element
    EC.visibility_of(self.driver.find_element_by_id(value)))
  File "C:\Users\admin\PycharmProjects\UITest\venv\lib\site-packages\selenium\webdriver\remote\webdriver.py", line 360, in find_element_by_id
    return self.find_element(by=By.ID, value=id_)
  File "C:\Users\admin\PycharmProjects\UITest\venv\lib\site-packages\selenium\webdriver\remote\webdriver.py", line 978, in find_element
    'value': value})['value']
  File "C:\Users\admin\PycharmProjects\UITest\venv\lib\site-packages\selenium\webdriver\remote\webdriver.py", line 321, in execute
    self.error_handler.check_response(response)
  File "C:\Users\admin\PycharmProjects\UITest\venv\lib\site-packages\selenium\webdriver\remote\errorhandler.py", line 242, in check_response
    raise exception_class(message, screen, stacktrace)
selenium.common.exceptions.NoSuchElementException: Message: no such element: Unable to locate element: {"method":"id","selector":"user-toggle"}
  (Session info: chrome=73.0.3683.103)
  (Driver info: chromedriver=2.40.565498 (ea082db3280dd6843ebfb08a625e3eb905c4f5ab),platform=Windows NT 10.0.17134 x86_64)

2019-09-03 11:34:23,786 - framework.myunit - INFO - ************************test case run completed************************
2019-09-03 11:34:27,437 - framework.myunit - INFO - quit the browser success!
