2019-09-16 15:23:22,868 - framework.testreport - INFO - successed to generate test report [C:\Users\admin\PycharmProjects\Zcy_Vaccine\reports\testReport\report2019-09-16 15_23_22.html]
2019-09-16 15:23:25,327 - framework.driver - INFO - found the chrome driver [<selenium.webdriver.chrome.webdriver.WebDriver (session="24c65441710e4ec0eb351289bb7622aa")>] successed !
2019-09-16 15:23:25,327 - framework.myunit - INFO - opened the browser successed!
2019-09-16 15:23:27,796 - pageobjects.login_page - INFO - https://login-staging.zcygov.cn/login 打开登录地址成功
2019-09-16 15:23:27,867 - framework.base_page - INFO - 清除文本框内容成功username
2019-09-16 15:23:28,033 - framework.base_page - INFO - 输入的内容：13777466979
2019-09-16 15:23:28,115 - framework.base_page - INFO - 清除文本框内容成功password
2019-09-16 15:23:28,229 - framework.base_page - INFO - 输入的内容：test123456
2019-09-16 15:23:32,499 - framework.base_page - INFO - 点击元素成功//button[@class='ant-btn login-btn password-login ant-btn-primary']
2019-09-16 15:23:32,499 - framework.myunit - INFO - ************************starting run test cases************************
2019-09-16 15:23:33,433 - framework.base_page - INFO - https://cart-staging.zcygov.cn/ 地址正常打开
2019-09-16 15:23:39,503 - pageobjects.order_page - ERROR - 未找到全选按钮
Traceback (most recent call last):
  File "C:\Users\admin\PycharmProjects\Zcy_Vaccine\pageobjects\order_page.py", line 36, in clearcart
    self.driver.find_element_by_xpath('//input[@class="ant-checkbox-input"]').click()
  File "C:\Users\admin\PycharmProjects\UITest\venv\lib\site-packages\selenium\webdriver\remote\webdriver.py", line 394, in find_element_by_xpath
    return self.find_element(by=By.XPATH, value=xpath)
  File "C:\Users\admin\PycharmProjects\UITest\venv\lib\site-packages\selenium\webdriver\remote\webdriver.py", line 978, in find_element
    'value': value})['value']
  File "C:\Users\admin\PycharmProjects\UITest\venv\lib\site-packages\selenium\webdriver\remote\webdriver.py", line 321, in execute
    self.error_handler.check_response(response)
  File "C:\Users\admin\PycharmProjects\UITest\venv\lib\site-packages\selenium\webdriver\remote\errorhandler.py", line 242, in check_response
    raise exception_class(message, screen, stacktrace)
selenium.common.exceptions.NoSuchElementException: Message: no such element: Unable to locate element: {"method":"xpath","selector":"//input[@class="ant-checkbox-input"]"}
  (Session info: chrome=77.0.3865.75)

2019-09-16 15:23:41,551 - framework.base_page - INFO - https://vaccine-staging.zcygov.cn/items/175600205?searchType=1&type=vaccine&utm=a0004.2ef5001f.0.0.33d8ffd0ca0411e9af8ed36431cbf75c 地址正常打开
2019-09-16 15:23:41,682 - framework.base_page - INFO - 点击元素成功//*[contains(text(),"加入购物车")]
2019-09-16 15:23:43,146 - framework.base_page - INFO - 点击元素成功//*[contains(text(),"查看购物车")]
2019-09-16 15:23:52,309 - framework.myunit - INFO - ************************test case run completed************************
2019-09-16 15:23:55,007 - framework.myunit - INFO - quit the browser success!
2019-09-16 15:23:55,012 - framework.send_email - INFO - 添加附件
2019-09-16 15:23:55,086 - framework.send_email - INFO - 连接成功
2019-09-16 15:23:55,983 - framework.send_email - INFO - 2019-09-16-15_23_55----发送邮件成功
