2019-08-30 17:57:15,690 - framework.testreport - INFO - successed to generate test report [C:\Users\admin\PycharmProjects\Zcy_Vaccine\reports\testReport\report2019-08-30 17_57_15.html]
2019-08-30 17:57:18,408 - framework.driver - INFO - found the chrome driver [<selenium.webdriver.chrome.webdriver.WebDriver (session="c12c24b89c29afe1847d1ab3a8ed1050")>] successed !
2019-08-30 17:57:19,538 - framework.myunit - INFO - opened the browser successed!
2019-08-30 17:57:22,481 - pageobjects.login_page - INFO - https://login-staging.zcygov.cn/login 打开登录地址成功
2019-08-30 17:57:22,554 - framework.base_page - INFO - 清除文本框内容成功username
2019-08-30 17:57:22,695 - framework.base_page - INFO - 输入的内容：13777466979
2019-08-30 17:57:22,773 - framework.base_page - INFO - 清除文本框内容成功password
2019-08-30 17:57:22,899 - framework.base_page - INFO - 输入的内容：test123456
2019-08-30 17:57:27,382 - framework.base_page - INFO - 点击元素成功//button[@class='ant-btn login-btn password-login ant-btn-primary']
2019-08-30 17:57:27,382 - framework.myunit - INFO - ************************starting run test cases************************
2019-08-30 17:57:29,298 - framework.base_page - INFO - https://cart-staging.zcygov.cn/ 地址正常打开
2019-08-30 17:57:35,351 - pageobjects.order_page - ERROR - 未找到全选按钮
Traceback (most recent call last):
  File "C:\Users\admin\PycharmProjects\Zcy_Vaccine\pageobjects\order_page.py", line 35, in clearcart
    self.driver.find_element_by_xpath('//input[@class="ant-checkbox-input"]').click()
  File "C:\Users\admin\PycharmProjects\UITest\venv\lib\site-packages\selenium\webdriver\remote\webdriver.py", line 394, in find_element_by_xpath
    return self.find_element(by=By.XPATH, value=xpath)
  File "C:\Users\admin\PycharmProjects\UITest\venv\lib\site-packages\selenium\webdriver\remote\webdriver.py", line 978, in find_element
    'value': value})['value']
  File "C:\Users\admin\PycharmProjects\UITest\venv\lib\site-packages\selenium\webdriver\remote\webdriver.py", line 321, in execute
    self.error_handler.check_response(response)
  File "C:\Users\admin\PycharmProjects\UITest\venv\lib\site-packages\selenium\webdriver\remote\errorhandler.py", line 242, in check_response
    raise exception_class(message, screen, stacktrace)
selenium.common.exceptions.NoSuchElementException: Message: no such element: Unable to locate element: {"method":"xpath","selector":"//input[@class="ant-checkbox-input"]"}
  (Session info: chrome=73.0.3683.103)
  (Driver info: chromedriver=2.40.565498 (ea082db3280dd6843ebfb08a625e3eb905c4f5ab),platform=Windows NT 10.0.17134 x86_64)

2019-08-30 17:57:37,132 - framework.base_page - INFO - https://vaccine-staging.zcygov.cn/items/175600205?searchType=1&type=vaccine&utm=a0004.2ef5001f.0.0.33d8ffd0ca0411e9af8ed36431cbf75c 地址正常打开
2019-08-30 17:57:37,248 - framework.base_page - INFO - 点击元素成功//*[contains(text(),"加入购物车")]
2019-08-30 17:57:38,807 - framework.base_page - INFO - 点击元素成功//*[contains(text(),"查看购物车")]
2019-08-30 17:57:58,919 - framework.base_page - INFO - 点击元素成功select2-selection__placeholder
2019-08-30 17:57:59,003 - framework.base_page - INFO - 点击元素成功//li[text()="席胜军"]
2019-08-30 17:57:59,145 - framework.base_page - INFO - 点击元素成功//button[text()="提交"]
2019-08-30 17:57:59,678 - framework.base_page - INFO - 点击元素成功submit
2019-08-30 17:58:01,430 - framework.base_page - INFO - 点击元素成功//button[@class="btn btn-minor submit close"]
2019-08-30 17:58:03,221 - framework.base_page - INFO - 点击元素成功div.pur-list-body > table > tbody > tr:nth-child(1) > td:nth-child(7) > a:nth-child(1)
2019-08-30 17:58:03,346 - framework.base_page - INFO - 点击元素成功//button[text()="提交审核意见"]
2019-08-30 17:58:03,481 - framework.base_page - INFO - 点击元素成功submit
2019-08-30 17:58:04,865 - framework.base_page - INFO - 点击元素成功//button[@class="btn btn-minor submit close"]
2019-08-30 17:58:06,437 - framework.base_page - INFO - 点击元素成功div.pur-list-body > table > tbody > tr:nth-child(1) > td:nth-child(7) > a:nth-child(1)
2019-08-30 17:58:06,590 - framework.base_page - INFO - 点击元素成功//button[text()="提交审核意见"]
2019-08-30 17:58:06,697 - framework.base_page - INFO - 点击元素成功submit
2019-08-30 17:58:08,343 - framework.base_page - INFO - 点击元素成功//button[@class="btn btn-minor submit close"]
2019-08-30 17:58:10,156 - framework.base_page - INFO - 点击元素成功div.pur-list-body > table > tbody > tr:nth-child(1) > td:nth-child(7) > a:nth-child(1)
2019-08-30 17:58:10,285 - framework.base_page - INFO - 点击元素成功//button[text()="提交审核意见"]
2019-08-30 17:58:10,375 - framework.base_page - INFO - 点击元素成功submit
2019-08-30 17:58:12,335 - framework.base_page - INFO - 点击元素成功//button[@class="btn btn-minor submit close"]
2019-08-30 17:58:13,535 - framework.base_page - INFO - 点击元素成功div.pur-list-body > table > tbody > tr:nth-child(1) > td:nth-child(7) > a:nth-child(1)
2019-08-30 17:58:13,663 - framework.base_page - INFO - 点击元素成功//button[text()="确定订单"]
2019-08-30 17:58:13,679 - framework.base_page - INFO - 刷新页面
2019-08-30 17:58:25,168 - framework.base_page - ERROR - 查找元素超时:div.order-form-list-body > table > tbody > tr:nth-child(1) > td:nth-child(8)> a:nth-child(1)
Traceback (most recent call last):
  File "C:\Users\admin\PycharmProjects\Zcy_Vaccine\framework\base_page.py", line 106, in find_element
    EC.visibility_of(self.driver.find_element_by_css_selector(value)))
  File "C:\Users\admin\PycharmProjects\UITest\venv\lib\site-packages\selenium\webdriver\remote\webdriver.py", line 598, in find_element_by_css_selector
    return self.find_element(by=By.CSS_SELECTOR, value=css_selector)
  File "C:\Users\admin\PycharmProjects\UITest\venv\lib\site-packages\selenium\webdriver\remote\webdriver.py", line 978, in find_element
    'value': value})['value']
  File "C:\Users\admin\PycharmProjects\UITest\venv\lib\site-packages\selenium\webdriver\remote\webdriver.py", line 321, in execute
    self.error_handler.check_response(response)
  File "C:\Users\admin\PycharmProjects\UITest\venv\lib\site-packages\selenium\webdriver\remote\errorhandler.py", line 242, in check_response
    raise exception_class(message, screen, stacktrace)
selenium.common.exceptions.NoSuchElementException: Message: no such element: Unable to locate element: {"method":"css selector","selector":"div.order-form-list-body > table > tbody > tr:nth-child(1) > td:nth-child(8)> a:nth-child(1)"}
  (Session info: chrome=73.0.3683.103)
  (Driver info: chromedriver=2.40.565498 (ea082db3280dd6843ebfb08a625e3eb905c4f5ab),platform=Windows NT 10.0.17134 x86_64)

2019-08-30 17:58:25,187 - framework.myunit - INFO - ************************test case run completed************************
2019-08-30 17:58:28,000 - pageobjects.login_page - INFO - https://login-staging.zcygov.cn/login 打开登录地址成功
2019-08-30 17:58:28,065 - framework.base_page - INFO - 清除文本框内容成功username
2019-08-30 17:58:28,194 - framework.base_page - INFO - 输入的内容：13777466979
2019-08-30 17:58:28,259 - framework.base_page - INFO - 清除文本框内容成功password
2019-08-30 17:58:28,353 - framework.base_page - INFO - 输入的内容：test123456
2019-08-30 17:58:30,255 - framework.base_page - INFO - 点击元素成功//button[@class='ant-btn login-btn password-login ant-btn-primary']
2019-08-30 17:58:30,255 - framework.myunit - INFO - ************************starting run test cases************************
2019-08-30 17:58:30,886 - framework.base_page - INFO - https://cart-staging.zcygov.cn/ 地址正常打开
2019-08-30 17:58:36,933 - pageobjects.order_page - ERROR - 未找到全选按钮
Traceback (most recent call last):
  File "C:\Users\admin\PycharmProjects\Zcy_Vaccine\pageobjects\order_page.py", line 35, in clearcart
    self.driver.find_element_by_xpath('//input[@class="ant-checkbox-input"]').click()
  File "C:\Users\admin\PycharmProjects\UITest\venv\lib\site-packages\selenium\webdriver\remote\webdriver.py", line 394, in find_element_by_xpath
    return self.find_element(by=By.XPATH, value=xpath)
  File "C:\Users\admin\PycharmProjects\UITest\venv\lib\site-packages\selenium\webdriver\remote\webdriver.py", line 978, in find_element
    'value': value})['value']
  File "C:\Users\admin\PycharmProjects\UITest\venv\lib\site-packages\selenium\webdriver\remote\webdriver.py", line 321, in execute
    self.error_handler.check_response(response)
  File "C:\Users\admin\PycharmProjects\UITest\venv\lib\site-packages\selenium\webdriver\remote\errorhandler.py", line 242, in check_response
    raise exception_class(message, screen, stacktrace)
selenium.common.exceptions.NoSuchElementException: Message: no such element: Unable to locate element: {"method":"xpath","selector":"//input[@class="ant-checkbox-input"]"}
  (Session info: chrome=73.0.3683.103)
  (Driver info: chromedriver=2.40.565498 (ea082db3280dd6843ebfb08a625e3eb905c4f5ab),platform=Windows NT 10.0.17134 x86_64)

2019-08-30 17:58:37,353 - framework.base_page - INFO - https://vaccine-staging.zcygov.cn/items/175600205?searchType=1&type=vaccine&utm=a0004.2ef5001f.0.0.33d8ffd0ca0411e9af8ed36431cbf75c 地址正常打开
2019-08-30 17:58:38,616 - framework.base_page - INFO - 点击元素成功//*[contains(text(),"加入购物车")]
2019-08-30 17:58:48,813 - framework.base_page - ERROR - 查找元素超时://*[contains(text(),"查看购物车")]
Traceback (most recent call last):
  File "C:\Users\admin\PycharmProjects\Zcy_Vaccine\framework\base_page.py", line 109, in find_element
    EC.visibility_of(self.driver.find_element_by_xpath(value)))
  File "C:\Users\admin\PycharmProjects\UITest\venv\lib\site-packages\selenium\webdriver\support\wait.py", line 80, in until
    raise TimeoutException(message, screen, stacktrace)
selenium.common.exceptions.TimeoutException: Message: 

2019-08-30 17:58:48,837 - framework.myunit - INFO - ************************test case run completed************************
2019-08-30 17:58:51,758 - framework.myunit - INFO - quit the browser success!
