2019-09-16 15:47:14,215 - framework.testreport - INFO - successed to generate test report [C:\Users\admin\PycharmProjects\Zcy_Vaccine\reports\testReport\report2019-09-16 15_47_14.html]
2019-09-16 15:47:16,688 - framework.driver - INFO - found the chrome driver [<selenium.webdriver.chrome.webdriver.WebDriver (session="66d8dbca97b308a368f52956a5a74271")>] successed !
2019-09-16 15:47:16,688 - framework.myunit - INFO - opened the browser successed!
2019-09-16 15:47:18,704 - pageobjects.login_page - INFO - https://login-staging.zcygov.cn/login 打开登录地址成功
2019-09-16 15:47:18,781 - framework.base_page - INFO - 清除文本框内容成功username
2019-09-16 15:47:18,915 - framework.base_page - INFO - 输入的内容：13777466979
2019-09-16 15:47:18,977 - framework.base_page - INFO - 清除文本框内容成功password
2019-09-16 15:47:19,076 - framework.base_page - INFO - 输入的内容：test123456
2019-09-16 15:47:23,069 - framework.base_page - INFO - 点击元素成功//button[@class='ant-btn login-btn password-login ant-btn-primary']
2019-09-16 15:47:23,069 - framework.myunit - INFO - ************************starting run test cases************************
2019-09-16 15:47:23,959 - framework.base_page - INFO - https://cart-staging.zcygov.cn/ 地址正常打开
2019-09-16 15:47:30,001 - pageobjects.order_page - ERROR - 未找到全选按钮
Traceback (most recent call last):
  File "C:\Users\admin\PycharmProjects\Zcy_Vaccine\pageobjects\order_page.py", line 36, in clearcart
    self.driver.find_element_by_xpath('//input[@class="ant-checkbox-input"]').click()
  File "C:\Users\admin\PycharmProjects\UITest\venv\lib\site-packages\selenium\webdriver\remote\webdriver.py", line 394, in find_element_by_xpath
    return self.find_element(by=By.XPATH, value=xpath)
  File "C:\Users\admin\PycharmProjects\UITest\venv\lib\site-packages\selenium\webdriver\remote\webdriver.py", line 978, in find_element
    'value': value})['value']
  File "C:\Users\admin\PycharmProjects\UITest\venv\lib\site-packages\selenium\webdriver\remote\webdriver.py", line 321, in execute
    self.error_handler.check_response(response)
  File "C:\Users\admin\PycharmProjects\UITest\venv\lib\site-packages\selenium\webdriver\remote\errorhandler.py", line 242, in check_response
    raise exception_class(message, screen, stacktrace)
selenium.common.exceptions.NoSuchElementException: Message: no such element: Unable to locate element: {"method":"xpath","selector":"//input[@class="ant-checkbox-input"]"}
  (Session info: chrome=77.0.3865.75)

2019-09-16 15:47:30,930 - framework.base_page - INFO - https://vaccine-staging.zcygov.cn/items/175600205?searchType=1&type=vaccine&utm=a0004.2ef5001f.0.0.33d8ffd0ca0411e9af8ed36431cbf75c 地址正常打开
2019-09-16 15:47:31,654 - framework.base_page - INFO - 点击元素成功//*[contains(text(),"加入购物车")]
2019-09-16 15:47:41,913 - framework.base_page - ERROR - 查找元素超时://*[contains(text(),"查看购物车")]
Traceback (most recent call last):
  File "C:\Users\admin\PycharmProjects\Zcy_Vaccine\framework\base_page.py", line 109, in find_element
    EC.visibility_of(self.driver.find_element_by_xpath(value)))
  File "C:\Users\admin\PycharmProjects\UITest\venv\lib\site-packages\selenium\webdriver\support\wait.py", line 80, in until
    raise TimeoutException(message, screen, stacktrace)
selenium.common.exceptions.TimeoutException: Message: 

2019-09-16 15:47:41,955 - framework.myunit - INFO - ************************test case run completed************************
2019-09-16 15:47:44,874 - framework.myunit - INFO - quit the browser success!
2019-09-16 15:47:44,892 - framework.send_email - INFO - 添加附件
2019-09-16 15:47:44,971 - framework.send_email - INFO - 连接成功
2019-09-16 15:47:45,763 - framework.send_email - INFO - 2019-09-16-15_47_45----发送邮件成功
