2019-08-29 14:39:21,922 - framework.testreport - INFO - successed to generate test report [C:\Users\admin\PycharmProjects\Zcy_Vaccine\reports\testReport\report2019-08-29 14_39_21.html]
2019-08-29 14:39:24,478 - framework.driver - INFO - found the chrome driver [<selenium.webdriver.chrome.webdriver.WebDriver (session="8855a9dc0f2810230ec044cf0660ea8f")>] successed !
2019-08-29 14:39:25,603 - framework.myunit - INFO - opened the browser successed!
2019-08-29 14:39:28,396 - pageobjects.login_page - INFO - https://login-staging.zcygov.cn/login 打开登录地址成功
2019-08-29 14:39:28,460 - framework.base_page - INFO - 清除文本框内容成功username
2019-08-29 14:39:28,586 - framework.base_page - INFO - 输入的内容：13777466979
2019-08-29 14:39:28,646 - framework.base_page - INFO - 清除文本框内容成功password
2019-08-29 14:39:28,749 - framework.base_page - INFO - 输入的内容：test123456
2019-08-29 14:39:32,812 - framework.base_page - INFO - 点击元素成功//button[@class='ant-btn login-btn password-login ant-btn-primary']
2019-08-29 14:39:32,813 - framework.myunit - INFO - ************************starting run test cases************************
2019-08-29 14:39:35,017 - framework.base_page - INFO - https://cart-staging.zcygov.cn/ 地址正常打开
2019-08-29 14:39:38,205 - framework.base_page - INFO - 点击元素成功//div[@class="float-bar-action-del"]/a[text()="删除"]
2019-08-29 14:39:41,272 - pageobjects.order_page - INFO - 删除商品成功
2019-08-29 14:39:42,519 - framework.base_page - INFO - https://vaccine-staging.zcygov.cn/items/175600205?searchType=1&type=vaccine&utm=a0004.2ef5001f.0.0.33d8ffd0ca0411e9af8ed36431cbf75c 地址正常打开
2019-08-29 14:39:45,623 - framework.base_page - INFO - 点击元素成功//*[contains(text(),"加入购物车")]
2019-08-29 14:39:47,034 - framework.base_page - INFO - 点击元素成功//*[contains(text(),"查看购物车")]
2019-08-29 14:39:57,164 - pageobjects.order_page - ERROR - 商品详情页未找到生成竞价单按钮或点击未跳转
Traceback (most recent call last):
  File "C:\Users\admin\PycharmProjects\Zcy_Vaccine\pageobjects\order_page.py", line 79, in add_initateorder
    self.driver.find_element_by_xpath('//*[contains(text(),"生成预购单")]').click()
  File "C:\Users\admin\PycharmProjects\UITest\venv\lib\site-packages\selenium\webdriver\remote\webelement.py", line 80, in click
    self._execute(Command.CLICK_ELEMENT)
  File "C:\Users\admin\PycharmProjects\UITest\venv\lib\site-packages\selenium\webdriver\remote\webelement.py", line 633, in _execute
    return self._parent.execute(command, params)
  File "C:\Users\admin\PycharmProjects\UITest\venv\lib\site-packages\selenium\webdriver\remote\webdriver.py", line 321, in execute
    self.error_handler.check_response(response)
  File "C:\Users\admin\PycharmProjects\UITest\venv\lib\site-packages\selenium\webdriver\remote\errorhandler.py", line 242, in check_response
    raise exception_class(message, screen, stacktrace)
selenium.common.exceptions.WebDriverException: Message: unknown error: Element <span>...</span> is not clickable at point (1194, 490). Other element would receive the click: <button disabled="disabled" type="button" class="ant-btn ant-btn-primary ant-btn-lg">...</button>
  (Session info: chrome=73.0.3683.103)
  (Driver info: chromedriver=2.40.565498 (ea082db3280dd6843ebfb08a625e3eb905c4f5ab),platform=Windows NT 10.0.17134 x86_64)

2019-08-29 14:40:00,176 - framework.base_page - INFO - 获取当前url https://cart-staging.zcygov.cn/
2019-08-29 14:40:00,180 - test_33305 - INFO - https://cart-staging.zcygov.cn/
2019-08-29 14:40:00,423 - framework.base_page - INFO - 截图 [test_33305_fail.png] 成功保存在 [C:\Users\admin\PycharmProjects\Zcy_Vaccine\reports\screenshots\fail]
2019-08-29 14:40:00,436 - framework.myunit - INFO - ************************test case run completed************************
2019-08-29 14:40:01,474 - pageobjects.login_page - INFO - https://login-staging.zcygov.cn/login 打开登录地址成功
2019-08-29 14:40:01,538 - framework.base_page - INFO - 清除文本框内容成功username
2019-08-29 14:40:01,635 - framework.base_page - INFO - 输入的内容：13777466979
2019-08-29 14:40:01,700 - framework.base_page - INFO - 清除文本框内容成功password
2019-08-29 14:40:01,783 - framework.base_page - INFO - 输入的内容：test123456
2019-08-29 14:40:03,347 - framework.base_page - INFO - 点击元素成功//button[@class='ant-btn login-btn password-login ant-btn-primary']
2019-08-29 14:40:03,347 - framework.myunit - INFO - ************************starting run test cases************************
2019-08-29 14:40:03,861 - framework.base_page - INFO - https://cart-staging.zcygov.cn/ 地址正常打开
2019-08-29 14:40:07,044 - framework.base_page - INFO - 点击元素成功//div[@class="float-bar-action-del"]/a[text()="删除"]
2019-08-29 14:40:13,051 - pageobjects.order_page - INFO - 删除商品失败
2019-08-29 14:40:13,499 - framework.base_page - INFO - https://vaccine-staging.zcygov.cn/items/175600205?searchType=1&type=vaccine&utm=a0004.2ef5001f.0.0.33d8ffd0ca0411e9af8ed36431cbf75c 地址正常打开
2019-08-29 14:40:16,603 - framework.base_page - INFO - 点击元素成功//*[contains(text(),"加入购物车")]
2019-08-29 14:40:17,913 - framework.base_page - INFO - 点击元素成功//*[contains(text(),"查看购物车")]
2019-08-29 14:40:28,049 - pageobjects.order_page - ERROR - 商品详情页未找到生成竞价单按钮或点击未跳转
Traceback (most recent call last):
  File "C:\Users\admin\PycharmProjects\Zcy_Vaccine\pageobjects\order_page.py", line 79, in add_initateorder
    self.driver.find_element_by_xpath('//*[contains(text(),"生成预购单")]').click()
  File "C:\Users\admin\PycharmProjects\UITest\venv\lib\site-packages\selenium\webdriver\remote\webelement.py", line 80, in click
    self._execute(Command.CLICK_ELEMENT)
  File "C:\Users\admin\PycharmProjects\UITest\venv\lib\site-packages\selenium\webdriver\remote\webelement.py", line 633, in _execute
    return self._parent.execute(command, params)
  File "C:\Users\admin\PycharmProjects\UITest\venv\lib\site-packages\selenium\webdriver\remote\webdriver.py", line 321, in execute
    self.error_handler.check_response(response)
  File "C:\Users\admin\PycharmProjects\UITest\venv\lib\site-packages\selenium\webdriver\remote\errorhandler.py", line 242, in check_response
    raise exception_class(message, screen, stacktrace)
selenium.common.exceptions.WebDriverException: Message: unknown error: Element <span>...</span> is not clickable at point (1194, 490). Other element would receive the click: <button disabled="disabled" type="button" class="ant-btn ant-btn-primary ant-btn-lg">...</button>
  (Session info: chrome=73.0.3683.103)
  (Driver info: chromedriver=2.40.565498 (ea082db3280dd6843ebfb08a625e3eb905c4f5ab),platform=Windows NT 10.0.17134 x86_64)

2019-08-29 14:40:31,056 - framework.base_page - INFO - 获取当前url https://cart-staging.zcygov.cn/
2019-08-29 14:40:31,059 - test_33305 - INFO - https://cart-staging.zcygov.cn/
2019-08-29 14:40:31,337 - framework.base_page - INFO - 截图 [test_33305_fail.png] 成功保存在 [C:\Users\admin\PycharmProjects\Zcy_Vaccine\reports\screenshots\fail]
2019-08-29 14:40:31,351 - framework.myunit - INFO - ************************test case run completed************************
2019-08-29 14:40:34,118 - framework.myunit - INFO - quit the browser success!
