2019-09-16 15:44:17,912 - framework.testreport - INFO - successed to generate test report [C:\Users\admin\PycharmProjects\Zcy_Vaccine\reports\testReport\report2019-09-16 15_44_17.html]
2019-09-16 15:44:20,396 - framework.driver - INFO - found the chrome driver [<selenium.webdriver.chrome.webdriver.WebDriver (session="1856f4b7ffec07c324f55a06b4d7f66f")>] successed !
2019-09-16 15:44:20,396 - framework.myunit - INFO - opened the browser successed!
2019-09-16 15:44:24,260 - pageobjects.login_page - INFO - https://login-staging.zcygov.cn/login 打开登录地址成功
2019-09-16 15:44:24,327 - framework.base_page - INFO - 清除文本框内容成功username
2019-09-16 15:44:24,443 - framework.base_page - INFO - 输入的内容：13777466979
2019-09-16 15:44:24,513 - framework.base_page - INFO - 清除文本框内容成功password
2019-09-16 15:44:24,618 - framework.base_page - INFO - 输入的内容：test123456
2019-09-16 15:44:29,423 - framework.base_page - INFO - 点击元素成功//button[@class='ant-btn login-btn password-login ant-btn-primary']
2019-09-16 15:44:29,423 - framework.myunit - INFO - ************************starting run test cases************************
2019-09-16 15:44:30,835 - framework.base_page - INFO - https://cart-staging.zcygov.cn/ 地址正常打开
2019-09-16 15:44:36,877 - pageobjects.order_page - ERROR - 未找到全选按钮
Traceback (most recent call last):
  File "C:\Users\admin\PycharmProjects\Zcy_Vaccine\pageobjects\order_page.py", line 36, in clearcart
    self.driver.find_element_by_xpath('//input[@class="ant-checkbox-input"]').click()
  File "C:\Users\admin\PycharmProjects\UITest\venv\lib\site-packages\selenium\webdriver\remote\webdriver.py", line 394, in find_element_by_xpath
    return self.find_element(by=By.XPATH, value=xpath)
  File "C:\Users\admin\PycharmProjects\UITest\venv\lib\site-packages\selenium\webdriver\remote\webdriver.py", line 978, in find_element
    'value': value})['value']
  File "C:\Users\admin\PycharmProjects\UITest\venv\lib\site-packages\selenium\webdriver\remote\webdriver.py", line 321, in execute
    self.error_handler.check_response(response)
  File "C:\Users\admin\PycharmProjects\UITest\venv\lib\site-packages\selenium\webdriver\remote\errorhandler.py", line 242, in check_response
    raise exception_class(message, screen, stacktrace)
selenium.common.exceptions.NoSuchElementException: Message: no such element: Unable to locate element: {"method":"xpath","selector":"//input[@class="ant-checkbox-input"]"}
  (Session info: chrome=77.0.3865.75)

2019-09-16 15:44:37,904 - framework.base_page - INFO - https://vaccine-staging.zcygov.cn/items/175600205?searchType=1&type=vaccine&utm=a0004.2ef5001f.0.0.33d8ffd0ca0411e9af8ed36431cbf75c 地址正常打开
2019-09-16 15:44:38,545 - framework.base_page - INFO - 点击元素成功//*[contains(text(),"加入购物车")]
2019-09-16 15:44:39,826 - framework.base_page - INFO - 点击元素成功//*[contains(text(),"查看购物车")]
2019-09-16 15:44:56,730 - framework.base_page - INFO - 点击元素成功select2-selection__placeholder
2019-09-16 15:44:56,810 - framework.base_page - INFO - 点击元素成功//li[text()="席胜军"]
2019-09-16 15:44:56,924 - framework.base_page - INFO - 点击元素成功//button[text()="提交"]
2019-09-16 15:44:57,320 - framework.base_page - INFO - 点击元素成功submit
2019-09-16 15:44:58,978 - framework.base_page - INFO - 点击元素成功//button[@class="btn btn-minor submit close"]
2019-09-16 15:44:59,052 - framework.base_page - INFO - 点击元素成功shrink-png
2019-09-16 15:44:59,146 - framework.myunit - INFO - ************************test case run completed************************
2019-09-16 15:45:02,719 - framework.myunit - INFO - quit the browser success!
2019-09-16 15:45:02,727 - framework.send_email - INFO - 添加附件
2019-09-16 15:45:02,839 - framework.send_email - INFO - 连接成功
2019-09-16 15:45:04,004 - framework.send_email - INFO - 2019-09-16-15_45_04----发送邮件成功
