2019-09-16 15:20:08,906 - framework.testreport - INFO - successed to generate test report [C:\Users\admin\PycharmProjects\Zcy_Vaccine\reports\testReport\report2019-09-16 15_20_08.html]
2019-09-16 15:20:11,384 - framework.driver - INFO - found the chrome driver [<selenium.webdriver.chrome.webdriver.WebDriver (session="fa7802d383ef8951380e56135830a629")>] successed !
2019-09-16 15:20:11,384 - framework.myunit - INFO - opened the browser successed!
2019-09-16 15:20:15,261 - pageobjects.login_page - INFO - https://login-staging.zcygov.cn/login 打开登录地址成功
2019-09-16 15:20:15,330 - framework.base_page - INFO - 清除文本框内容成功username
2019-09-16 15:20:15,451 - framework.base_page - INFO - 输入的内容：13777466979
2019-09-16 15:20:15,519 - framework.base_page - INFO - 清除文本框内容成功password
2019-09-16 15:20:15,621 - framework.base_page - INFO - 输入的内容：test123456
2019-09-16 15:20:19,730 - framework.base_page - INFO - 点击元素成功//button[@class='ant-btn login-btn password-login ant-btn-primary']
2019-09-16 15:20:19,730 - framework.myunit - INFO - ************************starting run test cases************************
2019-09-16 15:20:20,695 - framework.base_page - INFO - https://cart-staging.zcygov.cn/ 地址正常打开
2019-09-16 15:20:26,703 - pageobjects.order_page - ERROR - 未找到全选按钮
Traceback (most recent call last):
  File "C:\Users\admin\PycharmProjects\Zcy_Vaccine\pageobjects\order_page.py", line 36, in clearcart
    self.driver.find_element_by_xpath('//input[@class="ant-checkbox-input"]').click()
  File "C:\Users\admin\PycharmProjects\UITest\venv\lib\site-packages\selenium\webdriver\remote\webdriver.py", line 394, in find_element_by_xpath
    return self.find_element(by=By.XPATH, value=xpath)
  File "C:\Users\admin\PycharmProjects\UITest\venv\lib\site-packages\selenium\webdriver\remote\webdriver.py", line 978, in find_element
    'value': value})['value']
  File "C:\Users\admin\PycharmProjects\UITest\venv\lib\site-packages\selenium\webdriver\remote\webdriver.py", line 321, in execute
    self.error_handler.check_response(response)
  File "C:\Users\admin\PycharmProjects\UITest\venv\lib\site-packages\selenium\webdriver\remote\errorhandler.py", line 242, in check_response
    raise exception_class(message, screen, stacktrace)
selenium.common.exceptions.NoSuchElementException: Message: no such element: Unable to locate element: {"method":"xpath","selector":"//input[@class="ant-checkbox-input"]"}
  (Session info: chrome=77.0.3865.75)

2019-09-16 15:20:27,709 - framework.base_page - INFO - https://vaccine-staging.zcygov.cn/items/175600205?searchType=1&type=vaccine&utm=a0004.2ef5001f.0.0.33d8ffd0ca0411e9af8ed36431cbf75c 地址正常打开
2019-09-16 15:20:28,308 - framework.base_page - INFO - 点击元素成功//*[contains(text(),"加入购物车")]
2019-09-16 15:20:29,137 - framework.base_page - INFO - 点击元素成功//*[contains(text(),"查看购物车")]
2019-09-16 15:20:47,116 - framework.base_page - INFO - 点击元素成功select2-selection__placeholder
2019-09-16 15:20:47,195 - framework.base_page - INFO - 点击元素成功//li[text()="席胜军"]
2019-09-16 15:20:47,297 - framework.base_page - INFO - 点击元素成功//button[text()="提交"]
2019-09-16 15:20:47,853 - framework.base_page - INFO - 点击元素成功submit
2019-09-16 15:20:49,597 - framework.base_page - INFO - 点击元素成功//button[@class="btn btn-minor submit close"]
2019-09-16 15:20:49,689 - framework.myunit - INFO - ************************test case run completed************************
2019-09-16 15:20:53,408 - framework.myunit - INFO - quit the browser success!
2019-09-16 15:20:53,432 - framework.send_email - INFO - 添加附件
2019-09-16 15:20:53,508 - framework.send_email - INFO - 连接成功
2019-09-16 15:20:54,901 - framework.send_email - INFO - 2019-09-16-15_20_54----发送邮件成功
