2019-09-03 14:48:45,059 - framework.testreport - INFO - successed to generate test report [C:\Users\admin\PycharmProjects\Zcy_Vaccine\reports\testReport\report2019-09-03 14_48_45.html]
2019-09-03 14:48:47,599 - framework.driver - INFO - found the chrome driver [<selenium.webdriver.chrome.webdriver.WebDriver (session="e0dcd8c6ca529cf2f0dcaf163ac35ff3")>] successed !
2019-09-03 14:48:48,732 - framework.myunit - INFO - opened the browser successed!
2019-09-03 14:48:51,182 - pageobjects.login_page - INFO - https://login-staging.zcygov.cn/login 打开登录地址成功
2019-09-03 14:48:51,241 - framework.base_page - INFO - 清除文本框内容成功username
2019-09-03 14:48:51,352 - framework.base_page - INFO - 输入的内容：13777466979
2019-09-03 14:48:51,413 - framework.base_page - INFO - 清除文本框内容成功password
2019-09-03 14:48:51,510 - framework.base_page - INFO - 输入的内容：test123456
2019-09-03 14:48:55,573 - framework.base_page - INFO - 点击元素成功//button[@class='ant-btn login-btn password-login ant-btn-primary']
2019-09-03 14:48:55,574 - framework.myunit - INFO - ************************starting run test cases************************
2019-09-03 14:49:02,427 - framework.base_page - INFO - https://staging.zcygov.cn/buyer/vaccine-orders 地址正常打开
2019-09-03 14:49:02,511 - framework.base_page - INFO - 点击元素成功header-right-user-avatar
2019-09-03 14:49:03,958 - framework.base_page - INFO - 点击元素成功logout
2019-09-03 14:49:09,013 - framework.base_page - INFO - 清除文本框内容成功username
2019-09-03 14:49:09,100 - framework.base_page - INFO - 输入的内容：SINOVAC
2019-09-03 14:49:09,152 - framework.base_page - INFO - 清除文本框内容成功password
2019-09-03 14:49:09,237 - framework.base_page - INFO - 输入的内容：test123456
2019-09-03 14:49:14,427 - framework.base_page - INFO - 点击元素成功//button[@class='ant-btn login-btn password-login ant-btn-primary']
2019-09-03 14:49:16,422 - framework.base_page - INFO - https://staging.zcygov.cn/seller/vaccine-orders 地址正常打开
2019-09-03 14:49:17,507 - framework.base_page - INFO - 点击元素成功div.order-form-list-body > table > tbody > tr:nth-child(1)  > td:nth-child(7) > a:nth-child(3)
2019-09-03 14:49:17,631 - framework.base_page - INFO - 点击元素成功selectric-js-all-select-warehouse
2019-09-03 14:49:17,724 - framework.base_page - INFO - 点击元素成功//li[contains(text(),"默认仓库")]
2019-09-03 14:49:17,783 - framework.base_page - INFO - 清除文本框内容成功js-shipmentNo
2019-09-03 14:49:17,881 - framework.base_page - INFO - 输入的内容：12222221
2019-09-03 14:49:17,987 - framework.base_page - INFO - 点击元素成功//*[@type="checkbox"]
2019-09-03 14:49:18,084 - framework.base_page - INFO - 点击元素成功//*[contains(text(),"添加批号")]
2019-09-03 14:49:28,113 - framework.base_page - ERROR - 查找元素超时://span[@class="select2-selection__arrow" and role="presentation"]
Traceback (most recent call last):
  File "C:\Users\admin\PycharmProjects\Zcy_Vaccine\framework\base_page.py", line 109, in find_element
    EC.visibility_of(self.driver.find_element_by_xpath(value)))
  File "C:\Users\admin\PycharmProjects\UITest\venv\lib\site-packages\selenium\webdriver\remote\webdriver.py", line 394, in find_element_by_xpath
    return self.find_element(by=By.XPATH, value=xpath)
  File "C:\Users\admin\PycharmProjects\UITest\venv\lib\site-packages\selenium\webdriver\remote\webdriver.py", line 978, in find_element
    'value': value})['value']
  File "C:\Users\admin\PycharmProjects\UITest\venv\lib\site-packages\selenium\webdriver\remote\webdriver.py", line 321, in execute
    self.error_handler.check_response(response)
  File "C:\Users\admin\PycharmProjects\UITest\venv\lib\site-packages\selenium\webdriver\remote\errorhandler.py", line 242, in check_response
    raise exception_class(message, screen, stacktrace)
selenium.common.exceptions.NoSuchElementException: Message: no such element: Unable to locate element: {"method":"xpath","selector":"//span[@class="select2-selection__arrow" and role="presentation"]"}
  (Session info: chrome=73.0.3683.103)
  (Driver info: chromedriver=2.40.565498 (ea082db3280dd6843ebfb08a625e3eb905c4f5ab),platform=Windows NT 10.0.17134 x86_64)

2019-09-03 14:49:28,127 - framework.myunit - INFO - ************************test case run completed************************
2019-09-03 14:49:30,268 - pageobjects.login_page - INFO - https://login-staging.zcygov.cn/login 打开登录地址成功
2019-09-03 14:49:30,320 - framework.base_page - INFO - 清除文本框内容成功username
2019-09-03 14:49:30,441 - framework.base_page - INFO - 输入的内容：13777466979
2019-09-03 14:49:30,499 - framework.base_page - INFO - 清除文本框内容成功password
2019-09-03 14:49:30,652 - framework.base_page - INFO - 输入的内容：test123456
