2019-09-04 16:44:40,115 - framework.testreport - INFO - successed to generate test report [C:\Users\admin\PycharmProjects\Zcy_Vaccine\reports\testReport\report2019-09-04 16_44_40.html]
2019-09-04 16:44:43,674 - framework.driver - INFO - found the chrome driver [<selenium.webdriver.chrome.webdriver.WebDriver (session="85ae36b431b1ddcaac35be7cbc763bf7")>] successed !
2019-09-04 16:44:44,853 - framework.myunit - INFO - opened the browser successed!
2019-09-04 16:44:47,217 - pageobjects.login_page - INFO - https://login-staging.zcygov.cn/login 打开登录地址成功
2019-09-04 16:44:47,331 - framework.base_page - INFO - 清除文本框内容成功username
2019-09-04 16:44:47,542 - framework.base_page - INFO - 输入的内容：13777466979
2019-09-04 16:44:47,658 - framework.base_page - INFO - 清除文本框内容成功password
2019-09-04 16:44:47,836 - framework.base_page - INFO - 输入的内容：test123456
2019-09-04 16:44:52,115 - framework.base_page - INFO - 点击元素成功//button[@class='ant-btn login-btn password-login ant-btn-primary']
2019-09-04 16:44:52,115 - framework.myunit - INFO - ************************starting run test cases************************
2019-09-04 16:44:53,129 - framework.base_page - INFO - https://cart-staging.zcygov.cn/ 地址正常打开
2019-09-04 16:44:59,160 - pageobjects.order_page - ERROR - 未找到全选按钮
Traceback (most recent call last):
  File "C:\Users\admin\PycharmProjects\Zcy_Vaccine\pageobjects\order_page.py", line 35, in clearcart
    self.driver.find_element_by_xpath('//input[@class="ant-checkbox-input"]').click()
  File "C:\Users\admin\PycharmProjects\UITest\venv\lib\site-packages\selenium\webdriver\remote\webdriver.py", line 394, in find_element_by_xpath
    return self.find_element(by=By.XPATH, value=xpath)
  File "C:\Users\admin\PycharmProjects\UITest\venv\lib\site-packages\selenium\webdriver\remote\webdriver.py", line 978, in find_element
    'value': value})['value']
  File "C:\Users\admin\PycharmProjects\UITest\venv\lib\site-packages\selenium\webdriver\remote\webdriver.py", line 321, in execute
    self.error_handler.check_response(response)
  File "C:\Users\admin\PycharmProjects\UITest\venv\lib\site-packages\selenium\webdriver\remote\errorhandler.py", line 242, in check_response
    raise exception_class(message, screen, stacktrace)
selenium.common.exceptions.NoSuchElementException: Message: no such element: Unable to locate element: {"method":"xpath","selector":"//input[@class="ant-checkbox-input"]"}
  (Session info: chrome=73.0.3683.103)
  (Driver info: chromedriver=2.40.565498 (ea082db3280dd6843ebfb08a625e3eb905c4f5ab),platform=Windows NT 10.0.17134 x86_64)

2019-09-04 16:45:01,080 - framework.base_page - INFO - https://vaccine-staging.zcygov.cn/items/175600205?searchType=1&type=vaccine&utm=a0004.2ef5001f.0.0.33d8ffd0ca0411e9af8ed36431cbf75c 地址正常打开
2019-09-04 16:45:01,344 - framework.base_page - INFO - 点击元素成功//*[contains(text(),"加入购物车")]
2019-09-04 16:45:02,927 - framework.base_page - INFO - 点击元素成功//*[contains(text(),"查看购物车")]
2019-09-04 16:45:22,175 - framework.base_page - ERROR - 查找元素超时:select2-selection__placeholder
Traceback (most recent call last):
  File "C:\Users\admin\PycharmProjects\Zcy_Vaccine\framework\base_page.py", line 94, in find_element
    EC.visibility_of(self.driver.find_element_by_class_name(value)))
  File "C:\Users\admin\PycharmProjects\UITest\venv\lib\site-packages\selenium\webdriver\remote\webdriver.py", line 564, in find_element_by_class_name
    return self.find_element(by=By.CLASS_NAME, value=name)
  File "C:\Users\admin\PycharmProjects\UITest\venv\lib\site-packages\selenium\webdriver\remote\webdriver.py", line 978, in find_element
    'value': value})['value']
  File "C:\Users\admin\PycharmProjects\UITest\venv\lib\site-packages\selenium\webdriver\remote\webdriver.py", line 321, in execute
    self.error_handler.check_response(response)
  File "C:\Users\admin\PycharmProjects\UITest\venv\lib\site-packages\selenium\webdriver\remote\errorhandler.py", line 242, in check_response
    raise exception_class(message, screen, stacktrace)
selenium.common.exceptions.NoSuchElementException: Message: no such element: Unable to locate element: {"method":"class name","selector":"select2-selection__placeholder"}
  (Session info: chrome=73.0.3683.103)
  (Driver info: chromedriver=2.40.565498 (ea082db3280dd6843ebfb08a625e3eb905c4f5ab),platform=Windows NT 10.0.17134 x86_64)

2019-09-04 16:45:22,220 - framework.myunit - INFO - ************************test case run completed************************
2019-09-04 16:45:23,420 - pageobjects.login_page - INFO - https://login-staging.zcygov.cn/login 打开登录地址成功
2019-09-04 16:45:23,538 - framework.base_page - INFO - 清除文本框内容成功username
2019-09-04 16:45:23,832 - framework.base_page - INFO - 输入的内容：13777466979
2019-09-04 16:45:23,924 - framework.base_page - INFO - 清除文本框内容成功password
2019-09-04 16:45:24,080 - framework.base_page - INFO - 输入的内容：test123456
2019-09-04 16:45:26,070 - framework.base_page - INFO - 点击元素成功//button[@class='ant-btn login-btn password-login ant-btn-primary']
2019-09-04 16:45:26,071 - framework.myunit - INFO - ************************starting run test cases************************
2019-09-04 16:45:26,572 - framework.base_page - INFO - https://cart-staging.zcygov.cn/ 地址正常打开
2019-09-04 16:45:29,879 - framework.base_page - INFO - 点击元素成功//div[@class="float-bar-action-del"]/a[text()="删除"]
2019-09-04 16:45:35,900 - pageobjects.order_page - INFO - 删除商品失败
2019-09-04 16:45:36,533 - framework.base_page - INFO - https://vaccine-staging.zcygov.cn/items/175600205?searchType=1&type=vaccine&utm=a0004.2ef5001f.0.0.33d8ffd0ca0411e9af8ed36431cbf75c 地址正常打开
2019-09-04 16:45:37,082 - framework.base_page - INFO - 点击元素成功//*[contains(text(),"加入购物车")]
2019-09-04 16:45:38,520 - framework.base_page - INFO - 点击元素成功//*[contains(text(),"查看购物车")]
2019-09-04 16:45:56,592 - framework.base_page - INFO - 点击元素成功select2-selection__placeholder
2019-09-04 16:45:56,720 - framework.base_page - INFO - 点击元素成功//li[text()="席胜军"]
2019-09-04 16:45:56,899 - framework.base_page - INFO - 点击元素成功//button[text()="提交"]
2019-09-04 16:45:57,415 - framework.base_page - INFO - 点击元素成功submit
2019-09-04 16:45:59,588 - framework.base_page - INFO - 点击元素成功//button[@class="btn btn-minor submit close"]
2019-09-04 16:46:01,243 - framework.base_page - INFO - 点击元素成功div.pur-list-body > table > tbody > tr:nth-child(1) > td:nth-child(7) > a:nth-child(1)
2019-09-04 16:46:01,511 - framework.base_page - INFO - 点击元素成功//button[text()="提交审核意见"]
2019-09-04 16:46:01,638 - framework.base_page - INFO - 点击元素成功submit
2019-09-04 16:46:03,331 - framework.base_page - INFO - 点击元素成功//button[@class="btn btn-minor submit close"]
2019-09-04 16:46:04,992 - framework.base_page - INFO - 点击元素成功div.pur-list-body > table > tbody > tr:nth-child(1) > td:nth-child(7) > a:nth-child(1)
2019-09-04 16:46:05,204 - framework.base_page - INFO - 点击元素成功//button[text()="提交审核意见"]
2019-09-04 16:46:05,320 - framework.base_page - INFO - 点击元素成功submit
2019-09-04 16:46:07,006 - framework.base_page - INFO - 点击元素成功//button[@class="btn btn-minor submit close"]
2019-09-04 16:46:08,909 - framework.base_page - INFO - 点击元素成功div.pur-list-body > table > tbody > tr:nth-child(1) > td:nth-child(7) > a:nth-child(1)
2019-09-04 16:46:09,126 - framework.base_page - INFO - 点击元素成功//button[text()="提交审核意见"]
2019-09-04 16:46:09,264 - framework.base_page - INFO - 点击元素成功submit
2019-09-04 16:46:11,097 - framework.base_page - INFO - 点击元素成功//button[@class="btn btn-minor submit close"]
2019-09-04 16:46:12,872 - framework.base_page - INFO - 点击元素成功div.pur-list-body > table > tbody > tr:nth-child(1) > td:nth-child(7) > a:nth-child(1)
2019-09-04 16:46:13,064 - framework.base_page - INFO - 点击元素成功//button[text()="确定订单"]
2019-09-04 16:46:15,551 - framework.base_page - INFO - 刷新页面
2019-09-04 16:46:17,284 - framework.base_page - INFO - 获取元素内容: 待供应商接单
2019-09-04 16:46:17,616 - framework.base_page - INFO - 截图 [test_33310_pass.png] 成功保存在 [C:\Users\admin\PycharmProjects\Zcy_Vaccine\reports\screenshots\pass]
2019-09-04 16:46:17,616 - test_33310 - INFO - 运行成功：生成订单成功
2019-09-04 16:46:17,641 - framework.myunit - INFO - ************************test case run completed************************
2019-09-04 16:46:20,170 - framework.myunit - INFO - quit the browser success!
2019-09-04 16:46:20,191 - framework.send_email - INFO - 添加附件
2019-09-04 16:46:20,350 - framework.send_email - INFO - 连接成功
2019-09-04 16:46:22,135 - framework.send_email - INFO - 2019-09-04-16_46_22----发送邮件成功
