2019-09-20 11:39:39,575 - framework.testreport - INFO - successed to generate test report [C:\Users\admin\PycharmProjects\Zcy_Vaccine\reports\testReport\report2019-09-20 11_39_39.html]
2019-09-20 11:39:44,397 - framework.driver - INFO - found the chrome driver [<selenium.webdriver.chrome.webdriver.WebDriver (session="032dd4933a7b897d24d1c0e2b8dc2bba")>] successed !
2019-09-20 11:39:45,504 - framework.myunit - INFO - opened the browser successed!
2019-09-20 11:39:48,711 - pageobjects.login_page - INFO - https://login-staging.zcygov.cn/login 打开登录地址成功
2019-09-20 11:39:48,770 - framework.base_page - INFO - 清除文本框内容成功username
2019-09-20 11:39:48,900 - framework.base_page - INFO - 输入的内容：13777466979
2019-09-20 11:39:48,963 - framework.base_page - INFO - 清除文本框内容成功password
2019-09-20 11:39:49,056 - framework.base_page - INFO - 输入的内容：test123456
2019-09-20 11:39:54,193 - framework.base_page - INFO - 点击元素成功//button[@class='ant-btn login-btn password-login ant-btn-primary']
2019-09-20 11:39:54,194 - framework.myunit - INFO - ************************starting run test cases************************
2019-09-20 11:39:56,343 - framework.base_page - INFO - https://vaccine-staging.zcygov.cn/items/175600205?searchType=1&type=vaccine&utm=a0004.2ef5001f.0.0.33d8ffd0ca0411e9af8ed36431cbf75c 地址正常打开
2019-09-20 11:39:58,451 - framework.base_page - INFO - 点击元素成功//*[contains(text(),"立即下单")]
2019-09-20 11:40:08,902 - framework.base_page - INFO - 点击元素成功select2-selection__placeholder
2019-09-20 11:40:08,972 - framework.base_page - INFO - 点击元素成功//li[text()="席胜军"]
2019-09-20 11:40:09,083 - framework.base_page - INFO - 点击元素成功//button[text()="提交"]
2019-09-20 11:40:09,427 - framework.base_page - INFO - 点击元素成功submit
2019-09-20 11:40:11,071 - framework.base_page - INFO - 点击元素成功//button[@class="btn btn-minor submit close"]
2019-09-20 11:40:12,500 - framework.base_page - INFO - 点击元素成功div.pur-list-body > table > tbody > tr:nth-child(1) > td:nth-child(7) > a:nth-child(1)
2019-09-20 11:40:12,640 - framework.base_page - INFO - 点击元素成功//button[text()="提交审核意见"]
2019-09-20 11:40:12,714 - framework.base_page - INFO - 点击元素成功submit
2019-09-20 11:40:13,978 - framework.base_page - INFO - 点击元素成功//button[@class="btn btn-minor submit close"]
2019-09-20 11:40:15,386 - framework.base_page - INFO - 点击元素成功div.pur-list-body > table > tbody > tr:nth-child(1) > td:nth-child(7) > a:nth-child(1)
2019-09-20 11:40:15,590 - framework.base_page - INFO - 点击元素成功//button[text()="提交审核意见"]
2019-09-20 11:40:15,658 - framework.base_page - INFO - 点击元素成功submit
2019-09-20 11:40:16,966 - framework.base_page - INFO - 点击元素成功//button[@class="btn btn-minor submit close"]
2019-09-20 11:40:18,450 - framework.base_page - INFO - 点击元素成功div.pur-list-body > table > tbody > tr:nth-child(1) > td:nth-child(7) > a:nth-child(1)
2019-09-20 11:40:18,674 - framework.base_page - INFO - 点击元素成功//button[text()="提交审核意见"]
2019-09-20 11:40:18,744 - framework.base_page - INFO - 点击元素成功submit
2019-09-20 11:40:19,937 - framework.base_page - INFO - 点击元素成功//button[@class="btn btn-minor submit close"]
2019-09-20 11:40:21,030 - framework.base_page - INFO - 点击元素成功div.pur-list-body > table > tbody > tr:nth-child(1) > td:nth-child(7) > a:nth-child(1)
2019-09-20 11:40:21,145 - framework.base_page - INFO - 点击元素成功//button[text()="确定订单"]
2019-09-20 11:40:23,162 - framework.base_page - INFO - 刷新页面
2019-09-20 11:40:24,630 - pageobjects.login_page - INFO - https://login-staging.zcygov.cn/login 打开登录地址成功
2019-09-20 11:40:24,750 - framework.base_page - INFO - 清除文本框内容成功username
2019-09-20 11:40:24,853 - framework.base_page - INFO - 输入的内容：SINOVAC
2019-09-20 11:40:24,908 - framework.base_page - INFO - 清除文本框内容成功password
2019-09-20 11:40:24,996 - framework.base_page - INFO - 输入的内容：test123456
2019-09-20 11:40:26,865 - framework.base_page - INFO - 点击元素成功//button[@class='ant-btn login-btn password-login ant-btn-primary']
2019-09-20 11:40:28,403 - framework.base_page - INFO - https://staging.zcygov.cn/seller/vaccine-orders 地址正常打开
2019-09-20 11:40:31,513 - framework.base_page - ERROR - 查找元素超时:div.order-form-list-body > table > tbody > tr:nth-child(1)  > td:nth-child(7) > a2
Traceback (most recent call last):
  File "C:\Users\admin\PycharmProjects\Zcy_Vaccine\framework\base_page.py", line 111, in find_element
    EC.visibility_of(self.driver.find_element_by_css_selector(value)))
  File "C:\Users\admin\PycharmProjects\UITest\venv\lib\site-packages\selenium\webdriver\remote\webdriver.py", line 598, in find_element_by_css_selector
    return self.find_element(by=By.CSS_SELECTOR, value=css_selector)
  File "C:\Users\admin\PycharmProjects\UITest\venv\lib\site-packages\selenium\webdriver\remote\webdriver.py", line 978, in find_element
    'value': value})['value']
  File "C:\Users\admin\PycharmProjects\UITest\venv\lib\site-packages\selenium\webdriver\remote\webdriver.py", line 321, in execute
    self.error_handler.check_response(response)
  File "C:\Users\admin\PycharmProjects\UITest\venv\lib\site-packages\selenium\webdriver\remote\errorhandler.py", line 242, in check_response
    raise exception_class(message, screen, stacktrace)
selenium.common.exceptions.NoSuchElementException: Message: no such element: Unable to locate element: {"method":"css selector","selector":"div.order-form-list-body > table > tbody > tr:nth-child(1)  > td:nth-child(7) > a2"}
  (Session info: headless chrome=77.0.3865.75)
  (Driver info: chromedriver=2.35.528161 (5b82f2d2aae0ca24b877009200ced9065a772e73),platform=Windows NT 10.0.17134 x86_64)

2019-09-20 11:40:31,534 - framework.myunit - INFO - ************************test case run completed************************
2019-09-20 11:40:33,445 - pageobjects.login_page - INFO - https://login-staging.zcygov.cn/login 打开登录地址成功
2019-09-20 11:40:33,498 - framework.base_page - INFO - 清除文本框内容成功username
2019-09-20 11:40:33,613 - framework.base_page - INFO - 输入的内容：13777466979
2019-09-20 11:40:33,670 - framework.base_page - INFO - 清除文本框内容成功password
2019-09-20 11:40:33,768 - framework.base_page - INFO - 输入的内容：test123456
2019-09-20 11:40:35,206 - framework.base_page - INFO - 点击元素成功//button[@class='ant-btn login-btn password-login ant-btn-primary']
2019-09-20 11:40:35,206 - framework.myunit - INFO - ************************starting run test cases************************
2019-09-20 11:40:36,014 - framework.base_page - INFO - https://vaccine-staging.zcygov.cn/items/175600205?searchType=1&type=vaccine&utm=a0004.2ef5001f.0.0.33d8ffd0ca0411e9af8ed36431cbf75c 地址正常打开
2019-09-20 11:40:48,048 - framework.base_page - ERROR - 查找元素超时://*[contains(text(),"立即下单")]
Traceback (most recent call last):
  File "C:\Users\admin\PycharmProjects\Zcy_Vaccine\framework\base_page.py", line 114, in find_element
    EC.visibility_of(self.driver.find_element_by_xpath(value)))
  File "C:\Users\admin\PycharmProjects\UITest\venv\lib\site-packages\selenium\webdriver\remote\webdriver.py", line 394, in find_element_by_xpath
    return self.find_element(by=By.XPATH, value=xpath)
  File "C:\Users\admin\PycharmProjects\UITest\venv\lib\site-packages\selenium\webdriver\remote\webdriver.py", line 978, in find_element
    'value': value})['value']
  File "C:\Users\admin\PycharmProjects\UITest\venv\lib\site-packages\selenium\webdriver\remote\webdriver.py", line 321, in execute
    self.error_handler.check_response(response)
  File "C:\Users\admin\PycharmProjects\UITest\venv\lib\site-packages\selenium\webdriver\remote\errorhandler.py", line 242, in check_response
    raise exception_class(message, screen, stacktrace)
selenium.common.exceptions.NoSuchElementException: Message: no such element: Unable to locate element: {"method":"xpath","selector":"//*[contains(text(),"立即下单")]"}
  (Session info: headless chrome=77.0.3865.75)
  (Driver info: chromedriver=2.35.528161 (5b82f2d2aae0ca24b877009200ced9065a772e73),platform=Windows NT 10.0.17134 x86_64)

2019-09-20 11:40:48,049 - pageobjects.order_page - ERROR - 未找到立即下单按钮
Traceback (most recent call last):
  File "C:\Users\admin\PycharmProjects\Zcy_Vaccine\pageobjects\order_page.py", line 73, in ordertoinitate
    self.click_order()
  File "C:\Users\admin\PycharmProjects\Zcy_Vaccine\pageobjects\order_page.py", line 85, in click_order
    BasePage(self.driver).scrolls(OrderData.orderbtn_selectors)
  File "C:\Users\admin\PycharmProjects\Zcy_Vaccine\framework\base_page.py", line 344, in scrolls
    self.find_element(selector)
  File "C:\Users\admin\PycharmProjects\Zcy_Vaccine\framework\base_page.py", line 121, in find_element
    raise e
  File "C:\Users\admin\PycharmProjects\Zcy_Vaccine\framework\base_page.py", line 114, in find_element
    EC.visibility_of(self.driver.find_element_by_xpath(value)))
  File "C:\Users\admin\PycharmProjects\UITest\venv\lib\site-packages\selenium\webdriver\remote\webdriver.py", line 394, in find_element_by_xpath
    return self.find_element(by=By.XPATH, value=xpath)
  File "C:\Users\admin\PycharmProjects\UITest\venv\lib\site-packages\selenium\webdriver\remote\webdriver.py", line 978, in find_element
    'value': value})['value']
  File "C:\Users\admin\PycharmProjects\UITest\venv\lib\site-packages\selenium\webdriver\remote\webdriver.py", line 321, in execute
    self.error_handler.check_response(response)
  File "C:\Users\admin\PycharmProjects\UITest\venv\lib\site-packages\selenium\webdriver\remote\errorhandler.py", line 242, in check_response
    raise exception_class(message, screen, stacktrace)
selenium.common.exceptions.NoSuchElementException: Message: no such element: Unable to locate element: {"method":"xpath","selector":"//*[contains(text(),"立即下单")]"}
  (Session info: headless chrome=77.0.3865.75)
  (Driver info: chromedriver=2.35.528161 (5b82f2d2aae0ca24b877009200ced9065a772e73),platform=Windows NT 10.0.17134 x86_64)

2019-09-20 11:40:48,061 - framework.myunit - INFO - ************************test case run completed************************
2019-09-20 11:40:51,608 - framework.myunit - INFO - quit the browser success!
