2019-08-30 17:29:28,285 - framework.testreport - INFO - successed to generate test report [C:\Users\admin\PycharmProjects\Zcy_Vaccine\reports\testReport\report2019-08-30 17_29_28.html]
2019-08-30 17:29:30,871 - framework.driver - INFO - found the chrome driver [<selenium.webdriver.chrome.webdriver.WebDriver (session="32072107e0cecc1e25c07329aabb75ea")>] successed !
2019-08-30 17:29:32,009 - framework.myunit - INFO - opened the browser successed!
2019-08-30 17:29:35,343 - pageobjects.login_page - INFO - https://login-staging.zcygov.cn/login 打开登录地址成功
2019-08-30 17:29:35,421 - framework.base_page - INFO - 清除文本框内容成功username
2019-08-30 17:29:35,544 - framework.base_page - INFO - 输入的内容：13777466979
2019-08-30 17:29:35,619 - framework.base_page - INFO - 清除文本框内容成功password
2019-08-30 17:29:35,753 - framework.base_page - INFO - 输入的内容：test123456
2019-08-30 17:29:40,187 - framework.base_page - INFO - 点击元素成功//button[@class='ant-btn login-btn password-login ant-btn-primary']
2019-08-30 17:29:40,187 - framework.myunit - INFO - ************************starting run test cases************************
2019-08-30 17:29:41,576 - framework.base_page - INFO - https://cart-staging.zcygov.cn/ 地址正常打开
2019-08-30 17:29:47,638 - pageobjects.order_page - ERROR - 未找到全选按钮
Traceback (most recent call last):
  File "C:\Users\admin\PycharmProjects\Zcy_Vaccine\pageobjects\order_page.py", line 35, in clearcart
    self.driver.find_element_by_xpath('//input[@class="ant-checkbox-input"]').click()
  File "C:\Users\admin\PycharmProjects\UITest\venv\lib\site-packages\selenium\webdriver\remote\webdriver.py", line 394, in find_element_by_xpath
    return self.find_element(by=By.XPATH, value=xpath)
  File "C:\Users\admin\PycharmProjects\UITest\venv\lib\site-packages\selenium\webdriver\remote\webdriver.py", line 978, in find_element
    'value': value})['value']
  File "C:\Users\admin\PycharmProjects\UITest\venv\lib\site-packages\selenium\webdriver\remote\webdriver.py", line 321, in execute
    self.error_handler.check_response(response)
  File "C:\Users\admin\PycharmProjects\UITest\venv\lib\site-packages\selenium\webdriver\remote\errorhandler.py", line 242, in check_response
    raise exception_class(message, screen, stacktrace)
selenium.common.exceptions.NoSuchElementException: Message: no such element: Unable to locate element: {"method":"xpath","selector":"//input[@class="ant-checkbox-input"]"}
  (Session info: chrome=73.0.3683.103)
  (Driver info: chromedriver=2.40.565498 (ea082db3280dd6843ebfb08a625e3eb905c4f5ab),platform=Windows NT 10.0.17134 x86_64)

2019-08-30 17:29:48,892 - framework.base_page - INFO - https://vaccine-staging.zcygov.cn/items/175600205?searchType=1&type=vaccine&utm=a0004.2ef5001f.0.0.33d8ffd0ca0411e9af8ed36431cbf75c 地址正常打开
2019-08-30 17:29:49,443 - framework.base_page - INFO - 点击元素成功//*[contains(text(),"加入购物车")]
2019-08-30 17:29:51,078 - framework.base_page - INFO - 点击元素成功//*[contains(text(),"查看购物车")]
2019-08-30 17:30:10,901 - framework.base_page - INFO - 点击元素成功select2-selection__placeholder
2019-08-30 17:30:10,982 - framework.base_page - INFO - 点击元素成功//li[text()="席胜军"]
2019-08-30 17:30:11,096 - framework.base_page - INFO - 点击元素成功//button[text()="提交"]
2019-08-30 17:30:11,547 - framework.base_page - INFO - 点击元素成功submit
2019-08-30 17:30:13,586 - framework.base_page - INFO - 点击元素成功//button[@class="btn btn-minor submit close"]
2019-08-30 17:30:15,158 - framework.base_page - INFO - 点击元素成功div.pur-list-body > table > tbody > tr:nth-child(1) > td:nth-child(7) > a:nth-child(1)
2019-08-30 17:30:15,393 - framework.base_page - INFO - 点击元素成功//button[text()="提交审核意见"]
2019-08-30 17:30:15,511 - framework.base_page - INFO - 点击元素成功submit
2019-08-30 17:30:17,032 - framework.base_page - INFO - 点击元素成功//button[@class="btn btn-minor submit close"]
2019-08-30 17:30:18,545 - framework.base_page - INFO - 点击元素成功div.pur-list-body > table > tbody > tr:nth-child(1) > td:nth-child(7) > a:nth-child(1)
2019-08-30 17:30:18,673 - framework.base_page - INFO - 点击元素成功//button[text()="提交审核意见"]
2019-08-30 17:30:18,785 - framework.base_page - INFO - 点击元素成功submit
2019-08-30 17:30:20,297 - framework.base_page - INFO - 点击元素成功//button[@class="btn btn-minor submit close"]
2019-08-30 17:30:22,393 - framework.base_page - INFO - 点击元素成功div.pur-list-body > table > tbody > tr:nth-child(1) > td:nth-child(7) > a:nth-child(1)
2019-08-30 17:30:22,539 - framework.base_page - INFO - 点击元素成功//button[text()="提交审核意见"]
2019-08-30 17:30:22,640 - framework.base_page - INFO - 点击元素成功submit
2019-08-30 17:30:24,303 - framework.base_page - INFO - 点击元素成功//button[@class="btn btn-minor submit close"]
2019-08-30 17:30:34,364 - framework.base_page - ERROR - 查找元素超时:div.order-form-list-body > table > tbody > tr:nth-child(1) > td:nth-child(8)> a:nth-child(1)
Traceback (most recent call last):
  File "C:\Users\admin\PycharmProjects\Zcy_Vaccine\framework\base_page.py", line 106, in find_element
    EC.visibility_of(self.driver.find_element_by_css_selector(value)))
  File "C:\Users\admin\PycharmProjects\UITest\venv\lib\site-packages\selenium\webdriver\remote\webdriver.py", line 598, in find_element_by_css_selector
    return self.find_element(by=By.CSS_SELECTOR, value=css_selector)
  File "C:\Users\admin\PycharmProjects\UITest\venv\lib\site-packages\selenium\webdriver\remote\webdriver.py", line 978, in find_element
    'value': value})['value']
  File "C:\Users\admin\PycharmProjects\UITest\venv\lib\site-packages\selenium\webdriver\remote\webdriver.py", line 321, in execute
    self.error_handler.check_response(response)
  File "C:\Users\admin\PycharmProjects\UITest\venv\lib\site-packages\selenium\webdriver\remote\errorhandler.py", line 242, in check_response
    raise exception_class(message, screen, stacktrace)
selenium.common.exceptions.NoSuchElementException: Message: no such element: Unable to locate element: {"method":"css selector","selector":"div.order-form-list-body > table > tbody > tr:nth-child(1) > td:nth-child(8)> a:nth-child(1)"}
  (Session info: chrome=73.0.3683.103)
  (Driver info: chromedriver=2.40.565498 (ea082db3280dd6843ebfb08a625e3eb905c4f5ab),platform=Windows NT 10.0.17134 x86_64)

2019-08-30 17:30:34,392 - framework.myunit - INFO - ************************test case run completed************************
2019-08-30 17:30:36,537 - pageobjects.login_page - INFO - https://login-staging.zcygov.cn/login 打开登录地址成功
2019-08-30 17:30:36,608 - framework.base_page - INFO - 清除文本框内容成功username
2019-08-30 17:30:36,725 - framework.base_page - INFO - 输入的内容：13777466979
2019-08-30 17:30:36,796 - framework.base_page - INFO - 清除文本框内容成功password
2019-08-30 17:30:36,898 - framework.base_page - INFO - 输入的内容：test123456
2019-08-30 17:30:38,447 - framework.base_page - INFO - 点击元素成功//button[@class='ant-btn login-btn password-login ant-btn-primary']
2019-08-30 17:30:38,448 - framework.myunit - INFO - ************************starting run test cases************************
2019-08-30 17:30:39,023 - framework.base_page - INFO - https://cart-staging.zcygov.cn/ 地址正常打开
