2019-08-30 17:59:06,639 - framework.testreport - INFO - successed to generate test report [C:\Users\admin\PycharmProjects\Zcy_Vaccine\reports\testReport\report2019-08-30 17_59_06.html]
2019-08-30 17:59:09,234 - framework.driver - INFO - found the chrome driver [<selenium.webdriver.chrome.webdriver.WebDriver (session="dbea0f524cb8d531c50e9a9c69934ac4")>] successed !
2019-08-30 17:59:10,369 - framework.myunit - INFO - opened the browser successed!
2019-08-30 17:59:13,561 - pageobjects.login_page - INFO - https://login-staging.zcygov.cn/login 打开登录地址成功
2019-08-30 17:59:13,631 - framework.base_page - INFO - 清除文本框内容成功username
2019-08-30 17:59:13,759 - framework.base_page - INFO - 输入的内容：13777466979
2019-08-30 17:59:13,836 - framework.base_page - INFO - 清除文本框内容成功password
2019-08-30 17:59:13,954 - framework.base_page - INFO - 输入的内容：test123456
2019-08-30 17:59:18,340 - framework.base_page - INFO - 点击元素成功//button[@class='ant-btn login-btn password-login ant-btn-primary']
2019-08-30 17:59:18,340 - framework.myunit - INFO - ************************starting run test cases************************
2019-08-30 17:59:19,504 - framework.base_page - INFO - https://cart-staging.zcygov.cn/ 地址正常打开
2019-08-30 17:59:25,574 - pageobjects.order_page - ERROR - 未找到全选按钮
Traceback (most recent call last):
  File "C:\Users\admin\PycharmProjects\Zcy_Vaccine\pageobjects\order_page.py", line 35, in clearcart
    self.driver.find_element_by_xpath('//input[@class="ant-checkbox-input"]').click()
  File "C:\Users\admin\PycharmProjects\UITest\venv\lib\site-packages\selenium\webdriver\remote\webdriver.py", line 394, in find_element_by_xpath
    return self.find_element(by=By.XPATH, value=xpath)
  File "C:\Users\admin\PycharmProjects\UITest\venv\lib\site-packages\selenium\webdriver\remote\webdriver.py", line 978, in find_element
    'value': value})['value']
  File "C:\Users\admin\PycharmProjects\UITest\venv\lib\site-packages\selenium\webdriver\remote\webdriver.py", line 321, in execute
    self.error_handler.check_response(response)
  File "C:\Users\admin\PycharmProjects\UITest\venv\lib\site-packages\selenium\webdriver\remote\errorhandler.py", line 242, in check_response
    raise exception_class(message, screen, stacktrace)
selenium.common.exceptions.NoSuchElementException: Message: no such element: Unable to locate element: {"method":"xpath","selector":"//input[@class="ant-checkbox-input"]"}
  (Session info: chrome=73.0.3683.103)
  (Driver info: chromedriver=2.40.565498 (ea082db3280dd6843ebfb08a625e3eb905c4f5ab),platform=Windows NT 10.0.17134 x86_64)

2019-08-30 17:59:26,811 - framework.base_page - INFO - https://vaccine-staging.zcygov.cn/items/175600205?searchType=1&type=vaccine&utm=a0004.2ef5001f.0.0.33d8ffd0ca0411e9af8ed36431cbf75c 地址正常打开
2019-08-30 17:59:27,253 - framework.base_page - INFO - 点击元素成功//*[contains(text(),"加入购物车")]
2019-08-30 17:59:29,216 - framework.base_page - INFO - 点击元素成功//*[contains(text(),"查看购物车")]
2019-08-30 17:59:49,015 - framework.base_page - INFO - 点击元素成功select2-selection__placeholder
2019-08-30 17:59:49,098 - framework.base_page - INFO - 点击元素成功//li[text()="席胜军"]
2019-08-30 17:59:49,244 - framework.base_page - INFO - 点击元素成功//button[text()="提交"]
2019-08-30 17:59:49,730 - framework.base_page - INFO - 点击元素成功submit
2019-08-30 17:59:51,724 - framework.base_page - INFO - 点击元素成功//button[@class="btn btn-minor submit close"]
2019-08-30 17:59:53,484 - framework.base_page - INFO - 点击元素成功div.pur-list-body > table > tbody > tr:nth-child(1) > td:nth-child(7) > a:nth-child(1)
2019-08-30 17:59:53,679 - framework.base_page - INFO - 点击元素成功//button[text()="提交审核意见"]
2019-08-30 17:59:53,772 - framework.base_page - INFO - 点击元素成功submit
2019-08-30 17:59:55,904 - framework.base_page - INFO - 点击元素成功//button[@class="btn btn-minor submit close"]
2019-08-30 17:59:58,116 - framework.base_page - INFO - 点击元素成功div.pur-list-body > table > tbody > tr:nth-child(1) > td:nth-child(7) > a:nth-child(1)
2019-08-30 17:59:58,237 - framework.base_page - INFO - 点击元素成功//button[text()="提交审核意见"]
2019-08-30 17:59:58,327 - framework.base_page - INFO - 点击元素成功submit
2019-08-30 18:00:00,015 - framework.base_page - INFO - 点击元素成功//button[@class="btn btn-minor submit close"]
2019-08-30 18:00:01,858 - framework.base_page - INFO - 点击元素成功div.pur-list-body > table > tbody > tr:nth-child(1) > td:nth-child(7) > a:nth-child(1)
2019-08-30 18:00:01,992 - framework.base_page - INFO - 点击元素成功//button[text()="提交审核意见"]
2019-08-30 18:00:02,076 - framework.base_page - INFO - 点击元素成功submit
2019-08-30 18:00:04,001 - framework.base_page - INFO - 点击元素成功//button[@class="btn btn-minor submit close"]
2019-08-30 18:00:05,626 - framework.base_page - INFO - 点击元素成功div.pur-list-body > table > tbody > tr:nth-child(1) > td:nth-child(7) > a:nth-child(1)
2019-08-30 18:00:05,744 - framework.base_page - INFO - 点击元素成功//button[text()="确定订单"]
2019-08-30 18:00:08,652 - framework.base_page - INFO - 刷新页面
2019-08-30 18:00:10,044 - framework.base_page - INFO - 点击元素成功div.order-form-list-body > table > tbody > tr:nth-child(1) > td:nth-child(8)> a:nth-child(1)
2019-08-30 18:00:10,115 - framework.base_page - INFO - 清除文本框内容成功js-cancel-reason
2019-08-30 18:00:10,198 - framework.base_page - INFO - 输入的内容：测试环境取消订单
2019-08-30 18:00:10,289 - framework.base_page - INFO - 点击元素成功//button[text()="确定"]
2019-08-30 18:00:10,313 - framework.base_page - INFO - 刷新页面
2019-08-30 18:00:12,064 - framework.base_page - INFO - 获取元素内容: 订单取消
2019-08-30 18:00:12,347 - framework.base_page - INFO - 截图 [test_33312_pass.png] 成功保存在 [C:\Users\admin\PycharmProjects\Zcy_Vaccine\reports\screenshots\pass]
2019-08-30 18:00:12,360 - framework.myunit - INFO - ************************test case run completed************************
2019-08-30 18:00:14,683 - framework.myunit - INFO - quit the browser success!
