2019-09-16 17:19:28,555 - framework.testreport - INFO - successed to generate test report [C:\Users\admin\PycharmProjects\Zcy_Vaccine\reports\testReport\report2019-09-16 17_19_28.html]
2019-09-16 17:19:31,013 - framework.driver - INFO - found the chrome driver [<selenium.webdriver.chrome.webdriver.WebDriver (session="1d85f9818ecfb9830ed249dd41cbd050")>] successed !
2019-09-16 17:19:31,013 - framework.myunit - INFO - opened the browser successed!
2019-09-16 17:19:34,855 - pageobjects.login_page - INFO - https://login-staging.zcygov.cn/login 打开登录地址成功
2019-09-16 17:19:34,926 - framework.base_page - INFO - 清除文本框内容成功username
2019-09-16 17:19:35,053 - framework.base_page - INFO - 输入的内容：13777466979
2019-09-16 17:19:35,122 - framework.base_page - INFO - 清除文本框内容成功password
2019-09-16 17:19:35,235 - framework.base_page - INFO - 输入的内容：test123456
2019-09-16 17:19:39,401 - framework.base_page - INFO - 点击元素成功//button[@class='ant-btn login-btn password-login ant-btn-primary']
2019-09-16 17:19:39,401 - framework.myunit - INFO - ************************starting run test cases************************
2019-09-16 17:19:40,387 - framework.base_page - INFO - https://cart-staging.zcygov.cn/ 地址正常打开
2019-09-16 17:19:46,430 - pageobjects.order_page - ERROR - 未找到全选按钮
Traceback (most recent call last):
  File "C:\Users\admin\PycharmProjects\Zcy_Vaccine\pageobjects\order_page.py", line 36, in clearcart
    self.driver.find_element_by_xpath('//input[@class="ant-checkbox-input"]').click()
  File "C:\Users\admin\PycharmProjects\UITest\venv\lib\site-packages\selenium\webdriver\remote\webdriver.py", line 394, in find_element_by_xpath
    return self.find_element(by=By.XPATH, value=xpath)
  File "C:\Users\admin\PycharmProjects\UITest\venv\lib\site-packages\selenium\webdriver\remote\webdriver.py", line 978, in find_element
    'value': value})['value']
  File "C:\Users\admin\PycharmProjects\UITest\venv\lib\site-packages\selenium\webdriver\remote\webdriver.py", line 321, in execute
    self.error_handler.check_response(response)
  File "C:\Users\admin\PycharmProjects\UITest\venv\lib\site-packages\selenium\webdriver\remote\errorhandler.py", line 242, in check_response
    raise exception_class(message, screen, stacktrace)
selenium.common.exceptions.NoSuchElementException: Message: no such element: Unable to locate element: {"method":"xpath","selector":"//input[@class="ant-checkbox-input"]"}
  (Session info: chrome=77.0.3865.75)

2019-09-16 17:19:46,694 - framework.base_page - INFO - 截图 [test_33324_pass.png] 成功保存在 [C:\Users\admin\PycharmProjects\Zcy_Vaccine\reports\screenshots\pass]
2019-09-16 17:19:46,694 - test_33324 - INFO - 运行成功：清空购物车成功
2019-09-16 17:19:46,710 - framework.myunit - INFO - ************************test case run completed************************
2019-09-16 17:19:48,938 - framework.myunit - INFO - quit the browser success!
