2019-08-28 17:24:21,770 - framework.testreport - INFO - successed to generate test report [C:\Users\admin\PycharmProjects\Vaccine\reports\testReport\report2019-08-28 17_24_21.html]
2019-08-28 17:24:25,058 - framework.driver - INFO - found the chrome driver [<selenium.webdriver.chrome.webdriver.WebDriver (session="13b84a167a06da7ca2483619afaf96db")>] successed !
2019-08-28 17:24:26,201 - framework.myunit - INFO - opened the browser successed!
2019-08-28 17:24:28,260 - pageobjects.login_page - INFO - https://login-staging.zcygov.cn/login 打开登录地址成功
2019-08-28 17:24:28,385 - framework.base_page - INFO - 清除文本框内容成功username
2019-08-28 17:24:28,611 - framework.base_page - INFO - 输入的内容：13777466979
2019-08-28 17:24:28,715 - framework.base_page - INFO - 清除文本框内容成功password
2019-08-28 17:24:28,865 - framework.base_page - INFO - 输入的内容：test123456
2019-08-28 17:24:34,131 - framework.base_page - INFO - 点击元素成功//button[@class='ant-btn login-btn password-login ant-btn-primary']
2019-08-28 17:24:34,132 - framework.myunit - INFO - ************************starting run test cases************************
2019-08-28 17:24:35,778 - framework.base_page - INFO - https://cart-staging.zcygov.cn/ 地址正常打开
2019-08-28 17:24:43,911 - framework.base_page - ERROR - 查找元素超时:float-bar-action-del
Traceback (most recent call last):
  File "C:\Users\admin\PycharmProjects\Vaccine\framework\base_page.py", line 94, in find_element
    EC.visibility_of(self.driver.find_element_by_class_name(value)))
  File "C:\Users\admin\PycharmProjects\UITest\venv\lib\site-packages\selenium\webdriver\remote\webdriver.py", line 564, in find_element_by_class_name
    return self.find_element(by=By.CLASS_NAME, value=name)
  File "C:\Users\admin\PycharmProjects\UITest\venv\lib\site-packages\selenium\webdriver\remote\webdriver.py", line 978, in find_element
    'value': value})['value']
  File "C:\Users\admin\PycharmProjects\UITest\venv\lib\site-packages\selenium\webdriver\remote\webdriver.py", line 321, in execute
    self.error_handler.check_response(response)
  File "C:\Users\admin\PycharmProjects\UITest\venv\lib\site-packages\selenium\webdriver\remote\errorhandler.py", line 242, in check_response
    raise exception_class(message, screen, stacktrace)
selenium.common.exceptions.NoSuchElementException: Message: no such element: Unable to locate element: {"method":"class name","selector":"float-bar-action-del"}
  (Session info: chrome=73.0.3683.103)
  (Driver info: chromedriver=2.40.565498 (ea082db3280dd6843ebfb08a625e3eb905c4f5ab),platform=Windows NT 10.0.17134 x86_64)

2019-08-28 17:24:43,912 - pageobjects.order_page - INFO - 删除商品失败
2019-08-28 17:24:44,306 - framework.base_page - INFO - 截图 [test_33324_fail.png] 成功保存在 [C:\Users\admin\PycharmProjects\Vaccine\reports\screenshots\fail]
2019-08-28 17:24:44,327 - framework.myunit - INFO - ************************test case run completed************************
2019-08-28 17:24:45,402 - pageobjects.login_page - INFO - https://login-staging.zcygov.cn/login 打开登录地址成功
2019-08-28 17:24:45,502 - framework.base_page - INFO - 清除文本框内容成功username
2019-08-28 17:24:45,662 - framework.base_page - INFO - 输入的内容：13777466979
2019-08-28 17:24:45,744 - framework.base_page - INFO - 清除文本框内容成功password
2019-08-28 17:24:45,873 - framework.base_page - INFO - 输入的内容：test123456
2019-08-28 17:24:46,996 - framework.base_page - INFO - 点击元素成功//button[@class='ant-btn login-btn password-login ant-btn-primary']
2019-08-28 17:24:46,996 - framework.myunit - INFO - ************************starting run test cases************************
2019-08-28 17:24:47,180 - framework.base_page - INFO - https://cart-staging.zcygov.cn/ 地址正常打开
2019-08-28 17:24:52,370 - framework.base_page - INFO - 点击元素成功float-bar-action-del
2019-08-28 17:24:55,387 - framework.base_page - ERROR - 查找元素超时:ant-btn.ant-btn-primary.ant-btn-sm.ant-btn-two-chinese-chars
Traceback (most recent call last):
  File "C:\Users\admin\PycharmProjects\Vaccine\framework\base_page.py", line 94, in find_element
    EC.visibility_of(self.driver.find_element_by_class_name(value)))
  File "C:\Users\admin\PycharmProjects\UITest\venv\lib\site-packages\selenium\webdriver\remote\webdriver.py", line 564, in find_element_by_class_name
    return self.find_element(by=By.CLASS_NAME, value=name)
  File "C:\Users\admin\PycharmProjects\UITest\venv\lib\site-packages\selenium\webdriver\remote\webdriver.py", line 978, in find_element
    'value': value})['value']
  File "C:\Users\admin\PycharmProjects\UITest\venv\lib\site-packages\selenium\webdriver\remote\webdriver.py", line 321, in execute
    self.error_handler.check_response(response)
  File "C:\Users\admin\PycharmProjects\UITest\venv\lib\site-packages\selenium\webdriver\remote\errorhandler.py", line 242, in check_response
    raise exception_class(message, screen, stacktrace)
selenium.common.exceptions.NoSuchElementException: Message: no such element: Unable to locate element: {"method":"class name","selector":"ant-btn.ant-btn-primary.ant-btn-sm.ant-btn-two-chinese-chars"}
  (Session info: chrome=73.0.3683.103)
  (Driver info: chromedriver=2.40.565498 (ea082db3280dd6843ebfb08a625e3eb905c4f5ab),platform=Windows NT 10.0.17134 x86_64)

2019-08-28 17:24:55,387 - pageobjects.order_page - INFO - 删除商品失败
2019-08-28 17:24:55,657 - framework.base_page - INFO - 截图 [test_33324_fail.png] 成功保存在 [C:\Users\admin\PycharmProjects\Vaccine\reports\screenshots\fail]
2019-08-28 17:24:55,681 - framework.myunit - INFO - ************************test case run completed************************
2019-08-28 17:24:58,556 - framework.myunit - INFO - quit the browser success!
