2019-08-27 20:06:29,750 - framework.testreport - INFO - successed to generate test report [C:\Users\admin\PycharmProjects\Vaccine\reports\testReport\report2019-08-27 20_06_29.html]
2019-08-27 20:06:32,880 - framework.driver - INFO - found the chrome driver [<selenium.webdriver.chrome.webdriver.WebDriver (session="bc4395a8c468638f1d3c239e639beb77")>] successed !
2019-08-27 20:06:34,017 - framework.myunit - INFO - opened the browser successed!
2019-08-27 20:06:35,875 - pageobjects.login_page - INFO - https://login-staging.zcygov.cn/login 打开登录地址成功
2019-08-27 20:06:35,941 - framework.base_page - INFO - 清除文本框内容成功username
2019-08-27 20:06:36,054 - framework.base_page - INFO - 输入的内容：13777466979
2019-08-27 20:06:36,122 - framework.base_page - INFO - 清除文本框内容成功password
2019-08-27 20:06:36,237 - framework.base_page - INFO - 输入的内容：test123456
2019-08-27 20:06:40,123 - framework.base_page - INFO - 点击元素成功//button[@class='ant-btn login-btn password-login ant-btn-primary']
2019-08-27 20:06:40,123 - framework.myunit - INFO - ************************starting run test cases************************
2019-08-27 20:06:45,155 - framework.base_page - ERROR - 查找元素超时!
Traceback (most recent call last):
  File "C:\Users\admin\PycharmProjects\Vaccine\framework\base_page.py", line 100, in find_element
    EC.visibility_of(self.driver.find_element_by_link_text(value)))
  File "C:\Users\admin\PycharmProjects\UITest\venv\lib\site-packages\selenium\webdriver\remote\webdriver.py", line 428, in find_element_by_link_text
    return self.find_element(by=By.LINK_TEXT, value=link_text)
  File "C:\Users\admin\PycharmProjects\UITest\venv\lib\site-packages\selenium\webdriver\remote\webdriver.py", line 978, in find_element
    'value': value})['value']
  File "C:\Users\admin\PycharmProjects\UITest\venv\lib\site-packages\selenium\webdriver\remote\webdriver.py", line 321, in execute
    self.error_handler.check_response(response)
  File "C:\Users\admin\PycharmProjects\UITest\venv\lib\site-packages\selenium\webdriver\remote\errorhandler.py", line 242, in check_response
    raise exception_class(message, screen, stacktrace)
selenium.common.exceptions.NoSuchElementException: Message: no such element: Unable to locate element: {"method":"link text","selector":"https://staging.zcygov.cn/"}
  (Session info: chrome=73.0.3683.103)
  (Driver info: chromedriver=2.40.565498 (ea082db3280dd6843ebfb08a625e3eb905c4f5ab),platform=Windows NT 10.0.17134 x86_64)

2019-08-27 20:06:45,380 - framework.myunit - INFO - ************************test case run completed************************
2019-08-27 20:06:46,675 - pageobjects.login_page - INFO - https://login-staging.zcygov.cn/login 打开登录地址成功
2019-08-27 20:06:46,732 - framework.base_page - INFO - 清除文本框内容成功username
2019-08-27 20:06:46,862 - framework.base_page - INFO - 输入的内容：13777466979
2019-08-27 20:06:46,924 - framework.base_page - INFO - 清除文本框内容成功password
2019-08-27 20:06:47,027 - framework.base_page - INFO - 输入的内容：test123456
2019-08-27 20:06:47,953 - framework.base_page - INFO - 点击元素成功//button[@class='ant-btn login-btn password-login ant-btn-primary']
2019-08-27 20:06:47,954 - framework.myunit - INFO - ************************starting run test cases************************
2019-08-27 20:06:52,967 - framework.base_page - ERROR - 查找元素超时!
Traceback (most recent call last):
  File "C:\Users\admin\PycharmProjects\Vaccine\framework\base_page.py", line 100, in find_element
    EC.visibility_of(self.driver.find_element_by_link_text(value)))
  File "C:\Users\admin\PycharmProjects\UITest\venv\lib\site-packages\selenium\webdriver\remote\webdriver.py", line 428, in find_element_by_link_text
    return self.find_element(by=By.LINK_TEXT, value=link_text)
  File "C:\Users\admin\PycharmProjects\UITest\venv\lib\site-packages\selenium\webdriver\remote\webdriver.py", line 978, in find_element
    'value': value})['value']
  File "C:\Users\admin\PycharmProjects\UITest\venv\lib\site-packages\selenium\webdriver\remote\webdriver.py", line 321, in execute
    self.error_handler.check_response(response)
  File "C:\Users\admin\PycharmProjects\UITest\venv\lib\site-packages\selenium\webdriver\remote\errorhandler.py", line 242, in check_response
    raise exception_class(message, screen, stacktrace)
selenium.common.exceptions.NoSuchElementException: Message: no such element: Unable to locate element: {"method":"link text","selector":"https://staging.zcygov.cn/"}
  (Session info: chrome=73.0.3683.103)
  (Driver info: chromedriver=2.40.565498 (ea082db3280dd6843ebfb08a625e3eb905c4f5ab),platform=Windows NT 10.0.17134 x86_64)

2019-08-27 20:06:53,102 - framework.myunit - INFO - ************************test case run completed************************
2019-08-27 20:06:56,038 - framework.myunit - INFO - quit the browser success!
