2019-09-03 15:51:04,954 - framework.testreport - INFO - successed to generate test report [C:\Users\admin\PycharmProjects\Zcy_Vaccine\reports\testReport\report2019-09-03 15_51_04.html]
2019-09-03 15:51:07,477 - framework.driver - INFO - found the chrome driver [<selenium.webdriver.chrome.webdriver.WebDriver (session="451e874b5c96883b895278a6894aee04")>] successed !
2019-09-03 15:51:08,606 - framework.myunit - INFO - opened the browser successed!
2019-09-03 15:51:10,674 - pageobjects.login_page - INFO - https://login-staging.zcygov.cn/login 打开登录地址成功
2019-09-03 15:51:10,751 - framework.base_page - INFO - 清除文本框内容成功username
2019-09-03 15:51:10,900 - framework.base_page - INFO - 输入的内容：13777466979
2019-09-03 15:51:10,963 - framework.base_page - INFO - 清除文本框内容成功password
2019-09-03 15:51:11,063 - framework.base_page - INFO - 输入的内容：test123456
2019-09-03 15:51:15,285 - framework.base_page - INFO - 点击元素成功//button[@class='ant-btn login-btn password-login ant-btn-primary']
2019-09-03 15:51:15,285 - framework.myunit - INFO - ************************starting run test cases************************
2019-09-03 15:51:15,645 - framework.base_page - INFO - https://staging.zcygov.cn/buyer/vaccine-orders 地址正常打开
2019-09-03 15:51:18,659 - framework.base_page - ERROR - 查找元素超时:header-right-user-avatar
Traceback (most recent call last):
  File "C:\Users\admin\PycharmProjects\Zcy_Vaccine\framework\base_page.py", line 94, in find_element
    EC.visibility_of(self.driver.find_element_by_class_name(value)))
  File "C:\Users\admin\PycharmProjects\UITest\venv\lib\site-packages\selenium\webdriver\remote\webdriver.py", line 564, in find_element_by_class_name
    return self.find_element(by=By.CLASS_NAME, value=name)
  File "C:\Users\admin\PycharmProjects\UITest\venv\lib\site-packages\selenium\webdriver\remote\webdriver.py", line 978, in find_element
    'value': value})['value']
  File "C:\Users\admin\PycharmProjects\UITest\venv\lib\site-packages\selenium\webdriver\remote\webdriver.py", line 321, in execute
    self.error_handler.check_response(response)
  File "C:\Users\admin\PycharmProjects\UITest\venv\lib\site-packages\selenium\webdriver\remote\errorhandler.py", line 242, in check_response
    raise exception_class(message, screen, stacktrace)
selenium.common.exceptions.NoSuchElementException: Message: no such element: Unable to locate element: {"method":"class name","selector":"header-right-user-avatar"}
  (Session info: chrome=73.0.3683.103)
  (Driver info: chromedriver=2.40.565498 (ea082db3280dd6843ebfb08a625e3eb905c4f5ab),platform=Windows NT 10.0.17134 x86_64)

2019-09-03 15:51:19,800 - framework.myunit - INFO - ************************test case run completed************************
2019-09-03 15:51:20,901 - pageobjects.login_page - INFO - https://login-staging.zcygov.cn/login 打开登录地址成功
2019-09-03 15:51:20,966 - framework.base_page - INFO - 清除文本框内容成功username
2019-09-03 15:51:21,094 - framework.base_page - INFO - 输入的内容：13777466979
2019-09-03 15:51:21,156 - framework.base_page - INFO - 清除文本框内容成功password
2019-09-03 15:51:21,245 - framework.base_page - INFO - 输入的内容：test123456
2019-09-03 15:51:22,421 - framework.base_page - INFO - 点击元素成功//button[@class='ant-btn login-btn password-login ant-btn-primary']
2019-09-03 15:51:22,422 - framework.myunit - INFO - ************************starting run test cases************************
2019-09-03 15:51:23,242 - framework.base_page - INFO - https://staging.zcygov.cn/buyer/vaccine-orders 地址正常打开
2019-09-03 15:51:23,329 - framework.base_page - INFO - 点击元素成功header-right-user-avatar
2019-09-03 15:51:24,627 - framework.base_page - INFO - 点击元素成功logout
2019-09-03 15:51:29,692 - framework.base_page - INFO - 清除文本框内容成功username
2019-09-03 15:51:29,787 - framework.base_page - INFO - 输入的内容：SINOVAC
2019-09-03 15:51:29,843 - framework.base_page - INFO - 清除文本框内容成功password
2019-09-03 15:51:29,938 - framework.base_page - INFO - 输入的内容：test123456
2019-09-03 15:51:31,634 - framework.base_page - INFO - 点击元素成功//button[@class='ant-btn login-btn password-login ant-btn-primary']
2019-09-03 15:51:38,639 - framework.base_page - INFO - https://staging.zcygov.cn/seller/vaccine-orders 地址正常打开
2019-09-03 15:51:41,679 - framework.base_page - ERROR - 查找元素超时:div.order-form-list-body > table > tbody > tr:nth-child(1)  > td:nth-child(7) > a:nth-child(3)
Traceback (most recent call last):
  File "C:\Users\admin\PycharmProjects\Zcy_Vaccine\framework\base_page.py", line 106, in find_element
    EC.visibility_of(self.driver.find_element_by_css_selector(value)))
  File "C:\Users\admin\PycharmProjects\UITest\venv\lib\site-packages\selenium\webdriver\remote\webdriver.py", line 598, in find_element_by_css_selector
    return self.find_element(by=By.CSS_SELECTOR, value=css_selector)
  File "C:\Users\admin\PycharmProjects\UITest\venv\lib\site-packages\selenium\webdriver\remote\webdriver.py", line 978, in find_element
    'value': value})['value']
  File "C:\Users\admin\PycharmProjects\UITest\venv\lib\site-packages\selenium\webdriver\remote\webdriver.py", line 321, in execute
    self.error_handler.check_response(response)
  File "C:\Users\admin\PycharmProjects\UITest\venv\lib\site-packages\selenium\webdriver\remote\errorhandler.py", line 242, in check_response
    raise exception_class(message, screen, stacktrace)
selenium.common.exceptions.NoSuchElementException: Message: no such element: Unable to locate element: {"method":"css selector","selector":"div.order-form-list-body > table > tbody > tr:nth-child(1)  > td:nth-child(7) > a:nth-child(3)"}
  (Session info: chrome=73.0.3683.103)
  (Driver info: chromedriver=2.40.565498 (ea082db3280dd6843ebfb08a625e3eb905c4f5ab),platform=Windows NT 10.0.17134 x86_64)

2019-09-03 15:51:41,694 - framework.myunit - INFO - ************************test case run completed************************
2019-09-03 15:51:45,811 - framework.myunit - INFO - quit the browser success!
