2019-09-16 16:29:37,901 - framework.testreport - INFO - successed to generate test report [C:\Users\admin\PycharmProjects\Zcy_Vaccine\reports\testReport\report2019-09-16 16_29_37.html]
2019-09-16 16:29:40,430 - framework.driver - INFO - found the chrome driver [<selenium.webdriver.chrome.webdriver.WebDriver (session="f6d3361fdf9f47411445feb3be5033d6")>] successed !
2019-09-16 16:29:40,430 - framework.myunit - INFO - opened the browser successed!
2019-09-16 16:29:42,463 - pageobjects.login_page - INFO - https://login-staging.zcygov.cn/login 打开登录地址成功
2019-09-16 16:29:42,546 - framework.base_page - INFO - 清除文本框内容成功username
2019-09-16 16:29:42,688 - framework.base_page - INFO - 输入的内容：13777466979
2019-09-16 16:29:42,752 - framework.base_page - INFO - 清除文本框内容成功password
2019-09-16 16:29:42,855 - framework.base_page - INFO - 输入的内容：test123456
2019-09-16 16:29:46,741 - framework.base_page - INFO - 点击元素成功//button[@class='ant-btn login-btn password-login ant-btn-primary']
2019-09-16 16:29:46,741 - framework.myunit - INFO - ************************starting run test cases************************
2019-09-16 16:29:49,229 - framework.base_page - INFO - https://cart-staging.zcygov.cn/ 地址正常打开
2019-09-16 16:29:55,283 - pageobjects.order_page - ERROR - 未找到全选按钮
Traceback (most recent call last):
  File "C:\Users\admin\PycharmProjects\Zcy_Vaccine\pageobjects\order_page.py", line 36, in clearcart
    self.driver.find_element_by_xpath('//input[@class="ant-checkbox-input"]').click()
  File "C:\Users\admin\PycharmProjects\UITest\venv\lib\site-packages\selenium\webdriver\remote\webdriver.py", line 394, in find_element_by_xpath
    return self.find_element(by=By.XPATH, value=xpath)
  File "C:\Users\admin\PycharmProjects\UITest\venv\lib\site-packages\selenium\webdriver\remote\webdriver.py", line 978, in find_element
    'value': value})['value']
  File "C:\Users\admin\PycharmProjects\UITest\venv\lib\site-packages\selenium\webdriver\remote\webdriver.py", line 321, in execute
    self.error_handler.check_response(response)
  File "C:\Users\admin\PycharmProjects\UITest\venv\lib\site-packages\selenium\webdriver\remote\errorhandler.py", line 242, in check_response
    raise exception_class(message, screen, stacktrace)
selenium.common.exceptions.NoSuchElementException: Message: no such element: Unable to locate element: {"method":"xpath","selector":"//input[@class="ant-checkbox-input"]"}
  (Session info: chrome=77.0.3865.75)

2019-09-16 16:29:56,256 - framework.base_page - INFO - https://vaccine-staging.zcygov.cn/items/175600205?searchType=1&type=vaccine&utm=a0004.2ef5001f.0.0.33d8ffd0ca0411e9af8ed36431cbf75c 地址正常打开
2019-09-16 16:29:56,963 - framework.base_page - INFO - 点击元素成功//*[contains(text(),"加入购物车")]
2019-09-16 16:29:58,239 - framework.base_page - INFO - 点击元素成功//*[contains(text(),"查看购物车")]
2019-09-16 16:30:15,051 - framework.base_page - INFO - 点击元素成功select2-selection__placeholder
2019-09-16 16:30:15,129 - framework.base_page - INFO - 点击元素成功//li[text()="席胜军"]
2019-09-16 16:30:15,244 - framework.base_page - INFO - 点击元素成功//button[text()="提交"]
2019-09-16 16:30:15,651 - framework.base_page - INFO - 点击元素成功submit
2019-09-16 16:30:17,242 - framework.base_page - INFO - 点击元素成功//button[@class="btn btn-minor submit close"]
2019-09-16 16:30:18,662 - framework.base_page - INFO - 点击元素成功div.pur-list-body > table > tbody > tr:nth-child(1) > td:nth-child(7) > a:nth-child(1)
2019-09-16 16:30:18,792 - framework.base_page - INFO - 点击元素成功//button[text()="提交审核意见"]
2019-09-16 16:30:18,902 - framework.base_page - INFO - 点击元素成功submit
2019-09-16 16:30:20,313 - framework.base_page - INFO - 点击元素成功//button[@class="btn btn-minor submit close"]
2019-09-16 16:30:21,751 - framework.base_page - INFO - 点击元素成功div.pur-list-body > table > tbody > tr:nth-child(1) > td:nth-child(7) > a:nth-child(1)
2019-09-16 16:30:21,893 - framework.base_page - INFO - 点击元素成功//button[text()="提交审核意见"]
2019-09-16 16:30:21,977 - framework.base_page - INFO - 点击元素成功submit
2019-09-16 16:30:23,279 - framework.base_page - INFO - 点击元素成功//button[@class="btn btn-minor submit close"]
2019-09-16 16:30:23,382 - framework.base_page - INFO - 获取元素内容: 单位审核
2019-09-16 16:30:23,677 - framework.base_page - INFO - 截图 [test_33308_pass.png] 成功保存在 [C:\Users\admin\PycharmProjects\Zcy_Vaccine\reports\screenshots\pass]
2019-09-16 16:30:23,677 - test_33308 - INFO - 运行成功：财务审核成功
2019-09-16 16:30:23,689 - framework.myunit - INFO - ************************test case run completed************************
2019-09-16 16:30:25,902 - framework.myunit - INFO - quit the browser success!
