2019-08-29 13:35:09,073 - framework.testreport - INFO - successed to generate test report [C:\Users\admin\PycharmProjects\Zcy_Vaccine\reports\testReport\report2019-08-29 13_35_09.html]
2019-08-29 13:35:11,685 - framework.driver - INFO - found the chrome driver [<selenium.webdriver.chrome.webdriver.WebDriver (session="4d41f3d3ffe8852ef2b9abf30a1646d0")>] successed !
2019-08-29 13:35:12,810 - framework.myunit - INFO - opened the browser successed!
2019-08-29 13:35:15,128 - pageobjects.login_page - INFO - https://login-staging.zcygov.cn/login 打开登录地址成功
2019-08-29 13:35:15,193 - framework.base_page - INFO - 清除文本框内容成功username
2019-08-29 13:35:15,332 - framework.base_page - INFO - 输入的内容：13777466979
2019-08-29 13:35:15,393 - framework.base_page - INFO - 清除文本框内容成功password
2019-08-29 13:35:15,484 - framework.base_page - INFO - 输入的内容：test123456
2019-08-29 13:35:19,438 - framework.base_page - INFO - 点击元素成功//button[@class='ant-btn login-btn password-login ant-btn-primary']
2019-08-29 13:35:19,438 - framework.myunit - INFO - ************************starting run test cases************************
2019-08-29 13:35:20,516 - framework.base_page - INFO - https://cart-staging.zcygov.cn/ 地址正常打开
2019-08-29 13:35:23,708 - framework.base_page - INFO - 点击元素成功//div[@class="float-bar-action-del"]/a[text()="删除"]
2019-08-29 13:35:29,757 - pageobjects.order_page - INFO - 删除商品失败
2019-08-29 13:35:30,012 - framework.base_page - INFO - 截图 [test_33324_fail.png] 成功保存在 [C:\Users\admin\PycharmProjects\Zcy_Vaccine\reports\screenshots\fail]
2019-08-29 13:35:30,029 - framework.myunit - INFO - ************************test case run completed************************
2019-08-29 13:35:30,958 - pageobjects.login_page - INFO - https://login-staging.zcygov.cn/login 打开登录地址成功
2019-08-29 13:35:31,023 - framework.base_page - INFO - 清除文本框内容成功username
2019-08-29 13:35:31,134 - framework.base_page - INFO - 输入的内容：13777466979
2019-08-29 13:35:31,194 - framework.base_page - INFO - 清除文本框内容成功password
2019-08-29 13:35:31,292 - framework.base_page - INFO - 输入的内容：test123456
2019-08-29 13:35:32,901 - framework.base_page - INFO - 点击元素成功//button[@class='ant-btn login-btn password-login ant-btn-primary']
2019-08-29 13:35:32,901 - framework.myunit - INFO - ************************starting run test cases************************
2019-08-29 13:35:33,344 - framework.base_page - INFO - https://cart-staging.zcygov.cn/ 地址正常打开
2019-08-29 13:35:36,502 - framework.base_page - INFO - 点击元素成功//div[@class="float-bar-action-del"]/a[text()="删除"]
2019-08-29 13:35:39,569 - pageobjects.order_page - INFO - 删除商品成功
2019-08-29 13:35:39,862 - framework.base_page - INFO - 截图 [test_33324_pass.png] 成功保存在 [C:\Users\admin\PycharmProjects\Zcy_Vaccine\reports\screenshots\pass]
2019-08-29 13:35:39,862 - test_33324 - INFO - 清空购物车成功
2019-08-29 13:35:39,873 - framework.myunit - INFO - ************************test case run completed************************
2019-08-29 13:35:42,085 - framework.myunit - INFO - quit the browser success!
2019-08-29 13:35:57,825 - framework.testreport - INFO - successed to generate test report [C:\Users\admin\PycharmProjects\Zcy_Vaccine\reports\testReport\report2019-08-29 13_35_57.html]
2019-08-29 13:36:00,472 - framework.driver - INFO - found the chrome driver [<selenium.webdriver.chrome.webdriver.WebDriver (session="1f30a25721cb1faedb1d132cb3884caa")>] successed !
2019-08-29 13:36:01,606 - framework.myunit - INFO - opened the browser successed!
2019-08-29 13:36:03,764 - pageobjects.login_page - INFO - https://login-staging.zcygov.cn/login 打开登录地址成功
2019-08-29 13:36:03,829 - framework.base_page - INFO - 清除文本框内容成功username
2019-08-29 13:36:03,931 - framework.base_page - INFO - 输入的内容：13777466979
2019-08-29 13:36:03,996 - framework.base_page - INFO - 清除文本框内容成功password
2019-08-29 13:36:04,087 - framework.base_page - INFO - 输入的内容：test123456
2019-08-29 13:36:08,205 - framework.base_page - INFO - 点击元素成功//button[@class='ant-btn login-btn password-login ant-btn-primary']
2019-08-29 13:36:08,205 - framework.myunit - INFO - ************************starting run test cases************************
2019-08-29 13:36:09,192 - framework.base_page - INFO - https://cart-staging.zcygov.cn/ 地址正常打开
2019-08-29 13:36:15,256 - pageobjects.order_page - ERROR - 未查找到该元素
Traceback (most recent call last):
  File "C:\Users\admin\PycharmProjects\Zcy_Vaccine\pageobjects\order_page.py", line 35, in clearcart
    self.driver.find_element_by_xpath('//input[@class="ant-checkbox-input"]').click()
  File "C:\Users\admin\PycharmProjects\UITest\venv\lib\site-packages\selenium\webdriver\remote\webdriver.py", line 394, in find_element_by_xpath
    return self.find_element(by=By.XPATH, value=xpath)
  File "C:\Users\admin\PycharmProjects\UITest\venv\lib\site-packages\selenium\webdriver\remote\webdriver.py", line 978, in find_element
    'value': value})['value']
  File "C:\Users\admin\PycharmProjects\UITest\venv\lib\site-packages\selenium\webdriver\remote\webdriver.py", line 321, in execute
    self.error_handler.check_response(response)
  File "C:\Users\admin\PycharmProjects\UITest\venv\lib\site-packages\selenium\webdriver\remote\errorhandler.py", line 242, in check_response
    raise exception_class(message, screen, stacktrace)
selenium.common.exceptions.NoSuchElementException: Message: no such element: Unable to locate element: {"method":"xpath","selector":"//input[@class="ant-checkbox-input"]"}
  (Session info: chrome=73.0.3683.103)
  (Driver info: chromedriver=2.40.565498 (ea082db3280dd6843ebfb08a625e3eb905c4f5ab),platform=Windows NT 10.0.17134 x86_64)

2019-08-29 13:36:15,540 - framework.base_page - INFO - 截图 [test_33324_pass.png] 成功保存在 [C:\Users\admin\PycharmProjects\Zcy_Vaccine\reports\screenshots\pass]
2019-08-29 13:36:15,540 - test_33324 - INFO - 清空购物车成功
2019-08-29 13:36:15,562 - framework.myunit - INFO - ************************test case run completed************************
2019-08-29 13:36:17,770 - framework.myunit - INFO - quit the browser success!
