2019-08-29 13:42:14,787 - framework.testreport - INFO - successed to generate test report [C:\Users\admin\PycharmProjects\Zcy_Vaccine\reports\testReport\report2019-08-29 13_42_14.html]
2019-08-29 13:42:17,287 - framework.driver - INFO - found the chrome driver [<selenium.webdriver.chrome.webdriver.WebDriver (session="0a02cfbcacdfe7574fa12b13a08edcc0")>] successed !
2019-08-29 13:42:18,406 - framework.myunit - INFO - opened the browser successed!
2019-08-29 13:42:20,363 - pageobjects.login_page - INFO - https://login-staging.zcygov.cn/login 打开登录地址成功
2019-08-29 13:42:20,432 - framework.base_page - INFO - 清除文本框内容成功username
2019-08-29 13:42:20,546 - framework.base_page - INFO - 输入的内容：13777466979
2019-08-29 13:42:20,608 - framework.base_page - INFO - 清除文本框内容成功password
2019-08-29 13:42:20,689 - framework.base_page - INFO - 输入的内容：test123456
2019-08-29 13:42:25,404 - framework.base_page - INFO - 点击元素成功//button[@class='ant-btn login-btn password-login ant-btn-primary']
2019-08-29 13:42:25,404 - framework.myunit - INFO - ************************starting run test cases************************
2019-08-29 13:42:26,623 - framework.base_page - INFO - https://cart-staging.zcygov.cn/ 地址正常打开
2019-08-29 13:42:32,677 - pageobjects.order_page - ERROR - 未查找到该元素
Traceback (most recent call last):
  File "C:\Users\admin\PycharmProjects\Zcy_Vaccine\pageobjects\order_page.py", line 35, in clearcart
    self.driver.find_element_by_xpath('//input[@class="ant-checkbox-input"]').click()
  File "C:\Users\admin\PycharmProjects\UITest\venv\lib\site-packages\selenium\webdriver\remote\webdriver.py", line 394, in find_element_by_xpath
    return self.find_element(by=By.XPATH, value=xpath)
  File "C:\Users\admin\PycharmProjects\UITest\venv\lib\site-packages\selenium\webdriver\remote\webdriver.py", line 978, in find_element
    'value': value})['value']
  File "C:\Users\admin\PycharmProjects\UITest\venv\lib\site-packages\selenium\webdriver\remote\webdriver.py", line 321, in execute
    self.error_handler.check_response(response)
  File "C:\Users\admin\PycharmProjects\UITest\venv\lib\site-packages\selenium\webdriver\remote\errorhandler.py", line 242, in check_response
    raise exception_class(message, screen, stacktrace)
selenium.common.exceptions.NoSuchElementException: Message: no such element: Unable to locate element: {"method":"xpath","selector":"//input[@class="ant-checkbox-input"]"}
  (Session info: chrome=73.0.3683.103)
  (Driver info: chromedriver=2.40.565498 (ea082db3280dd6843ebfb08a625e3eb905c4f5ab),platform=Windows NT 10.0.17134 x86_64)

2019-08-29 13:42:33,972 - framework.base_page - INFO - https://vaccine-staging.zcygov.cn/items/175600205?searchType=1&type=vaccine&utm=a0004.2ef5001f.0.0.33d8ffd0ca0411e9af8ed36431cbf75c 地址正常打开
2019-08-29 13:42:39,104 - framework.base_page - INFO - 点击元素成功//button[@class="po-button po-button--primary po-button--medium is-plain"]
2019-08-29 13:42:40,445 - framework.base_page - INFO - 点击元素成功//*[contains(text(),"查看购物车")]
2019-08-29 13:42:47,738 - framework.base_page - INFO - 截图 [test_33304_pass.png] 成功保存在 [C:\Users\admin\PycharmProjects\Zcy_Vaccine\reports\screenshots\pass]
2019-08-29 13:42:47,738 - test_33304 - INFO - 加入购物车成功
2019-08-29 13:42:47,753 - framework.myunit - INFO - ************************test case run completed************************
2019-08-29 13:42:49,973 - framework.myunit - INFO - quit the browser success!
