2019-09-04 15:58:01,884 - framework.testreport - INFO - successed to generate test report [C:\Users\admin\PycharmProjects\Zcy_Vaccine\reports\testReport\report2019-09-04 15_58_01.html]
2019-09-04 15:58:04,435 - framework.driver - INFO - found the chrome driver [<selenium.webdriver.chrome.webdriver.WebDriver (session="c4b3cd2ca30137f771e5f8ac26cf600e")>] successed !
2019-09-04 15:58:05,559 - framework.myunit - INFO - opened the browser successed!
2019-09-04 15:58:09,500 - pageobjects.login_page - INFO - https://login-staging.zcygov.cn/login 打开登录地址成功
2019-09-04 15:58:09,565 - framework.base_page - INFO - 清除文本框内容成功username
2019-09-04 15:58:09,683 - framework.base_page - INFO - 输入的内容：13777466979
2019-09-04 15:58:09,749 - framework.base_page - INFO - 清除文本框内容成功password
2019-09-04 15:58:09,852 - framework.base_page - INFO - 输入的内容：test123456
2019-09-04 15:58:13,750 - framework.base_page - INFO - 点击元素成功//button[@class='ant-btn login-btn password-login ant-btn-primary']
2019-09-04 15:58:13,750 - framework.myunit - INFO - ************************starting run test cases************************
2019-09-04 15:58:15,033 - framework.base_page - INFO - https://cart-staging.zcygov.cn/ 地址正常打开
2019-09-04 15:58:21,097 - pageobjects.order_page - ERROR - 未找到全选按钮
Traceback (most recent call last):
  File "C:\Users\admin\PycharmProjects\Zcy_Vaccine\pageobjects\order_page.py", line 35, in clearcart
    self.driver.find_element_by_xpath('//input[@class="ant-checkbox-input"]').click()
  File "C:\Users\admin\PycharmProjects\UITest\venv\lib\site-packages\selenium\webdriver\remote\webdriver.py", line 394, in find_element_by_xpath
    return self.find_element(by=By.XPATH, value=xpath)
  File "C:\Users\admin\PycharmProjects\UITest\venv\lib\site-packages\selenium\webdriver\remote\webdriver.py", line 978, in find_element
    'value': value})['value']
  File "C:\Users\admin\PycharmProjects\UITest\venv\lib\site-packages\selenium\webdriver\remote\webdriver.py", line 321, in execute
    self.error_handler.check_response(response)
  File "C:\Users\admin\PycharmProjects\UITest\venv\lib\site-packages\selenium\webdriver\remote\errorhandler.py", line 242, in check_response
    raise exception_class(message, screen, stacktrace)
selenium.common.exceptions.NoSuchElementException: Message: no such element: Unable to locate element: {"method":"xpath","selector":"//input[@class="ant-checkbox-input"]"}
  (Session info: chrome=73.0.3683.103)
  (Driver info: chromedriver=2.40.565498 (ea082db3280dd6843ebfb08a625e3eb905c4f5ab),platform=Windows NT 10.0.17134 x86_64)

2019-09-04 15:58:22,501 - framework.base_page - INFO - https://vaccine-staging.zcygov.cn/items/175600205?searchType=1&type=vaccine&utm=a0004.2ef5001f.0.0.33d8ffd0ca0411e9af8ed36431cbf75c 地址正常打开
2019-09-04 15:58:23,363 - framework.base_page - INFO - 点击元素成功//*[contains(text(),"加入购物车")]
2019-09-04 15:58:24,664 - framework.base_page - INFO - 点击元素成功//*[contains(text(),"查看购物车")]
2019-09-04 15:58:41,531 - framework.base_page - INFO - 点击元素成功select2-selection__placeholder
2019-09-04 15:58:41,616 - framework.base_page - INFO - 点击元素成功//li[text()="席胜军"]
2019-09-04 15:58:41,722 - framework.base_page - INFO - 点击元素成功//button[text()="提交"]
2019-09-04 15:58:42,225 - framework.base_page - INFO - 点击元素成功submit
2019-09-04 15:58:44,245 - framework.base_page - INFO - 点击元素成功//button[@class="btn btn-minor submit close"]
2019-09-04 15:58:44,283 - framework.base_page - INFO - 获取元素内容: 部门审核
2019-09-04 15:58:44,295 - framework.myunit - INFO - ************************test case run completed************************
2019-09-04 15:58:46,134 - pageobjects.login_page - INFO - https://login-staging.zcygov.cn/login 打开登录地址成功
2019-09-04 15:58:46,204 - framework.base_page - INFO - 清除文本框内容成功username
2019-09-04 15:58:46,316 - framework.base_page - INFO - 输入的内容：13777466979
2019-09-04 15:58:46,378 - framework.base_page - INFO - 清除文本框内容成功password
2019-09-04 15:58:46,475 - framework.base_page - INFO - 输入的内容：test123456
2019-09-04 15:58:48,100 - framework.base_page - INFO - 点击元素成功//button[@class='ant-btn login-btn password-login ant-btn-primary']
2019-09-04 15:58:48,100 - framework.myunit - INFO - ************************starting run test cases************************
2019-09-04 15:58:48,711 - framework.base_page - INFO - https://cart-staging.zcygov.cn/ 地址正常打开
2019-09-04 15:58:54,771 - pageobjects.order_page - ERROR - 未找到全选按钮
Traceback (most recent call last):
  File "C:\Users\admin\PycharmProjects\Zcy_Vaccine\pageobjects\order_page.py", line 35, in clearcart
    self.driver.find_element_by_xpath('//input[@class="ant-checkbox-input"]').click()
  File "C:\Users\admin\PycharmProjects\UITest\venv\lib\site-packages\selenium\webdriver\remote\webdriver.py", line 394, in find_element_by_xpath
    return self.find_element(by=By.XPATH, value=xpath)
  File "C:\Users\admin\PycharmProjects\UITest\venv\lib\site-packages\selenium\webdriver\remote\webdriver.py", line 978, in find_element
    'value': value})['value']
  File "C:\Users\admin\PycharmProjects\UITest\venv\lib\site-packages\selenium\webdriver\remote\webdriver.py", line 321, in execute
    self.error_handler.check_response(response)
  File "C:\Users\admin\PycharmProjects\UITest\venv\lib\site-packages\selenium\webdriver\remote\errorhandler.py", line 242, in check_response
    raise exception_class(message, screen, stacktrace)
selenium.common.exceptions.NoSuchElementException: Message: no such element: Unable to locate element: {"method":"xpath","selector":"//input[@class="ant-checkbox-input"]"}
  (Session info: chrome=73.0.3683.103)
  (Driver info: chromedriver=2.40.565498 (ea082db3280dd6843ebfb08a625e3eb905c4f5ab),platform=Windows NT 10.0.17134 x86_64)

2019-09-04 15:58:55,065 - framework.base_page - INFO - https://vaccine-staging.zcygov.cn/items/175600205?searchType=1&type=vaccine&utm=a0004.2ef5001f.0.0.33d8ffd0ca0411e9af8ed36431cbf75c 地址正常打开
2019-09-04 15:58:58,067 - framework.base_page - INFO - 点击元素成功//*[contains(text(),"加入购物车")]
2019-09-04 15:59:08,318 - framework.base_page - ERROR - 查找元素超时://*[contains(text(),"查看购物车")]
Traceback (most recent call last):
  File "C:\Users\admin\PycharmProjects\Zcy_Vaccine\framework\base_page.py", line 109, in find_element
    EC.visibility_of(self.driver.find_element_by_xpath(value)))
  File "C:\Users\admin\PycharmProjects\UITest\venv\lib\site-packages\selenium\webdriver\support\wait.py", line 80, in until
    raise TimeoutException(message, screen, stacktrace)
selenium.common.exceptions.TimeoutException: Message: 

2019-09-04 15:59:08,343 - framework.myunit - INFO - ************************test case run completed************************
2019-09-04 15:59:11,322 - framework.myunit - INFO - quit the browser success!
2019-09-04 15:59:11,343 - framework.send_email - INFO - 添加附件
2019-09-04 15:59:11,410 - framework.send_email - INFO - 连接成功
2019-09-04 15:59:13,441 - framework.send_email - INFO - 2019-09-04-15_59_13----发送邮件成功
