2019-09-16 16:32:47,341 - framework.testreport - INFO - successed to generate test report [C:\Users\admin\PycharmProjects\Zcy_Vaccine\reports\testReport\report2019-09-16 16_32_47.html]
2019-09-16 16:32:49,812 - framework.driver - INFO - found the chrome driver [<selenium.webdriver.chrome.webdriver.WebDriver (session="6141d7bc6a4c14dd53d68dd175786a38")>] successed !
2019-09-16 16:32:49,813 - framework.myunit - INFO - opened the browser successed!
2019-09-16 16:32:51,869 - pageobjects.login_page - INFO - https://login-staging.zcygov.cn/login 打开登录地址成功
2019-09-16 16:32:51,949 - framework.base_page - INFO - 清除文本框内容成功username
2019-09-16 16:32:52,087 - framework.base_page - INFO - 输入的内容：13777466979
2019-09-16 16:32:52,151 - framework.base_page - INFO - 清除文本框内容成功password
2019-09-16 16:32:52,250 - framework.base_page - INFO - 输入的内容：test123456
2019-09-16 16:32:56,176 - framework.base_page - INFO - 点击元素成功//button[@class='ant-btn login-btn password-login ant-btn-primary']
2019-09-16 16:32:56,176 - framework.myunit - INFO - ************************starting run test cases************************
2019-09-16 16:32:57,056 - framework.base_page - INFO - https://cart-staging.zcygov.cn/ 地址正常打开
2019-09-16 16:33:03,102 - pageobjects.order_page - ERROR - 未找到全选按钮
Traceback (most recent call last):
  File "C:\Users\admin\PycharmProjects\Zcy_Vaccine\pageobjects\order_page.py", line 36, in clearcart
    self.driver.find_element_by_xpath('//input[@class="ant-checkbox-input"]').click()
  File "C:\Users\admin\PycharmProjects\UITest\venv\lib\site-packages\selenium\webdriver\remote\webdriver.py", line 394, in find_element_by_xpath
    return self.find_element(by=By.XPATH, value=xpath)
  File "C:\Users\admin\PycharmProjects\UITest\venv\lib\site-packages\selenium\webdriver\remote\webdriver.py", line 978, in find_element
    'value': value})['value']
  File "C:\Users\admin\PycharmProjects\UITest\venv\lib\site-packages\selenium\webdriver\remote\webdriver.py", line 321, in execute
    self.error_handler.check_response(response)
  File "C:\Users\admin\PycharmProjects\UITest\venv\lib\site-packages\selenium\webdriver\remote\errorhandler.py", line 242, in check_response
    raise exception_class(message, screen, stacktrace)
selenium.common.exceptions.NoSuchElementException: Message: no such element: Unable to locate element: {"method":"xpath","selector":"//input[@class="ant-checkbox-input"]"}
  (Session info: chrome=77.0.3865.75)

2019-09-16 16:33:04,041 - framework.base_page - INFO - https://vaccine-staging.zcygov.cn/items/175600205?searchType=1&type=vaccine&utm=a0004.2ef5001f.0.0.33d8ffd0ca0411e9af8ed36431cbf75c 地址正常打开
2019-09-16 16:33:04,959 - framework.base_page - INFO - 点击元素成功//*[contains(text(),"加入购物车")]
2019-09-16 16:33:06,266 - framework.base_page - INFO - 点击元素成功//*[contains(text(),"查看购物车")]
2019-09-16 16:33:23,316 - framework.base_page - INFO - 点击元素成功select2-selection__placeholder
2019-09-16 16:33:23,395 - framework.base_page - INFO - 点击元素成功//li[text()="席胜军"]
2019-09-16 16:33:23,506 - framework.base_page - INFO - 点击元素成功//button[text()="提交"]
2019-09-16 16:33:23,946 - framework.base_page - INFO - 点击元素成功submit
2019-09-16 16:33:25,492 - framework.base_page - INFO - 点击元素成功//button[@class="btn btn-minor submit close"]
2019-09-16 16:33:28,561 - framework.base_page - INFO - 点击元素成功shrink-png
2019-09-16 16:33:33,023 - framework.base_page - INFO - 点击元素成功div.pur-list-body > table > tbody > tr:nth-child(1) > td:nth-child(7) > a:nth-child(1)
2019-09-16 16:33:33,230 - framework.base_page - INFO - 点击元素成功//button[text()="提交审核意见"]
2019-09-16 16:33:33,318 - framework.base_page - INFO - 点击元素成功submit
2019-09-16 16:33:34,671 - framework.base_page - INFO - 点击元素成功//button[@class="btn btn-minor submit close"]
2019-09-16 16:33:36,120 - framework.base_page - INFO - 点击元素成功div.pur-list-body > table > tbody > tr:nth-child(1) > td:nth-child(7) > a:nth-child(1)
2019-09-16 16:33:36,257 - framework.base_page - INFO - 点击元素成功//button[text()="提交审核意见"]
2019-09-16 16:33:36,327 - framework.base_page - INFO - 点击元素成功submit
2019-09-16 16:33:37,630 - framework.base_page - INFO - 点击元素成功//button[@class="btn btn-minor submit close"]
2019-09-16 16:33:39,245 - framework.base_page - INFO - 点击元素成功div.pur-list-body > table > tbody > tr:nth-child(1) > td:nth-child(7) > a:nth-child(1)
2019-09-16 16:33:39,492 - framework.base_page - INFO - 点击元素成功//button[text()="提交审核意见"]
2019-09-16 16:33:39,581 - framework.base_page - INFO - 点击元素成功submit
2019-09-16 16:33:41,614 - framework.base_page - INFO - 点击元素成功//button[@class="btn btn-minor submit close"]
2019-09-16 16:33:41,675 - framework.base_page - INFO - 获取元素内容: 确定订单
2019-09-16 16:33:41,948 - framework.base_page - INFO - 截图 [test_33309_pass.png] 成功保存在 [C:\Users\admin\PycharmProjects\Zcy_Vaccine\reports\screenshots\pass]
2019-09-16 16:33:41,948 - test_33309 - INFO - 运行成功：单位审核成功
2019-09-16 16:33:41,961 - framework.myunit - INFO - ************************test case run completed************************
2019-09-16 16:33:44,198 - framework.myunit - INFO - quit the browser success!
