2019-08-30 17:22:47,720 - framework.testreport - INFO - successed to generate test report [C:\Users\admin\PycharmProjects\Zcy_Vaccine\reports\testReport\report2019-08-30 17_22_47.html]
2019-08-30 17:22:50,337 - framework.driver - INFO - found the chrome driver [<selenium.webdriver.chrome.webdriver.WebDriver (session="59292eadfa306442fc9d6fd095065fe4")>] successed !
2019-08-30 17:22:51,470 - framework.myunit - INFO - opened the browser successed!
2019-08-30 17:22:53,694 - pageobjects.login_page - INFO - https://login-staging.zcygov.cn/login 打开登录地址成功
2019-08-30 17:22:53,767 - framework.base_page - INFO - 清除文本框内容成功username
2019-08-30 17:22:53,938 - framework.base_page - INFO - 输入的内容：13777466979
2019-08-30 17:22:54,012 - framework.base_page - INFO - 清除文本框内容成功password
2019-08-30 17:22:54,139 - framework.base_page - INFO - 输入的内容：test123456
2019-08-30 17:22:58,295 - framework.base_page - INFO - 点击元素成功//button[@class='ant-btn login-btn password-login ant-btn-primary']
2019-08-30 17:22:58,295 - framework.myunit - INFO - ************************starting run test cases************************
2019-08-30 17:23:05,768 - framework.base_page - INFO - https://staging.zcygov.cn/buyer/vaccine-orders 地址正常打开
2019-08-30 17:23:08,835 - framework.base_page - INFO - 点击元素成功div.order-form-list-body > table > tbody > tr:nth-child(1) > td:nth-child(8)> a:nth-child(1)
2019-08-30 17:23:11,858 - framework.base_page - ERROR - 查找元素超时:js-cancel-reason
Traceback (most recent call last):
  File "C:\Users\admin\PycharmProjects\Zcy_Vaccine\framework\base_page.py", line 88, in find_element
    EC.visibility_of(self.driver.find_element_by_id(value)))
  File "C:\Users\admin\PycharmProjects\UITest\venv\lib\site-packages\selenium\webdriver\remote\webdriver.py", line 360, in find_element_by_id
    return self.find_element(by=By.ID, value=id_)
  File "C:\Users\admin\PycharmProjects\UITest\venv\lib\site-packages\selenium\webdriver\remote\webdriver.py", line 978, in find_element
    'value': value})['value']
  File "C:\Users\admin\PycharmProjects\UITest\venv\lib\site-packages\selenium\webdriver\remote\webdriver.py", line 321, in execute
    self.error_handler.check_response(response)
  File "C:\Users\admin\PycharmProjects\UITest\venv\lib\site-packages\selenium\webdriver\remote\errorhandler.py", line 242, in check_response
    raise exception_class(message, screen, stacktrace)
selenium.common.exceptions.NoSuchElementException: Message: no such element: Unable to locate element: {"method":"id","selector":"js-cancel-reason"}
  (Session info: chrome=73.0.3683.103)
  (Driver info: chromedriver=2.40.565498 (ea082db3280dd6843ebfb08a625e3eb905c4f5ab),platform=Windows NT 10.0.17134 x86_64)

2019-08-30 17:23:11,872 - framework.myunit - INFO - ************************test case run completed************************
2019-08-30 17:23:14,098 - pageobjects.login_page - INFO - https://login-staging.zcygov.cn/login 打开登录地址成功
2019-08-30 17:23:14,161 - framework.base_page - INFO - 清除文本框内容成功username
2019-08-30 17:23:14,267 - framework.base_page - INFO - 输入的内容：13777466979
2019-08-30 17:23:14,335 - framework.base_page - INFO - 清除文本框内容成功password
2019-08-30 17:23:14,443 - framework.base_page - INFO - 输入的内容：test123456
2019-08-30 17:23:15,907 - framework.base_page - INFO - 点击元素成功//button[@class='ant-btn login-btn password-login ant-btn-primary']
2019-08-30 17:23:15,907 - framework.myunit - INFO - ************************starting run test cases************************
2019-08-30 17:23:17,484 - framework.base_page - INFO - https://staging.zcygov.cn/buyer/vaccine-orders 地址正常打开
2019-08-30 17:23:19,171 - framework.base_page - INFO - 点击元素成功div.order-form-list-body > table > tbody > tr:nth-child(1) > td:nth-child(8)> a:nth-child(1)
