2019-08-30 16:54:55,587 - framework.testreport - INFO - successed to generate test report [C:\Users\admin\PycharmProjects\Zcy_Vaccine\reports\testReport\report2019-08-30 16_54_55.html]
2019-08-30 16:54:58,435 - framework.driver - INFO - found the chrome driver [<selenium.webdriver.chrome.webdriver.WebDriver (session="5255e5a4a16955950c6932c530e1a433")>] successed !
2019-08-30 16:54:59,564 - framework.myunit - INFO - opened the browser successed!
2019-08-30 16:55:03,028 - pageobjects.login_page - INFO - https://login-staging.zcygov.cn/login 打开登录地址成功
2019-08-30 16:55:03,111 - framework.base_page - INFO - 清除文本框内容成功username
2019-08-30 16:55:03,267 - framework.base_page - INFO - 输入的内容：13777466979
2019-08-30 16:55:03,341 - framework.base_page - INFO - 清除文本框内容成功password
2019-08-30 16:55:03,475 - framework.base_page - INFO - 输入的内容：test123456
2019-08-30 16:55:07,848 - framework.base_page - INFO - 点击元素成功//button[@class='ant-btn login-btn password-login ant-btn-primary']
2019-08-30 16:55:07,849 - framework.myunit - INFO - ************************starting run test cases************************
2019-08-30 16:55:09,296 - framework.base_page - INFO - https://cart-staging.zcygov.cn/ 地址正常打开
2019-08-30 16:55:15,307 - pageobjects.order_page - ERROR - 未找到全选按钮
Traceback (most recent call last):
  File "C:\Users\admin\PycharmProjects\Zcy_Vaccine\pageobjects\order_page.py", line 35, in clearcart
    self.driver.find_element_by_xpath('//input[@class="ant-checkbox-input"]').click()
  File "C:\Users\admin\PycharmProjects\UITest\venv\lib\site-packages\selenium\webdriver\remote\webdriver.py", line 394, in find_element_by_xpath
    return self.find_element(by=By.XPATH, value=xpath)
  File "C:\Users\admin\PycharmProjects\UITest\venv\lib\site-packages\selenium\webdriver\remote\webdriver.py", line 978, in find_element
    'value': value})['value']
  File "C:\Users\admin\PycharmProjects\UITest\venv\lib\site-packages\selenium\webdriver\remote\webdriver.py", line 321, in execute
    self.error_handler.check_response(response)
  File "C:\Users\admin\PycharmProjects\UITest\venv\lib\site-packages\selenium\webdriver\remote\errorhandler.py", line 242, in check_response
    raise exception_class(message, screen, stacktrace)
selenium.common.exceptions.NoSuchElementException: Message: no such element: Unable to locate element: {"method":"xpath","selector":"//input[@class="ant-checkbox-input"]"}
  (Session info: chrome=73.0.3683.103)
  (Driver info: chromedriver=2.40.565498 (ea082db3280dd6843ebfb08a625e3eb905c4f5ab),platform=Windows NT 10.0.17134 x86_64)

2019-08-30 16:55:17,390 - framework.base_page - INFO - https://vaccine-staging.zcygov.cn/items/175600205?searchType=1&type=vaccine&utm=a0004.2ef5001f.0.0.33d8ffd0ca0411e9af8ed36431cbf75c 地址正常打开
2019-08-30 16:55:17,523 - framework.base_page - INFO - 点击元素成功//*[contains(text(),"加入购物车")]
2019-08-30 16:55:19,974 - framework.base_page - INFO - 点击元素成功//*[contains(text(),"查看购物车")]
2019-08-30 16:55:40,047 - framework.base_page - INFO - 点击元素成功select2-selection__placeholder
2019-08-30 16:55:40,128 - framework.base_page - INFO - 点击元素成功//li[text()="席胜军"]
2019-08-30 16:55:40,257 - framework.base_page - INFO - 点击元素成功//button[text()="提交"]
2019-08-30 16:55:40,871 - framework.base_page - INFO - 点击元素成功submit
2019-08-30 16:55:43,170 - framework.base_page - INFO - 点击元素成功//button[@class="btn btn-minor submit close"]
2019-08-30 16:55:44,763 - framework.base_page - INFO - 点击元素成功div.pur-list-body > table > tbody > tr:nth-child(1) > td:nth-child(7) > a:nth-child(1)
2019-08-30 16:55:44,906 - framework.base_page - INFO - 点击元素成功//button[text()="提交审核意见"]
2019-08-30 16:55:44,997 - framework.base_page - INFO - 点击元素成功submit
2019-08-30 16:55:47,089 - framework.base_page - INFO - 点击元素成功//button[@class="btn btn-minor submit close"]
2019-08-30 16:55:48,789 - framework.base_page - INFO - 点击元素成功div.pur-list-body > table > tbody > tr:nth-child(1) > td:nth-child(7) > a:nth-child(1)
2019-08-30 16:55:48,921 - framework.base_page - INFO - 点击元素成功//button[text()="提交审核意见"]
2019-08-30 16:55:49,021 - framework.base_page - INFO - 点击元素成功submit
2019-08-30 16:55:50,645 - framework.base_page - INFO - 点击元素成功//button[@class="btn btn-minor submit close"]
2019-08-30 16:55:52,547 - framework.base_page - INFO - 点击元素成功div.pur-list-body > table > tbody > tr:nth-child(1) > td:nth-child(7) > a:nth-child(1)
2019-08-30 16:55:52,687 - framework.base_page - INFO - 点击元素成功//button[text()="提交审核意见"]
2019-08-30 16:55:52,796 - framework.base_page - INFO - 点击元素成功submit
2019-08-30 16:55:54,669 - framework.base_page - INFO - 点击元素成功//button[@class="btn btn-minor submit close"]
2019-08-30 16:55:56,107 - framework.base_page - INFO - 点击元素成功div.pur-list-body > table > tbody > tr:nth-child(1) > td:nth-child(7) > a:nth-child(1)
2019-08-30 16:55:56,246 - framework.base_page - INFO - 点击元素成功//button[text()="确定订单"]
2019-08-30 16:56:06,295 - framework.base_page - ERROR - 查找元素超时:order-form-list-body > table > tbody > tr:nth-child(1) > td:nth-child(7)
Traceback (most recent call last):
  File "C:\Users\admin\PycharmProjects\Zcy_Vaccine\framework\base_page.py", line 106, in find_element
    EC.visibility_of(self.driver.find_element_by_css_selector(value)))
  File "C:\Users\admin\PycharmProjects\UITest\venv\lib\site-packages\selenium\webdriver\remote\webdriver.py", line 598, in find_element_by_css_selector
    return self.find_element(by=By.CSS_SELECTOR, value=css_selector)
  File "C:\Users\admin\PycharmProjects\UITest\venv\lib\site-packages\selenium\webdriver\remote\webdriver.py", line 978, in find_element
    'value': value})['value']
  File "C:\Users\admin\PycharmProjects\UITest\venv\lib\site-packages\selenium\webdriver\remote\webdriver.py", line 321, in execute
    self.error_handler.check_response(response)
  File "C:\Users\admin\PycharmProjects\UITest\venv\lib\site-packages\selenium\webdriver\remote\errorhandler.py", line 242, in check_response
    raise exception_class(message, screen, stacktrace)
selenium.common.exceptions.NoSuchElementException: Message: no such element: Unable to locate element: {"method":"css selector","selector":"order-form-list-body > table > tbody > tr:nth-child(1) > td:nth-child(7)"}
  (Session info: chrome=73.0.3683.103)
  (Driver info: chromedriver=2.40.565498 (ea082db3280dd6843ebfb08a625e3eb905c4f5ab),platform=Windows NT 10.0.17134 x86_64)

2019-08-30 16:56:06,327 - framework.myunit - INFO - ************************test case run completed************************
2019-08-30 16:56:08,664 - pageobjects.login_page - INFO - https://login-staging.zcygov.cn/login 打开登录地址成功
2019-08-30 16:56:08,737 - framework.base_page - INFO - 清除文本框内容成功username
2019-08-30 16:56:08,874 - framework.base_page - INFO - 输入的内容：13777466979
2019-08-30 16:56:08,937 - framework.base_page - INFO - 清除文本框内容成功password
2019-08-30 16:56:09,047 - framework.base_page - INFO - 输入的内容：test123456
2019-08-30 16:56:10,887 - framework.base_page - INFO - 点击元素成功//button[@class='ant-btn login-btn password-login ant-btn-primary']
2019-08-30 16:56:10,887 - framework.myunit - INFO - ************************starting run test cases************************
2019-08-30 16:56:11,492 - framework.base_page - INFO - https://cart-staging.zcygov.cn/ 地址正常打开
