2019-09-16 10:35:16,140 - framework.testreport - INFO - successed to generate test report [C:\Users\admin\PycharmProjects\Zcy_Vaccine\reports\testReport\report2019-09-16 10_35_16.html]
2019-09-16 10:35:18,592 - framework.driver - INFO - found the chrome driver [<selenium.webdriver.chrome.webdriver.WebDriver (session="4e825949baebb25e9a41704c39d54fbe")>] successed !
2019-09-16 10:35:18,592 - framework.myunit - INFO - opened the browser successed!
2019-09-16 10:35:20,814 - pageobjects.login_page - INFO - https://login-staging.zcygov.cn/login 打开登录地址成功
2019-09-16 10:35:20,876 - framework.base_page - INFO - 清除文本框内容成功username
2019-09-16 10:35:20,978 - framework.base_page - INFO - 输入的内容：13777466979
2019-09-16 10:35:21,033 - framework.base_page - INFO - 清除文本框内容成功password
2019-09-16 10:35:21,132 - framework.base_page - INFO - 输入的内容：test123456
2019-09-16 10:35:25,346 - framework.base_page - INFO - 点击元素成功//button[@class='ant-btn login-btn password-login ant-btn-primary']
2019-09-16 10:35:25,346 - framework.myunit - INFO - ************************starting run test cases************************
2019-09-16 10:35:25,370 - framework.base_page - ERROR - 查找元素超时:# user-toggle > div.header-right-user-avatar > i.icon-zcy.icon-touxiang1
Traceback (most recent call last):
  File "C:\Users\admin\PycharmProjects\Zcy_Vaccine\framework\base_page.py", line 106, in find_element
    EC.visibility_of(self.driver.find_element_by_css_selector(value)))
  File "C:\Users\admin\PycharmProjects\UITest\venv\lib\site-packages\selenium\webdriver\remote\webdriver.py", line 598, in find_element_by_css_selector
    return self.find_element(by=By.CSS_SELECTOR, value=css_selector)
  File "C:\Users\admin\PycharmProjects\UITest\venv\lib\site-packages\selenium\webdriver\remote\webdriver.py", line 978, in find_element
    'value': value})['value']
  File "C:\Users\admin\PycharmProjects\UITest\venv\lib\site-packages\selenium\webdriver\remote\webdriver.py", line 321, in execute
    self.error_handler.check_response(response)
  File "C:\Users\admin\PycharmProjects\UITest\venv\lib\site-packages\selenium\webdriver\remote\errorhandler.py", line 242, in check_response
    raise exception_class(message, screen, stacktrace)
selenium.common.exceptions.InvalidSelectorException: Message: invalid selector: An invalid or illegal selector was specified
  (Session info: chrome=77.0.3865.75)
  (Driver info: chromedriver=2.40.565498 (ea082db3280dd6843ebfb08a625e3eb905c4f5ab),platform=Windows NT 10.0.17134 x86_64)

2019-09-16 10:35:25,763 - framework.base_page - INFO - 截图 [logout_0116_fail.png] 成功保存在 [C:\Users\admin\PycharmProjects\Zcy_Vaccine\reports\screenshots\fail]
2019-09-16 10:35:25,763 - test_33311_logout - INFO - 运行失败：退出失败
2019-09-16 10:35:25,885 - framework.myunit - INFO - ************************test case run completed************************
2019-09-16 10:35:28,912 - framework.myunit - INFO - quit the browser success!
2019-09-16 10:35:28,918 - framework.send_email - INFO - 添加附件
2019-09-16 10:35:28,974 - framework.send_email - INFO - 连接成功
2019-09-16 10:35:30,110 - framework.send_email - INFO - 2019-09-16-10_35_30----发送邮件成功
