2019-08-28 17:38:22,706 - framework.testreport - INFO - successed to generate test report [C:\Users\admin\PycharmProjects\Vaccine\reports\testReport\report2019-08-28 17_38_22.html]
2019-08-28 17:38:25,955 - framework.driver - INFO - found the chrome driver [<selenium.webdriver.chrome.webdriver.WebDriver (session="91bb4272dd12c11582612075adb2c7ab")>] successed !
2019-08-28 17:38:27,089 - framework.myunit - INFO - opened the browser successed!
2019-08-28 17:38:29,253 - pageobjects.login_page - INFO - https://login-staging.zcygov.cn/login 打开登录地址成功
2019-08-28 17:38:29,357 - framework.base_page - INFO - 清除文本框内容成功username
2019-08-28 17:38:29,556 - framework.base_page - INFO - 输入的内容：13777466979
2019-08-28 17:38:29,658 - framework.base_page - INFO - 清除文本框内容成功password
2019-08-28 17:38:29,816 - framework.base_page - INFO - 输入的内容：test123456
2019-08-28 17:38:32,389 - framework.base_page - INFO - 点击元素成功//button[@class='ant-btn login-btn password-login ant-btn-primary']
2019-08-28 17:38:32,390 - framework.myunit - INFO - ************************starting run test cases************************
2019-08-28 17:38:34,244 - framework.base_page - INFO - https://cart-staging.zcygov.cn/ 地址正常打开
2019-08-28 17:38:42,358 - framework.base_page - ERROR - 查找元素超时:float-bar-action-del
Traceback (most recent call last):
  File "C:\Users\admin\PycharmProjects\Vaccine\framework\base_page.py", line 94, in find_element
    EC.visibility_of(self.driver.find_element_by_class_name(value)))
  File "C:\Users\admin\PycharmProjects\UITest\venv\lib\site-packages\selenium\webdriver\remote\webdriver.py", line 564, in find_element_by_class_name
    return self.find_element(by=By.CLASS_NAME, value=name)
  File "C:\Users\admin\PycharmProjects\UITest\venv\lib\site-packages\selenium\webdriver\remote\webdriver.py", line 978, in find_element
    'value': value})['value']
  File "C:\Users\admin\PycharmProjects\UITest\venv\lib\site-packages\selenium\webdriver\remote\webdriver.py", line 321, in execute
    self.error_handler.check_response(response)
  File "C:\Users\admin\PycharmProjects\UITest\venv\lib\site-packages\selenium\webdriver\remote\errorhandler.py", line 242, in check_response
    raise exception_class(message, screen, stacktrace)
selenium.common.exceptions.NoSuchElementException: Message: no such element: Unable to locate element: {"method":"class name","selector":"float-bar-action-del"}
  (Session info: chrome=73.0.3683.103)
  (Driver info: chromedriver=2.40.565498 (ea082db3280dd6843ebfb08a625e3eb905c4f5ab),platform=Windows NT 10.0.17134 x86_64)

2019-08-28 17:38:42,368 - pageobjects.order_page - INFO - 删除商品失败
2019-08-28 17:38:42,768 - framework.base_page - INFO - 截图 [test_33324_fail.png] 成功保存在 [C:\Users\admin\PycharmProjects\Vaccine\reports\screenshots\fail]
2019-08-28 17:38:42,790 - framework.myunit - INFO - ************************test case run completed************************
2019-08-28 17:38:43,891 - pageobjects.login_page - INFO - https://login-staging.zcygov.cn/login 打开登录地址成功
2019-08-28 17:38:43,983 - framework.base_page - INFO - 清除文本框内容成功username
2019-08-28 17:38:44,154 - framework.base_page - INFO - 输入的内容：13777466979
2019-08-28 17:38:44,249 - framework.base_page - INFO - 清除文本框内容成功password
2019-08-28 17:38:44,394 - framework.base_page - INFO - 输入的内容：test123456
2019-08-28 17:38:45,773 - framework.base_page - INFO - 点击元素成功//button[@class='ant-btn login-btn password-login ant-btn-primary']
2019-08-28 17:38:45,773 - framework.myunit - INFO - ************************starting run test cases************************
2019-08-28 17:38:45,973 - framework.base_page - INFO - https://cart-staging.zcygov.cn/ 地址正常打开
2019-08-28 17:38:54,070 - framework.base_page - ERROR - 查找元素超时:float-bar-action-del
Traceback (most recent call last):
  File "C:\Users\admin\PycharmProjects\Vaccine\framework\base_page.py", line 94, in find_element
    EC.visibility_of(self.driver.find_element_by_class_name(value)))
  File "C:\Users\admin\PycharmProjects\UITest\venv\lib\site-packages\selenium\webdriver\remote\webdriver.py", line 564, in find_element_by_class_name
    return self.find_element(by=By.CLASS_NAME, value=name)
  File "C:\Users\admin\PycharmProjects\UITest\venv\lib\site-packages\selenium\webdriver\remote\webdriver.py", line 978, in find_element
    'value': value})['value']
  File "C:\Users\admin\PycharmProjects\UITest\venv\lib\site-packages\selenium\webdriver\remote\webdriver.py", line 321, in execute
    self.error_handler.check_response(response)
  File "C:\Users\admin\PycharmProjects\UITest\venv\lib\site-packages\selenium\webdriver\remote\errorhandler.py", line 242, in check_response
    raise exception_class(message, screen, stacktrace)
selenium.common.exceptions.NoSuchElementException: Message: no such element: Unable to locate element: {"method":"class name","selector":"float-bar-action-del"}
  (Session info: chrome=73.0.3683.103)
  (Driver info: chromedriver=2.40.565498 (ea082db3280dd6843ebfb08a625e3eb905c4f5ab),platform=Windows NT 10.0.17134 x86_64)

2019-08-28 17:38:54,070 - pageobjects.order_page - INFO - 删除商品失败
2019-08-28 17:38:54,479 - framework.base_page - INFO - 截图 [test_33324_fail.png] 成功保存在 [C:\Users\admin\PycharmProjects\Vaccine\reports\screenshots\fail]
2019-08-28 17:38:54,494 - framework.myunit - INFO - ************************test case run completed************************
2019-08-28 17:38:57,599 - framework.myunit - INFO - quit the browser success!
