2019-08-28 22:22:54,507 - framework.testreport - INFO - successed to generate test report [C:\Users\admin\PycharmProjects\Vaccine\reports\testReport\report2019-08-28 22_22_54.html]
2019-08-28 22:22:57,101 - framework.driver - INFO - found the chrome driver [<selenium.webdriver.chrome.webdriver.WebDriver (session="fab91913c24110b77de9e480838faf7b")>] successed !
2019-08-28 22:22:58,238 - framework.myunit - INFO - opened the browser successed!
2019-08-28 22:23:05,899 - pageobjects.login_page - INFO - https://login-staging.zcygov.cn/login 打开登录地址成功
2019-08-28 22:23:05,994 - framework.base_page - INFO - 清除文本框内容成功username
2019-08-28 22:23:06,140 - framework.base_page - INFO - 输入的内容：13777466979
2019-08-28 22:23:06,217 - framework.base_page - INFO - 清除文本框内容成功password
2019-08-28 22:23:06,361 - framework.base_page - INFO - 输入的内容：test123456
2019-08-28 22:23:10,617 - framework.base_page - INFO - 点击元素成功//button[@class='ant-btn login-btn password-login ant-btn-primary']
2019-08-28 22:23:10,617 - framework.myunit - INFO - ************************starting run test cases************************
2019-08-28 22:23:49,683 - framework.base_page - INFO - https://cart-staging.zcygov.cn/ 地址正常打开
2019-08-28 22:23:59,959 - framework.base_page - INFO - 点击元素成功float-bar-action-del
2019-08-28 22:24:00,077 - framework.base_page - INFO - 点击元素成功//button[@class="ant-btn ant-btn-primary ant-btn-sm ant-btn-two-chinese-chars"]
2019-08-28 22:24:00,077 - pageobjects.order_page - INFO - 删除商品成功
2019-08-28 22:24:06,308 - framework.base_page - INFO - https://vaccine-staging.zcygov.cn/items/175600205?searchType=1&type=vaccine&utm=a0004.2ef5001f.0.0.4b7da7b0c97a11e99bbdad298504c04b 地址正常打开
2019-08-28 22:24:13,332 - framework.base_page - ERROR - 查找元素超时://button[(text()="加入购物车"）]
Traceback (most recent call last):
  File "C:\Users\admin\PycharmProjects\Vaccine\framework\base_page.py", line 109, in find_element
    EC.visibility_of(self.driver.find_element_by_xpath(value)))
  File "C:\Users\admin\PycharmProjects\UITest\venv\lib\site-packages\selenium\webdriver\remote\webdriver.py", line 394, in find_element_by_xpath
    return self.find_element(by=By.XPATH, value=xpath)
  File "C:\Users\admin\PycharmProjects\UITest\venv\lib\site-packages\selenium\webdriver\remote\webdriver.py", line 978, in find_element
    'value': value})['value']
  File "C:\Users\admin\PycharmProjects\UITest\venv\lib\site-packages\selenium\webdriver\remote\webdriver.py", line 321, in execute
    self.error_handler.check_response(response)
  File "C:\Users\admin\PycharmProjects\UITest\venv\lib\site-packages\selenium\webdriver\remote\errorhandler.py", line 242, in check_response
    raise exception_class(message, screen, stacktrace)
selenium.common.exceptions.InvalidSelectorException: Message: invalid selector: Unable to locate an element with the xpath expression //button[(text()="加入购物车"）] because of the following error:
SyntaxError: Failed to execute 'evaluate' on 'Document': The string '//button[(text()="加入购物车"）]' is not a valid XPath expression.
  (Session info: chrome=73.0.3683.103)
  (Driver info: chromedriver=2.40.565498 (ea082db3280dd6843ebfb08a625e3eb905c4f5ab),platform=Windows NT 10.0.17134 x86_64)

2019-08-28 22:24:13,334 - pageobjects.order_page - ERROR - 未找到加入购物车按钮
Traceback (most recent call last):
  File "C:\Users\admin\PycharmProjects\Vaccine\pageobjects\order_page.py", line 56, in addtocart
    self.click_addtocart()
  File "C:\Users\admin\PycharmProjects\Vaccine\pageobjects\order_page.py", line 67, in click_addtocart
    BasePage(self.driver).scrolls(OrderData.addcart_selectors)
  File "C:\Users\admin\PycharmProjects\Vaccine\framework\base_page.py", line 339, in scrolls
    self.find_element(selector)
  File "C:\Users\admin\PycharmProjects\Vaccine\framework\base_page.py", line 116, in find_element
    raise e
  File "C:\Users\admin\PycharmProjects\Vaccine\framework\base_page.py", line 109, in find_element
    EC.visibility_of(self.driver.find_element_by_xpath(value)))
  File "C:\Users\admin\PycharmProjects\UITest\venv\lib\site-packages\selenium\webdriver\remote\webdriver.py", line 394, in find_element_by_xpath
    return self.find_element(by=By.XPATH, value=xpath)
  File "C:\Users\admin\PycharmProjects\UITest\venv\lib\site-packages\selenium\webdriver\remote\webdriver.py", line 978, in find_element
    'value': value})['value']
  File "C:\Users\admin\PycharmProjects\UITest\venv\lib\site-packages\selenium\webdriver\remote\webdriver.py", line 321, in execute
    self.error_handler.check_response(response)
  File "C:\Users\admin\PycharmProjects\UITest\venv\lib\site-packages\selenium\webdriver\remote\errorhandler.py", line 242, in check_response
    raise exception_class(message, screen, stacktrace)
selenium.common.exceptions.InvalidSelectorException: Message: invalid selector: Unable to locate an element with the xpath expression //button[(text()="加入购物车"）] because of the following error:
SyntaxError: Failed to execute 'evaluate' on 'Document': The string '//button[(text()="加入购物车"）]' is not a valid XPath expression.
  (Session info: chrome=73.0.3683.103)
  (Driver info: chromedriver=2.40.565498 (ea082db3280dd6843ebfb08a625e3eb905c4f5ab),platform=Windows NT 10.0.17134 x86_64)

2019-08-28 22:24:13,635 - framework.base_page - INFO - 截图 [test_33304_fail.png] 成功保存在 [C:\Users\admin\PycharmProjects\Vaccine\reports\screenshots\fail]
2019-08-28 22:24:13,655 - framework.myunit - INFO - ************************test case run completed************************
2019-08-28 22:24:16,325 - pageobjects.login_page - INFO - https://login-staging.zcygov.cn/login 打开登录地址成功
2019-08-28 22:24:16,399 - framework.base_page - INFO - 清除文本框内容成功username
2019-08-28 22:24:16,559 - framework.base_page - INFO - 输入的内容：13777466979
2019-08-28 22:24:16,636 - framework.base_page - INFO - 清除文本框内容成功password
2019-08-28 22:24:16,762 - framework.base_page - INFO - 输入的内容：test123456
2019-08-28 22:24:18,654 - framework.base_page - INFO - 点击元素成功//button[@class='ant-btn login-btn password-login ant-btn-primary']
2019-08-28 22:24:18,654 - framework.myunit - INFO - ************************starting run test cases************************
2019-08-28 22:24:19,556 - framework.base_page - INFO - https://cart-staging.zcygov.cn/ 地址正常打开
2019-08-28 22:24:29,838 - framework.base_page - INFO - 点击元素成功float-bar-action-del
2019-08-28 22:24:29,944 - framework.base_page - INFO - 点击元素成功//button[@class="ant-btn ant-btn-primary ant-btn-sm ant-btn-two-chinese-chars"]
2019-08-28 22:24:29,944 - pageobjects.order_page - INFO - 删除商品成功
2019-08-28 22:24:30,623 - framework.base_page - INFO - https://vaccine-staging.zcygov.cn/items/175600205?searchType=1&type=vaccine&utm=a0004.2ef5001f.0.0.4b7da7b0c97a11e99bbdad298504c04b 地址正常打开
2019-08-28 22:24:37,643 - framework.base_page - ERROR - 查找元素超时://button[(text()="加入购物车"）]
Traceback (most recent call last):
  File "C:\Users\admin\PycharmProjects\Vaccine\framework\base_page.py", line 109, in find_element
    EC.visibility_of(self.driver.find_element_by_xpath(value)))
  File "C:\Users\admin\PycharmProjects\UITest\venv\lib\site-packages\selenium\webdriver\remote\webdriver.py", line 394, in find_element_by_xpath
    return self.find_element(by=By.XPATH, value=xpath)
  File "C:\Users\admin\PycharmProjects\UITest\venv\lib\site-packages\selenium\webdriver\remote\webdriver.py", line 978, in find_element
    'value': value})['value']
  File "C:\Users\admin\PycharmProjects\UITest\venv\lib\site-packages\selenium\webdriver\remote\webdriver.py", line 321, in execute
    self.error_handler.check_response(response)
  File "C:\Users\admin\PycharmProjects\UITest\venv\lib\site-packages\selenium\webdriver\remote\errorhandler.py", line 242, in check_response
    raise exception_class(message, screen, stacktrace)
selenium.common.exceptions.InvalidSelectorException: Message: invalid selector: Unable to locate an element with the xpath expression //button[(text()="加入购物车"）] because of the following error:
SyntaxError: Failed to execute 'evaluate' on 'Document': The string '//button[(text()="加入购物车"）]' is not a valid XPath expression.
  (Session info: chrome=73.0.3683.103)
  (Driver info: chromedriver=2.40.565498 (ea082db3280dd6843ebfb08a625e3eb905c4f5ab),platform=Windows NT 10.0.17134 x86_64)

2019-08-28 22:24:37,643 - pageobjects.order_page - ERROR - 未找到加入购物车按钮
Traceback (most recent call last):
  File "C:\Users\admin\PycharmProjects\Vaccine\pageobjects\order_page.py", line 56, in addtocart
    self.click_addtocart()
  File "C:\Users\admin\PycharmProjects\Vaccine\pageobjects\order_page.py", line 67, in click_addtocart
    BasePage(self.driver).scrolls(OrderData.addcart_selectors)
  File "C:\Users\admin\PycharmProjects\Vaccine\framework\base_page.py", line 339, in scrolls
    self.find_element(selector)
  File "C:\Users\admin\PycharmProjects\Vaccine\framework\base_page.py", line 116, in find_element
    raise e
  File "C:\Users\admin\PycharmProjects\Vaccine\framework\base_page.py", line 109, in find_element
    EC.visibility_of(self.driver.find_element_by_xpath(value)))
  File "C:\Users\admin\PycharmProjects\UITest\venv\lib\site-packages\selenium\webdriver\remote\webdriver.py", line 394, in find_element_by_xpath
    return self.find_element(by=By.XPATH, value=xpath)
  File "C:\Users\admin\PycharmProjects\UITest\venv\lib\site-packages\selenium\webdriver\remote\webdriver.py", line 978, in find_element
    'value': value})['value']
  File "C:\Users\admin\PycharmProjects\UITest\venv\lib\site-packages\selenium\webdriver\remote\webdriver.py", line 321, in execute
    self.error_handler.check_response(response)
  File "C:\Users\admin\PycharmProjects\UITest\venv\lib\site-packages\selenium\webdriver\remote\errorhandler.py", line 242, in check_response
    raise exception_class(message, screen, stacktrace)
selenium.common.exceptions.InvalidSelectorException: Message: invalid selector: Unable to locate an element with the xpath expression //button[(text()="加入购物车"）] because of the following error:
SyntaxError: Failed to execute 'evaluate' on 'Document': The string '//button[(text()="加入购物车"）]' is not a valid XPath expression.
  (Session info: chrome=73.0.3683.103)
  (Driver info: chromedriver=2.40.565498 (ea082db3280dd6843ebfb08a625e3eb905c4f5ab),platform=Windows NT 10.0.17134 x86_64)

2019-08-28 22:24:37,950 - framework.base_page - INFO - 截图 [test_33304_fail.png] 成功保存在 [C:\Users\admin\PycharmProjects\Vaccine\reports\screenshots\fail]
2019-08-28 22:24:37,968 - framework.myunit - INFO - ************************test case run completed************************
2019-08-28 22:24:41,450 - framework.myunit - INFO - quit the browser success!
