2019-09-16 15:03:16,563 - framework.testreport - INFO - successed to generate test report [C:\Users\admin\PycharmProjects\Zcy_Vaccine\reports\testReport\report2019-09-16 15_03_16.html]
2019-09-16 15:03:19,172 - framework.driver - INFO - found the chrome driver [<selenium.webdriver.chrome.webdriver.WebDriver (session="da12642dd7ecf6e9fba546cc240abc18")>] successed !
2019-09-16 15:03:19,173 - framework.myunit - INFO - opened the browser successed!
2019-09-16 15:03:21,805 - pageobjects.login_page - INFO - https://login-staging.zcygov.cn/login 打开登录地址成功
2019-09-16 15:03:21,875 - framework.base_page - INFO - 清除文本框内容成功username
2019-09-16 15:03:21,978 - framework.base_page - INFO - 输入的内容：13777466979
2019-09-16 15:03:22,050 - framework.base_page - INFO - 清除文本框内容成功password
2019-09-16 15:03:22,151 - framework.base_page - INFO - 输入的内容：test123456
2019-09-16 15:03:26,146 - framework.base_page - INFO - 点击元素成功//button[@class='ant-btn login-btn password-login ant-btn-primary']
2019-09-16 15:03:26,146 - framework.myunit - INFO - ************************starting run test cases************************
2019-09-16 15:03:26,964 - framework.base_page - INFO - https://cart-staging.zcygov.cn/ 地址正常打开
2019-09-16 15:03:30,178 - framework.base_page - INFO - 点击元素成功//div[@class="float-bar-action-del"]/a[text()="删除"]
2019-09-16 15:03:36,194 - pageobjects.order_page - INFO - 删除商品失败
2019-09-16 15:03:37,207 - framework.base_page - INFO - https://vaccine-staging.zcygov.cn/items/175600205?searchType=1&type=vaccine&utm=a0004.2ef5001f.0.0.33d8ffd0ca0411e9af8ed36431cbf75c 地址正常打开
2019-09-16 15:03:37,956 - framework.base_page - INFO - 点击元素成功//*[contains(text(),"加入购物车")]
2019-09-16 15:03:40,326 - framework.base_page - INFO - 点击元素成功//*[contains(text(),"查看购物车")]
2019-09-16 15:03:57,520 - framework.base_page - INFO - 点击元素成功select2-selection__placeholder
2019-09-16 15:03:57,654 - framework.base_page - INFO - 点击元素成功//li[text()="席胜军"]
2019-09-16 15:03:57,762 - framework.base_page - INFO - 点击元素成功//button[text()="提交"]
2019-09-16 15:03:58,333 - framework.base_page - INFO - 点击元素成功submit
2019-09-16 15:04:00,464 - framework.base_page - INFO - 点击元素成功//button[@class="btn btn-minor submit close"]
2019-09-16 15:04:00,508 - framework.base_page - INFO - 获取元素内容: 部门审核
2019-09-16 15:04:00,765 - framework.base_page - INFO - 截图 [test_33306_pass.png] 成功保存在 [C:\Users\admin\PycharmProjects\Zcy_Vaccine\reports\screenshots\pass]
2019-09-16 15:04:00,765 - test_33306 - INFO - 运行成功：预购单提交成功
2019-09-16 15:04:00,778 - framework.myunit - INFO - ************************test case run completed************************
2019-09-16 15:04:03,023 - framework.myunit - INFO - quit the browser success!
2019-09-16 15:04:05,473 - framework.driver - INFO - found the chrome driver [<selenium.webdriver.chrome.webdriver.WebDriver (session="444c0403618ee1890e2869c7bbcaee75")>] successed !
2019-09-16 15:04:05,473 - framework.myunit - INFO - opened the browser successed!
2019-09-16 15:04:07,421 - pageobjects.login_page - INFO - https://login-staging.zcygov.cn/login 打开登录地址成功
2019-09-16 15:04:07,498 - framework.base_page - INFO - 清除文本框内容成功username
2019-09-16 15:04:07,676 - framework.base_page - INFO - 输入的内容：13777466979
2019-09-16 15:04:07,740 - framework.base_page - INFO - 清除文本框内容成功password
2019-09-16 15:04:07,850 - framework.base_page - INFO - 输入的内容：test123456
2019-09-16 15:04:12,204 - framework.base_page - INFO - 点击元素成功//button[@class='ant-btn login-btn password-login ant-btn-primary']
2019-09-16 15:04:12,205 - framework.myunit - INFO - ************************starting run test cases************************
2019-09-16 15:04:13,805 - framework.base_page - INFO - https://cart-staging.zcygov.cn/ 地址正常打开
2019-09-16 15:04:19,832 - pageobjects.order_page - ERROR - 未找到全选按钮
Traceback (most recent call last):
  File "C:\Users\admin\PycharmProjects\Zcy_Vaccine\pageobjects\order_page.py", line 36, in clearcart
    self.driver.find_element_by_xpath('//input[@class="ant-checkbox-input"]').click()
  File "C:\Users\admin\PycharmProjects\UITest\venv\lib\site-packages\selenium\webdriver\remote\webdriver.py", line 394, in find_element_by_xpath
    return self.find_element(by=By.XPATH, value=xpath)
  File "C:\Users\admin\PycharmProjects\UITest\venv\lib\site-packages\selenium\webdriver\remote\webdriver.py", line 978, in find_element
    'value': value})['value']
  File "C:\Users\admin\PycharmProjects\UITest\venv\lib\site-packages\selenium\webdriver\remote\webdriver.py", line 321, in execute
    self.error_handler.check_response(response)
  File "C:\Users\admin\PycharmProjects\UITest\venv\lib\site-packages\selenium\webdriver\remote\errorhandler.py", line 242, in check_response
    raise exception_class(message, screen, stacktrace)
selenium.common.exceptions.NoSuchElementException: Message: no such element: Unable to locate element: {"method":"xpath","selector":"//input[@class="ant-checkbox-input"]"}
  (Session info: chrome=77.0.3865.75)

2019-09-16 15:04:22,248 - framework.base_page - INFO - https://vaccine-staging.zcygov.cn/items/175600205?searchType=1&type=vaccine&utm=a0004.2ef5001f.0.0.33d8ffd0ca0411e9af8ed36431cbf75c 地址正常打开
2019-09-16 15:04:22,357 - framework.base_page - INFO - 点击元素成功//*[contains(text(),"加入购物车")]
2019-09-16 15:04:23,670 - framework.base_page - INFO - 点击元素成功//*[contains(text(),"查看购物车")]
2019-09-16 15:04:41,609 - framework.base_page - INFO - 点击元素成功select2-selection__placeholder
2019-09-16 15:04:41,687 - framework.base_page - INFO - 点击元素成功//li[text()="席胜军"]
2019-09-16 15:04:41,794 - framework.base_page - INFO - 点击元素成功//button[text()="提交"]
2019-09-16 15:04:42,345 - framework.base_page - INFO - 点击元素成功submit
2019-09-16 15:04:44,755 - framework.base_page - INFO - 点击元素成功//button[@class="btn btn-minor submit close"]
2019-09-16 15:04:44,835 - framework.base_page - INFO - 点击元素成功shrink-png
2019-09-16 15:04:44,932 - framework.myunit - INFO - ************************test case run completed************************
2019-09-16 15:04:48,366 - framework.myunit - INFO - quit the browser success!
2019-09-16 15:04:48,375 - framework.send_email - INFO - 添加附件
2019-09-16 15:04:48,473 - framework.send_email - INFO - 连接成功
2019-09-16 15:04:49,544 - framework.send_email - INFO - 2019-09-16-15_04_49----发送邮件成功
