2019-09-16 15:46:01,056 - framework.testreport - INFO - successed to generate test report [C:\Users\admin\PycharmProjects\Zcy_Vaccine\reports\testReport\report2019-09-16 15_46_01.html]
2019-09-16 15:46:03,538 - framework.driver - INFO - found the chrome driver [<selenium.webdriver.chrome.webdriver.WebDriver (session="08c2a147088f867fa7ad7b6d7d0a97a0")>] successed !
2019-09-16 15:46:03,538 - framework.myunit - INFO - opened the browser successed!
2019-09-16 15:46:07,502 - pageobjects.login_page - INFO - https://login-staging.zcygov.cn/login 打开登录地址成功
2019-09-16 15:46:07,569 - framework.base_page - INFO - 清除文本框内容成功username
2019-09-16 15:46:07,688 - framework.base_page - INFO - 输入的内容：13777466979
2019-09-16 15:46:07,758 - framework.base_page - INFO - 清除文本框内容成功password
2019-09-16 15:46:07,864 - framework.base_page - INFO - 输入的内容：test123456
2019-09-16 15:46:11,932 - framework.base_page - INFO - 点击元素成功//button[@class='ant-btn login-btn password-login ant-btn-primary']
2019-09-16 15:46:11,932 - framework.myunit - INFO - ************************starting run test cases************************
2019-09-16 15:46:12,836 - framework.base_page - INFO - https://cart-staging.zcygov.cn/ 地址正常打开
2019-09-16 15:46:16,052 - framework.base_page - INFO - 点击元素成功//div[@class="float-bar-action-del"]/a[text()="删除"]
2019-09-16 15:46:22,110 - pageobjects.order_page - INFO - 删除商品失败
2019-09-16 15:46:23,051 - framework.base_page - INFO - https://vaccine-staging.zcygov.cn/items/175600205?searchType=1&type=vaccine&utm=a0004.2ef5001f.0.0.33d8ffd0ca0411e9af8ed36431cbf75c 地址正常打开
2019-09-16 15:46:23,732 - framework.base_page - INFO - 点击元素成功//*[contains(text(),"加入购物车")]
2019-09-16 15:46:33,958 - framework.base_page - ERROR - 查找元素超时://*[contains(text(),"查看购物车")]
Traceback (most recent call last):
  File "C:\Users\admin\PycharmProjects\Zcy_Vaccine\framework\base_page.py", line 109, in find_element
    EC.visibility_of(self.driver.find_element_by_xpath(value)))
  File "C:\Users\admin\PycharmProjects\UITest\venv\lib\site-packages\selenium\webdriver\support\wait.py", line 80, in until
    raise TimeoutException(message, screen, stacktrace)
selenium.common.exceptions.TimeoutException: Message: 

2019-09-16 15:46:33,982 - framework.myunit - INFO - ************************test case run completed************************
2019-09-16 15:46:36,750 - framework.myunit - INFO - quit the browser success!
2019-09-16 15:46:36,755 - framework.send_email - INFO - 添加附件
2019-09-16 15:46:36,821 - framework.send_email - INFO - 连接成功
2019-09-16 15:46:37,841 - framework.send_email - INFO - 2019-09-16-15_46_37----发送邮件成功
2019-09-16 15:46:38,797 - framework.testreport - INFO - successed to generate test report [C:\Users\admin\PycharmProjects\Zcy_Vaccine\reports\testReport\report2019-09-16 15_46_38.html]
2019-09-16 15:46:41,374 - framework.driver - INFO - found the chrome driver [<selenium.webdriver.chrome.webdriver.WebDriver (session="4e55a9659ed55a373b39f9001ca918b2")>] successed !
2019-09-16 15:46:41,374 - framework.myunit - INFO - opened the browser successed!
2019-09-16 15:46:45,461 - pageobjects.login_page - INFO - https://login-staging.zcygov.cn/login 打开登录地址成功
2019-09-16 15:46:45,536 - framework.base_page - INFO - 清除文本框内容成功username
2019-09-16 15:46:45,661 - framework.base_page - INFO - 输入的内容：13777466979
2019-09-16 15:46:45,732 - framework.base_page - INFO - 清除文本框内容成功password
2019-09-16 15:46:45,844 - framework.base_page - INFO - 输入的内容：test123456
2019-09-16 15:46:50,066 - framework.base_page - INFO - 点击元素成功//button[@class='ant-btn login-btn password-login ant-btn-primary']
2019-09-16 15:46:50,066 - framework.myunit - INFO - ************************starting run test cases************************
2019-09-16 15:46:50,864 - framework.base_page - INFO - https://cart-staging.zcygov.cn/ 地址正常打开
2019-09-16 15:46:56,871 - pageobjects.order_page - ERROR - 未找到全选按钮
Traceback (most recent call last):
  File "C:\Users\admin\PycharmProjects\Zcy_Vaccine\pageobjects\order_page.py", line 36, in clearcart
    self.driver.find_element_by_xpath('//input[@class="ant-checkbox-input"]').click()
  File "C:\Users\admin\PycharmProjects\UITest\venv\lib\site-packages\selenium\webdriver\remote\webdriver.py", line 394, in find_element_by_xpath
    return self.find_element(by=By.XPATH, value=xpath)
  File "C:\Users\admin\PycharmProjects\UITest\venv\lib\site-packages\selenium\webdriver\remote\webdriver.py", line 978, in find_element
    'value': value})['value']
  File "C:\Users\admin\PycharmProjects\UITest\venv\lib\site-packages\selenium\webdriver\remote\webdriver.py", line 321, in execute
    self.error_handler.check_response(response)
  File "C:\Users\admin\PycharmProjects\UITest\venv\lib\site-packages\selenium\webdriver\remote\errorhandler.py", line 242, in check_response
    raise exception_class(message, screen, stacktrace)
selenium.common.exceptions.NoSuchElementException: Message: no such element: Unable to locate element: {"method":"xpath","selector":"//input[@class="ant-checkbox-input"]"}
  (Session info: chrome=77.0.3865.75)

2019-09-16 15:46:57,906 - framework.base_page - INFO - https://vaccine-staging.zcygov.cn/items/175600205?searchType=1&type=vaccine&utm=a0004.2ef5001f.0.0.33d8ffd0ca0411e9af8ed36431cbf75c 地址正常打开
2019-09-16 15:46:58,490 - framework.base_page - INFO - 点击元素成功//*[contains(text(),"加入购物车")]
2019-09-16 15:47:08,745 - framework.base_page - ERROR - 查找元素超时://*[contains(text(),"查看购物车")]
Traceback (most recent call last):
  File "C:\Users\admin\PycharmProjects\Zcy_Vaccine\framework\base_page.py", line 109, in find_element
    EC.visibility_of(self.driver.find_element_by_xpath(value)))
  File "C:\Users\admin\PycharmProjects\UITest\venv\lib\site-packages\selenium\webdriver\support\wait.py", line 80, in until
    raise TimeoutException(message, screen, stacktrace)
selenium.common.exceptions.TimeoutException: Message: 

2019-09-16 15:47:08,764 - framework.myunit - INFO - ************************test case run completed************************
2019-09-16 15:47:11,710 - framework.myunit - INFO - quit the browser success!
2019-09-16 15:47:11,723 - framework.send_email - INFO - 添加附件
2019-09-16 15:47:11,801 - framework.send_email - INFO - 连接成功
2019-09-16 15:47:12,726 - framework.send_email - INFO - 2019-09-16-15_47_12----发送邮件成功
