2019-08-30 17:55:45,952 - framework.testreport - INFO - successed to generate test report [C:\Users\admin\PycharmProjects\Zcy_Vaccine\reports\testReport\report2019-08-30 17_55_45.html]
2019-08-30 17:55:48,604 - framework.driver - INFO - found the chrome driver [<selenium.webdriver.chrome.webdriver.WebDriver (session="c794972baaf6b049cf9dbc6c302e8ea2")>] successed !
2019-08-30 17:55:49,747 - framework.myunit - INFO - opened the browser successed!
2019-08-30 17:55:53,854 - pageobjects.login_page - INFO - https://login-staging.zcygov.cn/login 打开登录地址成功
2019-08-30 17:55:53,952 - framework.base_page - INFO - 清除文本框内容成功username
2019-08-30 17:55:54,137 - framework.base_page - INFO - 输入的内容：13777466979
2019-08-30 17:55:54,235 - framework.base_page - INFO - 清除文本框内容成功password
2019-08-30 17:55:54,408 - framework.base_page - INFO - 输入的内容：test123456
2019-08-30 17:55:58,529 - framework.base_page - INFO - 点击元素成功//button[@class='ant-btn login-btn password-login ant-btn-primary']
2019-08-30 17:55:58,530 - framework.myunit - INFO - ************************starting run test cases************************
2019-08-30 17:55:59,613 - framework.base_page - INFO - https://cart-staging.zcygov.cn/ 地址正常打开
2019-08-30 17:56:05,657 - pageobjects.order_page - ERROR - 未找到全选按钮
Traceback (most recent call last):
  File "C:\Users\admin\PycharmProjects\Zcy_Vaccine\pageobjects\order_page.py", line 35, in clearcart
    self.driver.find_element_by_xpath('//input[@class="ant-checkbox-input"]').click()
  File "C:\Users\admin\PycharmProjects\UITest\venv\lib\site-packages\selenium\webdriver\remote\webdriver.py", line 394, in find_element_by_xpath
    return self.find_element(by=By.XPATH, value=xpath)
  File "C:\Users\admin\PycharmProjects\UITest\venv\lib\site-packages\selenium\webdriver\remote\webdriver.py", line 978, in find_element
    'value': value})['value']
  File "C:\Users\admin\PycharmProjects\UITest\venv\lib\site-packages\selenium\webdriver\remote\webdriver.py", line 321, in execute
    self.error_handler.check_response(response)
  File "C:\Users\admin\PycharmProjects\UITest\venv\lib\site-packages\selenium\webdriver\remote\errorhandler.py", line 242, in check_response
    raise exception_class(message, screen, stacktrace)
selenium.common.exceptions.NoSuchElementException: Message: no such element: Unable to locate element: {"method":"xpath","selector":"//input[@class="ant-checkbox-input"]"}
  (Session info: chrome=73.0.3683.103)
  (Driver info: chromedriver=2.40.565498 (ea082db3280dd6843ebfb08a625e3eb905c4f5ab),platform=Windows NT 10.0.17134 x86_64)

2019-08-30 17:56:06,438 - framework.base_page - INFO - https://vaccine-staging.zcygov.cn/items/175600205?searchType=1&type=vaccine&utm=a0004.2ef5001f.0.0.33d8ffd0ca0411e9af8ed36431cbf75c 地址正常打开
2019-08-30 17:56:08,997 - framework.base_page - INFO - 点击元素成功//*[contains(text(),"加入购物车")]
2019-08-30 17:56:10,357 - framework.base_page - INFO - 点击元素成功//*[contains(text(),"查看购物车")]
2019-08-30 17:56:29,660 - framework.base_page - INFO - 点击元素成功select2-selection__placeholder
2019-08-30 17:56:29,753 - framework.base_page - INFO - 点击元素成功//li[text()="席胜军"]
2019-08-30 17:56:29,880 - framework.base_page - INFO - 点击元素成功//button[text()="提交"]
2019-08-30 17:56:30,446 - framework.base_page - INFO - 点击元素成功submit
2019-08-30 17:56:32,224 - framework.base_page - INFO - 点击元素成功//button[@class="btn btn-minor submit close"]
2019-08-30 17:56:33,827 - framework.base_page - INFO - 点击元素成功div.pur-list-body > table > tbody > tr:nth-child(1) > td:nth-child(7) > a:nth-child(1)
2019-08-30 17:56:33,992 - framework.base_page - INFO - 点击元素成功//button[text()="提交审核意见"]
2019-08-30 17:56:34,092 - framework.base_page - INFO - 点击元素成功submit
2019-08-30 17:56:35,610 - framework.base_page - INFO - 点击元素成功//button[@class="btn btn-minor submit close"]
2019-08-30 17:56:36,927 - framework.base_page - INFO - 点击元素成功div.pur-list-body > table > tbody > tr:nth-child(1) > td:nth-child(7) > a:nth-child(1)
2019-08-30 17:56:37,056 - framework.base_page - INFO - 点击元素成功//button[text()="提交审核意见"]
2019-08-30 17:56:37,149 - framework.base_page - INFO - 点击元素成功submit
2019-08-30 17:56:38,687 - framework.base_page - INFO - 点击元素成功//button[@class="btn btn-minor submit close"]
2019-08-30 17:56:39,908 - framework.base_page - INFO - 点击元素成功div.pur-list-body > table > tbody > tr:nth-child(1) > td:nth-child(7) > a:nth-child(1)
2019-08-30 17:56:40,036 - framework.base_page - INFO - 点击元素成功//button[text()="提交审核意见"]
2019-08-30 17:56:40,129 - framework.base_page - INFO - 点击元素成功submit
2019-08-30 17:56:41,634 - framework.base_page - INFO - 点击元素成功//button[@class="btn btn-minor submit close"]
2019-08-30 17:56:42,902 - framework.base_page - INFO - 点击元素成功div.pur-list-body > table > tbody > tr:nth-child(1) > td:nth-child(7) > a:nth-child(1)
2019-08-30 17:56:43,015 - framework.base_page - INFO - 点击元素成功//button[text()="确定订单"]
2019-08-30 17:56:46,671 - framework.base_page - INFO - 点击元素成功div.order-form-list-body > table > tbody > tr:nth-child(1) > td:nth-child(8)> a:nth-child(1)
2019-08-30 17:56:56,727 - framework.base_page - ERROR - 查找元素超时:js-cancel-reason
Traceback (most recent call last):
  File "C:\Users\admin\PycharmProjects\Zcy_Vaccine\framework\base_page.py", line 88, in find_element
    EC.visibility_of(self.driver.find_element_by_id(value)))
  File "C:\Users\admin\PycharmProjects\UITest\venv\lib\site-packages\selenium\webdriver\remote\webdriver.py", line 360, in find_element_by_id
    return self.find_element(by=By.ID, value=id_)
  File "C:\Users\admin\PycharmProjects\UITest\venv\lib\site-packages\selenium\webdriver\remote\webdriver.py", line 978, in find_element
    'value': value})['value']
  File "C:\Users\admin\PycharmProjects\UITest\venv\lib\site-packages\selenium\webdriver\remote\webdriver.py", line 321, in execute
    self.error_handler.check_response(response)
  File "C:\Users\admin\PycharmProjects\UITest\venv\lib\site-packages\selenium\webdriver\remote\errorhandler.py", line 242, in check_response
    raise exception_class(message, screen, stacktrace)
selenium.common.exceptions.NoSuchElementException: Message: no such element: Unable to locate element: {"method":"id","selector":"js-cancel-reason"}
  (Session info: chrome=73.0.3683.103)
  (Driver info: chromedriver=2.40.565498 (ea082db3280dd6843ebfb08a625e3eb905c4f5ab),platform=Windows NT 10.0.17134 x86_64)

2019-08-30 17:56:56,750 - framework.myunit - INFO - ************************test case run completed************************
2019-08-30 17:56:59,727 - pageobjects.login_page - INFO - https://login-staging.zcygov.cn/login 打开登录地址成功
2019-08-30 17:56:59,811 - framework.base_page - INFO - 清除文本框内容成功username
2019-08-30 17:56:59,948 - framework.base_page - INFO - 输入的内容：13777466979
2019-08-30 17:57:00,024 - framework.base_page - INFO - 清除文本框内容成功password
2019-08-30 17:57:00,127 - framework.base_page - INFO - 输入的内容：test123456
