2019-08-29 10:53:51,859 - framework.testreport - INFO - successed to generate test report [C:\Users\admin\PycharmProjects\Zcy_Vaccine\reports\testReport\report2019-08-29 10_53_51.html]
2019-08-29 10:53:54,362 - framework.driver - INFO - found the chrome driver [<selenium.webdriver.chrome.webdriver.WebDriver (session="565ea96c0732463629c21d93d8cb1219")>] successed !
2019-08-29 10:53:55,500 - framework.myunit - INFO - opened the browser successed!
2019-08-29 10:53:57,489 - pageobjects.login_page - INFO - https://login-staging.zcygov.cn/login 打开登录地址成功
2019-08-29 10:53:57,557 - framework.base_page - INFO - 清除文本框内容成功username
2019-08-29 10:53:57,704 - framework.base_page - INFO - 输入的内容：13777466979
2019-08-29 10:53:57,776 - framework.base_page - INFO - 清除文本框内容成功password
2019-08-29 10:53:57,865 - framework.base_page - INFO - 输入的内容：test123456
2019-08-29 10:54:02,076 - framework.base_page - INFO - 点击元素成功//button[@class='ant-btn login-btn password-login ant-btn-primary']
2019-08-29 10:54:02,077 - framework.myunit - INFO - ************************starting run test cases************************
2019-08-29 10:54:03,122 - framework.base_page - INFO - https://cart-staging.zcygov.cn/ 地址正常打开
2019-08-29 10:54:06,294 - framework.base_page - INFO - 点击元素成功//div[@class="float-bar-action-del"]/a[text()="删除"]
2019-08-29 10:54:09,351 - framework.base_page - ERROR - 查找元素超时://div[@class="ant-popover-buttons"]/button[contains(text(),"确定")]
Traceback (most recent call last):
  File "C:\Users\admin\PycharmProjects\Zcy_Vaccine\framework\base_page.py", line 109, in find_element
    EC.visibility_of(self.driver.find_element_by_xpath(value)))
  File "C:\Users\admin\PycharmProjects\UITest\venv\lib\site-packages\selenium\webdriver\remote\webdriver.py", line 394, in find_element_by_xpath
    return self.find_element(by=By.XPATH, value=xpath)
  File "C:\Users\admin\PycharmProjects\UITest\venv\lib\site-packages\selenium\webdriver\remote\webdriver.py", line 978, in find_element
    'value': value})['value']
  File "C:\Users\admin\PycharmProjects\UITest\venv\lib\site-packages\selenium\webdriver\remote\webdriver.py", line 321, in execute
    self.error_handler.check_response(response)
  File "C:\Users\admin\PycharmProjects\UITest\venv\lib\site-packages\selenium\webdriver\remote\errorhandler.py", line 242, in check_response
    raise exception_class(message, screen, stacktrace)
selenium.common.exceptions.NoSuchElementException: Message: no such element: Unable to locate element: {"method":"xpath","selector":"//div[@class="ant-popover-buttons"]/button[contains(text(),"确定")]"}
  (Session info: chrome=73.0.3683.103)
  (Driver info: chromedriver=2.40.565498 (ea082db3280dd6843ebfb08a625e3eb905c4f5ab),platform=Windows NT 10.0.17134 x86_64)

2019-08-29 10:54:09,353 - pageobjects.order_page - INFO - 删除商品失败
2019-08-29 10:54:09,628 - framework.base_page - INFO - 截图 [test_33324_fail.png] 成功保存在 [C:\Users\admin\PycharmProjects\Zcy_Vaccine\reports\screenshots\fail]
2019-08-29 10:54:09,648 - framework.myunit - INFO - ************************test case run completed************************
2019-08-29 10:54:10,578 - pageobjects.login_page - INFO - https://login-staging.zcygov.cn/login 打开登录地址成功
2019-08-29 10:54:10,636 - framework.base_page - INFO - 清除文本框内容成功username
2019-08-29 10:54:10,733 - framework.base_page - INFO - 输入的内容：13777466979
2019-08-29 10:54:10,801 - framework.base_page - INFO - 清除文本框内容成功password
2019-08-29 10:54:10,901 - framework.base_page - INFO - 输入的内容：test123456
2019-08-29 10:54:12,257 - framework.base_page - INFO - 点击元素成功//button[@class='ant-btn login-btn password-login ant-btn-primary']
2019-08-29 10:54:12,257 - framework.myunit - INFO - ************************starting run test cases************************
2019-08-29 10:54:12,717 - framework.base_page - INFO - https://cart-staging.zcygov.cn/ 地址正常打开
2019-08-29 10:54:15,879 - framework.base_page - INFO - 点击元素成功//div[@class="float-bar-action-del"]/a[text()="删除"]
2019-08-29 10:54:18,933 - framework.base_page - ERROR - 查找元素超时://div[@class="ant-popover-buttons"]/button[contains(text(),"确定")]
Traceback (most recent call last):
  File "C:\Users\admin\PycharmProjects\Zcy_Vaccine\framework\base_page.py", line 109, in find_element
    EC.visibility_of(self.driver.find_element_by_xpath(value)))
  File "C:\Users\admin\PycharmProjects\UITest\venv\lib\site-packages\selenium\webdriver\remote\webdriver.py", line 394, in find_element_by_xpath
    return self.find_element(by=By.XPATH, value=xpath)
  File "C:\Users\admin\PycharmProjects\UITest\venv\lib\site-packages\selenium\webdriver\remote\webdriver.py", line 978, in find_element
    'value': value})['value']
  File "C:\Users\admin\PycharmProjects\UITest\venv\lib\site-packages\selenium\webdriver\remote\webdriver.py", line 321, in execute
    self.error_handler.check_response(response)
  File "C:\Users\admin\PycharmProjects\UITest\venv\lib\site-packages\selenium\webdriver\remote\errorhandler.py", line 242, in check_response
    raise exception_class(message, screen, stacktrace)
selenium.common.exceptions.NoSuchElementException: Message: no such element: Unable to locate element: {"method":"xpath","selector":"//div[@class="ant-popover-buttons"]/button[contains(text(),"确定")]"}
  (Session info: chrome=73.0.3683.103)
  (Driver info: chromedriver=2.40.565498 (ea082db3280dd6843ebfb08a625e3eb905c4f5ab),platform=Windows NT 10.0.17134 x86_64)

2019-08-29 10:54:18,934 - pageobjects.order_page - INFO - 删除商品失败
2019-08-29 10:54:19,206 - framework.base_page - INFO - 截图 [test_33324_fail.png] 成功保存在 [C:\Users\admin\PycharmProjects\Zcy_Vaccine\reports\screenshots\fail]
2019-08-29 10:54:19,219 - framework.myunit - INFO - ************************test case run completed************************
2019-08-29 10:54:21,926 - framework.myunit - INFO - quit the browser success!
