2019-08-29 10:44:22,979 - framework.testreport - INFO - successed to generate test report [C:\Users\admin\PycharmProjects\Zcy_Vaccine\reports\testReport\report2019-08-29 10_44_22.html]
2019-08-29 10:44:25,469 - framework.driver - INFO - found the chrome driver [<selenium.webdriver.chrome.webdriver.WebDriver (session="8bae7499a94f0773e40e3024bb4e6392")>] successed !
2019-08-29 10:44:26,593 - framework.myunit - INFO - opened the browser successed!
2019-08-29 10:44:29,658 - pageobjects.login_page - INFO - https://login-staging.zcygov.cn/login 打开登录地址成功
2019-08-29 10:44:29,718 - framework.base_page - INFO - 清除文本框内容成功username
2019-08-29 10:44:29,822 - framework.base_page - INFO - 输入的内容：13777466979
2019-08-29 10:44:29,881 - framework.base_page - INFO - 清除文本框内容成功password
2019-08-29 10:44:29,975 - framework.base_page - INFO - 输入的内容：test123456
2019-08-29 10:44:34,671 - framework.base_page - INFO - 点击元素成功//button[@class='ant-btn login-btn password-login ant-btn-primary']
2019-08-29 10:44:34,671 - framework.myunit - INFO - ************************starting run test cases************************
2019-08-29 10:44:35,700 - framework.base_page - INFO - https://cart-staging.zcygov.cn/ 地址正常打开
2019-08-29 10:44:38,880 - framework.base_page - INFO - 点击元素成功float-bar-action-del
2019-08-29 10:44:44,902 - framework.base_page - ERROR - 查找元素超时://button[contains(text(),"确定")]
Traceback (most recent call last):
  File "C:\Users\admin\PycharmProjects\Zcy_Vaccine\framework\base_page.py", line 109, in find_element
    EC.visibility_of(self.driver.find_element_by_xpath(value)))
  File "C:\Users\admin\PycharmProjects\UITest\venv\lib\site-packages\selenium\webdriver\remote\webdriver.py", line 394, in find_element_by_xpath
    return self.find_element(by=By.XPATH, value=xpath)
  File "C:\Users\admin\PycharmProjects\UITest\venv\lib\site-packages\selenium\webdriver\remote\webdriver.py", line 978, in find_element
    'value': value})['value']
  File "C:\Users\admin\PycharmProjects\UITest\venv\lib\site-packages\selenium\webdriver\remote\webdriver.py", line 321, in execute
    self.error_handler.check_response(response)
  File "C:\Users\admin\PycharmProjects\UITest\venv\lib\site-packages\selenium\webdriver\remote\errorhandler.py", line 242, in check_response
    raise exception_class(message, screen, stacktrace)
selenium.common.exceptions.NoSuchElementException: Message: no such element: Unable to locate element: {"method":"xpath","selector":"//button[contains(text(),"确定")]"}
  (Session info: chrome=73.0.3683.103)
  (Driver info: chromedriver=2.40.565498 (ea082db3280dd6843ebfb08a625e3eb905c4f5ab),platform=Windows NT 10.0.17134 x86_64)

2019-08-29 10:44:44,904 - pageobjects.order_page - INFO - 删除商品失败
2019-08-29 10:44:45,149 - framework.base_page - INFO - 截图 [test_33324_fail.png] 成功保存在 [C:\Users\admin\PycharmProjects\Zcy_Vaccine\reports\screenshots\fail]
2019-08-29 10:44:45,168 - framework.myunit - INFO - ************************test case run completed************************
2019-08-29 10:44:46,244 - pageobjects.login_page - INFO - https://login-staging.zcygov.cn/login 打开登录地址成功
2019-08-29 10:44:46,306 - framework.base_page - INFO - 清除文本框内容成功username
2019-08-29 10:44:46,416 - framework.base_page - INFO - 输入的内容：13777466979
2019-08-29 10:44:46,482 - framework.base_page - INFO - 清除文本框内容成功password
2019-08-29 10:44:46,572 - framework.base_page - INFO - 输入的内容：test123456
2019-08-29 10:44:48,174 - framework.base_page - INFO - 点击元素成功//button[@class='ant-btn login-btn password-login ant-btn-primary']
2019-08-29 10:44:48,175 - framework.myunit - INFO - ************************starting run test cases************************
2019-08-29 10:44:48,743 - framework.base_page - INFO - https://cart-staging.zcygov.cn/ 地址正常打开
2019-08-29 10:44:51,899 - framework.base_page - INFO - 点击元素成功float-bar-action-del
2019-08-29 10:44:57,954 - framework.base_page - ERROR - 查找元素超时://button[contains(text(),"确定")]
Traceback (most recent call last):
  File "C:\Users\admin\PycharmProjects\Zcy_Vaccine\framework\base_page.py", line 109, in find_element
    EC.visibility_of(self.driver.find_element_by_xpath(value)))
  File "C:\Users\admin\PycharmProjects\UITest\venv\lib\site-packages\selenium\webdriver\remote\webdriver.py", line 394, in find_element_by_xpath
    return self.find_element(by=By.XPATH, value=xpath)
  File "C:\Users\admin\PycharmProjects\UITest\venv\lib\site-packages\selenium\webdriver\remote\webdriver.py", line 978, in find_element
    'value': value})['value']
  File "C:\Users\admin\PycharmProjects\UITest\venv\lib\site-packages\selenium\webdriver\remote\webdriver.py", line 321, in execute
    self.error_handler.check_response(response)
  File "C:\Users\admin\PycharmProjects\UITest\venv\lib\site-packages\selenium\webdriver\remote\errorhandler.py", line 242, in check_response
    raise exception_class(message, screen, stacktrace)
selenium.common.exceptions.NoSuchElementException: Message: no such element: Unable to locate element: {"method":"xpath","selector":"//button[contains(text(),"确定")]"}
  (Session info: chrome=73.0.3683.103)
  (Driver info: chromedriver=2.40.565498 (ea082db3280dd6843ebfb08a625e3eb905c4f5ab),platform=Windows NT 10.0.17134 x86_64)

2019-08-29 10:44:57,955 - pageobjects.order_page - INFO - 删除商品失败
2019-08-29 10:44:58,235 - framework.base_page - INFO - 截图 [test_33324_fail.png] 成功保存在 [C:\Users\admin\PycharmProjects\Zcy_Vaccine\reports\screenshots\fail]
2019-08-29 10:44:58,252 - framework.myunit - INFO - ************************test case run completed************************
2019-08-29 10:45:01,192 - framework.myunit - INFO - quit the browser success!
