2019-09-02 17:07:18,364 - framework.testreport - INFO - successed to generate test report [C:\Users\admin\PycharmProjects\Zcy_Vaccine\reports\testReport\report2019-09-02 17_07_18.html]
2019-09-02 17:07:21,662 - framework.driver - INFO - found the chrome driver [<selenium.webdriver.chrome.webdriver.WebDriver (session="48ec5674a3d355ffc1a5b586560b87cf")>] successed !
2019-09-02 17:07:22,793 - framework.myunit - INFO - opened the browser successed!
2019-09-02 17:07:25,781 - pageobjects.login_page - INFO - https://login-staging.zcygov.cn/login 打开登录地址成功
2019-09-02 17:07:25,850 - framework.base_page - INFO - 清除文本框内容成功username
2019-09-02 17:07:25,985 - framework.base_page - INFO - 输入的内容：13777466979
2019-09-02 17:07:26,046 - framework.base_page - INFO - 清除文本框内容成功password
2019-09-02 17:07:26,141 - framework.base_page - INFO - 输入的内容：test123456
2019-09-02 17:07:30,810 - framework.base_page - INFO - 点击元素成功//button[@class='ant-btn login-btn password-login ant-btn-primary']
2019-09-02 17:07:30,810 - framework.myunit - INFO - ************************starting run test cases************************
2019-09-02 17:07:46,666 - framework.base_page - INFO - 点击元素成功icon-maichang
2019-09-02 17:07:46,672 - framework.base_page - INFO - 当前窗口的title是: 二类疫苗
2019-09-02 17:07:46,980 - framework.base_page - INFO - 截图 [test_33302_pass.png] 成功保存在 [C:\Users\admin\PycharmProjects\Zcy_Vaccine\reports\screenshots\pass]
2019-09-02 17:07:46,980 - test_33302 - INFO - 运行成功：进入疫苗馆
2019-09-02 17:07:47,005 - framework.myunit - INFO - ************************test case run completed************************
2019-09-02 17:07:49,271 - framework.myunit - INFO - quit the browser success!
2019-09-02 17:07:51,702 - framework.driver - INFO - found the chrome driver [<selenium.webdriver.chrome.webdriver.WebDriver (session="628a0a1d37242bacd06bc3574eabb7aa")>] successed !
2019-09-02 17:07:52,841 - framework.myunit - INFO - opened the browser successed!
2019-09-02 17:07:55,315 - pageobjects.login_page - INFO - https://login-staging.zcygov.cn/login 打开登录地址成功
2019-09-02 17:07:55,380 - framework.base_page - INFO - 清除文本框内容成功username
2019-09-02 17:07:55,508 - framework.base_page - INFO - 输入的内容：13777466979
2019-09-02 17:07:55,576 - framework.base_page - INFO - 清除文本框内容成功password
2019-09-02 17:07:55,668 - framework.base_page - INFO - 输入的内容：test123456
2019-09-02 17:08:00,529 - framework.base_page - INFO - 点击元素成功//button[@class='ant-btn login-btn password-login ant-btn-primary']
2019-09-02 17:08:00,530 - framework.myunit - INFO - ************************starting run test cases************************
2019-09-02 17:08:07,336 - framework.base_page - INFO - https://vaccine-staging.zcygov.cn/?fcid=4244&normal=2&type=vaccine&utm=a0004.2ef5001f.0.0.bfa5af50ca0311e9ac3f4365eda56d93 地址正常打开
2019-09-02 17:08:07,412 - framework.base_page - INFO - 清除文本框内容成功q
2019-09-02 17:08:07,503 - framework.base_page - INFO - 输入的内容：甲型肝炎灭活疫苗0508
2019-09-02 17:08:09,563 - framework.base_page - INFO - 点击元素成功search-button
2019-09-02 17:08:13,054 - framework.base_page - INFO - 截图 [test_33303_pass.png] 成功保存在 [C:\Users\admin\PycharmProjects\Zcy_Vaccine\reports\screenshots\pass]
2019-09-02 17:08:13,054 - test_33303 - INFO - 甲型肝炎灭活疫苗0508搜索成功
2019-09-02 17:08:13,069 - framework.myunit - INFO - ************************test case run completed************************
2019-09-02 17:08:15,310 - framework.myunit - INFO - quit the browser success!
2019-09-02 17:08:17,734 - framework.driver - INFO - found the chrome driver [<selenium.webdriver.chrome.webdriver.WebDriver (session="79b66f7ada35b3ccf9a3da6cd2f352f0")>] successed !
2019-09-02 17:08:18,861 - framework.myunit - INFO - opened the browser successed!
2019-09-02 17:08:21,281 - pageobjects.login_page - INFO - https://login-staging.zcygov.cn/login 打开登录地址成功
2019-09-02 17:08:21,350 - framework.base_page - INFO - 清除文本框内容成功username
2019-09-02 17:08:21,473 - framework.base_page - INFO - 输入的内容：13777466979
2019-09-02 17:08:21,534 - framework.base_page - INFO - 清除文本框内容成功password
2019-09-02 17:08:21,630 - framework.base_page - INFO - 输入的内容：test123456
2019-09-02 17:08:25,851 - framework.base_page - INFO - 点击元素成功//button[@class='ant-btn login-btn password-login ant-btn-primary']
2019-09-02 17:08:25,852 - framework.myunit - INFO - ************************starting run test cases************************
2019-09-02 17:08:26,833 - framework.base_page - INFO - https://cart-staging.zcygov.cn/ 地址正常打开
2019-09-02 17:08:32,842 - pageobjects.order_page - ERROR - 未找到全选按钮
Traceback (most recent call last):
  File "C:\Users\admin\PycharmProjects\Zcy_Vaccine\pageobjects\order_page.py", line 35, in clearcart
    self.driver.find_element_by_xpath('//input[@class="ant-checkbox-input"]').click()
  File "C:\Users\admin\PycharmProjects\UITest\venv\lib\site-packages\selenium\webdriver\remote\webdriver.py", line 394, in find_element_by_xpath
    return self.find_element(by=By.XPATH, value=xpath)
  File "C:\Users\admin\PycharmProjects\UITest\venv\lib\site-packages\selenium\webdriver\remote\webdriver.py", line 978, in find_element
    'value': value})['value']
  File "C:\Users\admin\PycharmProjects\UITest\venv\lib\site-packages\selenium\webdriver\remote\webdriver.py", line 321, in execute
    self.error_handler.check_response(response)
  File "C:\Users\admin\PycharmProjects\UITest\venv\lib\site-packages\selenium\webdriver\remote\errorhandler.py", line 242, in check_response
    raise exception_class(message, screen, stacktrace)
selenium.common.exceptions.NoSuchElementException: Message: no such element: Unable to locate element: {"method":"xpath","selector":"//input[@class="ant-checkbox-input"]"}
  (Session info: chrome=73.0.3683.103)
  (Driver info: chromedriver=2.40.565498 (ea082db3280dd6843ebfb08a625e3eb905c4f5ab),platform=Windows NT 10.0.17134 x86_64)

2019-09-02 17:08:33,830 - framework.base_page - INFO - https://vaccine-staging.zcygov.cn/items/175600205?searchType=1&type=vaccine&utm=a0004.2ef5001f.0.0.33d8ffd0ca0411e9af8ed36431cbf75c 地址正常打开
2019-09-02 17:08:38,937 - framework.base_page - INFO - 点击元素成功//*[contains(text(),"加入购物车")]
2019-09-02 17:08:40,297 - framework.base_page - INFO - 点击元素成功//*[contains(text(),"查看购物车")]
2019-09-02 17:08:47,557 - framework.base_page - INFO - 截图 [test_33304_pass.png] 成功保存在 [C:\Users\admin\PycharmProjects\Zcy_Vaccine\reports\screenshots\pass]
2019-09-02 17:08:47,557 - test_33304 - INFO - 加入购物车成功
2019-09-02 17:08:47,570 - framework.myunit - INFO - ************************test case run completed************************
2019-09-02 17:08:49,805 - framework.myunit - INFO - quit the browser success!
2019-09-02 17:08:52,250 - framework.driver - INFO - found the chrome driver [<selenium.webdriver.chrome.webdriver.WebDriver (session="0672b338ce093e76588f76ceb94f6f28")>] successed !
2019-09-02 17:08:53,375 - framework.myunit - INFO - opened the browser successed!
2019-09-02 17:08:55,658 - pageobjects.login_page - INFO - https://login-staging.zcygov.cn/login 打开登录地址成功
2019-09-02 17:08:55,724 - framework.base_page - INFO - 清除文本框内容成功username
2019-09-02 17:08:55,862 - framework.base_page - INFO - 输入的内容：13777466979
2019-09-02 17:08:55,921 - framework.base_page - INFO - 清除文本框内容成功password
2019-09-02 17:08:56,016 - framework.base_page - INFO - 输入的内容：test123456
2019-09-02 17:09:00,379 - framework.base_page - INFO - 点击元素成功//button[@class='ant-btn login-btn password-login ant-btn-primary']
2019-09-02 17:09:00,379 - framework.myunit - INFO - ************************starting run test cases************************
2019-09-02 17:09:01,206 - framework.base_page - INFO - https://cart-staging.zcygov.cn/ 地址正常打开
2019-09-02 17:09:04,388 - framework.base_page - INFO - 点击元素成功//div[@class="float-bar-action-del"]/a[text()="删除"]
2019-09-02 17:09:07,473 - pageobjects.order_page - INFO - 删除商品成功
2019-09-02 17:09:08,522 - framework.base_page - INFO - https://vaccine-staging.zcygov.cn/items/175600205?searchType=1&type=vaccine&utm=a0004.2ef5001f.0.0.33d8ffd0ca0411e9af8ed36431cbf75c 地址正常打开
2019-09-02 17:09:11,626 - framework.base_page - INFO - 点击元素成功//*[contains(text(),"加入购物车")]
2019-09-02 17:09:13,012 - framework.base_page - INFO - 点击元素成功//*[contains(text(),"查看购物车")]
2019-09-02 17:09:31,891 - framework.base_page - INFO - 获取当前url https://staging.zcygov.cn/buyer/purchase-process?purchaseId=1129000000000180665
2019-09-02 17:09:31,899 - test_33305 - INFO - https://staging.zcygov.cn/buyer/purchase-process?purchaseId=1129000000000180665
2019-09-02 17:09:32,245 - framework.base_page - INFO - 截图 [test_33305_pass.png] 成功保存在 [C:\Users\admin\PycharmProjects\Zcy_Vaccine\reports\screenshots\pass]
2019-09-02 17:09:32,245 - test_33305 - INFO - 生成预购单成功
2019-09-02 17:09:32,262 - framework.myunit - INFO - ************************test case run completed************************
2019-09-02 17:09:34,501 - framework.myunit - INFO - quit the browser success!
2019-09-02 17:09:36,911 - framework.driver - INFO - found the chrome driver [<selenium.webdriver.chrome.webdriver.WebDriver (session="ac36403b342344a639a9ac7e4dfc9015")>] successed !
2019-09-02 17:09:38,036 - framework.myunit - INFO - opened the browser successed!
2019-09-02 17:09:40,140 - pageobjects.login_page - INFO - https://login-staging.zcygov.cn/login 打开登录地址成功
2019-09-02 17:09:40,206 - framework.base_page - INFO - 清除文本框内容成功username
2019-09-02 17:09:40,333 - framework.base_page - INFO - 输入的内容：13777466979
2019-09-02 17:09:40,403 - framework.base_page - INFO - 清除文本框内容成功password
2019-09-02 17:09:40,505 - framework.base_page - INFO - 输入的内容：test123456
2019-09-02 17:09:44,554 - framework.base_page - INFO - 点击元素成功//button[@class='ant-btn login-btn password-login ant-btn-primary']
2019-09-02 17:09:44,554 - framework.myunit - INFO - ************************starting run test cases************************
2019-09-02 17:09:45,379 - framework.base_page - INFO - https://cart-staging.zcygov.cn/ 地址正常打开
2019-09-02 17:09:51,438 - pageobjects.order_page - ERROR - 未找到全选按钮
Traceback (most recent call last):
  File "C:\Users\admin\PycharmProjects\Zcy_Vaccine\pageobjects\order_page.py", line 35, in clearcart
    self.driver.find_element_by_xpath('//input[@class="ant-checkbox-input"]').click()
  File "C:\Users\admin\PycharmProjects\UITest\venv\lib\site-packages\selenium\webdriver\remote\webdriver.py", line 394, in find_element_by_xpath
    return self.find_element(by=By.XPATH, value=xpath)
  File "C:\Users\admin\PycharmProjects\UITest\venv\lib\site-packages\selenium\webdriver\remote\webdriver.py", line 978, in find_element
    'value': value})['value']
  File "C:\Users\admin\PycharmProjects\UITest\venv\lib\site-packages\selenium\webdriver\remote\webdriver.py", line 321, in execute
    self.error_handler.check_response(response)
  File "C:\Users\admin\PycharmProjects\UITest\venv\lib\site-packages\selenium\webdriver\remote\errorhandler.py", line 242, in check_response
    raise exception_class(message, screen, stacktrace)
selenium.common.exceptions.NoSuchElementException: Message: no such element: Unable to locate element: {"method":"xpath","selector":"//input[@class="ant-checkbox-input"]"}
  (Session info: chrome=73.0.3683.103)
  (Driver info: chromedriver=2.40.565498 (ea082db3280dd6843ebfb08a625e3eb905c4f5ab),platform=Windows NT 10.0.17134 x86_64)

2019-09-02 17:09:52,597 - framework.base_page - INFO - https://vaccine-staging.zcygov.cn/items/175600205?searchType=1&type=vaccine&utm=a0004.2ef5001f.0.0.33d8ffd0ca0411e9af8ed36431cbf75c 地址正常打开
2019-09-02 17:09:52,971 - framework.base_page - INFO - 点击元素成功//*[contains(text(),"加入购物车")]
2019-09-02 17:09:54,293 - framework.base_page - INFO - 点击元素成功//*[contains(text(),"查看购物车")]
2019-09-02 17:10:13,328 - framework.base_page - INFO - 点击元素成功select2-selection__placeholder
2019-09-02 17:10:13,405 - framework.base_page - INFO - 点击元素成功//li[text()="席胜军"]
2019-09-02 17:10:13,512 - framework.base_page - INFO - 点击元素成功//button[text()="提交"]
2019-09-02 17:10:13,972 - framework.base_page - INFO - 点击元素成功submit
2019-09-02 17:10:15,683 - framework.base_page - INFO - 点击元素成功//button[@class="btn btn-minor submit close"]
2019-09-02 17:10:15,725 - framework.base_page - INFO - 获取元素内容: 部门审核
2019-09-02 17:10:16,004 - framework.base_page - INFO - 截图 [test_33306_pass.png] 成功保存在 [C:\Users\admin\PycharmProjects\Zcy_Vaccine\reports\screenshots\pass]
2019-09-02 17:10:16,020 - framework.myunit - INFO - ************************test case run completed************************
2019-09-02 17:10:18,276 - framework.myunit - INFO - quit the browser success!
2019-09-02 17:10:20,693 - framework.driver - INFO - found the chrome driver [<selenium.webdriver.chrome.webdriver.WebDriver (session="b7a41b34bf19141c2c049d8494921382")>] successed !
2019-09-02 17:10:21,837 - framework.myunit - INFO - opened the browser successed!
2019-09-02 17:10:24,610 - pageobjects.login_page - INFO - https://login-staging.zcygov.cn/login 打开登录地址成功
2019-09-02 17:10:24,678 - framework.base_page - INFO - 清除文本框内容成功username
2019-09-02 17:10:24,802 - framework.base_page - INFO - 输入的内容：13777466979
2019-09-02 17:10:24,861 - framework.base_page - INFO - 清除文本框内容成功password
2019-09-02 17:10:24,960 - framework.base_page - INFO - 输入的内容：test123456
2019-09-02 17:10:29,725 - framework.base_page - INFO - 点击元素成功//button[@class='ant-btn login-btn password-login ant-btn-primary']
2019-09-02 17:10:29,725 - framework.myunit - INFO - ************************starting run test cases************************
2019-09-02 17:10:30,801 - framework.base_page - INFO - https://cart-staging.zcygov.cn/ 地址正常打开
2019-09-02 17:10:36,852 - pageobjects.order_page - ERROR - 未找到全选按钮
Traceback (most recent call last):
  File "C:\Users\admin\PycharmProjects\Zcy_Vaccine\pageobjects\order_page.py", line 35, in clearcart
    self.driver.find_element_by_xpath('//input[@class="ant-checkbox-input"]').click()
  File "C:\Users\admin\PycharmProjects\UITest\venv\lib\site-packages\selenium\webdriver\remote\webdriver.py", line 394, in find_element_by_xpath
    return self.find_element(by=By.XPATH, value=xpath)
  File "C:\Users\admin\PycharmProjects\UITest\venv\lib\site-packages\selenium\webdriver\remote\webdriver.py", line 978, in find_element
    'value': value})['value']
  File "C:\Users\admin\PycharmProjects\UITest\venv\lib\site-packages\selenium\webdriver\remote\webdriver.py", line 321, in execute
    self.error_handler.check_response(response)
  File "C:\Users\admin\PycharmProjects\UITest\venv\lib\site-packages\selenium\webdriver\remote\errorhandler.py", line 242, in check_response
    raise exception_class(message, screen, stacktrace)
selenium.common.exceptions.NoSuchElementException: Message: no such element: Unable to locate element: {"method":"xpath","selector":"//input[@class="ant-checkbox-input"]"}
  (Session info: chrome=73.0.3683.103)
  (Driver info: chromedriver=2.40.565498 (ea082db3280dd6843ebfb08a625e3eb905c4f5ab),platform=Windows NT 10.0.17134 x86_64)

2019-09-02 17:10:37,545 - framework.base_page - INFO - https://vaccine-staging.zcygov.cn/items/175600205?searchType=1&type=vaccine&utm=a0004.2ef5001f.0.0.33d8ffd0ca0411e9af8ed36431cbf75c 地址正常打开
2019-09-02 17:10:38,233 - framework.base_page - INFO - 点击元素成功//*[contains(text(),"加入购物车")]
2019-09-02 17:10:39,024 - framework.base_page - INFO - 点击元素成功//*[contains(text(),"查看购物车")]
2019-09-02 17:10:57,857 - framework.base_page - INFO - 点击元素成功select2-selection__placeholder
2019-09-02 17:10:57,936 - framework.base_page - INFO - 点击元素成功//li[text()="席胜军"]
2019-09-02 17:10:58,057 - framework.base_page - INFO - 点击元素成功//button[text()="提交"]
2019-09-02 17:10:58,469 - framework.base_page - INFO - 点击元素成功submit
2019-09-02 17:11:00,060 - framework.base_page - INFO - 点击元素成功//button[@class="btn btn-minor submit close"]
2019-09-02 17:11:01,324 - framework.base_page - INFO - 点击元素成功div.pur-list-body > table > tbody > tr:nth-child(1) > td:nth-child(7) > a:nth-child(1)
2019-09-02 17:11:01,467 - framework.base_page - INFO - 点击元素成功//button[text()="提交审核意见"]
2019-09-02 17:11:01,550 - framework.base_page - INFO - 点击元素成功submit
2019-09-02 17:11:02,864 - framework.base_page - INFO - 点击元素成功//button[@class="btn btn-minor submit close"]
2019-09-02 17:11:02,898 - framework.base_page - INFO - 获取元素内容: 财务审核
2019-09-02 17:11:03,182 - framework.base_page - INFO - 截图 [test_33307_pass.png] 成功保存在 [C:\Users\admin\PycharmProjects\Zcy_Vaccine\reports\screenshots\pass]
2019-09-02 17:11:03,213 - framework.myunit - INFO - ************************test case run completed************************
2019-09-02 17:11:05,493 - framework.myunit - INFO - quit the browser success!
2019-09-02 17:11:07,945 - framework.driver - INFO - found the chrome driver [<selenium.webdriver.chrome.webdriver.WebDriver (session="69e0629f699266959814a0eb4514d18f")>] successed !
2019-09-02 17:11:09,073 - framework.myunit - INFO - opened the browser successed!
2019-09-02 17:11:11,384 - pageobjects.login_page - INFO - https://login-staging.zcygov.cn/login 打开登录地址成功
2019-09-02 17:11:11,446 - framework.base_page - INFO - 清除文本框内容成功username
2019-09-02 17:11:11,553 - framework.base_page - INFO - 输入的内容：13777466979
2019-09-02 17:11:11,616 - framework.base_page - INFO - 清除文本框内容成功password
2019-09-02 17:11:11,718 - framework.base_page - INFO - 输入的内容：test123456
2019-09-02 17:11:15,955 - framework.base_page - INFO - 点击元素成功//button[@class='ant-btn login-btn password-login ant-btn-primary']
2019-09-02 17:11:15,955 - framework.myunit - INFO - ************************starting run test cases************************
2019-09-02 17:11:16,991 - framework.base_page - INFO - https://cart-staging.zcygov.cn/ 地址正常打开
2019-09-02 17:11:23,052 - pageobjects.order_page - ERROR - 未找到全选按钮
Traceback (most recent call last):
  File "C:\Users\admin\PycharmProjects\Zcy_Vaccine\pageobjects\order_page.py", line 35, in clearcart
    self.driver.find_element_by_xpath('//input[@class="ant-checkbox-input"]').click()
  File "C:\Users\admin\PycharmProjects\UITest\venv\lib\site-packages\selenium\webdriver\remote\webdriver.py", line 394, in find_element_by_xpath
    return self.find_element(by=By.XPATH, value=xpath)
  File "C:\Users\admin\PycharmProjects\UITest\venv\lib\site-packages\selenium\webdriver\remote\webdriver.py", line 978, in find_element
    'value': value})['value']
  File "C:\Users\admin\PycharmProjects\UITest\venv\lib\site-packages\selenium\webdriver\remote\webdriver.py", line 321, in execute
    self.error_handler.check_response(response)
  File "C:\Users\admin\PycharmProjects\UITest\venv\lib\site-packages\selenium\webdriver\remote\errorhandler.py", line 242, in check_response
    raise exception_class(message, screen, stacktrace)
selenium.common.exceptions.NoSuchElementException: Message: no such element: Unable to locate element: {"method":"xpath","selector":"//input[@class="ant-checkbox-input"]"}
  (Session info: chrome=73.0.3683.103)
  (Driver info: chromedriver=2.40.565498 (ea082db3280dd6843ebfb08a625e3eb905c4f5ab),platform=Windows NT 10.0.17134 x86_64)

2019-09-02 17:11:23,888 - framework.base_page - INFO - https://vaccine-staging.zcygov.cn/items/175600205?searchType=1&type=vaccine&utm=a0004.2ef5001f.0.0.33d8ffd0ca0411e9af8ed36431cbf75c 地址正常打开
2019-09-02 17:11:24,439 - framework.base_page - INFO - 点击元素成功//*[contains(text(),"加入购物车")]
2019-09-02 17:11:34,672 - framework.base_page - ERROR - 查找元素超时://*[contains(text(),"查看购物车")]
Traceback (most recent call last):
  File "C:\Users\admin\PycharmProjects\Zcy_Vaccine\framework\base_page.py", line 109, in find_element
    EC.visibility_of(self.driver.find_element_by_xpath(value)))
  File "C:\Users\admin\PycharmProjects\UITest\venv\lib\site-packages\selenium\webdriver\support\wait.py", line 80, in until
    raise TimeoutException(message, screen, stacktrace)
selenium.common.exceptions.TimeoutException: Message: 

2019-09-02 17:11:34,696 - framework.myunit - INFO - ************************test case run completed************************
2019-09-02 17:11:36,173 - pageobjects.login_page - INFO - https://login-staging.zcygov.cn/login 打开登录地址成功
2019-09-02 17:11:36,240 - framework.base_page - INFO - 清除文本框内容成功username
2019-09-02 17:11:36,361 - framework.base_page - INFO - 输入的内容：13777466979
2019-09-02 17:11:36,427 - framework.base_page - INFO - 清除文本框内容成功password
2019-09-02 17:11:36,515 - framework.base_page - INFO - 输入的内容：test123456
2019-09-02 17:11:38,031 - framework.base_page - INFO - 点击元素成功//button[@class='ant-btn login-btn password-login ant-btn-primary']
2019-09-02 17:11:38,032 - framework.myunit - INFO - ************************starting run test cases************************
2019-09-02 17:11:38,511 - framework.base_page - INFO - https://cart-staging.zcygov.cn/ 地址正常打开
2019-09-02 17:11:44,559 - pageobjects.order_page - ERROR - 未找到全选按钮
Traceback (most recent call last):
  File "C:\Users\admin\PycharmProjects\Zcy_Vaccine\pageobjects\order_page.py", line 35, in clearcart
    self.driver.find_element_by_xpath('//input[@class="ant-checkbox-input"]').click()
  File "C:\Users\admin\PycharmProjects\UITest\venv\lib\site-packages\selenium\webdriver\remote\webdriver.py", line 394, in find_element_by_xpath
    return self.find_element(by=By.XPATH, value=xpath)
  File "C:\Users\admin\PycharmProjects\UITest\venv\lib\site-packages\selenium\webdriver\remote\webdriver.py", line 978, in find_element
    'value': value})['value']
  File "C:\Users\admin\PycharmProjects\UITest\venv\lib\site-packages\selenium\webdriver\remote\webdriver.py", line 321, in execute
    self.error_handler.check_response(response)
  File "C:\Users\admin\PycharmProjects\UITest\venv\lib\site-packages\selenium\webdriver\remote\errorhandler.py", line 242, in check_response
    raise exception_class(message, screen, stacktrace)
selenium.common.exceptions.NoSuchElementException: Message: no such element: Unable to locate element: {"method":"xpath","selector":"//input[@class="ant-checkbox-input"]"}
  (Session info: chrome=73.0.3683.103)
  (Driver info: chromedriver=2.40.565498 (ea082db3280dd6843ebfb08a625e3eb905c4f5ab),platform=Windows NT 10.0.17134 x86_64)

2019-09-02 17:11:44,736 - framework.base_page - INFO - https://vaccine-staging.zcygov.cn/items/175600205?searchType=1&type=vaccine&utm=a0004.2ef5001f.0.0.33d8ffd0ca0411e9af8ed36431cbf75c 地址正常打开
2019-09-02 17:11:45,250 - framework.base_page - INFO - 点击元素成功//*[contains(text(),"加入购物车")]
2019-09-02 17:11:46,580 - framework.base_page - INFO - 点击元素成功//*[contains(text(),"查看购物车")]
2019-09-02 17:12:05,273 - framework.base_page - INFO - 点击元素成功select2-selection__placeholder
2019-09-02 17:12:05,361 - framework.base_page - INFO - 点击元素成功//li[text()="席胜军"]
2019-09-02 17:12:05,474 - framework.base_page - INFO - 点击元素成功//button[text()="提交"]
2019-09-02 17:12:05,907 - framework.base_page - INFO - 点击元素成功submit
2019-09-02 17:12:07,850 - framework.base_page - INFO - 点击元素成功//button[@class="btn btn-minor submit close"]
2019-09-02 17:12:09,147 - framework.base_page - INFO - 点击元素成功div.pur-list-body > table > tbody > tr:nth-child(1) > td:nth-child(7) > a:nth-child(1)
2019-09-02 17:12:09,310 - framework.base_page - INFO - 点击元素成功//button[text()="提交审核意见"]
2019-09-02 17:12:09,400 - framework.base_page - INFO - 点击元素成功submit
2019-09-02 17:12:10,712 - framework.base_page - INFO - 点击元素成功//button[@class="btn btn-minor submit close"]
2019-09-02 17:12:11,987 - framework.base_page - INFO - 点击元素成功div.pur-list-body > table > tbody > tr:nth-child(1) > td:nth-child(7) > a:nth-child(1)
2019-09-02 17:12:12,098 - framework.base_page - INFO - 点击元素成功//button[text()="提交审核意见"]
2019-09-02 17:12:12,182 - framework.base_page - INFO - 点击元素成功submit
2019-09-02 17:12:13,498 - framework.base_page - INFO - 点击元素成功//button[@class="btn btn-minor submit close"]
2019-09-02 17:12:13,538 - framework.base_page - INFO - 获取元素内容: 单位审核
2019-09-02 17:12:13,816 - framework.base_page - INFO - 截图 [test_33308_pass.png] 成功保存在 [C:\Users\admin\PycharmProjects\Zcy_Vaccine\reports\screenshots\pass]
2019-09-02 17:12:13,829 - framework.myunit - INFO - ************************test case run completed************************
2019-09-02 17:12:16,087 - framework.myunit - INFO - quit the browser success!
2019-09-02 17:12:18,491 - framework.driver - INFO - found the chrome driver [<selenium.webdriver.chrome.webdriver.WebDriver (session="61227108f953281fa33a2cff6fb09b40")>] successed !
2019-09-02 17:12:19,617 - framework.myunit - INFO - opened the browser successed!
2019-09-02 17:12:21,812 - pageobjects.login_page - INFO - https://login-staging.zcygov.cn/login 打开登录地址成功
2019-09-02 17:12:21,876 - framework.base_page - INFO - 清除文本框内容成功username
2019-09-02 17:12:21,985 - framework.base_page - INFO - 输入的内容：13777466979
2019-09-02 17:12:22,048 - framework.base_page - INFO - 清除文本框内容成功password
2019-09-02 17:12:22,146 - framework.base_page - INFO - 输入的内容：test123456
2019-09-02 17:12:26,383 - framework.base_page - INFO - 点击元素成功//button[@class='ant-btn login-btn password-login ant-btn-primary']
2019-09-02 17:12:26,384 - framework.myunit - INFO - ************************starting run test cases************************
2019-09-02 17:12:27,455 - framework.base_page - INFO - https://cart-staging.zcygov.cn/ 地址正常打开
2019-09-02 17:12:33,480 - pageobjects.order_page - ERROR - 未找到全选按钮
Traceback (most recent call last):
  File "C:\Users\admin\PycharmProjects\Zcy_Vaccine\pageobjects\order_page.py", line 35, in clearcart
    self.driver.find_element_by_xpath('//input[@class="ant-checkbox-input"]').click()
  File "C:\Users\admin\PycharmProjects\UITest\venv\lib\site-packages\selenium\webdriver\remote\webdriver.py", line 394, in find_element_by_xpath
    return self.find_element(by=By.XPATH, value=xpath)
  File "C:\Users\admin\PycharmProjects\UITest\venv\lib\site-packages\selenium\webdriver\remote\webdriver.py", line 978, in find_element
    'value': value})['value']
  File "C:\Users\admin\PycharmProjects\UITest\venv\lib\site-packages\selenium\webdriver\remote\webdriver.py", line 321, in execute
    self.error_handler.check_response(response)
  File "C:\Users\admin\PycharmProjects\UITest\venv\lib\site-packages\selenium\webdriver\remote\errorhandler.py", line 242, in check_response
    raise exception_class(message, screen, stacktrace)
selenium.common.exceptions.NoSuchElementException: Message: no such element: Unable to locate element: {"method":"xpath","selector":"//input[@class="ant-checkbox-input"]"}
  (Session info: chrome=73.0.3683.103)
  (Driver info: chromedriver=2.40.565498 (ea082db3280dd6843ebfb08a625e3eb905c4f5ab),platform=Windows NT 10.0.17134 x86_64)

2019-09-02 17:12:35,468 - framework.base_page - INFO - https://vaccine-staging.zcygov.cn/items/175600205?searchType=1&type=vaccine&utm=a0004.2ef5001f.0.0.33d8ffd0ca0411e9af8ed36431cbf75c 地址正常打开
2019-09-02 17:12:35,579 - framework.base_page - INFO - 点击元素成功//*[contains(text(),"加入购物车")]
2019-09-02 17:12:36,457 - framework.base_page - INFO - 点击元素成功//*[contains(text(),"查看购物车")]
2019-09-02 17:12:58,577 - framework.base_page - INFO - 点击元素成功select2-selection__placeholder
2019-09-02 17:12:58,658 - framework.base_page - INFO - 点击元素成功//li[text()="席胜军"]
2019-09-02 17:12:58,763 - framework.base_page - INFO - 点击元素成功//button[text()="提交"]
2019-09-02 17:12:59,220 - framework.base_page - INFO - 点击元素成功submit
2019-09-02 17:13:01,021 - framework.base_page - INFO - 点击元素成功//button[@class="btn btn-minor submit close"]
2019-09-02 17:13:02,368 - framework.base_page - INFO - 点击元素成功div.pur-list-body > table > tbody > tr:nth-child(1) > td:nth-child(7) > a:nth-child(1)
2019-09-02 17:13:02,494 - framework.base_page - INFO - 点击元素成功//button[text()="提交审核意见"]
2019-09-02 17:13:02,612 - framework.base_page - INFO - 点击元素成功submit
2019-09-02 17:13:03,906 - framework.base_page - INFO - 点击元素成功//button[@class="btn btn-minor submit close"]
2019-09-02 17:13:05,229 - framework.base_page - INFO - 点击元素成功div.pur-list-body > table > tbody > tr:nth-child(1) > td:nth-child(7) > a:nth-child(1)
2019-09-02 17:13:05,346 - framework.base_page - INFO - 点击元素成功//button[text()="提交审核意见"]
2019-09-02 17:13:05,431 - framework.base_page - INFO - 点击元素成功submit
2019-09-02 17:13:06,946 - framework.base_page - INFO - 点击元素成功//button[@class="btn btn-minor submit close"]
2019-09-02 17:13:08,182 - framework.base_page - INFO - 点击元素成功div.pur-list-body > table > tbody > tr:nth-child(1) > td:nth-child(7) > a:nth-child(1)
2019-09-02 17:13:08,369 - framework.base_page - INFO - 点击元素成功//button[text()="提交审核意见"]
2019-09-02 17:13:08,504 - framework.base_page - INFO - 点击元素成功submit
2019-09-02 17:13:09,763 - framework.base_page - INFO - 点击元素成功//button[@class="btn btn-minor submit close"]
2019-09-02 17:13:09,797 - framework.base_page - INFO - 获取元素内容: 确定订单
2019-09-02 17:13:10,075 - framework.base_page - INFO - 截图 [test_33309_pass.png] 成功保存在 [C:\Users\admin\PycharmProjects\Zcy_Vaccine\reports\screenshots\pass]
2019-09-02 17:13:10,087 - framework.myunit - INFO - ************************test case run completed************************
2019-09-02 17:13:12,340 - framework.myunit - INFO - quit the browser success!
2019-09-02 17:13:14,780 - framework.driver - INFO - found the chrome driver [<selenium.webdriver.chrome.webdriver.WebDriver (session="2bfd3dc8c3e88cf2c0f21bffb63fb747")>] successed !
2019-09-02 17:13:15,910 - framework.myunit - INFO - opened the browser successed!
2019-09-02 17:13:17,939 - pageobjects.login_page - INFO - https://login-staging.zcygov.cn/login 打开登录地址成功
2019-09-02 17:13:18,001 - framework.base_page - INFO - 清除文本框内容成功username
2019-09-02 17:13:18,115 - framework.base_page - INFO - 输入的内容：13777466979
2019-09-02 17:13:18,177 - framework.base_page - INFO - 清除文本框内容成功password
2019-09-02 17:13:18,275 - framework.base_page - INFO - 输入的内容：test123456
2019-09-02 17:13:22,501 - framework.base_page - INFO - 点击元素成功//button[@class='ant-btn login-btn password-login ant-btn-primary']
2019-09-02 17:13:22,501 - framework.myunit - INFO - ************************starting run test cases************************
2019-09-02 17:13:23,694 - framework.base_page - INFO - https://cart-staging.zcygov.cn/ 地址正常打开
2019-09-02 17:13:29,704 - pageobjects.order_page - ERROR - 未找到全选按钮
Traceback (most recent call last):
  File "C:\Users\admin\PycharmProjects\Zcy_Vaccine\pageobjects\order_page.py", line 35, in clearcart
    self.driver.find_element_by_xpath('//input[@class="ant-checkbox-input"]').click()
  File "C:\Users\admin\PycharmProjects\UITest\venv\lib\site-packages\selenium\webdriver\remote\webdriver.py", line 394, in find_element_by_xpath
    return self.find_element(by=By.XPATH, value=xpath)
  File "C:\Users\admin\PycharmProjects\UITest\venv\lib\site-packages\selenium\webdriver\remote\webdriver.py", line 978, in find_element
    'value': value})['value']
  File "C:\Users\admin\PycharmProjects\UITest\venv\lib\site-packages\selenium\webdriver\remote\webdriver.py", line 321, in execute
    self.error_handler.check_response(response)
  File "C:\Users\admin\PycharmProjects\UITest\venv\lib\site-packages\selenium\webdriver\remote\errorhandler.py", line 242, in check_response
    raise exception_class(message, screen, stacktrace)
selenium.common.exceptions.NoSuchElementException: Message: no such element: Unable to locate element: {"method":"xpath","selector":"//input[@class="ant-checkbox-input"]"}
  (Session info: chrome=73.0.3683.103)
  (Driver info: chromedriver=2.40.565498 (ea082db3280dd6843ebfb08a625e3eb905c4f5ab),platform=Windows NT 10.0.17134 x86_64)

2019-09-02 17:13:30,637 - framework.base_page - INFO - https://vaccine-staging.zcygov.cn/items/175600205?searchType=1&type=vaccine&utm=a0004.2ef5001f.0.0.33d8ffd0ca0411e9af8ed36431cbf75c 地址正常打开
2019-09-02 17:13:31,190 - framework.base_page - INFO - 点击元素成功//*[contains(text(),"加入购物车")]
2019-09-02 17:13:32,045 - framework.base_page - INFO - 点击元素成功//*[contains(text(),"查看购物车")]
2019-09-02 17:13:51,043 - framework.base_page - INFO - 点击元素成功select2-selection__placeholder
2019-09-02 17:13:51,139 - framework.base_page - INFO - 点击元素成功//li[text()="席胜军"]
2019-09-02 17:13:51,241 - framework.base_page - INFO - 点击元素成功//button[text()="提交"]
2019-09-02 17:13:51,717 - framework.base_page - INFO - 点击元素成功submit
2019-09-02 17:13:53,393 - framework.base_page - INFO - 点击元素成功//button[@class="btn btn-minor submit close"]
2019-09-02 17:13:54,888 - framework.base_page - INFO - 点击元素成功div.pur-list-body > table > tbody > tr:nth-child(1) > td:nth-child(7) > a:nth-child(1)
2019-09-02 17:13:55,035 - framework.base_page - INFO - 点击元素成功//button[text()="提交审核意见"]
2019-09-02 17:13:55,118 - framework.base_page - INFO - 点击元素成功submit
2019-09-02 17:13:56,444 - framework.base_page - INFO - 点击元素成功//button[@class="btn btn-minor submit close"]
2019-09-02 17:13:57,797 - framework.base_page - INFO - 点击元素成功div.pur-list-body > table > tbody > tr:nth-child(1) > td:nth-child(7) > a:nth-child(1)
2019-09-02 17:13:57,914 - framework.base_page - INFO - 点击元素成功//button[text()="提交审核意见"]
2019-09-02 17:13:57,998 - framework.base_page - INFO - 点击元素成功submit
2019-09-02 17:13:59,407 - framework.base_page - INFO - 点击元素成功//button[@class="btn btn-minor submit close"]
2019-09-02 17:14:03,209 - framework.base_page - INFO - 点击元素成功div.pur-list-body > table > tbody > tr:nth-child(1) > td:nth-child(7) > a:nth-child(1)
2019-09-02 17:14:03,332 - framework.base_page - INFO - 点击元素成功//button[text()="提交审核意见"]
2019-09-02 17:14:03,415 - framework.base_page - INFO - 点击元素成功submit
2019-09-02 17:14:04,693 - framework.base_page - INFO - 点击元素成功//button[@class="btn btn-minor submit close"]
2019-09-02 17:14:05,768 - framework.base_page - INFO - 点击元素成功div.pur-list-body > table > tbody > tr:nth-child(1) > td:nth-child(7) > a:nth-child(1)
2019-09-02 17:14:05,882 - framework.base_page - INFO - 点击元素成功//button[text()="确定订单"]
2019-09-02 17:14:07,908 - framework.base_page - INFO - 刷新页面
2019-09-02 17:14:08,987 - framework.base_page - INFO - 获取元素内容: 待供应商接单
2019-09-02 17:14:09,285 - framework.base_page - INFO - 截图 [test_33310_pass.png] 成功保存在 [C:\Users\admin\PycharmProjects\Zcy_Vaccine\reports\screenshots\pass]
2019-09-02 17:14:09,303 - framework.myunit - INFO - ************************test case run completed************************
2019-09-02 17:14:11,534 - framework.myunit - INFO - quit the browser success!
2019-09-02 17:14:13,955 - framework.driver - INFO - found the chrome driver [<selenium.webdriver.chrome.webdriver.WebDriver (session="b9e1f7d47392ce3f17e769004c6c3673")>] successed !
2019-09-02 17:14:15,091 - framework.myunit - INFO - opened the browser successed!
2019-09-02 17:14:17,205 - pageobjects.login_page - INFO - https://login-staging.zcygov.cn/login 打开登录地址成功
2019-09-02 17:14:17,278 - framework.base_page - INFO - 清除文本框内容成功username
2019-09-02 17:14:17,431 - framework.base_page - INFO - 输入的内容：13777466979
2019-09-02 17:14:17,520 - framework.base_page - INFO - 清除文本框内容成功password
2019-09-02 17:14:17,620 - framework.base_page - INFO - 输入的内容：test123456
2019-09-02 17:14:21,886 - framework.base_page - INFO - 点击元素成功//button[@class='ant-btn login-btn password-login ant-btn-primary']
2019-09-02 17:14:21,886 - framework.myunit - INFO - ************************starting run test cases************************
2019-09-02 17:14:22,653 - framework.base_page - INFO - https://cart-staging.zcygov.cn/ 地址正常打开
2019-09-02 17:14:28,689 - pageobjects.order_page - ERROR - 未找到全选按钮
Traceback (most recent call last):
  File "C:\Users\admin\PycharmProjects\Zcy_Vaccine\pageobjects\order_page.py", line 35, in clearcart
    self.driver.find_element_by_xpath('//input[@class="ant-checkbox-input"]').click()
  File "C:\Users\admin\PycharmProjects\UITest\venv\lib\site-packages\selenium\webdriver\remote\webdriver.py", line 394, in find_element_by_xpath
    return self.find_element(by=By.XPATH, value=xpath)
  File "C:\Users\admin\PycharmProjects\UITest\venv\lib\site-packages\selenium\webdriver\remote\webdriver.py", line 978, in find_element
    'value': value})['value']
  File "C:\Users\admin\PycharmProjects\UITest\venv\lib\site-packages\selenium\webdriver\remote\webdriver.py", line 321, in execute
    self.error_handler.check_response(response)
  File "C:\Users\admin\PycharmProjects\UITest\venv\lib\site-packages\selenium\webdriver\remote\errorhandler.py", line 242, in check_response
    raise exception_class(message, screen, stacktrace)
selenium.common.exceptions.NoSuchElementException: Message: no such element: Unable to locate element: {"method":"xpath","selector":"//input[@class="ant-checkbox-input"]"}
  (Session info: chrome=73.0.3683.103)
  (Driver info: chromedriver=2.40.565498 (ea082db3280dd6843ebfb08a625e3eb905c4f5ab),platform=Windows NT 10.0.17134 x86_64)

2019-09-02 17:14:29,951 - framework.base_page - INFO - https://vaccine-staging.zcygov.cn/items/175600205?searchType=1&type=vaccine&utm=a0004.2ef5001f.0.0.33d8ffd0ca0411e9af8ed36431cbf75c 地址正常打开
2019-09-02 17:14:30,348 - framework.base_page - INFO - 点击元素成功//*[contains(text(),"加入购物车")]
2019-09-02 17:14:31,231 - framework.base_page - INFO - 点击元素成功//*[contains(text(),"查看购物车")]
2019-09-02 17:14:49,926 - framework.base_page - INFO - 点击元素成功select2-selection__placeholder
2019-09-02 17:14:50,003 - framework.base_page - INFO - 点击元素成功//li[text()="席胜军"]
2019-09-02 17:14:50,112 - framework.base_page - INFO - 点击元素成功//button[text()="提交"]
2019-09-02 17:14:50,545 - framework.base_page - INFO - 点击元素成功submit
2019-09-02 17:14:52,159 - framework.base_page - INFO - 点击元素成功//button[@class="btn btn-minor submit close"]
2019-09-02 17:14:53,782 - framework.base_page - INFO - 点击元素成功div.pur-list-body > table > tbody > tr:nth-child(1) > td:nth-child(7) > a:nth-child(1)
2019-09-02 17:14:53,904 - framework.base_page - INFO - 点击元素成功//button[text()="提交审核意见"]
2019-09-02 17:14:53,985 - framework.base_page - INFO - 点击元素成功submit
2019-09-02 17:14:55,367 - framework.base_page - INFO - 点击元素成功//button[@class="btn btn-minor submit close"]
2019-09-02 17:14:56,721 - framework.base_page - INFO - 点击元素成功div.pur-list-body > table > tbody > tr:nth-child(1) > td:nth-child(7) > a:nth-child(1)
2019-09-02 17:14:56,830 - framework.base_page - INFO - 点击元素成功//button[text()="提交审核意见"]
2019-09-02 17:14:56,905 - framework.base_page - INFO - 点击元素成功submit
2019-09-02 17:14:58,589 - framework.base_page - INFO - 点击元素成功//button[@class="btn btn-minor submit close"]
2019-09-02 17:15:00,045 - framework.base_page - INFO - 点击元素成功div.pur-list-body > table > tbody > tr:nth-child(1) > td:nth-child(7) > a:nth-child(1)
2019-09-02 17:15:00,159 - framework.base_page - INFO - 点击元素成功//button[text()="提交审核意见"]
2019-09-02 17:15:00,234 - framework.base_page - INFO - 点击元素成功submit
2019-09-02 17:15:01,548 - framework.base_page - INFO - 点击元素成功//button[@class="btn btn-minor submit close"]
2019-09-02 17:15:02,677 - framework.base_page - INFO - 点击元素成功div.pur-list-body > table > tbody > tr:nth-child(1) > td:nth-child(7) > a:nth-child(1)
2019-09-02 17:15:02,787 - framework.base_page - INFO - 点击元素成功//button[text()="确定订单"]
2019-09-02 17:15:04,818 - framework.base_page - INFO - 刷新页面
2019-09-02 17:15:06,128 - framework.base_page - INFO - 点击元素成功div.order-form-list-body > table > tbody > tr:nth-child(1) > td:nth-child(8)> a:nth-child(1)
2019-09-02 17:15:06,188 - framework.base_page - INFO - 清除文本框内容成功js-cancel-reason
2019-09-02 17:15:06,244 - framework.base_page - INFO - 输入的内容：测试环境取消订单
2019-09-02 17:15:06,328 - framework.base_page - INFO - 点击元素成功//button[text()="确定"]
2019-09-02 17:15:06,344 - framework.base_page - INFO - 刷新页面
2019-09-02 17:15:07,557 - framework.base_page - INFO - 获取元素内容: 订单取消
2019-09-02 17:15:07,863 - framework.base_page - INFO - 截图 [test_33312_pass.png] 成功保存在 [C:\Users\admin\PycharmProjects\Zcy_Vaccine\reports\screenshots\pass]
2019-09-02 17:15:07,877 - framework.myunit - INFO - ************************test case run completed************************
2019-09-02 17:15:10,107 - framework.myunit - INFO - quit the browser success!
2019-09-02 17:15:12,504 - framework.driver - INFO - found the chrome driver [<selenium.webdriver.chrome.webdriver.WebDriver (session="7d979d748f7c0a6b30daec5463ae2a5b")>] successed !
2019-09-02 17:15:13,633 - framework.myunit - INFO - opened the browser successed!
2019-09-02 17:15:16,031 - pageobjects.login_page - INFO - https://login-staging.zcygov.cn/login 打开登录地址成功
2019-09-02 17:15:16,098 - framework.base_page - INFO - 清除文本框内容成功username
2019-09-02 17:15:16,219 - framework.base_page - INFO - 输入的内容：13777466979
2019-09-02 17:15:16,285 - framework.base_page - INFO - 清除文本框内容成功password
2019-09-02 17:15:16,393 - framework.base_page - INFO - 输入的内容：test123456
2019-09-02 17:15:20,725 - framework.base_page - INFO - 点击元素成功//button[@class='ant-btn login-btn password-login ant-btn-primary']
2019-09-02 17:15:20,725 - framework.myunit - INFO - ************************starting run test cases************************
2019-09-02 17:15:21,807 - framework.base_page - INFO - https://cart-staging.zcygov.cn/ 地址正常打开
2019-09-02 17:15:27,858 - pageobjects.order_page - ERROR - 未找到全选按钮
Traceback (most recent call last):
  File "C:\Users\admin\PycharmProjects\Zcy_Vaccine\pageobjects\order_page.py", line 35, in clearcart
    self.driver.find_element_by_xpath('//input[@class="ant-checkbox-input"]').click()
  File "C:\Users\admin\PycharmProjects\UITest\venv\lib\site-packages\selenium\webdriver\remote\webdriver.py", line 394, in find_element_by_xpath
    return self.find_element(by=By.XPATH, value=xpath)
  File "C:\Users\admin\PycharmProjects\UITest\venv\lib\site-packages\selenium\webdriver\remote\webdriver.py", line 978, in find_element
    'value': value})['value']
  File "C:\Users\admin\PycharmProjects\UITest\venv\lib\site-packages\selenium\webdriver\remote\webdriver.py", line 321, in execute
    self.error_handler.check_response(response)
  File "C:\Users\admin\PycharmProjects\UITest\venv\lib\site-packages\selenium\webdriver\remote\errorhandler.py", line 242, in check_response
    raise exception_class(message, screen, stacktrace)
selenium.common.exceptions.NoSuchElementException: Message: no such element: Unable to locate element: {"method":"xpath","selector":"//input[@class="ant-checkbox-input"]"}
  (Session info: chrome=73.0.3683.103)
  (Driver info: chromedriver=2.40.565498 (ea082db3280dd6843ebfb08a625e3eb905c4f5ab),platform=Windows NT 10.0.17134 x86_64)

2019-09-02 17:15:28,107 - framework.base_page - INFO - 截图 [test_33324_pass.png] 成功保存在 [C:\Users\admin\PycharmProjects\Zcy_Vaccine\reports\screenshots\pass]
2019-09-02 17:15:28,107 - test_33324 - INFO - 清空购物车成功
2019-09-02 17:15:28,123 - framework.myunit - INFO - ************************test case run completed************************
2019-09-02 17:15:30,345 - framework.myunit - INFO - quit the browser success!
2019-09-02 17:15:30,365 - framework.send_email - INFO - 添加附件
2019-09-02 17:15:30,575 - framework.send_email - INFO - 连接成功
2019-09-02 17:15:32,864 - framework.send_email - INFO - 2019-09-02-17_15_32----发送邮件成功
