2019-09-16 13:59:09,337 - framework.testreport - INFO - successed to generate test report [C:\Users\admin\PycharmProjects\Zcy_Vaccine\reports\testReport\report2019-09-16 13_59_09.html]
2019-09-16 13:59:11,861 - framework.driver - INFO - found the chrome driver [<selenium.webdriver.chrome.webdriver.WebDriver (session="4caa0377706bb2dd658dfcc7f41cd0c7")>] successed !
2019-09-16 13:59:11,861 - framework.myunit - INFO - opened the browser successed!
2019-09-16 13:59:13,974 - pageobjects.login_page - INFO - https://login-staging.zcygov.cn/login 打开登录地址成功
2019-09-16 13:59:14,047 - framework.base_page - INFO - 清除文本框内容成功username
2019-09-16 13:59:14,156 - framework.base_page - INFO - 输入的内容：13777466979
2019-09-16 13:59:14,220 - framework.base_page - INFO - 清除文本框内容成功password
2019-09-16 13:59:14,320 - framework.base_page - INFO - 输入的内容：test123456
2019-09-16 13:59:18,282 - framework.base_page - INFO - 点击元素成功//button[@class='ant-btn login-btn password-login ant-btn-primary']
2019-09-16 13:59:18,282 - framework.myunit - INFO - ************************starting run test cases************************
2019-09-16 13:59:19,201 - framework.base_page - INFO - https://cart-staging.zcygov.cn/ 地址正常打开
2019-09-16 13:59:25,233 - pageobjects.order_page - ERROR - 未找到全选按钮
Traceback (most recent call last):
  File "C:\Users\admin\PycharmProjects\Zcy_Vaccine\pageobjects\order_page.py", line 36, in clearcart
    self.driver.find_element_by_xpath('//input[@class="ant-checkbox-input"]').click()
  File "C:\Users\admin\PycharmProjects\UITest\venv\lib\site-packages\selenium\webdriver\remote\webdriver.py", line 394, in find_element_by_xpath
    return self.find_element(by=By.XPATH, value=xpath)
  File "C:\Users\admin\PycharmProjects\UITest\venv\lib\site-packages\selenium\webdriver\remote\webdriver.py", line 978, in find_element
    'value': value})['value']
  File "C:\Users\admin\PycharmProjects\UITest\venv\lib\site-packages\selenium\webdriver\remote\webdriver.py", line 321, in execute
    self.error_handler.check_response(response)
  File "C:\Users\admin\PycharmProjects\UITest\venv\lib\site-packages\selenium\webdriver\remote\errorhandler.py", line 242, in check_response
    raise exception_class(message, screen, stacktrace)
selenium.common.exceptions.NoSuchElementException: Message: no such element: Unable to locate element: {"method":"xpath","selector":"//input[@class="ant-checkbox-input"]"}
  (Session info: chrome=77.0.3865.75)

2019-09-16 13:59:26,188 - framework.base_page - INFO - https://vaccine-staging.zcygov.cn/items/175600205?searchType=1&type=vaccine&utm=a0004.2ef5001f.0.0.33d8ffd0ca0411e9af8ed36431cbf75c 地址正常打开
2019-09-16 13:59:27,893 - framework.base_page - INFO - 点击元素成功//*[contains(text(),"加入购物车")]
2019-09-16 13:59:29,803 - framework.base_page - INFO - 点击元素成功//*[contains(text(),"查看购物车")]
2019-09-16 13:59:49,362 - framework.base_page - INFO - 点击元素成功select2-selection__placeholder
2019-09-16 13:59:49,442 - framework.base_page - INFO - 点击元素成功//li[text()="席胜军"]
2019-09-16 13:59:49,567 - framework.base_page - INFO - 点击元素成功//button[text()="提交"]
2019-09-16 13:59:50,008 - framework.base_page - INFO - 点击元素成功submit
2019-09-16 13:59:52,154 - framework.base_page - INFO - 点击元素成功//button[@class="btn btn-minor submit close"]
2019-09-16 13:59:52,240 - framework.base_page - INFO - 点击元素成功shrink-png
2019-09-16 13:59:52,340 - framework.myunit - INFO - ************************test case run completed************************
2019-09-16 13:59:55,794 - framework.myunit - INFO - quit the browser success!
2019-09-16 13:59:55,803 - framework.send_email - INFO - 添加附件
2019-09-16 13:59:55,875 - framework.send_email - INFO - 连接成功
2019-09-16 13:59:57,265 - framework.send_email - INFO - 2019-09-16-13_59_57----发送邮件成功
