2019-08-28 17:16:02,975 - framework.testreport - INFO - successed to generate test report [C:\Users\admin\PycharmProjects\Vaccine\reports\testReport\report2019-08-28 17_16_02.html]
2019-08-28 17:16:06,190 - framework.driver - INFO - found the chrome driver [<selenium.webdriver.chrome.webdriver.WebDriver (session="2ed644fdf23b317cfb55ba8782c6e452")>] successed !
2019-08-28 17:16:07,320 - framework.myunit - INFO - opened the browser successed!
2019-08-28 17:16:09,451 - pageobjects.login_page - INFO - https://login-staging.zcygov.cn/login 打开登录地址成功
2019-08-28 17:16:09,556 - framework.base_page - INFO - 清除文本框内容成功username
2019-08-28 17:16:09,752 - framework.base_page - INFO - 输入的内容：13777466979
2019-08-28 17:16:09,840 - framework.base_page - INFO - 清除文本框内容成功password
2019-08-28 17:16:09,973 - framework.base_page - INFO - 输入的内容：test123456
2019-08-28 17:16:14,856 - framework.base_page - INFO - 点击元素成功//button[@class='ant-btn login-btn password-login ant-btn-primary']
2019-08-28 17:16:14,856 - framework.myunit - INFO - ************************starting run test cases************************
2019-08-28 17:16:16,145 - framework.base_page - INFO - https://cart-staging.zcygov.cn/ 地址正常打开
2019-08-28 17:16:31,345 - framework.base_page - ERROR - 查找元素超时:/html/body/div[4]/div[2]/div/div[1]/div/div/label/span[1]/input
Traceback (most recent call last):
  File "C:\Users\admin\PycharmProjects\Vaccine\framework\base_page.py", line 109, in find_element
    EC.visibility_of(self.driver.find_element_by_xpath(value)))
  File "C:\Users\admin\PycharmProjects\UITest\venv\lib\site-packages\selenium\webdriver\support\wait.py", line 80, in until
    raise TimeoutException(message, screen, stacktrace)
selenium.common.exceptions.TimeoutException: Message: 

2019-08-28 17:16:31,346 - pageobjects.order_page - ERROR - 未查找到该元素
Traceback (most recent call last):
  File "C:\Users\admin\PycharmProjects\Vaccine\pageobjects\order_page.py", line 35, in clearcart
    BasePage(self.driver).click(OrderData.allbtn_selectors)
  File "C:\Users\admin\PycharmProjects\Vaccine\framework\base_page.py", line 218, in click
    element = self.find_element(selector)
  File "C:\Users\admin\PycharmProjects\Vaccine\framework\base_page.py", line 116, in find_element
    raise e
  File "C:\Users\admin\PycharmProjects\Vaccine\framework\base_page.py", line 109, in find_element
    EC.visibility_of(self.driver.find_element_by_xpath(value)))
  File "C:\Users\admin\PycharmProjects\UITest\venv\lib\site-packages\selenium\webdriver\support\wait.py", line 80, in until
    raise TimeoutException(message, screen, stacktrace)
selenium.common.exceptions.TimeoutException: Message: 

2019-08-28 17:16:31,606 - framework.base_page - INFO - 截图 [test_33324_pass.png] 成功保存在 [C:\Users\admin\PycharmProjects\Vaccine\reports\screenshots\pass]
2019-08-28 17:16:31,606 - test_33324 - INFO - 清空购物车成功
2019-08-28 17:16:31,624 - framework.myunit - INFO - ************************test case run completed************************
2019-08-28 17:16:33,936 - framework.myunit - INFO - quit the browser success!
