2019-09-03 15:52:13,291 - framework.testreport - INFO - successed to generate test report [C:\Users\admin\PycharmProjects\Zcy_Vaccine\reports\testReport\report2019-09-03 15_52_13.html]
2019-09-03 15:52:16,037 - framework.driver - INFO - found the chrome driver [<selenium.webdriver.chrome.webdriver.WebDriver (session="36860bf1156f9b28168e32e25d4f5b0a")>] successed !
2019-09-03 15:52:17,166 - framework.myunit - INFO - opened the browser successed!
2019-09-03 15:52:19,106 - pageobjects.login_page - INFO - https://login-staging.zcygov.cn/login 打开登录地址成功
2019-09-03 15:52:19,164 - framework.base_page - INFO - 清除文本框内容成功username
2019-09-03 15:52:19,268 - framework.base_page - INFO - 输入的内容：13777466979
2019-09-03 15:52:19,324 - framework.base_page - INFO - 清除文本框内容成功password
2019-09-03 15:52:19,422 - framework.base_page - INFO - 输入的内容：test123456
2019-09-03 15:52:23,535 - framework.base_page - INFO - 点击元素成功//button[@class='ant-btn login-btn password-login ant-btn-primary']
2019-09-03 15:52:23,535 - framework.myunit - INFO - ************************starting run test cases************************
2019-09-03 15:52:24,590 - framework.base_page - INFO - https://vaccine-staging.zcygov.cn/items/175600205?searchType=1&type=vaccine&utm=a0004.2ef5001f.0.0.33d8ffd0ca0411e9af8ed36431cbf75c 地址正常打开
2019-09-03 15:52:37,180 - framework.base_page - ERROR - 查找元素超时://*[contains(text(),"立即下单")]
Traceback (most recent call last):
  File "C:\Users\admin\PycharmProjects\Zcy_Vaccine\framework\base_page.py", line 109, in find_element
    EC.visibility_of(self.driver.find_element_by_xpath(value)))
  File "C:\Users\admin\PycharmProjects\UITest\venv\lib\site-packages\selenium\webdriver\remote\webdriver.py", line 394, in find_element_by_xpath
    return self.find_element(by=By.XPATH, value=xpath)
  File "C:\Users\admin\PycharmProjects\UITest\venv\lib\site-packages\selenium\webdriver\remote\webdriver.py", line 978, in find_element
    'value': value})['value']
  File "C:\Users\admin\PycharmProjects\UITest\venv\lib\site-packages\selenium\webdriver\remote\webdriver.py", line 321, in execute
    self.error_handler.check_response(response)
  File "C:\Users\admin\PycharmProjects\UITest\venv\lib\site-packages\selenium\webdriver\remote\errorhandler.py", line 242, in check_response
    raise exception_class(message, screen, stacktrace)
selenium.common.exceptions.NoSuchElementException: Message: no such element: Unable to locate element: {"method":"xpath","selector":"//*[contains(text(),"立即下单")]"}
  (Session info: chrome=73.0.3683.103)
  (Driver info: chromedriver=2.40.565498 (ea082db3280dd6843ebfb08a625e3eb905c4f5ab),platform=Windows NT 10.0.17134 x86_64)

2019-09-03 15:52:37,181 - pageobjects.order_page - ERROR - 未找到立即下单按钮
Traceback (most recent call last):
  File "C:\Users\admin\PycharmProjects\Zcy_Vaccine\pageobjects\order_page.py", line 70, in ordertoinitate
    self.click_order()
  File "C:\Users\admin\PycharmProjects\Zcy_Vaccine\pageobjects\order_page.py", line 82, in click_order
    BasePage(self.driver).scrolls(OrderData.orderbtn_selectors)
  File "C:\Users\admin\PycharmProjects\Zcy_Vaccine\framework\base_page.py", line 339, in scrolls
    self.find_element(selector)
  File "C:\Users\admin\PycharmProjects\Zcy_Vaccine\framework\base_page.py", line 116, in find_element
    raise e
  File "C:\Users\admin\PycharmProjects\Zcy_Vaccine\framework\base_page.py", line 109, in find_element
    EC.visibility_of(self.driver.find_element_by_xpath(value)))
  File "C:\Users\admin\PycharmProjects\UITest\venv\lib\site-packages\selenium\webdriver\remote\webdriver.py", line 394, in find_element_by_xpath
    return self.find_element(by=By.XPATH, value=xpath)
  File "C:\Users\admin\PycharmProjects\UITest\venv\lib\site-packages\selenium\webdriver\remote\webdriver.py", line 978, in find_element
    'value': value})['value']
  File "C:\Users\admin\PycharmProjects\UITest\venv\lib\site-packages\selenium\webdriver\remote\webdriver.py", line 321, in execute
    self.error_handler.check_response(response)
  File "C:\Users\admin\PycharmProjects\UITest\venv\lib\site-packages\selenium\webdriver\remote\errorhandler.py", line 242, in check_response
    raise exception_class(message, screen, stacktrace)
selenium.common.exceptions.NoSuchElementException: Message: no such element: Unable to locate element: {"method":"xpath","selector":"//*[contains(text(),"立即下单")]"}
  (Session info: chrome=73.0.3683.103)
  (Driver info: chromedriver=2.40.565498 (ea082db3280dd6843ebfb08a625e3eb905c4f5ab),platform=Windows NT 10.0.17134 x86_64)

2019-09-03 15:52:37,202 - framework.myunit - INFO - ************************test case run completed************************
2019-09-03 15:52:39,052 - pageobjects.login_page - INFO - https://login-staging.zcygov.cn/login 打开登录地址成功
2019-09-03 15:52:39,107 - framework.base_page - INFO - 清除文本框内容成功username
2019-09-03 15:52:39,220 - framework.base_page - INFO - 输入的内容：13777466979
2019-09-03 15:52:39,283 - framework.base_page - INFO - 清除文本框内容成功password
2019-09-03 15:52:39,377 - framework.base_page - INFO - 输入的内容：test123456
2019-09-03 15:52:40,782 - framework.base_page - INFO - 点击元素成功//button[@class='ant-btn login-btn password-login ant-btn-primary']
2019-09-03 15:52:40,782 - framework.myunit - INFO - ************************starting run test cases************************
2019-09-03 15:52:41,318 - framework.base_page - INFO - https://vaccine-staging.zcygov.cn/items/175600205?searchType=1&type=vaccine&utm=a0004.2ef5001f.0.0.33d8ffd0ca0411e9af8ed36431cbf75c 地址正常打开
2019-09-03 15:52:47,715 - framework.testreport - INFO - successed to generate test report [C:\Users\admin\PycharmProjects\Zcy_Vaccine\reports\testReport\report2019-09-03 15_52_47.html]
2019-09-03 15:52:50,247 - framework.driver - INFO - found the chrome driver [<selenium.webdriver.chrome.webdriver.WebDriver (session="6e840f93df2bafea425aba68ba2da8c6")>] successed !
2019-09-03 15:52:51,387 - framework.myunit - INFO - opened the browser successed!
2019-09-03 15:52:53,467 - pageobjects.login_page - INFO - https://login-staging.zcygov.cn/login 打开登录地址成功
2019-09-03 15:52:53,533 - framework.base_page - INFO - 清除文本框内容成功username
2019-09-03 15:52:53,649 - framework.base_page - INFO - 输入的内容：13777466979
2019-09-03 15:52:53,716 - framework.base_page - INFO - 清除文本框内容成功password
2019-09-03 15:52:53,817 - framework.base_page - INFO - 输入的内容：test123456
2019-09-03 15:52:57,867 - framework.base_page - INFO - 点击元素成功//button[@class='ant-btn login-btn password-login ant-btn-primary']
2019-09-03 15:52:57,867 - framework.myunit - INFO - ************************starting run test cases************************
2019-09-03 15:52:58,772 - framework.base_page - INFO - https://vaccine-staging.zcygov.cn/items/175600205?searchType=1&type=vaccine&utm=a0004.2ef5001f.0.0.33d8ffd0ca0411e9af8ed36431cbf75c 地址正常打开
