2019-08-29 10:28:10,106 - framework.testreport - INFO - successed to generate test report [C:\Users\admin\PycharmProjects\Zcy_Vaccine\reports\testReport\report2019-08-29 10_28_10.html]
2019-08-29 10:28:12,531 - framework.driver - INFO - found the chrome driver [<selenium.webdriver.chrome.webdriver.WebDriver (session="6f44165cf22a30b2914b2e064c2bb545")>] successed !
2019-08-29 10:28:13,653 - framework.myunit - INFO - opened the browser successed!
2019-08-29 10:28:16,961 - pageobjects.login_page - INFO - https://login-staging.zcygov.cn/login 打开登录地址成功
2019-08-29 10:28:17,022 - framework.base_page - INFO - 清除文本框内容成功username
2019-08-29 10:28:17,131 - framework.base_page - INFO - 输入的内容：13777466979
2019-08-29 10:28:17,186 - framework.base_page - INFO - 清除文本框内容成功password
2019-08-29 10:28:17,282 - framework.base_page - INFO - 输入的内容：test123456
2019-08-29 10:28:21,628 - framework.base_page - INFO - 点击元素成功//button[@class='ant-btn login-btn password-login ant-btn-primary']
2019-08-29 10:28:21,628 - framework.myunit - INFO - ************************starting run test cases************************
2019-08-29 10:28:23,069 - framework.base_page - INFO - https://cart-staging.zcygov.cn/ 地址正常打开
2019-08-29 10:28:26,255 - framework.base_page - INFO - 点击元素成功float-bar-action-del
2019-08-29 10:28:26,349 - framework.base_page - INFO - 点击元素成功//button[@class="ant-btn ant-btn-primary ant-btn-sm ant-btn-two-chinese-chars"]
2019-08-29 10:28:26,350 - pageobjects.order_page - INFO - 删除商品成功
2019-08-29 10:28:27,445 - framework.base_page - INFO - https://vaccine-staging.zcygov.cn/items/175600205?searchType=1&type=vaccine&utm=a0004.2ef5001f.0.0.33d8ffd0ca0411e9af8ed36431cbf75c 地址正常打开
2019-08-29 10:28:32,481 - framework.base_page - ERROR - 查找元素超时://button[@class="po-button po-button--primary po-button--medium is-plain"）]
Traceback (most recent call last):
  File "C:\Users\admin\PycharmProjects\Zcy_Vaccine\framework\base_page.py", line 109, in find_element
    EC.visibility_of(self.driver.find_element_by_xpath(value)))
  File "C:\Users\admin\PycharmProjects\UITest\venv\lib\site-packages\selenium\webdriver\remote\webdriver.py", line 394, in find_element_by_xpath
    return self.find_element(by=By.XPATH, value=xpath)
  File "C:\Users\admin\PycharmProjects\UITest\venv\lib\site-packages\selenium\webdriver\remote\webdriver.py", line 978, in find_element
    'value': value})['value']
  File "C:\Users\admin\PycharmProjects\UITest\venv\lib\site-packages\selenium\webdriver\remote\webdriver.py", line 321, in execute
    self.error_handler.check_response(response)
  File "C:\Users\admin\PycharmProjects\UITest\venv\lib\site-packages\selenium\webdriver\remote\errorhandler.py", line 242, in check_response
    raise exception_class(message, screen, stacktrace)
selenium.common.exceptions.InvalidSelectorException: Message: invalid selector: Unable to locate an element with the xpath expression //button[@class="po-button po-button--primary po-button--medium is-plain"）] because of the following error:
SyntaxError: Failed to execute 'evaluate' on 'Document': The string '//button[@class="po-button po-button--primary po-button--medium is-plain"）]' is not a valid XPath expression.
  (Session info: chrome=73.0.3683.103)
  (Driver info: chromedriver=2.40.565498 (ea082db3280dd6843ebfb08a625e3eb905c4f5ab),platform=Windows NT 10.0.17134 x86_64)

2019-08-29 10:28:32,482 - pageobjects.order_page - ERROR - 未找到加入购物车按钮
Traceback (most recent call last):
  File "C:\Users\admin\PycharmProjects\Zcy_Vaccine\pageobjects\order_page.py", line 56, in addtocart
    self.click_addtocart()
  File "C:\Users\admin\PycharmProjects\Zcy_Vaccine\pageobjects\order_page.py", line 67, in click_addtocart
    BasePage(self.driver).scrolls(OrderData.addcart_selectors)
  File "C:\Users\admin\PycharmProjects\Zcy_Vaccine\framework\base_page.py", line 339, in scrolls
    self.find_element(selector)
  File "C:\Users\admin\PycharmProjects\Zcy_Vaccine\framework\base_page.py", line 116, in find_element
    raise e
  File "C:\Users\admin\PycharmProjects\Zcy_Vaccine\framework\base_page.py", line 109, in find_element
    EC.visibility_of(self.driver.find_element_by_xpath(value)))
  File "C:\Users\admin\PycharmProjects\UITest\venv\lib\site-packages\selenium\webdriver\remote\webdriver.py", line 394, in find_element_by_xpath
    return self.find_element(by=By.XPATH, value=xpath)
  File "C:\Users\admin\PycharmProjects\UITest\venv\lib\site-packages\selenium\webdriver\remote\webdriver.py", line 978, in find_element
    'value': value})['value']
  File "C:\Users\admin\PycharmProjects\UITest\venv\lib\site-packages\selenium\webdriver\remote\webdriver.py", line 321, in execute
    self.error_handler.check_response(response)
  File "C:\Users\admin\PycharmProjects\UITest\venv\lib\site-packages\selenium\webdriver\remote\errorhandler.py", line 242, in check_response
    raise exception_class(message, screen, stacktrace)
selenium.common.exceptions.InvalidSelectorException: Message: invalid selector: Unable to locate an element with the xpath expression //button[@class="po-button po-button--primary po-button--medium is-plain"）] because of the following error:
SyntaxError: Failed to execute 'evaluate' on 'Document': The string '//button[@class="po-button po-button--primary po-button--medium is-plain"）]' is not a valid XPath expression.
  (Session info: chrome=73.0.3683.103)
  (Driver info: chromedriver=2.40.565498 (ea082db3280dd6843ebfb08a625e3eb905c4f5ab),platform=Windows NT 10.0.17134 x86_64)

2019-08-29 10:28:32,775 - framework.base_page - INFO - 截图 [test_33304_fail.png] 成功保存在 [C:\Users\admin\PycharmProjects\Zcy_Vaccine\reports\screenshots\fail]
2019-08-29 10:28:32,791 - framework.myunit - INFO - ************************test case run completed************************
2019-08-29 10:28:34,327 - pageobjects.login_page - INFO - https://login-staging.zcygov.cn/login 打开登录地址成功
2019-08-29 10:28:34,396 - framework.base_page - INFO - 清除文本框内容成功username
2019-08-29 10:28:34,502 - framework.base_page - INFO - 输入的内容：13777466979
2019-08-29 10:28:34,563 - framework.base_page - INFO - 清除文本框内容成功password
2019-08-29 10:28:34,649 - framework.base_page - INFO - 输入的内容：test123456
2019-08-29 10:28:36,378 - framework.base_page - INFO - 点击元素成功//button[@class='ant-btn login-btn password-login ant-btn-primary']
2019-08-29 10:28:36,378 - framework.myunit - INFO - ************************starting run test cases************************
2019-08-29 10:28:37,068 - framework.base_page - INFO - https://cart-staging.zcygov.cn/ 地址正常打开
2019-08-29 10:28:40,236 - framework.base_page - INFO - 点击元素成功float-bar-action-del
2019-08-29 10:28:40,319 - framework.base_page - INFO - 点击元素成功//button[@class="ant-btn ant-btn-primary ant-btn-sm ant-btn-two-chinese-chars"]
2019-08-29 10:28:40,319 - pageobjects.order_page - INFO - 删除商品成功
2019-08-29 10:28:40,878 - framework.base_page - INFO - https://vaccine-staging.zcygov.cn/items/175600205?searchType=1&type=vaccine&utm=a0004.2ef5001f.0.0.33d8ffd0ca0411e9af8ed36431cbf75c 地址正常打开
2019-08-29 10:28:45,896 - framework.base_page - ERROR - 查找元素超时://button[@class="po-button po-button--primary po-button--medium is-plain"）]
Traceback (most recent call last):
  File "C:\Users\admin\PycharmProjects\Zcy_Vaccine\framework\base_page.py", line 109, in find_element
    EC.visibility_of(self.driver.find_element_by_xpath(value)))
  File "C:\Users\admin\PycharmProjects\UITest\venv\lib\site-packages\selenium\webdriver\remote\webdriver.py", line 394, in find_element_by_xpath
    return self.find_element(by=By.XPATH, value=xpath)
  File "C:\Users\admin\PycharmProjects\UITest\venv\lib\site-packages\selenium\webdriver\remote\webdriver.py", line 978, in find_element
    'value': value})['value']
  File "C:\Users\admin\PycharmProjects\UITest\venv\lib\site-packages\selenium\webdriver\remote\webdriver.py", line 321, in execute
    self.error_handler.check_response(response)
  File "C:\Users\admin\PycharmProjects\UITest\venv\lib\site-packages\selenium\webdriver\remote\errorhandler.py", line 242, in check_response
    raise exception_class(message, screen, stacktrace)
selenium.common.exceptions.InvalidSelectorException: Message: invalid selector: Unable to locate an element with the xpath expression //button[@class="po-button po-button--primary po-button--medium is-plain"）] because of the following error:
SyntaxError: Failed to execute 'evaluate' on 'Document': The string '//button[@class="po-button po-button--primary po-button--medium is-plain"）]' is not a valid XPath expression.
  (Session info: chrome=73.0.3683.103)
  (Driver info: chromedriver=2.40.565498 (ea082db3280dd6843ebfb08a625e3eb905c4f5ab),platform=Windows NT 10.0.17134 x86_64)

2019-08-29 10:28:45,897 - pageobjects.order_page - ERROR - 未找到加入购物车按钮
Traceback (most recent call last):
  File "C:\Users\admin\PycharmProjects\Zcy_Vaccine\pageobjects\order_page.py", line 56, in addtocart
    self.click_addtocart()
  File "C:\Users\admin\PycharmProjects\Zcy_Vaccine\pageobjects\order_page.py", line 67, in click_addtocart
    BasePage(self.driver).scrolls(OrderData.addcart_selectors)
  File "C:\Users\admin\PycharmProjects\Zcy_Vaccine\framework\base_page.py", line 339, in scrolls
    self.find_element(selector)
  File "C:\Users\admin\PycharmProjects\Zcy_Vaccine\framework\base_page.py", line 116, in find_element
    raise e
  File "C:\Users\admin\PycharmProjects\Zcy_Vaccine\framework\base_page.py", line 109, in find_element
    EC.visibility_of(self.driver.find_element_by_xpath(value)))
  File "C:\Users\admin\PycharmProjects\UITest\venv\lib\site-packages\selenium\webdriver\remote\webdriver.py", line 394, in find_element_by_xpath
    return self.find_element(by=By.XPATH, value=xpath)
  File "C:\Users\admin\PycharmProjects\UITest\venv\lib\site-packages\selenium\webdriver\remote\webdriver.py", line 978, in find_element
    'value': value})['value']
  File "C:\Users\admin\PycharmProjects\UITest\venv\lib\site-packages\selenium\webdriver\remote\webdriver.py", line 321, in execute
    self.error_handler.check_response(response)
  File "C:\Users\admin\PycharmProjects\UITest\venv\lib\site-packages\selenium\webdriver\remote\errorhandler.py", line 242, in check_response
    raise exception_class(message, screen, stacktrace)
selenium.common.exceptions.InvalidSelectorException: Message: invalid selector: Unable to locate an element with the xpath expression //button[@class="po-button po-button--primary po-button--medium is-plain"）] because of the following error:
SyntaxError: Failed to execute 'evaluate' on 'Document': The string '//button[@class="po-button po-button--primary po-button--medium is-plain"）]' is not a valid XPath expression.
  (Session info: chrome=73.0.3683.103)
  (Driver info: chromedriver=2.40.565498 (ea082db3280dd6843ebfb08a625e3eb905c4f5ab),platform=Windows NT 10.0.17134 x86_64)

2019-08-29 10:28:46,172 - framework.base_page - INFO - 截图 [test_33304_fail.png] 成功保存在 [C:\Users\admin\PycharmProjects\Zcy_Vaccine\reports\screenshots\fail]
2019-08-29 10:28:46,189 - framework.myunit - INFO - ************************test case run completed************************
2019-08-29 10:28:49,011 - framework.myunit - INFO - quit the browser success!
