2019-09-16 15:09:45,099 - framework.testreport - INFO - successed to generate test report [C:\Users\admin\PycharmProjects\Zcy_Vaccine\reports\testReport\report2019-09-16 15_09_45.html]
2019-09-16 15:09:47,578 - framework.driver - INFO - found the chrome driver [<selenium.webdriver.chrome.webdriver.WebDriver (session="7435bb58d4e99a622cb73c936235108d")>] successed !
2019-09-16 15:09:47,578 - framework.myunit - INFO - opened the browser successed!
2019-09-16 15:09:49,885 - pageobjects.login_page - INFO - https://login-staging.zcygov.cn/login 打开登录地址成功
2019-09-16 15:09:49,950 - framework.base_page - INFO - 清除文本框内容成功username
2019-09-16 15:09:50,067 - framework.base_page - INFO - 输入的内容：13777466979
2019-09-16 15:09:50,138 - framework.base_page - INFO - 清除文本框内容成功password
2019-09-16 15:09:50,247 - framework.base_page - INFO - 输入的内容：test123456
2019-09-16 15:09:54,384 - framework.base_page - INFO - 点击元素成功//button[@class='ant-btn login-btn password-login ant-btn-primary']
2019-09-16 15:09:54,386 - framework.myunit - INFO - ************************starting run test cases************************
2019-09-16 15:09:55,280 - framework.base_page - INFO - https://cart-staging.zcygov.cn/ 地址正常打开
2019-09-16 15:10:01,294 - pageobjects.order_page - ERROR - 未找到全选按钮
Traceback (most recent call last):
  File "C:\Users\admin\PycharmProjects\Zcy_Vaccine\pageobjects\order_page.py", line 36, in clearcart
    self.driver.find_element_by_xpath('//input[@class="ant-checkbox-input"]').click()
  File "C:\Users\admin\PycharmProjects\UITest\venv\lib\site-packages\selenium\webdriver\remote\webdriver.py", line 394, in find_element_by_xpath
    return self.find_element(by=By.XPATH, value=xpath)
  File "C:\Users\admin\PycharmProjects\UITest\venv\lib\site-packages\selenium\webdriver\remote\webdriver.py", line 978, in find_element
    'value': value})['value']
  File "C:\Users\admin\PycharmProjects\UITest\venv\lib\site-packages\selenium\webdriver\remote\webdriver.py", line 321, in execute
    self.error_handler.check_response(response)
  File "C:\Users\admin\PycharmProjects\UITest\venv\lib\site-packages\selenium\webdriver\remote\errorhandler.py", line 242, in check_response
    raise exception_class(message, screen, stacktrace)
selenium.common.exceptions.NoSuchElementException: Message: no such element: Unable to locate element: {"method":"xpath","selector":"//input[@class="ant-checkbox-input"]"}
  (Session info: chrome=77.0.3865.75)

2019-09-16 15:10:03,226 - framework.base_page - INFO - https://vaccine-staging.zcygov.cn/items/175600205?searchType=1&type=vaccine&utm=a0004.2ef5001f.0.0.33d8ffd0ca0411e9af8ed36431cbf75c 地址正常打开
2019-09-16 15:10:03,340 - framework.base_page - INFO - 点击元素成功//*[contains(text(),"加入购物车")]
2019-09-16 15:10:04,627 - framework.base_page - INFO - 点击元素成功//*[contains(text(),"查看购物车")]
2019-09-16 15:10:21,553 - framework.base_page - INFO - 点击元素成功select2-selection__placeholder
2019-09-16 15:10:21,641 - framework.base_page - INFO - 点击元素成功//li[text()="席胜军"]
2019-09-16 15:10:21,768 - framework.base_page - INFO - 点击元素成功//button[text()="提交"]
2019-09-16 15:10:22,213 - framework.base_page - INFO - 点击元素成功submit
2019-09-16 15:10:23,698 - framework.base_page - INFO - 点击元素成功//button[@class="btn btn-minor submit close"]
2019-09-16 15:10:23,737 - framework.base_page - INFO - 获取元素内容: 部门审核
2019-09-16 15:10:24,000 - framework.base_page - INFO - 截图 [test_33306_pass.png] 成功保存在 [C:\Users\admin\PycharmProjects\Zcy_Vaccine\reports\screenshots\pass]
2019-09-16 15:10:24,001 - test_33306 - INFO - 运行成功：预购单提交成功
2019-09-16 15:10:24,012 - framework.myunit - INFO - ************************test case run completed************************
2019-09-16 15:10:26,272 - framework.myunit - INFO - quit the browser success!
2019-09-16 15:10:26,275 - framework.send_email - INFO - 添加附件
2019-09-16 15:10:26,416 - framework.send_email - INFO - 连接成功
2019-09-16 15:10:26,900 - framework.send_email - INFO - 2019-09-16-15_10_26----发送邮件成功
