2019-08-28 17:23:31,468 - framework.testreport - INFO - successed to generate test report [C:\Users\admin\PycharmProjects\Vaccine\reports\testReport\report2019-08-28 17_23_31.html]
2019-08-28 17:23:34,434 - framework.driver - INFO - found the chrome driver [<selenium.webdriver.chrome.webdriver.WebDriver (session="55bff2845f1e9688ee9d36d5df054850")>] successed !
2019-08-28 17:23:35,599 - framework.myunit - INFO - opened the browser successed!
2019-08-28 17:23:37,985 - pageobjects.login_page - INFO - https://login-staging.zcygov.cn/login 打开登录地址成功
2019-08-28 17:23:38,085 - framework.base_page - INFO - 清除文本框内容成功username
2019-08-28 17:23:38,309 - framework.base_page - INFO - 输入的内容：13777466979
2019-08-28 17:23:38,412 - framework.base_page - INFO - 清除文本框内容成功password
2019-08-28 17:23:38,580 - framework.base_page - INFO - 输入的内容：test123456
2019-08-28 17:23:43,044 - framework.base_page - INFO - 点击元素成功//button[@class='ant-btn login-btn password-login ant-btn-primary']
2019-08-28 17:23:43,044 - framework.myunit - INFO - ************************starting run test cases************************
2019-08-28 17:23:44,094 - framework.base_page - INFO - https://cart-staging.zcygov.cn/ 地址正常打开
2019-08-28 17:23:49,296 - framework.base_page - INFO - 点击元素成功float-bar-action-del
2019-08-28 17:23:49,312 - framework.base_page - ERROR - 查找元素超时:ant-btn ant-btn-primary ant-btn-sm ant-btn-two-chinese-chars
Traceback (most recent call last):
  File "C:\Users\admin\PycharmProjects\Vaccine\framework\base_page.py", line 94, in find_element
    EC.visibility_of(self.driver.find_element_by_class_name(value)))
  File "C:\Users\admin\PycharmProjects\UITest\venv\lib\site-packages\selenium\webdriver\remote\webdriver.py", line 564, in find_element_by_class_name
    return self.find_element(by=By.CLASS_NAME, value=name)
  File "C:\Users\admin\PycharmProjects\UITest\venv\lib\site-packages\selenium\webdriver\remote\webdriver.py", line 978, in find_element
    'value': value})['value']
  File "C:\Users\admin\PycharmProjects\UITest\venv\lib\site-packages\selenium\webdriver\remote\webdriver.py", line 321, in execute
    self.error_handler.check_response(response)
  File "C:\Users\admin\PycharmProjects\UITest\venv\lib\site-packages\selenium\webdriver\remote\errorhandler.py", line 242, in check_response
    raise exception_class(message, screen, stacktrace)
selenium.common.exceptions.InvalidSelectorException: Message: invalid selector: Compound class names not permitted
  (Session info: chrome=73.0.3683.103)
  (Driver info: chromedriver=2.40.565498 (ea082db3280dd6843ebfb08a625e3eb905c4f5ab),platform=Windows NT 10.0.17134 x86_64)

2019-08-28 17:23:49,313 - pageobjects.order_page - INFO - 删除商品失败
2019-08-28 17:23:49,795 - framework.base_page - INFO - 截图 [test_33324_fail.png] 成功保存在 [C:\Users\admin\PycharmProjects\Vaccine\reports\screenshots\fail]
2019-08-28 17:23:49,815 - framework.myunit - INFO - ************************test case run completed************************
2019-08-28 17:23:50,911 - pageobjects.login_page - INFO - https://login-staging.zcygov.cn/login 打开登录地址成功
2019-08-28 17:23:51,003 - framework.base_page - INFO - 清除文本框内容成功username
2019-08-28 17:23:51,216 - framework.base_page - INFO - 输入的内容：13777466979
2019-08-28 17:23:51,326 - framework.base_page - INFO - 清除文本框内容成功password
2019-08-28 17:23:51,496 - framework.base_page - INFO - 输入的内容：test123456
2019-08-28 17:23:54,278 - framework.base_page - INFO - 点击元素成功//button[@class='ant-btn login-btn password-login ant-btn-primary']
2019-08-28 17:23:54,279 - framework.myunit - INFO - ************************starting run test cases************************
2019-08-28 17:23:55,520 - framework.base_page - INFO - https://cart-staging.zcygov.cn/ 地址正常打开
2019-08-28 17:24:03,634 - framework.base_page - ERROR - 查找元素超时:float-bar-action-del
Traceback (most recent call last):
  File "C:\Users\admin\PycharmProjects\Vaccine\framework\base_page.py", line 94, in find_element
    EC.visibility_of(self.driver.find_element_by_class_name(value)))
  File "C:\Users\admin\PycharmProjects\UITest\venv\lib\site-packages\selenium\webdriver\remote\webdriver.py", line 564, in find_element_by_class_name
    return self.find_element(by=By.CLASS_NAME, value=name)
  File "C:\Users\admin\PycharmProjects\UITest\venv\lib\site-packages\selenium\webdriver\remote\webdriver.py", line 978, in find_element
    'value': value})['value']
  File "C:\Users\admin\PycharmProjects\UITest\venv\lib\site-packages\selenium\webdriver\remote\webdriver.py", line 321, in execute
    self.error_handler.check_response(response)
  File "C:\Users\admin\PycharmProjects\UITest\venv\lib\site-packages\selenium\webdriver\remote\errorhandler.py", line 242, in check_response
    raise exception_class(message, screen, stacktrace)
selenium.common.exceptions.NoSuchElementException: Message: no such element: Unable to locate element: {"method":"class name","selector":"float-bar-action-del"}
  (Session info: chrome=73.0.3683.103)
  (Driver info: chromedriver=2.40.565498 (ea082db3280dd6843ebfb08a625e3eb905c4f5ab),platform=Windows NT 10.0.17134 x86_64)

2019-08-28 17:24:03,635 - pageobjects.order_page - INFO - 删除商品失败
2019-08-28 17:24:04,061 - framework.base_page - INFO - 截图 [test_33324_fail.png] 成功保存在 [C:\Users\admin\PycharmProjects\Vaccine\reports\screenshots\fail]
2019-08-28 17:24:04,091 - framework.myunit - INFO - ************************test case run completed************************
2019-08-28 17:24:07,428 - framework.myunit - INFO - quit the browser success!
