2019-09-03 15:49:46,701 - framework.testreport - INFO - successed to generate test report [C:\Users\admin\PycharmProjects\Zcy_Vaccine\reports\testReport\report2019-09-03 15_49_46.html]
2019-09-03 15:49:49,351 - framework.driver - INFO - found the chrome driver [<selenium.webdriver.chrome.webdriver.WebDriver (session="deeb4f5a4a3bc7cbbf5cdb6b022dd54e")>] successed !
2019-09-03 15:49:50,482 - framework.myunit - INFO - opened the browser successed!
2019-09-03 15:49:53,117 - pageobjects.login_page - INFO - https://login-staging.zcygov.cn/login 打开登录地址成功
2019-09-03 15:49:53,183 - framework.base_page - INFO - 清除文本框内容成功username
2019-09-03 15:49:53,291 - framework.base_page - INFO - 输入的内容：13777466979
2019-09-03 15:49:53,361 - framework.base_page - INFO - 清除文本框内容成功password
2019-09-03 15:49:53,463 - framework.base_page - INFO - 输入的内容：test123456
2019-09-03 15:49:57,621 - framework.base_page - INFO - 点击元素成功//button[@class='ant-btn login-btn password-login ant-btn-primary']
2019-09-03 15:49:57,621 - framework.myunit - INFO - ************************starting run test cases************************
2019-09-03 15:49:57,973 - framework.base_page - INFO - https://staging.zcygov.cn/buyer/vaccine-orders 地址正常打开
2019-09-03 15:50:00,996 - framework.base_page - ERROR - 查找元素超时:header-right-user-avatar
Traceback (most recent call last):
  File "C:\Users\admin\PycharmProjects\Zcy_Vaccine\framework\base_page.py", line 94, in find_element
    EC.visibility_of(self.driver.find_element_by_class_name(value)))
  File "C:\Users\admin\PycharmProjects\UITest\venv\lib\site-packages\selenium\webdriver\remote\webdriver.py", line 564, in find_element_by_class_name
    return self.find_element(by=By.CLASS_NAME, value=name)
  File "C:\Users\admin\PycharmProjects\UITest\venv\lib\site-packages\selenium\webdriver\remote\webdriver.py", line 978, in find_element
    'value': value})['value']
  File "C:\Users\admin\PycharmProjects\UITest\venv\lib\site-packages\selenium\webdriver\remote\webdriver.py", line 321, in execute
    self.error_handler.check_response(response)
  File "C:\Users\admin\PycharmProjects\UITest\venv\lib\site-packages\selenium\webdriver\remote\errorhandler.py", line 242, in check_response
    raise exception_class(message, screen, stacktrace)
selenium.common.exceptions.NoSuchElementException: Message: no such element: Unable to locate element: {"method":"class name","selector":"header-right-user-avatar"}
  (Session info: chrome=73.0.3683.103)
  (Driver info: chromedriver=2.40.565498 (ea082db3280dd6843ebfb08a625e3eb905c4f5ab),platform=Windows NT 10.0.17134 x86_64)

2019-09-03 15:50:02,070 - framework.myunit - INFO - ************************test case run completed************************
2019-09-03 15:50:02,869 - pageobjects.login_page - INFO - https://login-staging.zcygov.cn/login 打开登录地址成功
2019-09-03 15:50:02,931 - framework.base_page - INFO - 清除文本框内容成功username
2019-09-03 15:50:03,045 - framework.base_page - INFO - 输入的内容：13777466979
2019-09-03 15:50:03,111 - framework.base_page - INFO - 清除文本框内容成功password
2019-09-03 15:50:03,229 - framework.base_page - INFO - 输入的内容：test123456
2019-09-03 15:50:04,379 - framework.base_page - INFO - 点击元素成功//button[@class='ant-btn login-btn password-login ant-btn-primary']
2019-09-03 15:50:04,379 - framework.myunit - INFO - ************************starting run test cases************************
2019-09-03 15:50:05,292 - framework.base_page - INFO - https://staging.zcygov.cn/buyer/vaccine-orders 地址正常打开
2019-09-03 15:50:05,371 - framework.base_page - INFO - 点击元素成功header-right-user-avatar
2019-09-03 15:50:06,670 - framework.base_page - INFO - 点击元素成功logout
2019-09-03 15:50:11,729 - framework.base_page - INFO - 清除文本框内容成功username
2019-09-03 15:50:11,823 - framework.base_page - INFO - 输入的内容：SINOVAC
2019-09-03 15:50:11,879 - framework.base_page - INFO - 清除文本框内容成功password
2019-09-03 15:50:11,969 - framework.base_page - INFO - 输入的内容：test123456
2019-09-03 15:50:13,798 - framework.base_page - INFO - 点击元素成功//button[@class='ant-btn login-btn password-login ant-btn-primary']
2019-09-03 15:50:20,737 - framework.base_page - INFO - https://staging.zcygov.cn/seller/vaccine-orders 地址正常打开
2019-09-03 15:50:21,852 - framework.base_page - INFO - 点击元素成功div.order-form-list-body > table > tbody > tr:nth-child(1)  > td:nth-child(7) > a:nth-child(3)
2019-09-03 15:50:21,985 - framework.base_page - INFO - 点击元素成功selectric-js-all-select-warehouse
2019-09-03 15:50:22,071 - framework.base_page - INFO - 点击元素成功//li[contains(text(),"默认仓库")]
2019-09-03 15:50:22,128 - framework.base_page - INFO - 清除文本框内容成功js-shipmentNo
2019-09-03 15:50:22,242 - framework.base_page - INFO - 输入的内容：12222221
2019-09-03 15:50:22,349 - framework.base_page - INFO - 点击元素成功//*[@type="checkbox"]
2019-09-03 15:50:22,422 - framework.base_page - INFO - 点击元素成功//*[contains(text(),"添加批号")]
2019-09-03 15:50:22,676 - framework.base_page - INFO - 点击元素成功select2-selection__rendered
2019-09-03 15:50:22,747 - framework.base_page - INFO - 点击元素成功ul.select2-results__options > li:nth-child(2)
2019-09-03 15:50:22,816 - framework.base_page - INFO - 清除文本框内容成功goodsCount
2019-09-03 15:50:22,859 - framework.base_page - INFO - 输入的内容：1
2019-09-03 15:50:22,934 - framework.base_page - INFO - 点击元素成功//button[text()="确定"]
2019-09-03 15:50:28,008 - framework.base_page - INFO - 点击元素成功//button[text()="确认发货"]
2019-09-03 15:50:28,022 - framework.base_page - INFO - 刷新页面
2019-09-03 15:50:43,082 - framework.base_page - ERROR - 查找元素超时:div.order-form-list-body > table > tbody > tr:nth-child(1) > td:nth-child(6)
Traceback (most recent call last):
  File "C:\Users\admin\PycharmProjects\Zcy_Vaccine\framework\base_page.py", line 106, in find_element
    EC.visibility_of(self.driver.find_element_by_css_selector(value)))
  File "C:\Users\admin\PycharmProjects\UITest\venv\lib\site-packages\selenium\webdriver\remote\webdriver.py", line 598, in find_element_by_css_selector
    return self.find_element(by=By.CSS_SELECTOR, value=css_selector)
  File "C:\Users\admin\PycharmProjects\UITest\venv\lib\site-packages\selenium\webdriver\remote\webdriver.py", line 978, in find_element
    'value': value})['value']
  File "C:\Users\admin\PycharmProjects\UITest\venv\lib\site-packages\selenium\webdriver\remote\webdriver.py", line 321, in execute
    self.error_handler.check_response(response)
  File "C:\Users\admin\PycharmProjects\UITest\venv\lib\site-packages\selenium\webdriver\remote\errorhandler.py", line 242, in check_response
    raise exception_class(message, screen, stacktrace)
selenium.common.exceptions.NoSuchElementException: Message: no such element: Unable to locate element: {"method":"css selector","selector":"div.order-form-list-body > table > tbody > tr:nth-child(1) > td:nth-child(6)"}
  (Session info: chrome=73.0.3683.103)
  (Driver info: chromedriver=2.40.565498 (ea082db3280dd6843ebfb08a625e3eb905c4f5ab),platform=Windows NT 10.0.17134 x86_64)

2019-09-03 15:50:43,102 - framework.myunit - INFO - ************************test case run completed************************
2019-09-03 15:50:46,504 - framework.myunit - INFO - quit the browser success!
