2019-08-29 16:05:57,247 - framework.testreport - INFO - successed to generate test report [C:\Users\admin\PycharmProjects\Zcy_Vaccine\reports\testReport\report2019-08-29 16_05_57.html]
2019-08-29 16:06:00,094 - framework.driver - INFO - found the chrome driver [<selenium.webdriver.chrome.webdriver.WebDriver (session="c6892f1ae6eb79395af57af385c1abac")>] successed !
2019-08-29 16:06:01,218 - framework.myunit - INFO - opened the browser successed!
2019-08-29 16:06:04,068 - pageobjects.login_page - INFO - https://login-staging.zcygov.cn/login 打开登录地址成功
2019-08-29 16:06:04,150 - framework.base_page - INFO - 清除文本框内容成功username
2019-08-29 16:06:04,286 - framework.base_page - INFO - 输入的内容：13777466979
2019-08-29 16:06:04,346 - framework.base_page - INFO - 清除文本框内容成功password
2019-08-29 16:06:04,445 - framework.base_page - INFO - 输入的内容：test123456
2019-08-29 16:06:09,484 - framework.base_page - INFO - 点击元素成功//button[@class='ant-btn login-btn password-login ant-btn-primary']
2019-08-29 16:06:09,484 - framework.myunit - INFO - ************************starting run test cases************************
2019-08-29 16:06:11,292 - framework.base_page - INFO - https://cart-staging.zcygov.cn/ 地址正常打开
2019-08-29 16:06:14,474 - framework.base_page - INFO - 点击元素成功//div[@class="float-bar-action-del"]/a[text()="删除"]
2019-08-29 16:06:20,530 - pageobjects.order_page - INFO - 删除商品失败
2019-08-29 16:06:21,708 - framework.base_page - INFO - https://vaccine-staging.zcygov.cn/items/175600205?searchType=1&type=vaccine&utm=a0004.2ef5001f.0.0.33d8ffd0ca0411e9af8ed36431cbf75c 地址正常打开
2019-08-29 16:06:24,820 - framework.base_page - INFO - 点击元素成功//*[contains(text(),"加入购物车")]
2019-08-29 16:06:26,780 - framework.base_page - INFO - 点击元素成功//*[contains(text(),"查看购物车")]
2019-08-29 16:06:46,892 - pageobjects.order_page - ERROR - 未找到预购单按钮
Traceback (most recent call last):
  File "C:\Users\admin\PycharmProjects\Zcy_Vaccine\pageobjects\order_page.py", line 82, in add_initateorder
    self.driver.find_element_by_xpath('//div[@class="cart-order-btn"]/*[contains(text(),"生成预购单")]').click()
  File "C:\Users\admin\PycharmProjects\UITest\venv\lib\site-packages\selenium\webdriver\remote\webdriver.py", line 394, in find_element_by_xpath
    return self.find_element(by=By.XPATH, value=xpath)
  File "C:\Users\admin\PycharmProjects\UITest\venv\lib\site-packages\selenium\webdriver\remote\webdriver.py", line 978, in find_element
    'value': value})['value']
  File "C:\Users\admin\PycharmProjects\UITest\venv\lib\site-packages\selenium\webdriver\remote\webdriver.py", line 321, in execute
    self.error_handler.check_response(response)
  File "C:\Users\admin\PycharmProjects\UITest\venv\lib\site-packages\selenium\webdriver\remote\errorhandler.py", line 242, in check_response
    raise exception_class(message, screen, stacktrace)
selenium.common.exceptions.NoSuchElementException: Message: no such element: Unable to locate element: {"method":"xpath","selector":"//div[@class="cart-order-btn"]/*[contains(text(),"生成预购单")]"}
  (Session info: chrome=73.0.3683.103)
  (Driver info: chromedriver=2.40.565498 (ea082db3280dd6843ebfb08a625e3eb905c4f5ab),platform=Windows NT 10.0.17134 x86_64)

2019-08-29 16:06:49,908 - framework.base_page - INFO - 获取当前url https://cart-staging.zcygov.cn/
2019-08-29 16:06:49,912 - test_33305 - INFO - https://cart-staging.zcygov.cn/
2019-08-29 16:06:50,173 - framework.base_page - INFO - 截图 [test_33305_fail.png] 成功保存在 [C:\Users\admin\PycharmProjects\Zcy_Vaccine\reports\screenshots\fail]
2019-08-29 16:06:50,189 - framework.myunit - INFO - ************************test case run completed************************
2019-08-29 16:06:52,189 - pageobjects.login_page - INFO - https://login-staging.zcygov.cn/login 打开登录地址成功
2019-08-29 16:06:52,245 - framework.base_page - INFO - 清除文本框内容成功username
2019-08-29 16:06:52,377 - framework.base_page - INFO - 输入的内容：13777466979
2019-08-29 16:06:52,467 - framework.base_page - INFO - 清除文本框内容成功password
2019-08-29 16:06:52,557 - framework.base_page - INFO - 输入的内容：test123456
2019-08-29 16:06:55,144 - framework.base_page - INFO - 点击元素成功//button[@class='ant-btn login-btn password-login ant-btn-primary']
2019-08-29 16:06:55,144 - framework.myunit - INFO - ************************starting run test cases************************
2019-08-29 16:06:55,508 - framework.base_page - INFO - https://cart-staging.zcygov.cn/ 地址正常打开
2019-08-29 16:07:01,522 - pageobjects.order_page - ERROR - 未查找到该元素
Traceback (most recent call last):
  File "C:\Users\admin\PycharmProjects\Zcy_Vaccine\pageobjects\order_page.py", line 35, in clearcart
    self.driver.find_element_by_xpath('//input[@class="ant-checkbox-input"]').click()
  File "C:\Users\admin\PycharmProjects\UITest\venv\lib\site-packages\selenium\webdriver\remote\webdriver.py", line 394, in find_element_by_xpath
    return self.find_element(by=By.XPATH, value=xpath)
  File "C:\Users\admin\PycharmProjects\UITest\venv\lib\site-packages\selenium\webdriver\remote\webdriver.py", line 978, in find_element
    'value': value})['value']
  File "C:\Users\admin\PycharmProjects\UITest\venv\lib\site-packages\selenium\webdriver\remote\webdriver.py", line 321, in execute
    self.error_handler.check_response(response)
  File "C:\Users\admin\PycharmProjects\UITest\venv\lib\site-packages\selenium\webdriver\remote\errorhandler.py", line 242, in check_response
    raise exception_class(message, screen, stacktrace)
selenium.common.exceptions.NoSuchElementException: Message: no such element: Unable to locate element: {"method":"xpath","selector":"//input[@class="ant-checkbox-input"]"}
  (Session info: chrome=73.0.3683.103)
  (Driver info: chromedriver=2.40.565498 (ea082db3280dd6843ebfb08a625e3eb905c4f5ab),platform=Windows NT 10.0.17134 x86_64)

2019-08-29 16:07:02,004 - framework.base_page - INFO - https://vaccine-staging.zcygov.cn/items/175600205?searchType=1&type=vaccine&utm=a0004.2ef5001f.0.0.33d8ffd0ca0411e9af8ed36431cbf75c 地址正常打开
2019-08-29 16:07:15,064 - framework.base_page - ERROR - 查找元素超时://*[contains(text(),"加入购物车")]
Traceback (most recent call last):
  File "C:\Users\admin\PycharmProjects\Zcy_Vaccine\framework\base_page.py", line 109, in find_element
    EC.visibility_of(self.driver.find_element_by_xpath(value)))
  File "C:\Users\admin\PycharmProjects\UITest\venv\lib\site-packages\selenium\webdriver\remote\webdriver.py", line 394, in find_element_by_xpath
    return self.find_element(by=By.XPATH, value=xpath)
  File "C:\Users\admin\PycharmProjects\UITest\venv\lib\site-packages\selenium\webdriver\remote\webdriver.py", line 978, in find_element
    'value': value})['value']
  File "C:\Users\admin\PycharmProjects\UITest\venv\lib\site-packages\selenium\webdriver\remote\webdriver.py", line 321, in execute
    self.error_handler.check_response(response)
  File "C:\Users\admin\PycharmProjects\UITest\venv\lib\site-packages\selenium\webdriver\remote\errorhandler.py", line 242, in check_response
    raise exception_class(message, screen, stacktrace)
selenium.common.exceptions.NoSuchElementException: Message: no such element: Unable to locate element: {"method":"xpath","selector":"//*[contains(text(),"加入购物车")]"}
  (Session info: chrome=73.0.3683.103)
  (Driver info: chromedriver=2.40.565498 (ea082db3280dd6843ebfb08a625e3eb905c4f5ab),platform=Windows NT 10.0.17134 x86_64)

2019-08-29 16:07:15,073 - pageobjects.order_page - ERROR - 未找到加入购物车按钮
Traceback (most recent call last):
  File "C:\Users\admin\PycharmProjects\Zcy_Vaccine\pageobjects\order_page.py", line 58, in addtocart
    self.click_addtocart()
  File "C:\Users\admin\PycharmProjects\Zcy_Vaccine\pageobjects\order_page.py", line 69, in click_addtocart
    BasePage(self.driver).scrolls(OrderData.addcart_selectors)
  File "C:\Users\admin\PycharmProjects\Zcy_Vaccine\framework\base_page.py", line 339, in scrolls
    self.find_element(selector)
  File "C:\Users\admin\PycharmProjects\Zcy_Vaccine\framework\base_page.py", line 116, in find_element
    raise e
  File "C:\Users\admin\PycharmProjects\Zcy_Vaccine\framework\base_page.py", line 109, in find_element
    EC.visibility_of(self.driver.find_element_by_xpath(value)))
  File "C:\Users\admin\PycharmProjects\UITest\venv\lib\site-packages\selenium\webdriver\remote\webdriver.py", line 394, in find_element_by_xpath
    return self.find_element(by=By.XPATH, value=xpath)
  File "C:\Users\admin\PycharmProjects\UITest\venv\lib\site-packages\selenium\webdriver\remote\webdriver.py", line 978, in find_element
    'value': value})['value']
  File "C:\Users\admin\PycharmProjects\UITest\venv\lib\site-packages\selenium\webdriver\remote\webdriver.py", line 321, in execute
    self.error_handler.check_response(response)
  File "C:\Users\admin\PycharmProjects\UITest\venv\lib\site-packages\selenium\webdriver\remote\errorhandler.py", line 242, in check_response
    raise exception_class(message, screen, stacktrace)
selenium.common.exceptions.NoSuchElementException: Message: no such element: Unable to locate element: {"method":"xpath","selector":"//*[contains(text(),"加入购物车")]"}
  (Session info: chrome=73.0.3683.103)
  (Driver info: chromedriver=2.40.565498 (ea082db3280dd6843ebfb08a625e3eb905c4f5ab),platform=Windows NT 10.0.17134 x86_64)

2019-08-29 16:07:15,102 - framework.myunit - INFO - ************************test case run completed************************
2019-08-29 16:07:18,802 - framework.myunit - INFO - quit the browser success!
