2019-08-28 17:22:06,012 - framework.testreport - INFO - successed to generate test report [C:\Users\admin\PycharmProjects\Vaccine\reports\testReport\report2019-08-28 17_22_06.html]
2019-08-28 17:22:09,144 - framework.driver - INFO - found the chrome driver [<selenium.webdriver.chrome.webdriver.WebDriver (session="cd767da2e29a88ef7ca34bd44432c2e7")>] successed !
2019-08-28 17:22:10,273 - framework.myunit - INFO - opened the browser successed!
2019-08-28 17:22:12,736 - pageobjects.login_page - INFO - https://login-staging.zcygov.cn/login 打开登录地址成功
2019-08-28 17:22:12,820 - framework.base_page - INFO - 清除文本框内容成功username
2019-08-28 17:22:12,983 - framework.base_page - INFO - 输入的内容：13777466979
2019-08-28 17:22:13,067 - framework.base_page - INFO - 清除文本框内容成功password
2019-08-28 17:22:13,203 - framework.base_page - INFO - 输入的内容：test123456
2019-08-28 17:22:17,494 - framework.base_page - INFO - 点击元素成功//button[@class='ant-btn login-btn password-login ant-btn-primary']
2019-08-28 17:22:17,494 - framework.myunit - INFO - ************************starting run test cases************************
2019-08-28 17:22:20,175 - framework.base_page - INFO - https://cart-staging.zcygov.cn/ 地址正常打开
2019-08-28 17:22:25,385 - framework.base_page - INFO - 点击元素成功float-bar-action-del
2019-08-28 17:22:28,439 - framework.base_page - ERROR - 查找元素超时://div[@class="ant-popover-buttons"]/button[@class="ant-btn-primary"]
Traceback (most recent call last):
  File "C:\Users\admin\PycharmProjects\Vaccine\framework\base_page.py", line 109, in find_element
    EC.visibility_of(self.driver.find_element_by_xpath(value)))
  File "C:\Users\admin\PycharmProjects\UITest\venv\lib\site-packages\selenium\webdriver\remote\webdriver.py", line 394, in find_element_by_xpath
    return self.find_element(by=By.XPATH, value=xpath)
  File "C:\Users\admin\PycharmProjects\UITest\venv\lib\site-packages\selenium\webdriver\remote\webdriver.py", line 978, in find_element
    'value': value})['value']
  File "C:\Users\admin\PycharmProjects\UITest\venv\lib\site-packages\selenium\webdriver\remote\webdriver.py", line 321, in execute
    self.error_handler.check_response(response)
  File "C:\Users\admin\PycharmProjects\UITest\venv\lib\site-packages\selenium\webdriver\remote\errorhandler.py", line 242, in check_response
    raise exception_class(message, screen, stacktrace)
selenium.common.exceptions.NoSuchElementException: Message: no such element: Unable to locate element: {"method":"xpath","selector":"//div[@class="ant-popover-buttons"]/button[@class="ant-btn-primary"]"}
  (Session info: chrome=73.0.3683.103)
  (Driver info: chromedriver=2.40.565498 (ea082db3280dd6843ebfb08a625e3eb905c4f5ab),platform=Windows NT 10.0.17134 x86_64)

2019-08-28 17:22:28,440 - pageobjects.order_page - INFO - 删除商品失败
2019-08-28 17:22:28,742 - framework.base_page - INFO - 截图 [test_33324_fail.png] 成功保存在 [C:\Users\admin\PycharmProjects\Vaccine\reports\screenshots\fail]
2019-08-28 17:22:28,760 - framework.myunit - INFO - ************************test case run completed************************
2019-08-28 17:22:30,050 - pageobjects.login_page - INFO - https://login-staging.zcygov.cn/login 打开登录地址成功
2019-08-28 17:22:30,142 - framework.base_page - INFO - 清除文本框内容成功username
2019-08-28 17:22:30,338 - framework.base_page - INFO - 输入的内容：13777466979
2019-08-28 17:22:30,438 - framework.base_page - INFO - 清除文本框内容成功password
2019-08-28 17:22:30,619 - framework.base_page - INFO - 输入的内容：test123456
2019-08-28 17:22:32,742 - framework.base_page - INFO - 点击元素成功//button[@class='ant-btn login-btn password-login ant-btn-primary']
2019-08-28 17:22:32,742 - framework.myunit - INFO - ************************starting run test cases************************
2019-08-28 17:22:33,236 - framework.base_page - INFO - https://cart-staging.zcygov.cn/ 地址正常打开
