2019-08-30 16:26:19,431 - framework.testreport - INFO - successed to generate test report [C:\Users\admin\PycharmProjects\Zcy_Vaccine\reports\testReport\report2019-08-30 16_26_19.html]
2019-08-30 16:26:22,122 - framework.driver - INFO - found the chrome driver [<selenium.webdriver.chrome.webdriver.WebDriver (session="d9b86e323a3596c82d83d483c16c47b0")>] successed !
2019-08-30 16:26:23,249 - framework.myunit - INFO - opened the browser successed!
2019-08-30 16:26:25,712 - pageobjects.login_page - INFO - https://login-staging.zcygov.cn/login 打开登录地址成功
2019-08-30 16:26:25,793 - framework.base_page - INFO - 清除文本框内容成功username
2019-08-30 16:26:25,933 - framework.base_page - INFO - 输入的内容：13777466979
2019-08-30 16:26:25,999 - framework.base_page - INFO - 清除文本框内容成功password
2019-08-30 16:26:26,099 - framework.base_page - INFO - 输入的内容：test123456
2019-08-30 16:26:30,459 - framework.base_page - INFO - 点击元素成功//button[@class='ant-btn login-btn password-login ant-btn-primary']
2019-08-30 16:26:30,459 - framework.myunit - INFO - ************************starting run test cases************************
2019-08-30 16:26:31,652 - framework.base_page - INFO - https://cart-staging.zcygov.cn/ 地址正常打开
2019-08-30 16:26:37,692 - pageobjects.order_page - ERROR - 未找到全选按钮
Traceback (most recent call last):
  File "C:\Users\admin\PycharmProjects\Zcy_Vaccine\pageobjects\order_page.py", line 35, in clearcart
    self.driver.find_element_by_xpath('//input[@class="ant-checkbox-input"]').click()
  File "C:\Users\admin\PycharmProjects\UITest\venv\lib\site-packages\selenium\webdriver\remote\webdriver.py", line 394, in find_element_by_xpath
    return self.find_element(by=By.XPATH, value=xpath)
  File "C:\Users\admin\PycharmProjects\UITest\venv\lib\site-packages\selenium\webdriver\remote\webdriver.py", line 978, in find_element
    'value': value})['value']
  File "C:\Users\admin\PycharmProjects\UITest\venv\lib\site-packages\selenium\webdriver\remote\webdriver.py", line 321, in execute
    self.error_handler.check_response(response)
  File "C:\Users\admin\PycharmProjects\UITest\venv\lib\site-packages\selenium\webdriver\remote\errorhandler.py", line 242, in check_response
    raise exception_class(message, screen, stacktrace)
selenium.common.exceptions.NoSuchElementException: Message: no such element: Unable to locate element: {"method":"xpath","selector":"//input[@class="ant-checkbox-input"]"}
  (Session info: chrome=73.0.3683.103)
  (Driver info: chromedriver=2.40.565498 (ea082db3280dd6843ebfb08a625e3eb905c4f5ab),platform=Windows NT 10.0.17134 x86_64)

2019-08-30 16:26:39,188 - framework.base_page - INFO - https://vaccine-staging.zcygov.cn/items/175600205?searchType=1&type=vaccine&utm=a0004.2ef5001f.0.0.33d8ffd0ca0411e9af8ed36431cbf75c 地址正常打开
2019-08-30 16:26:39,347 - framework.base_page - INFO - 点击元素成功//*[contains(text(),"加入购物车")]
2019-08-30 16:26:41,363 - framework.base_page - INFO - 点击元素成功//*[contains(text(),"查看购物车")]
2019-08-30 16:27:00,351 - framework.base_page - INFO - 点击元素成功select2-selection__placeholder
2019-08-30 16:27:00,437 - framework.base_page - INFO - 点击元素成功//li[text()="席胜军"]
2019-08-30 16:27:00,582 - framework.base_page - INFO - 点击元素成功//button[text()="提交"]
2019-08-30 16:27:01,097 - framework.base_page - INFO - 点击元素成功submit
2019-08-30 16:27:03,194 - framework.base_page - INFO - 点击元素成功//button[@class="btn btn-minor submit close"]
2019-08-30 16:27:04,506 - framework.base_page - INFO - 点击元素成功div.pur-list-body > table > tbody > tr:nth-child(1) > td:nth-child(7) > a:nth-child(1)
2019-08-30 16:27:04,672 - framework.base_page - INFO - 点击元素成功//button[text()="提交审核意见"]
2019-08-30 16:27:04,768 - framework.base_page - INFO - 点击元素成功submit
2019-08-30 16:27:06,323 - framework.base_page - INFO - 点击元素成功//button[@class="btn btn-minor submit close"]
2019-08-30 16:27:07,728 - framework.base_page - INFO - 点击元素成功div.pur-list-body > table > tbody > tr:nth-child(1) > td:nth-child(7) > a:nth-child(1)
2019-08-30 16:27:07,856 - framework.base_page - INFO - 点击元素成功//button[text()="提交审核意见"]
2019-08-30 16:27:07,953 - framework.base_page - INFO - 点击元素成功submit
2019-08-30 16:27:09,367 - framework.base_page - INFO - 点击元素成功//button[@class="btn btn-minor submit close"]
2019-08-30 16:27:11,147 - framework.base_page - INFO - 点击元素成功div.pur-list-body > table > tbody > tr:nth-child(1) > td:nth-child(7) > a:nth-child(1)
2019-08-30 16:27:11,280 - framework.base_page - INFO - 点击元素成功//button[text()="提交审核意见"]
2019-08-30 16:27:11,362 - framework.base_page - INFO - 点击元素成功submit
2019-08-30 16:27:12,870 - framework.base_page - INFO - 点击元素成功//button[@class="btn btn-minor submit close"]
2019-08-30 16:27:12,916 - framework.base_page - INFO - 获取元素内容: 确定订单
2019-08-30 16:27:13,203 - framework.base_page - INFO - 截图 [test_33309_pass.png] 成功保存在 [C:\Users\admin\PycharmProjects\Zcy_Vaccine\reports\screenshots\pass]
2019-08-30 16:27:13,218 - framework.myunit - INFO - ************************test case run completed************************
2019-08-30 16:27:15,551 - framework.myunit - INFO - quit the browser success!
