2019-08-28 17:31:52,952 - framework.testreport - INFO - successed to generate test report [C:\Users\admin\PycharmProjects\Vaccine\reports\testReport\report2019-08-28 17_31_52.html]
2019-08-28 17:31:55,979 - framework.driver - INFO - found the chrome driver [<selenium.webdriver.chrome.webdriver.WebDriver (session="c988c1ab960573d0d89c62ace0fe6c7e")>] successed !
2019-08-28 17:31:57,121 - framework.myunit - INFO - opened the browser successed!
2019-08-28 17:31:59,321 - pageobjects.login_page - INFO - https://login-staging.zcygov.cn/login 打开登录地址成功
2019-08-28 17:31:59,407 - framework.base_page - INFO - 清除文本框内容成功username
2019-08-28 17:31:59,574 - framework.base_page - INFO - 输入的内容：13777466979
2019-08-28 17:31:59,669 - framework.base_page - INFO - 清除文本框内容成功password
2019-08-28 17:31:59,815 - framework.base_page - INFO - 输入的内容：test123456
2019-08-28 17:32:04,176 - framework.base_page - INFO - 点击元素成功//button[@class='ant-btn login-btn password-login ant-btn-primary']
2019-08-28 17:32:04,177 - framework.myunit - INFO - ************************starting run test cases************************
2019-08-28 17:32:05,625 - framework.base_page - INFO - https://cart-staging.zcygov.cn/ 地址正常打开
2019-08-28 17:32:10,892 - framework.base_page - INFO - 点击元素成功float-bar-action-del
2019-08-28 17:32:13,936 - pageobjects.order_page - INFO - 删除商品失败
2019-08-28 17:32:14,221 - framework.base_page - INFO - 截图 [test_33324_fail.png] 成功保存在 [C:\Users\admin\PycharmProjects\Vaccine\reports\screenshots\fail]
2019-08-28 17:32:14,243 - framework.myunit - INFO - ************************test case run completed************************
2019-08-28 17:32:15,243 - pageobjects.login_page - INFO - https://login-staging.zcygov.cn/login 打开登录地址成功
2019-08-28 17:32:15,330 - framework.base_page - INFO - 清除文本框内容成功username
2019-08-28 17:32:15,538 - framework.base_page - INFO - 输入的内容：13777466979
2019-08-28 17:32:15,625 - framework.base_page - INFO - 清除文本框内容成功password
2019-08-28 17:32:15,782 - framework.base_page - INFO - 输入的内容：test123456
2019-08-28 17:32:17,346 - framework.base_page - INFO - 点击元素成功//button[@class='ant-btn login-btn password-login ant-btn-primary']
2019-08-28 17:32:17,346 - framework.myunit - INFO - ************************starting run test cases************************
2019-08-28 17:32:17,594 - framework.base_page - INFO - https://cart-staging.zcygov.cn/ 地址正常打开
2019-08-28 17:32:25,705 - framework.base_page - ERROR - 查找元素超时:float-bar-action-del
Traceback (most recent call last):
  File "C:\Users\admin\PycharmProjects\Vaccine\framework\base_page.py", line 94, in find_element
    EC.visibility_of(self.driver.find_element_by_class_name(value)))
  File "C:\Users\admin\PycharmProjects\UITest\venv\lib\site-packages\selenium\webdriver\remote\webdriver.py", line 564, in find_element_by_class_name
    return self.find_element(by=By.CLASS_NAME, value=name)
  File "C:\Users\admin\PycharmProjects\UITest\venv\lib\site-packages\selenium\webdriver\remote\webdriver.py", line 978, in find_element
    'value': value})['value']
  File "C:\Users\admin\PycharmProjects\UITest\venv\lib\site-packages\selenium\webdriver\remote\webdriver.py", line 321, in execute
    self.error_handler.check_response(response)
  File "C:\Users\admin\PycharmProjects\UITest\venv\lib\site-packages\selenium\webdriver\remote\errorhandler.py", line 242, in check_response
    raise exception_class(message, screen, stacktrace)
selenium.common.exceptions.NoSuchElementException: Message: no such element: Unable to locate element: {"method":"class name","selector":"float-bar-action-del"}
  (Session info: chrome=73.0.3683.103)
  (Driver info: chromedriver=2.40.565498 (ea082db3280dd6843ebfb08a625e3eb905c4f5ab),platform=Windows NT 10.0.17134 x86_64)

2019-08-28 17:32:25,707 - pageobjects.order_page - INFO - 删除商品失败
2019-08-28 17:32:26,104 - framework.base_page - INFO - 截图 [test_33324_fail.png] 成功保存在 [C:\Users\admin\PycharmProjects\Vaccine\reports\screenshots\fail]
2019-08-28 17:32:26,119 - framework.myunit - INFO - ************************test case run completed************************
2019-08-28 17:32:29,059 - framework.myunit - INFO - quit the browser success!
