2019-08-28 16:10:14,535 - framework.testreport - INFO - successed to generate test report [C:\Users\admin\PycharmProjects\Vaccine\reports\testReport\report2019-08-28 16_10_14.html]
2019-08-28 16:10:17,250 - framework.driver - INFO - found the chrome driver [<selenium.webdriver.chrome.webdriver.WebDriver (session="aac8df2b364a09e55a0b3a485374d0c8")>] successed !
2019-08-28 16:10:18,377 - framework.myunit - INFO - opened the browser successed!
2019-08-28 16:10:20,712 - pageobjects.login_page - INFO - https://login-staging.zcygov.cn/login 打开登录地址成功
2019-08-28 16:10:20,780 - framework.base_page - INFO - 清除文本框内容成功username
2019-08-28 16:10:20,913 - framework.base_page - INFO - 输入的内容：13777466979
2019-08-28 16:10:20,972 - framework.base_page - INFO - 清除文本框内容成功password
2019-08-28 16:10:21,074 - framework.base_page - INFO - 输入的内容：test123456
2019-08-28 16:10:25,649 - framework.base_page - INFO - 点击元素成功//button[@class='ant-btn login-btn password-login ant-btn-primary']
2019-08-28 16:10:25,649 - framework.myunit - INFO - ************************starting run test cases************************
2019-08-28 16:10:34,952 - framework.base_page - INFO - https://vaccine-staging.zcygov.cn/?fcid=4244&normal=2&type=vaccine&utm=a0004.2ef5001f.0.0.dfdc8130c96911e9b5f3bfaa4c9f39de 地址正常打开
2019-08-28 16:10:35,031 - framework.base_page - INFO - 清除文本框内容成功q
2019-08-28 16:10:35,119 - framework.base_page - INFO - 输入的内容：甲型肝炎灭活疫苗0508
2019-08-28 16:10:36,176 - framework.base_page - INFO - 点击元素成功search-button
2019-08-28 16:10:46,253 - framework.base_page - ERROR - 查找元素超时!
Traceback (most recent call last):
  File "C:\Users\admin\PycharmProjects\Vaccine\framework\base_page.py", line 100, in find_element
    EC.visibility_of(self.driver.find_element_by_link_text(value)))
  File "C:\Users\admin\PycharmProjects\UITest\venv\lib\site-packages\selenium\webdriver\remote\webdriver.py", line 428, in find_element_by_link_text
    return self.find_element(by=By.LINK_TEXT, value=link_text)
  File "C:\Users\admin\PycharmProjects\UITest\venv\lib\site-packages\selenium\webdriver\remote\webdriver.py", line 978, in find_element
    'value': value})['value']
  File "C:\Users\admin\PycharmProjects\UITest\venv\lib\site-packages\selenium\webdriver\remote\webdriver.py", line 321, in execute
    self.error_handler.check_response(response)
  File "C:\Users\admin\PycharmProjects\UITest\venv\lib\site-packages\selenium\webdriver\remote\errorhandler.py", line 242, in check_response
    raise exception_class(message, screen, stacktrace)
selenium.common.exceptions.NoSuchElementException: Message: no such element: Unable to locate element: {"method":"link text","selector":"甲型肝炎灭活疫苗0508"}
  (Session info: chrome=73.0.3683.103)
  (Driver info: chromedriver=2.40.565498 (ea082db3280dd6843ebfb08a625e3eb905c4f5ab),platform=Windows NT 10.0.17134 x86_64)

2019-08-28 16:10:46,556 - framework.base_page - INFO - 截图 [test_33303_fail.png] 成功保存在 [C:\Users\admin\PycharmProjects\Vaccine\reports\screenshots\fail]
2019-08-28 16:10:46,592 - framework.myunit - INFO - ************************test case run completed************************
2019-08-28 16:10:48,224 - pageobjects.login_page - INFO - https://login-staging.zcygov.cn/login 打开登录地址成功
2019-08-28 16:10:48,289 - framework.base_page - INFO - 清除文本框内容成功username
2019-08-28 16:10:48,405 - framework.base_page - INFO - 输入的内容：13777466979
2019-08-28 16:10:48,467 - framework.base_page - INFO - 清除文本框内容成功password
2019-08-28 16:10:48,567 - framework.base_page - INFO - 输入的内容：test123456
2019-08-28 16:10:50,032 - framework.base_page - INFO - 点击元素成功//button[@class='ant-btn login-btn password-login ant-btn-primary']
2019-08-28 16:10:50,033 - framework.myunit - INFO - ************************starting run test cases************************
2019-08-28 16:10:53,203 - framework.base_page - INFO - https://vaccine-staging.zcygov.cn/?fcid=4244&normal=2&type=vaccine&utm=a0004.2ef5001f.0.0.dfdc8130c96911e9b5f3bfaa4c9f39de 地址正常打开
2019-08-28 16:10:53,286 - framework.base_page - INFO - 清除文本框内容成功q
2019-08-28 16:10:53,389 - framework.base_page - INFO - 输入的内容：甲型肝炎灭活疫苗0508
2019-08-28 16:10:54,189 - framework.base_page - INFO - 点击元素成功search-button
2019-08-28 16:11:04,330 - framework.base_page - ERROR - 查找元素超时!
Traceback (most recent call last):
  File "C:\Users\admin\PycharmProjects\Vaccine\framework\base_page.py", line 100, in find_element
    EC.visibility_of(self.driver.find_element_by_link_text(value)))
  File "C:\Users\admin\PycharmProjects\UITest\venv\lib\site-packages\selenium\webdriver\remote\webdriver.py", line 428, in find_element_by_link_text
    return self.find_element(by=By.LINK_TEXT, value=link_text)
  File "C:\Users\admin\PycharmProjects\UITest\venv\lib\site-packages\selenium\webdriver\remote\webdriver.py", line 978, in find_element
    'value': value})['value']
  File "C:\Users\admin\PycharmProjects\UITest\venv\lib\site-packages\selenium\webdriver\remote\webdriver.py", line 321, in execute
    self.error_handler.check_response(response)
  File "C:\Users\admin\PycharmProjects\UITest\venv\lib\site-packages\selenium\webdriver\remote\errorhandler.py", line 242, in check_response
    raise exception_class(message, screen, stacktrace)
selenium.common.exceptions.NoSuchElementException: Message: no such element: Unable to locate element: {"method":"link text","selector":"甲型肝炎灭活疫苗0508"}
  (Session info: chrome=73.0.3683.103)
  (Driver info: chromedriver=2.40.565498 (ea082db3280dd6843ebfb08a625e3eb905c4f5ab),platform=Windows NT 10.0.17134 x86_64)

2019-08-28 16:11:04,642 - framework.base_page - INFO - 截图 [test_33303_fail.png] 成功保存在 [C:\Users\admin\PycharmProjects\Vaccine\reports\screenshots\fail]
2019-08-28 16:11:04,664 - framework.myunit - INFO - ************************test case run completed************************
2019-08-28 16:11:08,034 - framework.myunit - INFO - quit the browser success!
