2019-08-30 14:28:31,065 - framework.testreport - INFO - successed to generate test report [C:\Users\admin\PycharmProjects\Zcy_Vaccine\reports\testReport\report2019-08-30 14_28_31.html]
2019-08-30 14:28:33,545 - framework.driver - INFO - found the chrome driver [<selenium.webdriver.chrome.webdriver.WebDriver (session="7932d40b141af4402af2f3b210ace911")>] successed !
2019-08-30 14:28:34,669 - framework.myunit - INFO - opened the browser successed!
2019-08-30 14:28:37,028 - pageobjects.login_page - INFO - https://login-staging.zcygov.cn/login 打开登录地址成功
2019-08-30 14:28:37,095 - framework.base_page - INFO - 清除文本框内容成功username
2019-08-30 14:28:37,204 - framework.base_page - INFO - 输入的内容：13777466979
2019-08-30 14:28:37,267 - framework.base_page - INFO - 清除文本框内容成功password
2019-08-30 14:28:37,361 - framework.base_page - INFO - 输入的内容：test123456
2019-08-30 14:28:42,077 - framework.base_page - INFO - 点击元素成功//button[@class='ant-btn login-btn password-login ant-btn-primary']
2019-08-30 14:28:42,077 - framework.myunit - INFO - ************************starting run test cases************************
2019-08-30 14:28:43,475 - framework.base_page - INFO - https://cart-staging.zcygov.cn/ 地址正常打开
2019-08-30 14:28:49,530 - pageobjects.order_page - ERROR - 未找到全选按钮
Traceback (most recent call last):
  File "C:\Users\admin\PycharmProjects\Zcy_Vaccine\pageobjects\order_page.py", line 35, in clearcart
    self.driver.find_element_by_xpath('//input[@class="ant-checkbox-input"]').click()
  File "C:\Users\admin\PycharmProjects\UITest\venv\lib\site-packages\selenium\webdriver\remote\webdriver.py", line 394, in find_element_by_xpath
    return self.find_element(by=By.XPATH, value=xpath)
  File "C:\Users\admin\PycharmProjects\UITest\venv\lib\site-packages\selenium\webdriver\remote\webdriver.py", line 978, in find_element
    'value': value})['value']
  File "C:\Users\admin\PycharmProjects\UITest\venv\lib\site-packages\selenium\webdriver\remote\webdriver.py", line 321, in execute
    self.error_handler.check_response(response)
  File "C:\Users\admin\PycharmProjects\UITest\venv\lib\site-packages\selenium\webdriver\remote\errorhandler.py", line 242, in check_response
    raise exception_class(message, screen, stacktrace)
selenium.common.exceptions.NoSuchElementException: Message: no such element: Unable to locate element: {"method":"xpath","selector":"//input[@class="ant-checkbox-input"]"}
  (Session info: chrome=73.0.3683.103)
  (Driver info: chromedriver=2.40.565498 (ea082db3280dd6843ebfb08a625e3eb905c4f5ab),platform=Windows NT 10.0.17134 x86_64)

2019-08-30 14:28:51,364 - framework.base_page - INFO - https://vaccine-staging.zcygov.cn/items/175600205?searchType=1&type=vaccine&utm=a0004.2ef5001f.0.0.33d8ffd0ca0411e9af8ed36431cbf75c 地址正常打开
2019-08-30 14:28:54,468 - framework.base_page - INFO - 点击元素成功//*[contains(text(),"加入购物车")]
2019-08-30 14:28:55,963 - framework.base_page - INFO - 点击元素成功//*[contains(text(),"查看购物车")]
2019-08-30 14:29:15,379 - framework.base_page - INFO - 点击元素成功select2-selection__placeholder
2019-08-30 14:29:15,458 - framework.base_page - INFO - 点击元素成功//li[text()="席胜军"]
2019-08-30 14:29:15,575 - framework.base_page - INFO - 点击元素成功//button[text()="提交"]
2019-08-30 14:29:16,081 - framework.base_page - INFO - 点击元素成功submit
2019-08-30 14:29:17,890 - framework.base_page - INFO - 点击元素成功//button[@class="btn btn-minor submit close"]
2019-08-30 14:29:17,903 - framework.myunit - INFO - ************************test case run completed************************
2019-08-30 14:29:20,254 - framework.myunit - INFO - quit the browser success!
