2019-08-27 20:13:38,234 - framework.testreport - INFO - successed to generate test report [C:\Users\admin\PycharmProjects\Vaccine\reports\testReport\report2019-08-27 20_13_38.html]
2019-08-27 20:13:41,041 - framework.driver - INFO - found the chrome driver [<selenium.webdriver.chrome.webdriver.WebDriver (session="95dadae6f2acfe577fd45021920fcdf6")>] successed !
2019-08-27 20:13:42,183 - framework.myunit - INFO - opened the browser successed!
2019-08-27 20:13:44,284 - pageobjects.login_page - INFO - https://login-staging.zcygov.cn/login 打开登录地址成功
2019-08-27 20:13:44,378 - framework.base_page - INFO - 清除文本框内容成功username
2019-08-27 20:13:44,543 - framework.base_page - INFO - 输入的内容：13777466979
2019-08-27 20:13:44,609 - framework.base_page - INFO - 清除文本框内容成功password
2019-08-27 20:13:44,712 - framework.base_page - INFO - 输入的内容：test123456
2019-08-27 20:13:48,929 - framework.base_page - INFO - 点击元素成功//button[@class='ant-btn login-btn password-login ant-btn-primary']
2019-08-27 20:13:48,930 - framework.myunit - INFO - ************************starting run test cases************************
2019-08-27 20:13:49,060 - framework.base_page - ERROR - 查找元素超时!
Traceback (most recent call last):
  File "C:\Users\admin\PycharmProjects\Vaccine\framework\base_page.py", line 109, in find_element
    EC.visibility_of(self.driver.find_element_by_xpath(value)))
  File "C:\Users\admin\PycharmProjects\UITest\venv\lib\site-packages\selenium\webdriver\remote\webdriver.py", line 394, in find_element_by_xpath
    return self.find_element(by=By.XPATH, value=xpath)
  File "C:\Users\admin\PycharmProjects\UITest\venv\lib\site-packages\selenium\webdriver\remote\webdriver.py", line 978, in find_element
    'value': value})['value']
  File "C:\Users\admin\PycharmProjects\UITest\venv\lib\site-packages\selenium\webdriver\remote\webdriver.py", line 321, in execute
    self.error_handler.check_response(response)
  File "C:\Users\admin\PycharmProjects\UITest\venv\lib\site-packages\selenium\webdriver\remote\errorhandler.py", line 242, in check_response
    raise exception_class(message, screen, stacktrace)
selenium.common.exceptions.InvalidSelectorException: Message: invalid selector: Unable to locate an element with the xpath expression //a[@href='ant-btn login-btn password-login ant-btn-primary']https://staging.zcygov.cn/ because of the following error:
SyntaxError: Failed to execute 'evaluate' on 'Document': The string '//a[@href='ant-btn login-btn password-login ant-btn-primary']https://staging.zcygov.cn/' is not a valid XPath expression.
  (Session info: chrome=73.0.3683.103)
  (Driver info: chromedriver=2.40.565498 (ea082db3280dd6843ebfb08a625e3eb905c4f5ab),platform=Windows NT 10.0.17134 x86_64)

2019-08-27 20:13:49,181 - framework.myunit - INFO - ************************test case run completed************************
2019-08-27 20:13:50,464 - pageobjects.login_page - INFO - https://login-staging.zcygov.cn/login 打开登录地址成功
2019-08-27 20:13:50,534 - framework.base_page - INFO - 清除文本框内容成功username
2019-08-27 20:13:50,679 - framework.base_page - INFO - 输入的内容：13777466979
2019-08-27 20:13:50,743 - framework.base_page - INFO - 清除文本框内容成功password
2019-08-27 20:13:50,844 - framework.base_page - INFO - 输入的内容：test123456
2019-08-27 20:13:51,839 - framework.base_page - INFO - 点击元素成功//button[@class='ant-btn login-btn password-login ant-btn-primary']
2019-08-27 20:13:51,839 - framework.myunit - INFO - ************************starting run test cases************************
2019-08-27 20:13:51,852 - framework.base_page - ERROR - 查找元素超时!
Traceback (most recent call last):
  File "C:\Users\admin\PycharmProjects\Vaccine\framework\base_page.py", line 109, in find_element
    EC.visibility_of(self.driver.find_element_by_xpath(value)))
  File "C:\Users\admin\PycharmProjects\UITest\venv\lib\site-packages\selenium\webdriver\remote\webdriver.py", line 394, in find_element_by_xpath
    return self.find_element(by=By.XPATH, value=xpath)
  File "C:\Users\admin\PycharmProjects\UITest\venv\lib\site-packages\selenium\webdriver\remote\webdriver.py", line 978, in find_element
    'value': value})['value']
  File "C:\Users\admin\PycharmProjects\UITest\venv\lib\site-packages\selenium\webdriver\remote\webdriver.py", line 321, in execute
    self.error_handler.check_response(response)
  File "C:\Users\admin\PycharmProjects\UITest\venv\lib\site-packages\selenium\webdriver\remote\errorhandler.py", line 242, in check_response
    raise exception_class(message, screen, stacktrace)
selenium.common.exceptions.InvalidSelectorException: Message: invalid selector: Unable to locate an element with the xpath expression //a[@href='ant-btn login-btn password-login ant-btn-primary']https://staging.zcygov.cn/ because of the following error:
SyntaxError: Failed to execute 'evaluate' on 'Document': The string '//a[@href='ant-btn login-btn password-login ant-btn-primary']https://staging.zcygov.cn/' is not a valid XPath expression.
  (Session info: chrome=73.0.3683.103)
  (Driver info: chromedriver=2.40.565498 (ea082db3280dd6843ebfb08a625e3eb905c4f5ab),platform=Windows NT 10.0.17134 x86_64)

2019-08-27 20:13:52,001 - framework.myunit - INFO - ************************test case run completed************************
2019-08-27 20:13:54,901 - framework.myunit - INFO - quit the browser success!
