2019-09-16 15:35:26,486 - framework.testreport - INFO - successed to generate test report [C:\Users\admin\PycharmProjects\Zcy_Vaccine\reports\testReport\report2019-09-16 15_35_26.html]
2019-09-16 15:35:28,976 - framework.driver - INFO - found the chrome driver [<selenium.webdriver.chrome.webdriver.WebDriver (session="7a46cb94f4513db07c66304011b1a738")>] successed !
2019-09-16 15:35:28,976 - framework.myunit - INFO - opened the browser successed!
2019-09-16 15:35:31,221 - pageobjects.login_page - INFO - https://login-staging.zcygov.cn/login 打开登录地址成功
2019-09-16 15:35:31,287 - framework.base_page - INFO - 清除文本框内容成功username
2019-09-16 15:35:31,409 - framework.base_page - INFO - 输入的内容：13777466979
2019-09-16 15:35:31,476 - framework.base_page - INFO - 清除文本框内容成功password
2019-09-16 15:35:31,580 - framework.base_page - INFO - 输入的内容：test123456
2019-09-16 15:35:35,769 - framework.base_page - INFO - 点击元素成功//button[@class='ant-btn login-btn password-login ant-btn-primary']
2019-09-16 15:35:35,769 - framework.myunit - INFO - ************************starting run test cases************************
2019-09-16 15:35:36,594 - framework.base_page - INFO - https://cart-staging.zcygov.cn/ 地址正常打开
2019-09-16 15:35:39,789 - framework.base_page - INFO - 点击元素成功//div[@class="float-bar-action-del"]/a[text()="删除"]
2019-09-16 15:35:45,830 - pageobjects.order_page - INFO - 删除商品失败
2019-09-16 15:35:47,050 - framework.base_page - INFO - https://vaccine-staging.zcygov.cn/items/175600205?searchType=1&type=vaccine&utm=a0004.2ef5001f.0.0.33d8ffd0ca0411e9af8ed36431cbf75c 地址正常打开
2019-09-16 15:35:47,654 - framework.base_page - INFO - 点击元素成功//*[contains(text(),"加入购物车")]
2019-09-16 15:35:49,031 - framework.base_page - INFO - 点击元素成功//*[contains(text(),"查看购物车")]
2019-09-16 15:36:06,361 - framework.base_page - ERROR - 查找元素超时:invoice - table
Traceback (most recent call last):
  File "C:\Users\admin\PycharmProjects\Zcy_Vaccine\framework\base_page.py", line 94, in find_element
    EC.visibility_of(self.driver.find_element_by_class_name(value)))
  File "C:\Users\admin\PycharmProjects\UITest\venv\lib\site-packages\selenium\webdriver\remote\webdriver.py", line 564, in find_element_by_class_name
    return self.find_element(by=By.CLASS_NAME, value=name)
  File "C:\Users\admin\PycharmProjects\UITest\venv\lib\site-packages\selenium\webdriver\remote\webdriver.py", line 978, in find_element
    'value': value})['value']
  File "C:\Users\admin\PycharmProjects\UITest\venv\lib\site-packages\selenium\webdriver\remote\webdriver.py", line 321, in execute
    self.error_handler.check_response(response)
  File "C:\Users\admin\PycharmProjects\UITest\venv\lib\site-packages\selenium\webdriver\remote\errorhandler.py", line 242, in check_response
    raise exception_class(message, screen, stacktrace)
selenium.common.exceptions.InvalidSelectorException: Message: invalid selector: An invalid or illegal selector was specified
  (Session info: chrome=77.0.3865.75)

2019-09-16 15:36:06,375 - framework.myunit - INFO - ************************test case run completed************************
2019-09-16 15:36:10,173 - framework.myunit - INFO - quit the browser success!
2019-09-16 15:36:10,193 - framework.send_email - INFO - 添加附件
2019-09-16 15:36:10,292 - framework.send_email - INFO - 连接成功
2019-09-16 15:36:11,124 - framework.send_email - INFO - 2019-09-16-15_36_11----发送邮件成功
