2019-08-30 16:10:06,279 - framework.testreport - INFO - successed to generate test report [C:\Users\admin\PycharmProjects\Zcy_Vaccine\reports\testReport\report2019-08-30 16_10_06.html]
2019-08-30 16:10:09,212 - framework.driver - INFO - found the chrome driver [<selenium.webdriver.chrome.webdriver.WebDriver (session="2853efafb24bdbe2f4101c760860190e")>] successed !
2019-08-30 16:10:10,350 - framework.myunit - INFO - opened the browser successed!
2019-08-30 16:10:12,677 - pageobjects.login_page - INFO - https://login-staging.zcygov.cn/login 打开登录地址成功
2019-08-30 16:10:12,770 - framework.base_page - INFO - 清除文本框内容成功username
2019-08-30 16:10:12,929 - framework.base_page - INFO - 输入的内容：13777466979
2019-08-30 16:10:13,016 - framework.base_page - INFO - 清除文本框内容成功password
2019-08-30 16:10:13,125 - framework.base_page - INFO - 输入的内容：test123456
2019-08-30 16:10:17,381 - framework.base_page - INFO - 点击元素成功//button[@class='ant-btn login-btn password-login ant-btn-primary']
2019-08-30 16:10:17,382 - framework.myunit - INFO - ************************starting run test cases************************
2019-08-30 16:10:18,838 - framework.base_page - INFO - https://cart-staging.zcygov.cn/ 地址正常打开
2019-08-30 16:10:24,890 - pageobjects.order_page - ERROR - 未找到全选按钮
Traceback (most recent call last):
  File "C:\Users\admin\PycharmProjects\Zcy_Vaccine\pageobjects\order_page.py", line 35, in clearcart
    self.driver.find_element_by_xpath('//input[@class="ant-checkbox-input"]').click()
  File "C:\Users\admin\PycharmProjects\UITest\venv\lib\site-packages\selenium\webdriver\remote\webdriver.py", line 394, in find_element_by_xpath
    return self.find_element(by=By.XPATH, value=xpath)
  File "C:\Users\admin\PycharmProjects\UITest\venv\lib\site-packages\selenium\webdriver\remote\webdriver.py", line 978, in find_element
    'value': value})['value']
  File "C:\Users\admin\PycharmProjects\UITest\venv\lib\site-packages\selenium\webdriver\remote\webdriver.py", line 321, in execute
    self.error_handler.check_response(response)
  File "C:\Users\admin\PycharmProjects\UITest\venv\lib\site-packages\selenium\webdriver\remote\errorhandler.py", line 242, in check_response
    raise exception_class(message, screen, stacktrace)
selenium.common.exceptions.NoSuchElementException: Message: no such element: Unable to locate element: {"method":"xpath","selector":"//input[@class="ant-checkbox-input"]"}
  (Session info: chrome=73.0.3683.103)
  (Driver info: chromedriver=2.40.565498 (ea082db3280dd6843ebfb08a625e3eb905c4f5ab),platform=Windows NT 10.0.17134 x86_64)

2019-08-30 16:10:26,836 - framework.base_page - INFO - https://vaccine-staging.zcygov.cn/items/175600205?searchType=1&type=vaccine&utm=a0004.2ef5001f.0.0.33d8ffd0ca0411e9af8ed36431cbf75c 地址正常打开
2019-08-30 16:10:26,961 - framework.base_page - INFO - 点击元素成功//*[contains(text(),"加入购物车")]
2019-08-30 16:10:28,350 - framework.base_page - INFO - 点击元素成功//*[contains(text(),"查看购物车")]
2019-08-30 16:10:48,012 - framework.base_page - INFO - 点击元素成功select2-selection__placeholder
2019-08-30 16:10:48,114 - framework.base_page - INFO - 点击元素成功//li[text()="席胜军"]
2019-08-30 16:10:48,234 - framework.base_page - INFO - 点击元素成功//button[text()="提交"]
2019-08-30 16:10:48,797 - framework.base_page - INFO - 点击元素成功submit
2019-08-30 16:10:50,774 - framework.base_page - INFO - 点击元素成功//button[@class="btn btn-minor submit close"]
2019-08-30 16:10:50,824 - framework.base_page - INFO - 获取元素内容: 部门审核
2019-08-30 16:10:51,107 - framework.base_page - INFO - 截图 [test_33306_pass.png] 成功保存在 [C:\Users\admin\PycharmProjects\Zcy_Vaccine\reports\screenshots\pass]
2019-08-30 16:10:51,123 - framework.myunit - INFO - ************************test case run completed************************
2019-08-30 16:10:53,438 - framework.myunit - INFO - quit the browser success!
2019-08-30 16:10:55,996 - framework.driver - INFO - found the chrome driver [<selenium.webdriver.chrome.webdriver.WebDriver (session="a724ebacd9aa5c1ed20913792a33797b")>] successed !
2019-08-30 16:10:57,124 - framework.myunit - INFO - opened the browser successed!
2019-08-30 16:10:59,906 - pageobjects.login_page - INFO - https://login-staging.zcygov.cn/login 打开登录地址成功
2019-08-30 16:10:59,990 - framework.base_page - INFO - 清除文本框内容成功username
2019-08-30 16:11:00,180 - framework.base_page - INFO - 输入的内容：13777466979
2019-08-30 16:11:00,264 - framework.base_page - INFO - 清除文本框内容成功password
2019-08-30 16:11:00,423 - framework.base_page - INFO - 输入的内容：test123456
2019-08-30 16:11:04,620 - framework.base_page - INFO - 点击元素成功//button[@class='ant-btn login-btn password-login ant-btn-primary']
2019-08-30 16:11:04,621 - framework.myunit - INFO - ************************starting run test cases************************
2019-08-30 16:11:05,965 - framework.base_page - INFO - https://cart-staging.zcygov.cn/ 地址正常打开
2019-08-30 16:11:11,974 - pageobjects.order_page - ERROR - 未找到全选按钮
Traceback (most recent call last):
  File "C:\Users\admin\PycharmProjects\Zcy_Vaccine\pageobjects\order_page.py", line 35, in clearcart
    self.driver.find_element_by_xpath('//input[@class="ant-checkbox-input"]').click()
  File "C:\Users\admin\PycharmProjects\UITest\venv\lib\site-packages\selenium\webdriver\remote\webdriver.py", line 394, in find_element_by_xpath
    return self.find_element(by=By.XPATH, value=xpath)
  File "C:\Users\admin\PycharmProjects\UITest\venv\lib\site-packages\selenium\webdriver\remote\webdriver.py", line 978, in find_element
    'value': value})['value']
  File "C:\Users\admin\PycharmProjects\UITest\venv\lib\site-packages\selenium\webdriver\remote\webdriver.py", line 321, in execute
    self.error_handler.check_response(response)
  File "C:\Users\admin\PycharmProjects\UITest\venv\lib\site-packages\selenium\webdriver\remote\errorhandler.py", line 242, in check_response
    raise exception_class(message, screen, stacktrace)
selenium.common.exceptions.NoSuchElementException: Message: no such element: Unable to locate element: {"method":"xpath","selector":"//input[@class="ant-checkbox-input"]"}
  (Session info: chrome=73.0.3683.103)
  (Driver info: chromedriver=2.40.565498 (ea082db3280dd6843ebfb08a625e3eb905c4f5ab),platform=Windows NT 10.0.17134 x86_64)

2019-08-30 16:11:14,063 - framework.base_page - INFO - https://vaccine-staging.zcygov.cn/items/175600205?searchType=1&type=vaccine&utm=a0004.2ef5001f.0.0.33d8ffd0ca0411e9af8ed36431cbf75c 地址正常打开
2019-08-30 16:11:14,181 - framework.base_page - INFO - 点击元素成功//*[contains(text(),"加入购物车")]
2019-08-30 16:11:15,556 - framework.base_page - INFO - 点击元素成功//*[contains(text(),"查看购物车")]
2019-08-30 16:11:35,066 - framework.base_page - INFO - 点击元素成功select2-selection__placeholder
2019-08-30 16:11:35,153 - framework.base_page - INFO - 点击元素成功//li[text()="席胜军"]
2019-08-30 16:11:35,281 - framework.base_page - INFO - 点击元素成功//button[text()="提交"]
2019-08-30 16:11:35,703 - framework.base_page - INFO - 点击元素成功submit
2019-08-30 16:11:37,661 - framework.base_page - INFO - 点击元素成功//button[@class="btn btn-minor submit close"]
2019-08-30 16:11:39,120 - framework.base_page - INFO - 点击元素成功div.pur-list-body > table > tbody > tr:nth-child(1) > td:nth-child(7) > a:nth-child(1)
2019-08-30 16:11:39,302 - framework.base_page - INFO - 点击元素成功//button[text()="提交审核意见"]
2019-08-30 16:11:39,386 - framework.base_page - INFO - 点击元素成功submit
2019-08-30 16:11:41,154 - framework.base_page - INFO - 点击元素成功//button[@class="btn btn-minor submit close"]
2019-08-30 16:11:41,223 - framework.base_page - INFO - 获取元素内容: 财务审核
2019-08-30 16:11:41,502 - framework.base_page - INFO - 截图 [test_33307_pass.png] 成功保存在 [C:\Users\admin\PycharmProjects\Zcy_Vaccine\reports\screenshots\pass]
2019-08-30 16:11:41,519 - framework.myunit - INFO - ************************test case run completed************************
2019-08-30 16:11:43,893 - framework.myunit - INFO - quit the browser success!
