2019-09-03 11:44:08,124 - framework.testreport - INFO - successed to generate test report [C:\Users\admin\PycharmProjects\Zcy_Vaccine\reports\testReport\report2019-09-03 11_44_08.html]
2019-09-03 11:44:10,738 - framework.driver - INFO - found the chrome driver [<selenium.webdriver.chrome.webdriver.WebDriver (session="e2ca4914e23f7363f5ed95cf5a41ba59")>] successed !
2019-09-03 11:44:11,875 - framework.myunit - INFO - opened the browser successed!
2019-09-03 11:44:14,414 - pageobjects.login_page - INFO - https://login-staging.zcygov.cn/login 打开登录地址成功
2019-09-03 11:44:14,483 - framework.base_page - INFO - 清除文本框内容成功username
2019-09-03 11:44:14,622 - framework.base_page - INFO - 输入的内容：13777466979
2019-09-03 11:44:14,679 - framework.base_page - INFO - 清除文本框内容成功password
2019-09-03 11:44:14,770 - framework.base_page - INFO - 输入的内容：test123456
2019-09-03 11:44:20,159 - framework.base_page - INFO - 点击元素成功//button[@class='ant-btn login-btn password-login ant-btn-primary']
2019-09-03 11:44:20,159 - framework.myunit - INFO - ************************starting run test cases************************
2019-09-03 11:44:21,089 - framework.base_page - INFO - https://vaccine-staging.zcygov.cn/items/175600205?searchType=1&type=vaccine&utm=a0004.2ef5001f.0.0.33d8ffd0ca0411e9af8ed36431cbf75c 地址正常打开
2019-09-03 11:44:24,872 - framework.base_page - INFO - 点击元素成功//*[contains(text(),"立即下单")]
2019-09-03 11:44:35,693 - framework.base_page - INFO - 点击元素成功select2-selection__placeholder
2019-09-03 11:44:35,768 - framework.base_page - INFO - 点击元素成功//li[text()="席胜军"]
2019-09-03 11:44:35,878 - framework.base_page - INFO - 点击元素成功//button[text()="提交"]
2019-09-03 11:44:36,419 - framework.base_page - INFO - 点击元素成功submit
2019-09-03 11:44:41,341 - framework.base_page - INFO - 点击元素成功//button[@class="btn btn-minor submit close"]
2019-09-03 11:44:42,687 - framework.base_page - INFO - 点击元素成功div.pur-list-body > table > tbody > tr:nth-child(1) > td:nth-child(7) > a:nth-child(1)
2019-09-03 11:44:42,804 - framework.base_page - INFO - 点击元素成功//button[text()="提交审核意见"]
2019-09-03 11:44:42,883 - framework.base_page - INFO - 点击元素成功submit
2019-09-03 11:44:44,243 - framework.base_page - INFO - 点击元素成功//button[@class="btn btn-minor submit close"]
2019-09-03 11:44:47,436 - framework.base_page - INFO - 点击元素成功div.pur-list-body > table > tbody > tr:nth-child(1) > td:nth-child(7) > a:nth-child(1)
2019-09-03 11:44:47,553 - framework.base_page - INFO - 点击元素成功//button[text()="提交审核意见"]
2019-09-03 11:44:47,622 - framework.base_page - INFO - 点击元素成功submit
2019-09-03 11:44:49,040 - framework.base_page - INFO - 点击元素成功//button[@class="btn btn-minor submit close"]
2019-09-03 11:44:50,849 - framework.base_page - INFO - 点击元素成功div.pur-list-body > table > tbody > tr:nth-child(1) > td:nth-child(7) > a:nth-child(1)
2019-09-03 11:44:50,959 - framework.base_page - INFO - 点击元素成功//button[text()="提交审核意见"]
2019-09-03 11:44:51,033 - framework.base_page - INFO - 点击元素成功submit
2019-09-03 11:44:52,642 - framework.base_page - INFO - 点击元素成功//button[@class="btn btn-minor submit close"]
2019-09-03 11:44:53,790 - framework.base_page - INFO - 点击元素成功div.pur-list-body > table > tbody > tr:nth-child(1) > td:nth-child(7) > a:nth-child(1)
2019-09-03 11:44:53,900 - framework.base_page - INFO - 点击元素成功//button[text()="确定订单"]
2019-09-03 11:44:56,339 - framework.base_page - INFO - 刷新页面
2019-09-03 11:44:57,400 - framework.base_page - INFO - 点击元素成功header-right-user-avatar
2019-09-03 11:44:59,288 - framework.base_page - INFO - 点击元素成功logout
2019-09-03 11:45:04,350 - framework.base_page - INFO - 清除文本框内容成功username
2019-09-03 11:45:04,444 - framework.base_page - INFO - 输入的内容：SINOVAC
2019-09-03 11:45:04,503 - framework.base_page - INFO - 清除文本框内容成功password
2019-09-03 11:45:04,590 - framework.base_page - INFO - 输入的内容：test123456
2019-09-03 11:45:06,752 - framework.base_page - INFO - 点击元素成功//button[@class='ant-btn login-btn password-login ant-btn-primary']
2019-09-03 11:45:08,552 - framework.base_page - INFO - https://staging.zcygov.cn/seller/vaccine-orders 地址正常打开
2019-09-03 11:45:08,627 - framework.base_page - INFO - 点击元素成功div.order-form-list-body > table > tbody > tr:nth-child(1)  > td:nth-child(7) > a
2019-09-03 11:45:09,008 - framework.base_page - INFO - 点击元素成功//button[text()="确认接单"]
2019-09-03 11:45:09,047 - framework.base_page - INFO - 获取元素内容: 待供应商接单
2019-09-03 11:45:09,059 - framework.myunit - INFO - ************************test case run completed************************
2019-09-03 11:45:11,537 - pageobjects.login_page - INFO - https://login-staging.zcygov.cn/login 打开登录地址成功
2019-09-03 11:45:11,593 - framework.base_page - INFO - 清除文本框内容成功username
2019-09-03 11:45:11,709 - framework.base_page - INFO - 输入的内容：13777466979
2019-09-03 11:45:11,767 - framework.base_page - INFO - 清除文本框内容成功password
2019-09-03 11:45:11,863 - framework.base_page - INFO - 输入的内容：test123456
2019-09-03 11:45:13,215 - framework.base_page - INFO - 点击元素成功//button[@class='ant-btn login-btn password-login ant-btn-primary']
2019-09-03 11:45:13,216 - framework.myunit - INFO - ************************starting run test cases************************
2019-09-03 11:45:15,606 - framework.base_page - INFO - https://vaccine-staging.zcygov.cn/items/175600205?searchType=1&type=vaccine&utm=a0004.2ef5001f.0.0.33d8ffd0ca0411e9af8ed36431cbf75c 地址正常打开
2019-09-03 11:45:27,667 - framework.base_page - ERROR - 查找元素超时://*[contains(text(),"立即下单")]
Traceback (most recent call last):
  File "C:\Users\admin\PycharmProjects\Zcy_Vaccine\framework\base_page.py", line 109, in find_element
    EC.visibility_of(self.driver.find_element_by_xpath(value)))
  File "C:\Users\admin\PycharmProjects\UITest\venv\lib\site-packages\selenium\webdriver\remote\webdriver.py", line 394, in find_element_by_xpath
    return self.find_element(by=By.XPATH, value=xpath)
  File "C:\Users\admin\PycharmProjects\UITest\venv\lib\site-packages\selenium\webdriver\remote\webdriver.py", line 978, in find_element
    'value': value})['value']
  File "C:\Users\admin\PycharmProjects\UITest\venv\lib\site-packages\selenium\webdriver\remote\webdriver.py", line 321, in execute
    self.error_handler.check_response(response)
  File "C:\Users\admin\PycharmProjects\UITest\venv\lib\site-packages\selenium\webdriver\remote\errorhandler.py", line 242, in check_response
    raise exception_class(message, screen, stacktrace)
selenium.common.exceptions.NoSuchElementException: Message: no such element: Unable to locate element: {"method":"xpath","selector":"//*[contains(text(),"立即下单")]"}
  (Session info: chrome=73.0.3683.103)
  (Driver info: chromedriver=2.40.565498 (ea082db3280dd6843ebfb08a625e3eb905c4f5ab),platform=Windows NT 10.0.17134 x86_64)

2019-09-03 11:45:27,677 - pageobjects.order_page - ERROR - 未找到立即下单按钮
Traceback (most recent call last):
  File "C:\Users\admin\PycharmProjects\Zcy_Vaccine\pageobjects\order_page.py", line 70, in ordertoinitate
    self.click_order()
  File "C:\Users\admin\PycharmProjects\Zcy_Vaccine\pageobjects\order_page.py", line 82, in click_order
    BasePage(self.driver).scrolls(OrderData.orderbtn_selectors)
  File "C:\Users\admin\PycharmProjects\Zcy_Vaccine\framework\base_page.py", line 339, in scrolls
    self.find_element(selector)
  File "C:\Users\admin\PycharmProjects\Zcy_Vaccine\framework\base_page.py", line 116, in find_element
    raise e
  File "C:\Users\admin\PycharmProjects\Zcy_Vaccine\framework\base_page.py", line 109, in find_element
    EC.visibility_of(self.driver.find_element_by_xpath(value)))
  File "C:\Users\admin\PycharmProjects\UITest\venv\lib\site-packages\selenium\webdriver\remote\webdriver.py", line 394, in find_element_by_xpath
    return self.find_element(by=By.XPATH, value=xpath)
  File "C:\Users\admin\PycharmProjects\UITest\venv\lib\site-packages\selenium\webdriver\remote\webdriver.py", line 978, in find_element
    'value': value})['value']
  File "C:\Users\admin\PycharmProjects\UITest\venv\lib\site-packages\selenium\webdriver\remote\webdriver.py", line 321, in execute
    self.error_handler.check_response(response)
  File "C:\Users\admin\PycharmProjects\UITest\venv\lib\site-packages\selenium\webdriver\remote\errorhandler.py", line 242, in check_response
    raise exception_class(message, screen, stacktrace)
selenium.common.exceptions.NoSuchElementException: Message: no such element: Unable to locate element: {"method":"xpath","selector":"//*[contains(text(),"立即下单")]"}
  (Session info: chrome=73.0.3683.103)
  (Driver info: chromedriver=2.40.565498 (ea082db3280dd6843ebfb08a625e3eb905c4f5ab),platform=Windows NT 10.0.17134 x86_64)

2019-09-03 11:45:27,697 - framework.myunit - INFO - ************************test case run completed************************
2019-09-03 11:45:30,561 - framework.myunit - INFO - quit the browser success!
