2019-09-04 14:40:39,649 - framework.testreport - INFO - successed to generate test report [C:\Users\admin\PycharmProjects\Zcy_Vaccine\reports\testReport\report2019-09-04 14_40_39.html]
2019-09-04 14:40:42,357 - framework.driver - INFO - found the chrome driver [<selenium.webdriver.chrome.webdriver.WebDriver (session="968af82572a567ec3270acaddf5c4641")>] successed !
2019-09-04 14:40:43,484 - framework.myunit - INFO - opened the browser successed!
2019-09-04 14:40:45,735 - pageobjects.login_page - INFO - https://login-staging.zcygov.cn/login 打开登录地址成功
2019-09-04 14:40:45,801 - framework.base_page - INFO - 清除文本框内容成功username
2019-09-04 14:40:45,931 - framework.base_page - INFO - 输入的内容：13777466979
2019-09-04 14:40:46,004 - framework.base_page - INFO - 清除文本框内容成功password
2019-09-04 14:40:46,112 - framework.base_page - INFO - 输入的内容：test123456
2019-09-04 14:40:50,320 - framework.base_page - INFO - 点击元素成功//button[@class='ant-btn login-btn password-login ant-btn-primary']
2019-09-04 14:40:50,320 - framework.myunit - INFO - ************************starting run test cases************************
2019-09-04 14:40:51,478 - framework.base_page - INFO - https://cart-staging.zcygov.cn/ 地址正常打开
2019-09-04 14:40:57,580 - pageobjects.order_page - ERROR - 未找到全选按钮
Traceback (most recent call last):
  File "C:\Users\admin\PycharmProjects\Zcy_Vaccine\pageobjects\order_page.py", line 35, in clearcart
    self.driver.find_element_by_xpath('//input[@class="ant-checkbox-input"]').click()
  File "C:\Users\admin\PycharmProjects\UITest\venv\lib\site-packages\selenium\webdriver\remote\webdriver.py", line 394, in find_element_by_xpath
    return self.find_element(by=By.XPATH, value=xpath)
  File "C:\Users\admin\PycharmProjects\UITest\venv\lib\site-packages\selenium\webdriver\remote\webdriver.py", line 978, in find_element
    'value': value})['value']
  File "C:\Users\admin\PycharmProjects\UITest\venv\lib\site-packages\selenium\webdriver\remote\webdriver.py", line 321, in execute
    self.error_handler.check_response(response)
  File "C:\Users\admin\PycharmProjects\UITest\venv\lib\site-packages\selenium\webdriver\remote\errorhandler.py", line 242, in check_response
    raise exception_class(message, screen, stacktrace)
selenium.common.exceptions.NoSuchElementException: Message: no such element: Unable to locate element: {"method":"xpath","selector":"//input[@class="ant-checkbox-input"]"}
  (Session info: chrome=73.0.3683.103)
  (Driver info: chromedriver=2.40.565498 (ea082db3280dd6843ebfb08a625e3eb905c4f5ab),platform=Windows NT 10.0.17134 x86_64)

2019-09-04 14:40:59,792 - framework.base_page - INFO - https://vaccine-staging.zcygov.cn/items/175600205?searchType=1&type=vaccine&utm=a0004.2ef5001f.0.0.33d8ffd0ca0411e9af8ed36431cbf75c 地址正常打开
2019-09-04 14:40:59,934 - framework.base_page - INFO - 点击元素成功//*[contains(text(),"加入购物车")]
2019-09-04 14:41:01,485 - framework.base_page - INFO - 点击元素成功//*[contains(text(),"查看购物车")]
2019-09-04 14:41:19,433 - framework.base_page - INFO - 点击元素成功select2-selection__placeholder
2019-09-04 14:41:19,541 - framework.base_page - INFO - 点击元素成功//li[text()="席胜军"]
2019-09-04 14:41:19,673 - framework.base_page - INFO - 点击元素成功//button[text()="提交"]
2019-09-04 14:41:20,240 - framework.base_page - INFO - 点击元素成功submit
2019-09-04 14:41:22,351 - framework.base_page - INFO - 点击元素成功//button[@class="btn btn-minor submit close"]
2019-09-04 14:41:22,412 - framework.base_page - INFO - 获取元素内容: 部门审核
2019-09-04 14:41:22,758 - framework.base_page - INFO - 截图 [test_33306_pass.png] 成功保存在 [C:\Users\admin\PycharmProjects\Zcy_Vaccine\reports\screenshots\pass]
2019-09-04 14:41:22,775 - framework.myunit - INFO - ************************test case run completed************************
2019-09-04 14:41:25,045 - framework.myunit - INFO - quit the browser success!
